----------------------------------------------------------------------------------------------------------------------------------------------------------------------------
      name:  <unnamed>
       log:  E:\alex\school-age-children-and-covid\analysis\log\EXPLORE_covid_death_ITU_sex_age.log
  log type:  text
 opened on:   9 Jul 2020, 12:54:04

. 
. use $tempdir\analysis_dataset, clear

. 
. safetab covid_death_itu
0

Failure/cen |
     soring |
  indicator |
        for |
   outcome: |
      covid |
  death/ITU |
       adm. |      Freq.     Percent        Cum.
------------+-----------------------------------
          0 | 16,275,186       99.61       99.61
          1 |     64,143        0.39      100.00
------------+-----------------------------------
      Total | 16,339,329      100.00

. 
. safetab covid_death_itu agegroup, col chi
25

+-------------------+
| Key               |
|-------------------|
|     frequency     |
| column percentage |
+-------------------+

Failure/ce |
   nsoring |
 indicator |
       for |
  outcome: |
     covid |
 death/ITU |                                 Grouped age
      adm. |    18-<30     30-<40     40-<50     50-<60     60-<70     70-<80        80+ |     Total
-----------+-----------------------------------------------------------------------------+----------
         0 | 3,112,137  2,947,480  2,595,289  2,692,704  2,155,943  1,751,425  1,020,208 |16,275,186 
           |     99.99      99.98      99.95      99.87      99.68      99.20      96.43 |     99.61 
-----------+-----------------------------------------------------------------------------+----------
         1 |       156        459      1,260      3,491      6,910     14,140     37,727 |    64,143 
           |      0.01       0.02       0.05       0.13       0.32       0.80       3.57 |      0.39 
-----------+-----------------------------------------------------------------------------+----------
     Total | 3,112,293  2,947,939  2,596,549  2,696,195  2,162,853  1,765,565  1,057,935 |16,339,329 
           |    100.00     100.00     100.00     100.00     100.00     100.00     100.00 |    100.00 

          Pearson chi2(6) =  3.2e+05   Pr = 0.000

. 
. safetab covid_death_itu male, col chi
21

+-------------------+
| Key               |
|-------------------|
|     frequency     |
| column percentage |
+-------------------+

Failure/ce |
   nsoring |
 indicator |
       for |
  outcome: |
     covid |
 death/ITU |         Male
      adm. |         0          1 |     Total
-----------+----------------------+----------
         0 | 8,262,286  8,012,900 |16,275,186 
           |     99.61      99.61 |     99.61 
-----------+----------------------+----------
         1 |    32,727     31,416 |    64,143 
           |      0.39       0.39 |      0.39 
-----------+----------------------+----------
     Total | 8,295,013  8,044,316 |16,339,329 
           |    100.00     100.00 |    100.00 

          Pearson chi2(1) =   1.6724   Pr = 0.196

. 
. log close
      name:  <unnamed>
       log:  E:\alex\school-age-children-and-covid\analysis\log\EXPLORE_covid_death_ITU_sex_age.log
  log type:  text
 closed on:   9 Jul 2020, 12:54:30
----------------------------------------------------------------------------------------------------------------------------------------------------------------------------
