----------------------------------------------------------------------------------------------------------------------------------
      name:  <unnamed>
       log:  E:\analyses\school-age-children-and-covid\analysis\log\02_an_data_checks.log
  log type:  text
 opened on:  24 Jul 2020, 13:48:14

. 
. * Open Stata dataset
. use $tempdir\analysis_dataset, clear

. 
. *run ssc install if not on local machine - server needs datacheck.ado file
. *ssc install datacheck 
. 
. *Duplicate patient check
. datacheck _n==1, by(patient_id) nol

. 
. 
. /* CHECK INCLUSION AND EXCLUSION CRITERIA=====================================*/ 
. 
. * DATA STRUCTURE: Confirm one row per patient 
. duplicates tag patient_id, generate(dup_check)

Duplicates in terms of patient_id

. assert dup_check == 0 

. drop dup_check

. 
. * INCLUSION 1: >=18 and <=110 at 1 March 2020 
. assert age < .

. assert age >= 18 

. assert age <= 110

.  
. * INCLUSION 2: M or F gender at 1 March 2020 
. assert inlist(sex, "M", "F")

. 
. * EXCLUDE 1:  MISSING IMD
. assert inlist(imd, 1, 2, 3, 4, 5)

. 
. * EXCLUDE 2:  HH with more than 10 people
. datacheck inlist(household_size, 1, 2, 3, 4, 5,6, 7, 8, 9, 10), nol

. 
. /* EXPECTED VALUES============================================================*/ 
. 
. *HH
. datacheck kids_cat3<., nol

. datacheck inlist(kids_cat3, 0,1, 2), nol

. 
. datacheck number_kids<., nol

. datacheck inlist(number_kids, 0,1,2,3,4,5,6,7,8,9), nol

. 
. * Age
. datacheck age<., nol

. datacheck inlist(agegroup, 1, 2, 3, 4, 5, 6,7), nol

. datacheck inlist(age66, 0, 1), nol

. 
. * Sex
. datacheck inlist(male, 0, 1), nol

. 
. * BMI 
. datacheck inlist(obese4cat, 1, 2, 3, 4), nol

. datacheck inlist(bmicat, 1, 2, 3, 4, 5, 6, .u), nol

. 
. * IMD
. datacheck inlist(imd, 1, 2, 3, 4, 5), nol

. 
. * Ethnicity
. datacheck inlist(ethnicity, 1, 2, 3, 4, 5, .u), nol

. 
. * Smoking
. datacheck inlist(smoke, 1, 2, 3, .u), nol

. datacheck inlist(smoke_nomiss, 1, 2, 3), nol 

. 
. 
. * Check date ranges for all comorbidities 
. 
. foreach var of varlist  chronic_respiratory_disease     ///
>                                         chronic_cardiac_disease         ///
>                                         diabetes                                                ///
>                                         chronic_liver_disease           ///
>                                         other_neuro                     ///
>                                         stroke_dementia ///
>                                         ra_sle_psoriasis                                ///
>                                         perm_immunodef  ///
>                                         temp_immunodef  ///
>                                         organ_trans                     /// 
>                                         asplenia                        /// 
>                                         hypertension                            ///
>                                         {
  2.                                                 
.         summ `var'_date, format
  3. 
. }

    Variable |        Obs        Mean    Std. Dev.       Min        Max
-------------+---------------------------------------------------------
chronic_r~te |    234,466   17feb2011    5695.339  15dec1899  15jul2020

    Variable |        Obs        Mean    Std. Dev.       Min        Max
-------------+---------------------------------------------------------
chronic_c~te |    338,711   26oct2008    6212.949  15jan1850  15sep2106

    Variable |        Obs        Mean    Std. Dev.       Min        Max
-------------+---------------------------------------------------------
diabetes_d~e |    788,696   04jul2010    6227.811  15jan1860  15jul2020

    Variable |        Obs        Mean    Std. Dev.       Min        Max
-------------+---------------------------------------------------------
chronic_l~te |     64,411   11jul2010    6241.013  15jan1860  15jul2020

    Variable |        Obs        Mean    Std. Dev.       Min        Max
-------------+---------------------------------------------------------
other_neur~e |     84,093   18aug1999    8314.579  15jan1860  15jul2020

    Variable |        Obs        Mean    Std. Dev.       Min        Max
-------------+---------------------------------------------------------
stroke_dem~e |     92,941   07jan2011    5366.776  15dec1899  15sep2020

    Variable |        Obs        Mean    Std. Dev.       Min        Max
-------------+---------------------------------------------------------
ra_sle_pso~e |    536,887   21jan2004    6868.842  15jan1840  15mar3000

    Variable |        Obs        Mean    Std. Dev.       Min        Max
-------------+---------------------------------------------------------
perm_immun~e |     38,057   11feb2009    6256.016  15jan1900  15jan2020

    Variable |        Obs        Mean    Std. Dev.       Min        Max
-------------+---------------------------------------------------------
temp_immun~e |      2,631   01sep2019    100.1977  15feb2019  15jan2020

    Variable |        Obs        Mean    Std. Dev.       Min        Max
-------------+---------------------------------------------------------
organ_tran~e |     13,512   07feb2008    5411.818  15dec1899  15jul2020

    Variable |        Obs        Mean    Std. Dev.       Min        Max
-------------+---------------------------------------------------------
asplenia_d~e |     14,176   24mar1994    8801.341  15dec1899  15jul2020

    Variable |        Obs        Mean    Std. Dev.       Min        Max
-------------+---------------------------------------------------------
hypertensi~e |  1,356,419   02dec2008    6322.079  15jan1840  15feb2058

. 
. foreach comorb in $varlist { 
  2. 
.         local comorb: subinstr local comorb "i." ""
  3.         safetab `comorb', m
  4.         
. }

. 
. * Outcome dates
. summ  date_covid_tpp_prob date_covid_tpp_prob_or_susp, format

    Variable |        Obs        Mean    Std. Dev.       Min        Max
-------------+---------------------------------------------------------
date_covid~b |     24,214   05may2020    32.15843  15feb2020  15jul2020
date_covid~p |    423,162   23apr2020    34.20554  15feb2020  15jul2020

. summ  died_date_onsnoncovid  died_date_onscovid, format

    Variable |        Obs        Mean    Std. Dev.       Min        Max
-------------+---------------------------------------------------------
died_~ncovid |      7,448   31mar2020    33.77806  02feb2020  01jun2020
died_~scovid |      1,380   17apr2020    16.27496  11mar2020  01jun2020

. 
. *censor dates
. summ dereg_date, format

    Variable |        Obs        Mean    Std. Dev.       Min        Max
-------------+---------------------------------------------------------
  dereg_date |          0

. summ has_12_m

    Variable |        Obs        Mean    Std. Dev.       Min        Max
-------------+---------------------------------------------------------
has_12_m_f~p | 12,490,808    .8976213    .3031457          0          1

. 
. /* LOGICAL RELATIONSHIPS======================================================*/ 
. 
. *HH variables
. safetab kids_cat3 tot_adults_hh
0

  Presence of |
  children or |
 young people |
       in the |    Total number adults in hh
    household |         1          2          3 |     Total
--------------+---------------------------------+----------
      No kids | 2,302,927  2,668,801  2,930,445 | 7,902,173 
Kids under 12 |   488,821  1,819,319  1,089,358 | 3,397,498 
Kids under 18 |   129,738    461,612    599,787 | 1,191,137 
--------------+---------------------------------+----------
        Total | 2,921,486  4,949,732  4,619,590 |12,490,808 

. safetab number_kids tot_adults_hh
0

**TABLE OF number_kids tot_adults_hh REDACTED DUE TO SMALL N**


. safetab household_size tot_adults_hh
0

    Number |
 people in |    Total number adults in hh
 household |         1          2          3 |     Total
-----------+---------------------------------+----------
         1 | 2,302,927          0          0 | 2,302,927 
         2 |   318,735  2,668,801          0 | 2,987,536 
         3 |   213,712    901,925  1,581,132 | 2,696,769 
         4 |    63,195    987,693  1,342,344 | 2,393,232 
         5 |    17,142    289,107    783,808 | 1,090,057 
         6 |     4,192     75,399    437,662 |   517,253 
         7 |     1,177     19,527    245,048 |   265,752 
         8 |       317      5,609    143,091 |   149,017 
         9 |        89      1,671     86,505 |    88,265 
-----------+---------------------------------+----------
     Total | 2,921,486  4,949,732  4,619,590 |12,490,808 

. 
. * BMI
. bysort bmicat: summ bmi

----------------------------------------------------------------------------------------------------------------------------------
-> bmicat = Underweight (<18.5)

    Variable |        Obs        Mean    Std. Dev.       Min        Max
-------------+---------------------------------------------------------
         bmi |    235,047    17.46408    .8056219         15       18.4

----------------------------------------------------------------------------------------------------------------------------------
-> bmicat = Normal (18.5-24.9)

    Variable |        Obs        Mean    Std. Dev.       Min        Max
-------------+---------------------------------------------------------
         bmi |  3,556,712    22.28724    1.721775       18.5       24.9

----------------------------------------------------------------------------------------------------------------------------------
-> bmicat = Overweight (25-29.9)

    Variable |        Obs        Mean    Std. Dev.       Min        Max
-------------+---------------------------------------------------------
         bmi |  3,099,671     27.2571    1.415974         25       29.9

----------------------------------------------------------------------------------------------------------------------------------
-> bmicat = Obese I (30-34.9)

    Variable |        Obs        Mean    Std. Dev.       Min        Max
-------------+---------------------------------------------------------
         bmi |  1,584,164    32.10413    1.420761         30       34.9

----------------------------------------------------------------------------------------------------------------------------------
-> bmicat = Obese II (35-39.9)

    Variable |        Obs        Mean    Std. Dev.       Min        Max
-------------+---------------------------------------------------------
         bmi |    650,755    37.07716    1.410896         35       39.9

----------------------------------------------------------------------------------------------------------------------------------
-> bmicat = Obese III (40+)

    Variable |        Obs        Mean    Std. Dev.       Min        Max
-------------+---------------------------------------------------------
         bmi |    352,451    43.45591    2.659505         40         50

----------------------------------------------------------------------------------------------------------------------------------
-> bmicat = Unknown (.u)

    Variable |        Obs        Mean    Std. Dev.       Min        Max
-------------+---------------------------------------------------------
         bmi |          0


. safetab bmicat obese4cat, m
17

                     |     Evidence of obesity (4 categories)
         Grouped BMI | No record  Obese I (  Obese II   Obese III |     Total
---------------------+--------------------------------------------+----------
 Underweight (<18.5) |   235,047          0          0          0 |   235,047 
  Normal (18.5-24.9) | 3,556,712          0          0          0 | 3,556,712 
Overweight (25-29.9) | 3,099,671          0          0          0 | 3,099,671 
   Obese I (30-34.9) |         0  1,584,164          0          0 | 1,584,164 
  Obese II (35-39.9) |         0          0    650,755          0 |   650,755 
     Obese III (40+) |         0          0          0    352,451 |   352,451 
        Unknown (.u) | 3,012,008          0          0          0 | 3,012,008 
---------------------+--------------------------------------------+----------
               Total | 9,903,438  1,584,164    650,755    352,451 |12,490,808 

. 
. * Age
. bysort agegroup: summ age

----------------------------------------------------------------------------------------------------------------------------------
-> agegroup = 18-<30

    Variable |        Obs        Mean    Std. Dev.       Min        Max
-------------+---------------------------------------------------------
         age |  3,032,196    23.88402    3.421014         18         29

----------------------------------------------------------------------------------------------------------------------------------
-> agegroup = 30-<40

    Variable |        Obs        Mean    Std. Dev.       Min        Max
-------------+---------------------------------------------------------
         age |  2,886,627    34.43235    2.870087         30         39

----------------------------------------------------------------------------------------------------------------------------------
-> agegroup = 40-<50

    Variable |        Obs        Mean    Std. Dev.       Min        Max
-------------+---------------------------------------------------------
         age |  2,557,818    44.54148    2.926731         40         49

----------------------------------------------------------------------------------------------------------------------------------
-> agegroup = 50-<60

    Variable |        Obs        Mean    Std. Dev.       Min        Max
-------------+---------------------------------------------------------
         age |  2,673,513    54.44007    2.846272         50         59

----------------------------------------------------------------------------------------------------------------------------------
-> agegroup = 60-<70

    Variable |        Obs        Mean    Std. Dev.       Min        Max
-------------+---------------------------------------------------------
         age |  1,340,654    62.40941    1.702997         60         65


. safetab agegroup age66, m
15

           |  66 years
   Grouped | and older
       age |         0 |     Total
-----------+-----------+----------
    18-<30 | 3,032,196 | 3,032,196 
    30-<40 | 2,886,627 | 2,886,627 
    40-<50 | 2,557,818 | 2,557,818 
    50-<60 | 2,673,513 | 2,673,513 
    60-<70 | 1,340,654 | 1,340,654 
-----------+-----------+----------
     Total |12,490,808 |12,490,808 

. 
. * Smoking
. safetab smoke smoke_nomiss, m
19

             |  Smoking status (missing set to
     Smoking |               non)
      status |     Never     Former    Current |     Total
-------------+---------------------------------+----------
       Never | 5,909,499          0          0 | 5,909,499 
      Former |         0  3,390,537          0 | 3,390,537 
     Current |         0          0  2,512,130 | 2,512,130 
Unknown (.u) |   678,642          0          0 |   678,642 
-------------+---------------------------------+----------
       Total | 6,588,141  3,390,537  2,512,130 |12,490,808 

. 
. * Diabetes
. *safetab diabcat diabetes, m
. 
. * CKD
. safetab reduced egfr_cat, m
17

       Reduced kidney |                          Calculated eGFR
             function |         0         15         30         45         60          . |     Total
----------------------+------------------------------------------------------------------+----------
                 None |         0          0          0          0  8,321,857  4,033,164 |12,355,021 
Stage 3a/3b egfr 30-6 |         0          0     17,029    106,611          0          0 |   123,640 
    Stage 4/5 egfr<30 |     5,087      7,060          0          0          0          0 |    12,147 
----------------------+------------------------------------------------------------------+----------
                Total |     5,087      7,060     17,029    106,611  8,321,857  4,033,164 |12,490,808 

. 
. 
. /* EXPECTED RELATIONSHIPS=====================================================*/ 
. 
. /*  Relationships between demographic/lifestyle variables  */
. safetab agegroup bmicat,        row 
16

+----------------+
| Key            |
|----------------|
|   frequency    |
| row percentage |
+----------------+

   Grouped |                            Grouped BMI
       age | Underweig  Normal (1  Overweigh  Obese I (  Obese II   Obese III |     Total
-----------+------------------------------------------------------------------+----------
    18-<30 |   115,661    984,500    443,337    197,057     89,075     52,490 | 1,882,120 
           |      6.15      52.31      23.56      10.47       4.73       2.79 |    100.00 
-----------+------------------------------------------------------------------+----------
    30-<40 |    55,275    934,144    664,015    300,906    126,935     73,966 | 2,155,241 
           |      2.56      43.34      30.81      13.96       5.89       3.43 |    100.00 
-----------+------------------------------------------------------------------+----------
    40-<50 |    27,850    692,434    718,458    362,516    145,952     79,812 | 2,027,022 
           |      1.37      34.16      35.44      17.88       7.20       3.94 |    100.00 
-----------+------------------------------------------------------------------+----------
    50-<60 |    22,798    627,339    831,804    472,066    190,903     99,101 | 2,244,011 
           |      1.02      27.96      37.07      21.04       8.51       4.42 |    100.00 
-----------+------------------------------------------------------------------+----------
    60-<70 |    13,463    318,295    442,057    251,619     97,890     47,082 | 1,170,406 
           |      1.15      27.20      37.77      21.50       8.36       4.02 |    100.00 
-----------+------------------------------------------------------------------+----------
     Total |   235,047  3,556,712  3,099,671  1,584,164    650,755    352,451 | 9,478,800 
           |      2.48      37.52      32.70      16.71       6.87       3.72 |    100.00 

. safetab agegroup smoke,         row  
15

+----------------+
| Key            |
|----------------|
|   frequency    |
| row percentage |
+----------------+

   Grouped |          Smoking status
       age |     Never     Former    Current |     Total
-----------+---------------------------------+----------
    18-<30 | 1,643,426    382,392    577,886 | 2,603,704 
           |     63.12      14.69      22.19 |    100.00 
-----------+---------------------------------+----------
    30-<40 | 1,351,506    741,449    673,890 | 2,766,845 
           |     48.85      26.80      24.36 |    100.00 
-----------+---------------------------------+----------
    40-<50 | 1,125,730    818,307    547,619 | 2,491,656 
           |     45.18      32.84      21.98 |    100.00 
-----------+---------------------------------+----------
    50-<60 | 1,202,096    915,161    510,159 | 2,627,416 
           |     45.75      34.83      19.42 |    100.00 
-----------+---------------------------------+----------
    60-<70 |   586,741    533,228    202,576 | 1,322,545 
           |     44.36      40.32      15.32 |    100.00 
-----------+---------------------------------+----------
     Total | 5,909,499  3,390,537  2,512,130 |11,812,166 
           |     50.03      28.70      21.27 |    100.00 

. safetab agegroup ethnicity, row 
19

+----------------+
| Key            |
|----------------|
|   frequency    |
| row percentage |
+----------------+

   Grouped |                       Ethnicity
       age |     White      Mixed  Asian or       Black      Other |     Total
-----------+-------------------------------------------------------+----------
    18-<30 | 1,660,701     55,730    205,020     78,590    101,087 | 2,101,128 
           |     79.04       2.65       9.76       3.74       4.81 |    100.00 
-----------+-------------------------------------------------------+----------
    30-<40 | 1,811,247     47,856    275,183     80,008     89,465 | 2,303,759 
           |     78.62       2.08      11.94       3.47       3.88 |    100.00 
-----------+-------------------------------------------------------+----------
    40-<50 | 1,647,164     34,108    216,890     81,232     66,361 | 2,045,755 
           |     80.52       1.67      10.60       3.97       3.24 |    100.00 
-----------+-------------------------------------------------------+----------
    50-<60 | 1,809,507     22,993    119,938     64,209     37,936 | 2,054,583 
           |     88.07       1.12       5.84       3.13       1.85 |    100.00 
-----------+-------------------------------------------------------+----------
    60-<70 |   927,175      7,203     53,793     19,485     14,057 | 1,021,713 
           |     90.75       0.70       5.26       1.91       1.38 |    100.00 
-----------+-------------------------------------------------------+----------
     Total | 7,855,794    167,890    870,824    323,524    308,906 | 9,526,938 
           |     82.46       1.76       9.14       3.40       3.24 |    100.00 

. safetab agegroup imd,           row 
13

+----------------+
| Key            |
|----------------|
|   frequency    |
| row percentage |
+----------------+

   Grouped |          Index of Multiple Deprivation (IMD)
       age | 1 least d          2          3          4  5 most de |     Total
-----------+-------------------------------------------------------+----------
    18-<30 |   517,721    555,935    621,241    691,445    645,854 | 3,032,196 
           |     17.07      18.33      20.49      22.80      21.30 |    100.00 
-----------+-------------------------------------------------------+----------
    30-<40 |   496,735    545,047    591,226    655,838    597,781 | 2,886,627 
           |     17.21      18.88      20.48      22.72      20.71 |    100.00 
-----------+-------------------------------------------------------+----------
    40-<50 |   546,343    520,344    512,008    521,064    458,059 | 2,557,818 
           |     21.36      20.34      20.02      20.37      17.91 |    100.00 
-----------+-------------------------------------------------------+----------
    50-<60 |   606,673    576,943    545,925    518,492    425,480 | 2,673,513 
           |     22.69      21.58      20.42      19.39      15.91 |    100.00 
-----------+-------------------------------------------------------+----------
    60-<70 |   315,709    299,211    279,352    251,454    194,928 | 1,340,654 
           |     23.55      22.32      20.84      18.76      14.54 |    100.00 
-----------+-------------------------------------------------------+----------
     Total | 2,483,181  2,497,480  2,549,752  2,638,293  2,322,102 |12,490,808 
           |     19.88      19.99      20.41      21.12      18.59 |    100.00 

. safetab agegroup shield,    row 
16

+----------------+
| Key            |
|----------------|
|   frequency    |
| row percentage |
+----------------+

   Grouped |  Probable shielding
       age |         0          1 |     Total
-----------+----------------------+----------
    18-<30 | 2,425,788    606,408 | 3,032,196 
           |     80.00      20.00 |    100.00 
-----------+----------------------+----------
    30-<40 | 2,333,063    553,564 | 2,886,627 
           |     80.82      19.18 |    100.00 
-----------+----------------------+----------
    40-<50 | 2,072,603    485,215 | 2,557,818 
           |     81.03      18.97 |    100.00 
-----------+----------------------+----------
    50-<60 | 2,103,537    569,976 | 2,673,513 
           |     78.68      21.32 |    100.00 
-----------+----------------------+----------
    60-<70 | 1,004,203    336,451 | 1,340,654 
           |     74.90      25.10 |    100.00 
-----------+----------------------+----------
     Total | 9,939,194  2,551,614 |12,490,808 
           |     79.57      20.43 |    100.00 

. 
. safetab bmicat smoke,            row   
13

+----------------+
| Key            |
|----------------|
|   frequency    |
| row percentage |
+----------------+

                     |          Smoking status
         Grouped BMI |     Never     Former    Current |     Total
---------------------+---------------------------------+----------
 Underweight (<18.5) |   117,980     39,009     70,676 |   227,665 
                     |     51.82      17.13      31.04 |    100.00 
---------------------+---------------------------------+----------
  Normal (18.5-24.9) | 1,810,948    919,458    779,907 | 3,510,313 
                     |     51.59      26.19      22.22 |    100.00 
---------------------+---------------------------------+----------
Overweight (25-29.9) | 1,470,424  1,012,055    592,707 | 3,075,186 
                     |     47.82      32.91      19.27 |    100.00 
---------------------+---------------------------------+----------
   Obese I (30-34.9) |   713,787    563,154    296,649 | 1,573,590 
                     |     45.36      35.79      18.85 |    100.00 
---------------------+---------------------------------+----------
  Obese II (35-39.9) |   289,433    237,436    119,658 |   646,527 
                     |     44.77      36.72      18.51 |    100.00 
---------------------+---------------------------------+----------
     Obese III (40+) |   155,659    131,700     62,715 |   350,074 
                     |     44.46      37.62      17.91 |    100.00 
---------------------+---------------------------------+----------
               Total | 4,558,231  2,902,812  1,922,312 | 9,383,355 
                     |     48.58      30.94      20.49 |    100.00 

. safetab bmicat ethnicity,        row 
17

+----------------+
| Key            |
|----------------|
|   frequency    |
| row percentage |
+----------------+

                     |                       Ethnicity
         Grouped BMI |     White      Mixed  Asian or       Black      Other |     Total
---------------------+-------------------------------------------------------+----------
 Underweight (<18.5) |   143,131      4,082     23,940      4,986     12,603 |   188,742 
                     |     75.83       2.16      12.68       2.64       6.68 |    100.00 
---------------------+-------------------------------------------------------+----------
  Normal (18.5-24.9) | 2,451,911     55,273    274,614     80,024    120,407 | 2,982,229 
                     |     82.22       1.85       9.21       2.68       4.04 |    100.00 
---------------------+-------------------------------------------------------+----------
Overweight (25-29.9) | 2,133,127     41,383    254,648     90,684     67,397 | 2,587,239 
                     |     82.45       1.60       9.84       3.51       2.60 |    100.00 
---------------------+-------------------------------------------------------+----------
   Obese I (30-34.9) | 1,091,668     19,644    103,479     50,447     25,183 | 1,290,421 
                     |     84.60       1.52       8.02       3.91       1.95 |    100.00 
---------------------+-------------------------------------------------------+----------
  Obese II (35-39.9) |   452,423      7,535     31,571     19,712      7,736 |   518,977 
                     |     87.18       1.45       6.08       3.80       1.49 |    100.00 
---------------------+-------------------------------------------------------+----------
     Obese III (40+) |   247,170      3,967     12,421      9,612      3,325 |   276,495 
                     |     89.39       1.43       4.49       3.48       1.20 |    100.00 
---------------------+-------------------------------------------------------+----------
               Total | 6,519,430    131,884    700,673    255,465    236,651 | 7,844,103 
                     |     83.11       1.68       8.93       3.26       3.02 |    100.00 

. safetab bmicat imd,              row 
11

+----------------+
| Key            |
|----------------|
|   frequency    |
| row percentage |
+----------------+

                     |          Index of Multiple Deprivation (IMD)
         Grouped BMI | 1 least d          2          3          4  5 most de |     Total
---------------------+-------------------------------------------------------+----------
 Underweight (<18.5) |    38,644     42,716     47,950     53,906     51,831 |   235,047 
                     |     16.44      18.17      20.40      22.93      22.05 |    100.00 
---------------------+-------------------------------------------------------+----------
  Normal (18.5-24.9) |   766,550    750,661    737,530    721,101    580,870 | 3,556,712 
                     |     21.55      21.11      20.74      20.27      16.33 |    100.00 
---------------------+-------------------------------------------------------+----------
Overweight (25-29.9) |   650,019    637,018    636,166    641,116    535,352 | 3,099,671 
                     |     20.97      20.55      20.52      20.68      17.27 |    100.00 
---------------------+-------------------------------------------------------+----------
   Obese I (30-34.9) |   289,895    304,640    321,689    348,978    318,962 | 1,584,164 
                     |     18.30      19.23      20.31      22.03      20.13 |    100.00 
---------------------+-------------------------------------------------------+----------
  Obese II (35-39.9) |   104,006    117,206    130,436    150,153    148,954 |   650,755 
                     |     15.98      18.01      20.04      23.07      22.89 |    100.00 
---------------------+-------------------------------------------------------+----------
     Obese III (40+) |    48,904     59,001     68,865     85,162     90,519 |   352,451 
                     |     13.88      16.74      19.54      24.16      25.68 |    100.00 
---------------------+-------------------------------------------------------+----------
               Total | 1,898,018  1,911,242  1,942,636  2,000,416  1,726,488 | 9,478,800 
                     |     20.02      20.16      20.49      21.10      18.21 |    100.00 

. safetab bmicat hypertension, row 
20

+----------------+
| Key            |
|----------------|
|   frequency    |
| row percentage |
+----------------+

                     |       Diagnosed
                     |     hypertension
         Grouped BMI |         0          1 |     Total
---------------------+----------------------+----------
 Underweight (<18.5) |   228,562      6,485 |   235,047 
                     |     97.24       2.76 |    100.00 
---------------------+----------------------+----------
  Normal (18.5-24.9) | 3,362,863    193,849 | 3,556,712 
                     |     94.55       5.45 |    100.00 
---------------------+----------------------+----------
Overweight (25-29.9) | 2,682,752    416,919 | 3,099,671 
                     |     86.55      13.45 |    100.00 
---------------------+----------------------+----------
   Obese I (30-34.9) | 1,240,488    343,676 | 1,584,164 
                     |     78.31      21.69 |    100.00 
---------------------+----------------------+----------
  Obese II (35-39.9) |   475,097    175,658 |   650,755 
                     |     73.01      26.99 |    100.00 
---------------------+----------------------+----------
     Obese III (40+) |   244,425    108,026 |   352,451 
                     |     69.35      30.65 |    100.00 
---------------------+----------------------+----------
               Total | 8,234,187  1,244,613 | 9,478,800 
                     |     86.87      13.13 |    100.00 

. safetab bmicat shield,    row 
14

+----------------+
| Key            |
|----------------|
|   frequency    |
| row percentage |
+----------------+

                     |  Probable shielding
         Grouped BMI |         0          1 |     Total
---------------------+----------------------+----------
 Underweight (<18.5) |   185,312     49,735 |   235,047 
                     |     78.84      21.16 |    100.00 
---------------------+----------------------+----------
  Normal (18.5-24.9) | 2,842,322    714,390 | 3,556,712 
                     |     79.91      20.09 |    100.00 
---------------------+----------------------+----------
Overweight (25-29.9) | 2,423,946    675,725 | 3,099,671 
                     |     78.20      21.80 |    100.00 
---------------------+----------------------+----------
   Obese I (30-34.9) | 1,194,173    389,991 | 1,584,164 
                     |     75.38      24.62 |    100.00 
---------------------+----------------------+----------
  Obese II (35-39.9) |   467,994    182,761 |   650,755 
                     |     71.92      28.08 |    100.00 
---------------------+----------------------+----------
     Obese III (40+) |   240,987    111,464 |   352,451 
                     |     68.37      31.63 |    100.00 
---------------------+----------------------+----------
               Total | 7,354,734  2,124,066 | 9,478,800 
                     |     77.59      22.41 |    100.00 

. 
.                             
. safetab smoke ethnicity,        row 
16

+----------------+
| Key            |
|----------------|
|   frequency    |
| row percentage |
+----------------+

     Smoking |                       Ethnicity
      status |     White      Mixed  Asian or       Black      Other |     Total
-------------+-------------------------------------------------------+----------
       Never | 3,484,620     87,457    602,882    210,025    184,012 | 4,568,996 
             |     76.27       1.91      13.20       4.60       4.03 |    100.00 
-------------+-------------------------------------------------------+----------
      Former | 2,452,114     36,813    124,237     54,057     50,906 | 2,718,127 
             |     90.21       1.35       4.57       1.99       1.87 |    100.00 
-------------+-------------------------------------------------------+----------
     Current | 1,709,225     35,389    101,888     43,976     53,054 | 1,943,532 
             |     87.94       1.82       5.24       2.26       2.73 |    100.00 
-------------+-------------------------------------------------------+----------
       Total | 7,645,959    159,659    829,007    308,058    287,972 | 9,230,655 
             |     82.83       1.73       8.98       3.34       3.12 |    100.00 

. safetab smoke imd,                      row 
10

+----------------+
| Key            |
|----------------|
|   frequency    |
| row percentage |
+----------------+

     Smoking |          Index of Multiple Deprivation (IMD)
      status | 1 least d          2          3          4  5 most de |     Total
-------------+-------------------------------------------------------+----------
       Never | 1,346,944  1,261,395  1,217,291  1,179,292    904,577 | 5,909,499 
             |     22.79      21.35      20.60      19.96      15.31 |    100.00 
-------------+-------------------------------------------------------+----------
      Former |   728,657    727,359    713,544    681,193    539,784 | 3,390,537 
             |     21.49      21.45      21.05      20.09      15.92 |    100.00 
-------------+-------------------------------------------------------+----------
     Current |   295,969    388,912    489,282    631,925    706,042 | 2,512,130 
             |     11.78      15.48      19.48      25.15      28.11 |    100.00 
-------------+-------------------------------------------------------+----------
       Total | 2,371,570  2,377,666  2,420,117  2,492,410  2,150,403 |11,812,166 
             |     20.08      20.13      20.49      21.10      18.20 |    100.00 

. safetab smoke hypertension, row 
19

+----------------+
| Key            |
|----------------|
|   frequency    |
| row percentage |
+----------------+

             |       Diagnosed
     Smoking |     hypertension
      status |         0          1 |     Total
-------------+----------------------+----------
       Never | 5,320,744    588,755 | 5,909,499 
             |     90.04       9.96 |    100.00 
-------------+----------------------+----------
      Former | 2,860,331    530,206 | 3,390,537 
             |     84.36      15.64 |    100.00 
-------------+----------------------+----------
     Current | 2,280,001    232,129 | 2,512,130 
             |     90.76       9.24 |    100.00 
-------------+----------------------+----------
       Total |10,461,076  1,351,090 |11,812,166 
             |     88.56      11.44 |    100.00 

. safetab smoke shield,    row 
13

+----------------+
| Key            |
|----------------|
|   frequency    |
| row percentage |
+----------------+

     Smoking |  Probable shielding
      status |         0          1 |     Total
-------------+----------------------+----------
       Never | 4,778,483  1,131,016 | 5,909,499 
             |     80.86      19.14 |    100.00 
-------------+----------------------+----------
      Former | 2,568,504    822,033 | 3,390,537 
             |     75.76      24.24 |    100.00 
-------------+----------------------+----------
     Current | 1,950,818    561,312 | 2,512,130 
             |     77.66      22.34 |    100.00 
-------------+----------------------+----------
       Total | 9,297,805  2,514,361 |11,812,166 
             |     78.71      21.29 |    100.00 

.                       
. safetab ethnicity imd,          row 
14

+----------------+
| Key            |
|----------------|
|   frequency    |
| row percentage |
+----------------+

                      |          Index of Multiple Deprivation (IMD)
            Ethnicity | 1 least d          2          3          4  5 most de |     Total
----------------------+-------------------------------------------------------+----------
                White | 1,660,293  1,657,414  1,612,569  1,585,091  1,340,427 | 7,855,794 
                      |     21.13      21.10      20.53      20.18      17.06 |    100.00 
----------------------+-------------------------------------------------------+----------
                Mixed |    23,040     27,758     33,350     40,793     42,949 |   167,890 
                      |     13.72      16.53      19.86      24.30      25.58 |    100.00 
----------------------+-------------------------------------------------------+----------
Asian or Asian Britis |    82,219    108,891    176,629    252,820    250,265 |   870,824 
                      |      9.44      12.50      20.28      29.03      28.74 |    100.00 
----------------------+-------------------------------------------------------+----------
                Black |    23,502     35,479     56,459     90,183    117,901 |   323,524 
                      |      7.26      10.97      17.45      27.88      36.44 |    100.00 
----------------------+-------------------------------------------------------+----------
                Other |    41,133     52,553     64,088     78,770     72,362 |   308,906 
                      |     13.32      17.01      20.75      25.50      23.43 |    100.00 
----------------------+-------------------------------------------------------+----------
                Total | 1,830,187  1,882,095  1,943,095  2,047,657  1,823,904 | 9,526,938 
                      |     19.21      19.76      20.40      21.49      19.14 |    100.00 

. safetab shield imd,             row 
11

+----------------+
| Key            |
|----------------|
|   frequency    |
| row percentage |
+----------------+

  Probable |          Index of Multiple Deprivation (IMD)
 shielding | 1 least d          2          3          4  5 most de |     Total
-----------+-------------------------------------------------------+----------
         0 | 1,967,475  1,985,386  2,035,209  2,109,936  1,841,188 | 9,939,194 
           |     19.80      19.98      20.48      21.23      18.52 |    100.00 
-----------+-------------------------------------------------------+----------
         1 |   515,706    512,094    514,543    528,357    480,914 | 2,551,614 
           |     20.21      20.07      20.17      20.71      18.85 |    100.00 
-----------+-------------------------------------------------------+----------
     Total | 2,483,181  2,497,480  2,549,752  2,638,293  2,322,102 |12,490,808 
           |     19.88      19.99      20.41      21.12      18.59 |    100.00 

. 
. safetab shield ethnicity,               row 
17

+----------------+
| Key            |
|----------------|
|   frequency    |
| row percentage |
+----------------+

  Probable |                       Ethnicity
 shielding |     White      Mixed  Asian or       Black      Other |     Total
-----------+-------------------------------------------------------+----------
         0 | 6,096,683    136,949    754,566    273,926    282,140 | 7,544,264 
           |     80.81       1.82      10.00       3.63       3.74 |    100.00 
-----------+-------------------------------------------------------+----------
         1 | 1,759,111     30,941    116,258     49,598     26,766 | 1,982,674 
           |     88.72       1.56       5.86       2.50       1.35 |    100.00 
-----------+-------------------------------------------------------+----------
     Total | 7,855,794    167,890    870,824    323,524    308,906 | 9,526,938 
           |     82.46       1.76       9.14       3.40       3.24 |    100.00 

. 
. 
. 
. * Relationships with age
. foreach var of varlist  asthma                                          ///
>                                         chronic_respiratory_disease     ///
>                                         chronic_cardiac_disease         ///
>                                         diabetes                                                ///
>                                         chronic_liver_disease           ///
>                                         other_neuro                     ///
>                                         stroke_dementia ///
>                                         ra_sle_psoriasis                                ///
>                                         other_immuno                            ///
>                                         organ_trans                     /// 
>                                         asplenia                        /// 
>                                         cancer_exhaem_cat                                               ///
>                                         cancer_haem_cat                                                 ///
>                                         reduced_kidney_function_cat ///
>                                         hypertension            ///             
>                                                                                 {
  2. 
.                 
.         safetab agegroup `var', row 
  3.  }
16

+----------------+
| Key            |
|----------------|
|   frequency    |
| row percentage |
+----------------+

   Grouped |    Asthma category
       age |         0          1 |     Total
-----------+----------------------+----------
    18-<30 | 2,445,998    586,198 | 3,032,196 
           |     80.67      19.33 |    100.00 
-----------+----------------------+----------
    30-<40 | 2,369,430    517,197 | 2,886,627 
           |     82.08      17.92 |    100.00 
-----------+----------------------+----------
    40-<50 | 2,144,512    413,306 | 2,557,818 
           |     83.84      16.16 |    100.00 
-----------+----------------------+----------
    50-<60 | 2,273,713    399,800 | 2,673,513 
           |     85.05      14.95 |    100.00 
-----------+----------------------+----------
    60-<70 | 1,154,040    186,614 | 1,340,654 
           |     86.08      13.92 |    100.00 
-----------+----------------------+----------
     Total |10,387,693  2,103,115 |12,490,808 
           |     83.16      16.84 |    100.00 
37

+----------------+
| Key            |
|----------------|
|   frequency    |
| row percentage |
+----------------+

           |  Chronic Respiratory
   Grouped |       Diseases
       age |         0          1 |     Total
-----------+----------------------+----------
    18-<30 | 3,022,975      9,221 | 3,032,196 
           |     99.70       0.30 |    100.00 
-----------+----------------------+----------
    30-<40 | 2,873,803     12,824 | 2,886,627 
           |     99.56       0.44 |    100.00 
-----------+----------------------+----------
    40-<50 | 2,525,307     32,511 | 2,557,818 
           |     98.73       1.27 |    100.00 
-----------+----------------------+----------
    50-<60 | 2,581,229     92,284 | 2,673,513 
           |     96.55       3.45 |    100.00 
-----------+----------------------+----------
    60-<70 | 1,253,028     87,626 | 1,340,654 
           |     93.46       6.54 |    100.00 
-----------+----------------------+----------
     Total |12,256,342    234,466 |12,490,808 
           |     98.12       1.88 |    100.00 
33

+----------------+
| Key            |
|----------------|
|   frequency    |
| row percentage |
+----------------+

           |    Chronic Cardiac
   Grouped |       Diseases
       age |         0          1 |     Total
-----------+----------------------+----------
    18-<30 | 3,012,216     19,980 | 3,032,196 
           |     99.34       0.66 |    100.00 
-----------+----------------------+----------
    30-<40 | 2,865,425     21,202 | 2,886,627 
           |     99.27       0.73 |    100.00 
-----------+----------------------+----------
    40-<50 | 2,513,315     44,503 | 2,557,818 
           |     98.26       1.74 |    100.00 
-----------+----------------------+----------
    50-<60 | 2,544,133    129,380 | 2,673,513 
           |     95.16       4.84 |    100.00 
-----------+----------------------+----------
    60-<70 | 1,217,008    123,646 | 1,340,654 
           |     90.78       9.22 |    100.00 
-----------+----------------------+----------
     Total |12,152,097    338,711 |12,490,808 
           |     97.29       2.71 |    100.00 
18

+----------------+
| Key            |
|----------------|
|   frequency    |
| row percentage |
+----------------+

   Grouped |       Diabetes
       age |         0          1 |     Total
-----------+----------------------+----------
    18-<30 | 2,997,502     34,694 | 3,032,196 
           |     98.86       1.14 |    100.00 
-----------+----------------------+----------
    30-<40 | 2,814,150     72,477 | 2,886,627 
           |     97.49       2.51 |    100.00 
-----------+----------------------+----------
    40-<50 | 2,400,891    156,927 | 2,557,818 
           |     93.86       6.14 |    100.00 
-----------+----------------------+----------
    50-<60 | 2,372,000    301,513 | 2,673,513 
           |     88.72      11.28 |    100.00 
-----------+----------------------+----------
    60-<70 | 1,117,569    223,085 | 1,340,654 
           |     83.36      16.64 |    100.00 
-----------+----------------------+----------
     Total |11,702,112    788,696 |12,490,808 
           |     93.69       6.31 |    100.00 
31

+----------------+
| Key            |
|----------------|
|   frequency    |
| row percentage |
+----------------+

   Grouped | Chronic liver disease
       age |         0          1 |     Total
-----------+----------------------+----------
    18-<30 | 3,029,310      2,886 | 3,032,196 
           |     99.90       0.10 |    100.00 
-----------+----------------------+----------
    30-<40 | 2,877,991      8,636 | 2,886,627 
           |     99.70       0.30 |    100.00 
-----------+----------------------+----------
    40-<50 | 2,542,578     15,240 | 2,557,818 
           |     99.40       0.60 |    100.00 
-----------+----------------------+----------
    50-<60 | 2,650,278     23,235 | 2,673,513 
           |     99.13       0.87 |    100.00 
-----------+----------------------+----------
    60-<70 | 1,326,240     14,414 | 1,340,654 
           |     98.92       1.08 |    100.00 
-----------+----------------------+----------
     Total |12,426,397     64,411 |12,490,808 
           |     99.48       0.52 |    100.00 
21

+----------------+
| Key            |
|----------------|
|   frequency    |
| row percentage |
+----------------+

   Grouped | Neurological disease
       age |         0          1 |     Total
-----------+----------------------+----------
    18-<30 | 3,020,982     11,214 | 3,032,196 
           |     99.63       0.37 |    100.00 
-----------+----------------------+----------
    30-<40 | 2,873,032     13,595 | 2,886,627 
           |     99.53       0.47 |    100.00 
-----------+----------------------+----------
    40-<50 | 2,540,950     16,868 | 2,557,818 
           |     99.34       0.66 |    100.00 
-----------+----------------------+----------
    50-<60 | 2,647,850     25,663 | 2,673,513 
           |     99.04       0.96 |    100.00 
-----------+----------------------+----------
    60-<70 | 1,323,901     16,753 | 1,340,654 
           |     98.75       1.25 |    100.00 
-----------+----------------------+----------
     Total |12,406,715     84,093 |12,490,808 
           |     99.33       0.67 |    100.00 
25

+----------------+
| Key            |
|----------------|
|   frequency    |
| row percentage |
+----------------+

   Grouped |  Stroke or dementia
       age |         0          1 |     Total
-----------+----------------------+----------
    18-<30 | 3,029,017      3,179 | 3,032,196 
           |     99.90       0.10 |    100.00 
-----------+----------------------+----------
    30-<40 | 2,880,948      5,679 | 2,886,627 
           |     99.80       0.20 |    100.00 
-----------+----------------------+----------
    40-<50 | 2,544,480     13,338 | 2,557,818 
           |     99.48       0.52 |    100.00 
-----------+----------------------+----------
    50-<60 | 2,637,229     36,284 | 2,673,513 
           |     98.64       1.36 |    100.00 
-----------+----------------------+----------
    60-<70 | 1,306,193     34,461 | 1,340,654 
           |     97.43       2.57 |    100.00 
-----------+----------------------+----------
     Total |12,397,867     92,941 |12,490,808 
           |     99.26       0.74 |    100.00 
26

+----------------+
| Key            |
|----------------|
|   frequency    |
| row percentage |
+----------------+

   Grouped |  Autoimmune disease
       age |         0          1 |     Total
-----------+----------------------+----------
    18-<30 | 2,965,262     66,934 | 3,032,196 
           |     97.79       2.21 |    100.00 
-----------+----------------------+----------
    30-<40 | 2,782,229    104,398 | 2,886,627 
           |     96.38       3.62 |    100.00 
-----------+----------------------+----------
    40-<50 | 2,438,541    119,277 | 2,557,818 
           |     95.34       4.66 |    100.00 
-----------+----------------------+----------
    50-<60 | 2,517,515    155,998 | 2,673,513 
           |     94.17       5.83 |    100.00 
-----------+----------------------+----------
    60-<70 | 1,250,374     90,280 | 1,340,654 
           |     93.27       6.73 |    100.00 
-----------+----------------------+----------
     Total |11,953,921    536,887 |12,490,808 
           |     95.70       4.30 |    100.00 
22

+----------------+
| Key            |
|----------------|
|   frequency    |
| row percentage |
+----------------+

           |   Immunosuppressed
           |     (combination
   Grouped |      algorithm)
       age |         0          1 |     Total
-----------+----------------------+----------
    18-<30 | 3,026,168      6,028 | 3,032,196 
           |     99.80       0.20 |    100.00 
-----------+----------------------+----------
    30-<40 | 2,878,549      8,078 | 2,886,627 
           |     99.72       0.28 |    100.00 
-----------+----------------------+----------
    40-<50 | 2,546,517     11,301 | 2,557,818 
           |     99.56       0.44 |    100.00 
-----------+----------------------+----------
    50-<60 | 2,662,317     11,196 | 2,673,513 
           |     99.58       0.42 |    100.00 
-----------+----------------------+----------
    60-<70 | 1,336,647      4,007 | 1,340,654 
           |     99.70       0.30 |    100.00 
-----------+----------------------+----------
     Total |12,450,198     40,610 |12,490,808 
           |     99.67       0.33 |    100.00 
21

+----------------+
| Key            |
|----------------|
|   frequency    |
| row percentage |
+----------------+

           |      Solid organ
   Grouped |      transplant
       age |         0          1 |     Total
-----------+----------------------+----------
    18-<30 | 3,031,034      1,162 | 3,032,196 
           |     99.96       0.04 |    100.00 
-----------+----------------------+----------
    30-<40 | 2,884,595      2,032 | 2,886,627 
           |     99.93       0.07 |    100.00 
-----------+----------------------+----------
    40-<50 | 2,554,884      2,934 | 2,557,818 
           |     99.89       0.11 |    100.00 
-----------+----------------------+----------
    50-<60 | 2,668,845      4,668 | 2,673,513 
           |     99.83       0.17 |    100.00 
-----------+----------------------+----------
    60-<70 | 1,337,938      2,716 | 1,340,654 
           |     99.80       0.20 |    100.00 
-----------+----------------------+----------
     Total |12,477,296     13,512 |12,490,808 
           |     99.89       0.11 |    100.00 
18

+----------------+
| Key            |
|----------------|
|   frequency    |
| row percentage |
+----------------+

   Grouped |       Asplenia
       age |         0          1 |     Total
-----------+----------------------+----------
    18-<30 | 3,031,096      1,100 | 3,032,196 
           |     99.96       0.04 |    100.00 
-----------+----------------------+----------
    30-<40 | 2,884,538      2,089 | 2,886,627 
           |     99.93       0.07 |    100.00 
-----------+----------------------+----------
    40-<50 | 2,554,834      2,984 | 2,557,818 
           |     99.88       0.12 |    100.00 
-----------+----------------------+----------
    50-<60 | 2,668,428      5,085 | 2,673,513 
           |     99.81       0.19 |    100.00 
-----------+----------------------+----------
    60-<70 | 1,337,736      2,918 | 1,340,654 
           |     99.78       0.22 |    100.00 
-----------+----------------------+----------
     Total |12,476,632     14,176 |12,490,808 
           |     99.89       0.11 |    100.00 
27

+----------------+
| Key            |
|----------------|
|   frequency    |
| row percentage |
+----------------+

   Grouped |          Non-haematological cancer
       age |     Never  Last year  2-5 years   5+ years |     Total
-----------+--------------------------------------------+----------
    18-<30 | 3,025,846        800      2,097      3,453 | 3,032,196 
           |     99.79       0.03       0.07       0.11 |    100.00 
-----------+--------------------------------------------+----------
    30-<40 | 2,868,024      2,226      6,557      9,820 | 2,886,627 
           |     99.36       0.08       0.23       0.34 |    100.00 
-----------+--------------------------------------------+----------
    40-<50 | 2,517,070      4,756     13,354     22,638 | 2,557,818 
           |     98.41       0.19       0.52       0.89 |    100.00 
-----------+--------------------------------------------+----------
    50-<60 | 2,570,236     11,378     33,479     58,420 | 2,673,513 
           |     96.14       0.43       1.25       2.19 |    100.00 
-----------+--------------------------------------------+----------
    60-<70 | 1,248,720     10,023     28,064     53,847 | 1,340,654 
           |     93.14       0.75       2.09       4.02 |    100.00 
-----------+--------------------------------------------+----------
     Total |12,229,896     29,183     83,551    148,178 |12,490,808 
           |     97.91       0.23       0.67       1.19 |    100.00 
25

+----------------+
| Key            |
|----------------|
|   frequency    |
| row percentage |
+----------------+

   Grouped |            Haematological cancer
       age |     Never  Last year  2-5 years   5+ years |     Total
-----------+--------------------------------------------+----------
    18-<30 | 3,028,211        266        931      2,788 | 3,032,196 
           |     99.87       0.01       0.03       0.09 |    100.00 
-----------+--------------------------------------------+----------
    30-<40 | 2,881,450        346      1,068      3,763 | 2,886,627 
           |     99.82       0.01       0.04       0.13 |    100.00 
-----------+--------------------------------------------+----------
    40-<50 | 2,550,888        460      1,448      5,022 | 2,557,818 
           |     99.73       0.02       0.06       0.20 |    100.00 
-----------+--------------------------------------------+----------
    50-<60 | 2,661,001      1,091      3,245      8,176 | 2,673,513 
           |     99.53       0.04       0.12       0.31 |    100.00 
-----------+--------------------------------------------+----------
    60-<70 | 1,330,702        961      2,994      5,997 | 1,340,654 
           |     99.26       0.07       0.22       0.45 |    100.00 
-----------+--------------------------------------------+----------
     Total |12,452,252      3,124      9,686     25,746 |12,490,808 
           |     99.69       0.03       0.08       0.21 |    100.00 
37

+----------------+
| Key            |
|----------------|
|   frequency    |
| row percentage |
+----------------+

   Grouped |     Reduced kidney function
       age |      None  Stage 3a/  Stage 4/5 |     Total
-----------+---------------------------------+----------
    18-<30 | 3,030,438      1,227        531 | 3,032,196 
           |     99.94       0.04       0.02 |    100.00 
-----------+---------------------------------+----------
    30-<40 | 2,881,406      4,041      1,180 | 2,886,627 
           |     99.82       0.14       0.04 |    100.00 
-----------+---------------------------------+----------
    40-<50 | 2,543,274     12,452      2,092 | 2,557,818 
           |     99.43       0.49       0.08 |    100.00 
-----------+---------------------------------+----------
    50-<60 | 2,621,551     47,468      4,494 | 2,673,513 
           |     98.06       1.78       0.17 |    100.00 
-----------+---------------------------------+----------
    60-<70 | 1,278,352     58,452      3,850 | 1,340,654 
           |     95.35       4.36       0.29 |    100.00 
-----------+---------------------------------+----------
     Total |12,355,021    123,640     12,147 |12,490,808 
           |     98.91       0.99       0.10 |    100.00 
22

+----------------+
| Key            |
|----------------|
|   frequency    |
| row percentage |
+----------------+

           |       Diagnosed
   Grouped |     hypertension
       age |         0          1 |     Total
-----------+----------------------+----------
    18-<30 | 3,012,842     19,354 | 3,032,196 
           |     99.36       0.64 |    100.00 
-----------+----------------------+----------
    30-<40 | 2,812,963     73,664 | 2,886,627 
           |     97.45       2.55 |    100.00 
-----------+----------------------+----------
    40-<50 | 2,321,905    235,913 | 2,557,818 
           |     90.78       9.22 |    100.00 
-----------+----------------------+----------
    50-<60 | 2,100,582    572,931 | 2,673,513 
           |     78.57      21.43 |    100.00 
-----------+----------------------+----------
    60-<70 |   886,097    454,557 | 1,340,654 
           |     66.09      33.91 |    100.00 
-----------+----------------------+----------
     Total |11,134,389  1,356,419 |12,490,808 
           |     89.14      10.86 |    100.00 

. 
. 
.  * Relationships with sex
. foreach var of varlist asthma                                           ///
>                                         chronic_respiratory_disease     ///
>                                         chronic_cardiac_disease         ///
>                                         diabetes                                                ///
>                                         chronic_liver_disease           ///
>                                         other_neuro                     ///
>                                         stroke_dementia ///
>                                         ra_sle_psoriasis                                ///
>                                         other_immuno                            ///
>                                         organ_trans                     /// 
>                                         asplenia                        /// 
>                                         cancer_exhaem_cat                                               ///
>                                         cancer_haem_cat                                                 ///
>                                         reduced_kidney_function_cat ///
>                                         hypertension                     ///    
>                                                                                 {
  2.                                                 
.         safetab male `var', row 
  3. }
12

+----------------+
| Key            |
|----------------|
|   frequency    |
| row percentage |
+----------------+

           |    Asthma category
      Male |         0          1 |     Total
-----------+----------------------+----------
         0 | 5,144,303  1,093,489 | 6,237,792 
           |     82.47      17.53 |    100.00 
-----------+----------------------+----------
         1 | 5,243,390  1,009,626 | 6,253,016 
           |     83.85      16.15 |    100.00 
-----------+----------------------+----------
     Total |10,387,693  2,103,115 |12,490,808 
           |     83.16      16.84 |    100.00 
33

+----------------+
| Key            |
|----------------|
|   frequency    |
| row percentage |
+----------------+

           |  Chronic Respiratory
           |       Diseases
      Male |         0          1 |     Total
-----------+----------------------+----------
         0 | 6,120,311    117,481 | 6,237,792 
           |     98.12       1.88 |    100.00 
-----------+----------------------+----------
         1 | 6,136,031    116,985 | 6,253,016 
           |     98.13       1.87 |    100.00 
-----------+----------------------+----------
     Total |12,256,342    234,466 |12,490,808 
           |     98.12       1.88 |    100.00 
29

+----------------+
| Key            |
|----------------|
|   frequency    |
| row percentage |
+----------------+

           |    Chronic Cardiac
           |       Diseases
      Male |         0          1 |     Total
-----------+----------------------+----------
         0 | 6,121,839    115,953 | 6,237,792 
           |     98.14       1.86 |    100.00 
-----------+----------------------+----------
         1 | 6,030,258    222,758 | 6,253,016 
           |     96.44       3.56 |    100.00 
-----------+----------------------+----------
     Total |12,152,097    338,711 |12,490,808 
           |     97.29       2.71 |    100.00 
14

+----------------+
| Key            |
|----------------|
|   frequency    |
| row percentage |
+----------------+

           |       Diabetes
      Male |         0          1 |     Total
-----------+----------------------+----------
         0 | 5,882,004    355,788 | 6,237,792 
           |     94.30       5.70 |    100.00 
-----------+----------------------+----------
         1 | 5,820,108    432,908 | 6,253,016 
           |     93.08       6.92 |    100.00 
-----------+----------------------+----------
     Total |11,702,112    788,696 |12,490,808 
           |     93.69       6.31 |    100.00 
27

+----------------+
| Key            |
|----------------|
|   frequency    |
| row percentage |
+----------------+

           | Chronic liver disease
      Male |         0          1 |     Total
-----------+----------------------+----------
         0 | 6,211,867     25,925 | 6,237,792 
           |     99.58       0.42 |    100.00 
-----------+----------------------+----------
         1 | 6,214,530     38,486 | 6,253,016 
           |     99.38       0.62 |    100.00 
-----------+----------------------+----------
     Total |12,426,397     64,411 |12,490,808 
           |     99.48       0.52 |    100.00 
17

+----------------+
| Key            |
|----------------|
|   frequency    |
| row percentage |
+----------------+

           | Neurological disease
      Male |         0          1 |     Total
-----------+----------------------+----------
         0 | 6,191,425     46,367 | 6,237,792 
           |     99.26       0.74 |    100.00 
-----------+----------------------+----------
         1 | 6,215,290     37,726 | 6,253,016 
           |     99.40       0.60 |    100.00 
-----------+----------------------+----------
     Total |12,406,715     84,093 |12,490,808 
           |     99.33       0.67 |    100.00 
21

+----------------+
| Key            |
|----------------|
|   frequency    |
| row percentage |
+----------------+

           |  Stroke or dementia
      Male |         0          1 |     Total
-----------+----------------------+----------
         0 | 6,198,490     39,302 | 6,237,792 
           |     99.37       0.63 |    100.00 
-----------+----------------------+----------
         1 | 6,199,377     53,639 | 6,253,016 
           |     99.14       0.86 |    100.00 
-----------+----------------------+----------
     Total |12,397,867     92,941 |12,490,808 
           |     99.26       0.74 |    100.00 
22

+----------------+
| Key            |
|----------------|
|   frequency    |
| row percentage |
+----------------+

           |  Autoimmune disease
      Male |         0          1 |     Total
-----------+----------------------+----------
         0 | 5,939,484    298,308 | 6,237,792 
           |     95.22       4.78 |    100.00 
-----------+----------------------+----------
         1 | 6,014,437    238,579 | 6,253,016 
           |     96.18       3.82 |    100.00 
-----------+----------------------+----------
     Total |11,953,921    536,887 |12,490,808 
           |     95.70       4.30 |    100.00 
18

+----------------+
| Key            |
|----------------|
|   frequency    |
| row percentage |
+----------------+

           |   Immunosuppressed
           |     (combination
           |      algorithm)
      Male |         0          1 |     Total
-----------+----------------------+----------
         0 | 6,219,782     18,010 | 6,237,792 
           |     99.71       0.29 |    100.00 
-----------+----------------------+----------
         1 | 6,230,416     22,600 | 6,253,016 
           |     99.64       0.36 |    100.00 
-----------+----------------------+----------
     Total |12,450,198     40,610 |12,490,808 
           |     99.67       0.33 |    100.00 
17

+----------------+
| Key            |
|----------------|
|   frequency    |
| row percentage |
+----------------+

           |      Solid organ
           |      transplant
      Male |         0          1 |     Total
-----------+----------------------+----------
         0 | 6,232,381      5,411 | 6,237,792 
           |     99.91       0.09 |    100.00 
-----------+----------------------+----------
         1 | 6,244,915      8,101 | 6,253,016 
           |     99.87       0.13 |    100.00 
-----------+----------------------+----------
     Total |12,477,296     13,512 |12,490,808 
           |     99.89       0.11 |    100.00 
14

+----------------+
| Key            |
|----------------|
|   frequency    |
| row percentage |
+----------------+

           |       Asplenia
      Male |         0          1 |     Total
-----------+----------------------+----------
         0 | 6,231,959      5,833 | 6,237,792 
           |     99.91       0.09 |    100.00 
-----------+----------------------+----------
         1 | 6,244,673      8,343 | 6,253,016 
           |     99.87       0.13 |    100.00 
-----------+----------------------+----------
     Total |12,476,632     14,176 |12,490,808 
           |     99.89       0.11 |    100.00 
23

+----------------+
| Key            |
|----------------|
|   frequency    |
| row percentage |
+----------------+

           |          Non-haematological cancer
      Male |     Never  Last year  2-5 years   5+ years |     Total
-----------+--------------------------------------------+----------
         0 | 6,064,709     17,076     52,794    103,213 | 6,237,792 
           |     97.23       0.27       0.85       1.65 |    100.00 
-----------+--------------------------------------------+----------
         1 | 6,165,187     12,107     30,757     44,965 | 6,253,016 
           |     98.60       0.19       0.49       0.72 |    100.00 
-----------+--------------------------------------------+----------
     Total |12,229,896     29,183     83,551    148,178 |12,490,808 
           |     97.91       0.23       0.67       1.19 |    100.00 
21

+----------------+
| Key            |
|----------------|
|   frequency    |
| row percentage |
+----------------+

           |            Haematological cancer
      Male |     Never  Last year  2-5 years   5+ years |     Total
-----------+--------------------------------------------+----------
         0 | 6,221,206      1,321      4,112     11,153 | 6,237,792 
           |     99.73       0.02       0.07       0.18 |    100.00 
-----------+--------------------------------------------+----------
         1 | 6,231,046      1,803      5,574     14,593 | 6,253,016 
           |     99.65       0.03       0.09       0.23 |    100.00 
-----------+--------------------------------------------+----------
     Total |12,452,252      3,124      9,686     25,746 |12,490,808 
           |     99.69       0.03       0.08       0.21 |    100.00 
33

+----------------+
| Key            |
|----------------|
|   frequency    |
| row percentage |
+----------------+

           |     Reduced kidney function
      Male |      None  Stage 3a/  Stage 4/5 |     Total
-----------+---------------------------------+----------
         0 | 6,164,570     68,072      5,150 | 6,237,792 
           |     98.83       1.09       0.08 |    100.00 
-----------+---------------------------------+----------
         1 | 6,190,451     55,568      6,997 | 6,253,016 
           |     99.00       0.89       0.11 |    100.00 
-----------+---------------------------------+----------
     Total |12,355,021    123,640     12,147 |12,490,808 
           |     98.91       0.99       0.10 |    100.00 
18

+----------------+
| Key            |
|----------------|
|   frequency    |
| row percentage |
+----------------+

           |       Diagnosed
           |     hypertension
      Male |         0          1 |     Total
-----------+----------------------+----------
         0 | 5,621,183    616,609 | 6,237,792 
           |     90.11       9.89 |    100.00 
-----------+----------------------+----------
         1 | 5,513,206    739,810 | 6,253,016 
           |     88.17      11.83 |    100.00 
-----------+----------------------+----------
     Total |11,134,389  1,356,419 |12,490,808 
           |     89.14      10.86 |    100.00 

. 
.  * Relationships with smoking
. foreach var of varlist  asthma                                          ///
>                                         chronic_respiratory_disease     ///
>                                         chronic_cardiac_disease         ///
>                                         diabetes                                                ///
>                                         chronic_liver_disease           ///
>                                         other_neuro                     ///
>                                         stroke_dementia ///
>                                         ra_sle_psoriasis                                ///
>                                         other_immuno                            ///
>                                         organ_trans                     /// 
>                                         asplenia                        /// 
>                                         cancer_exhaem_cat                                               ///
>                                         cancer_haem_cat                                                 ///
>                                         reduced_kidney_function_cat ///
>                                         hypertension                            ///
>                                         {
  2.         
.         safetab smoke `var', row 
  3. }
13

+----------------+
| Key            |
|----------------|
|   frequency    |
| row percentage |
+----------------+

     Smoking |    Asthma category
      status |         0          1 |     Total
-------------+----------------------+----------
       Never | 4,942,360    967,139 | 5,909,499 
             |     83.63      16.37 |    100.00 
-------------+----------------------+----------
      Former | 2,736,470    654,067 | 3,390,537 
             |     80.71      19.29 |    100.00 
-------------+----------------------+----------
     Current | 2,063,145    448,985 | 2,512,130 
             |     82.13      17.87 |    100.00 
-------------+----------------------+----------
       Total | 9,741,975  2,070,191 |11,812,166 
             |     82.47      17.53 |    100.00 
34

+----------------+
| Key            |
|----------------|
|   frequency    |
| row percentage |
+----------------+

             |  Chronic Respiratory
     Smoking |       Diseases
      status |         0          1 |     Total
-------------+----------------------+----------
       Never | 5,869,493     40,006 | 5,909,499 
             |     99.32       0.68 |    100.00 
-------------+----------------------+----------
      Former | 3,296,047     94,490 | 3,390,537 
             |     97.21       2.79 |    100.00 
-------------+----------------------+----------
     Current | 2,413,041     99,089 | 2,512,130 
             |     96.06       3.94 |    100.00 
-------------+----------------------+----------
       Total |11,578,581    233,585 |11,812,166 
             |     98.02       1.98 |    100.00 
30

+----------------+
| Key            |
|----------------|
|   frequency    |
| row percentage |
+----------------+

             |    Chronic Cardiac
     Smoking |       Diseases
      status |         0          1 |     Total
-------------+----------------------+----------
       Never | 5,794,045    115,454 | 5,909,499 
             |     98.05       1.95 |    100.00 
-------------+----------------------+----------
      Former | 3,248,540    141,997 | 3,390,537 
             |     95.81       4.19 |    100.00 
-------------+----------------------+----------
     Current | 2,434,107     78,023 | 2,512,130 
             |     96.89       3.11 |    100.00 
-------------+----------------------+----------
       Total |11,476,692    335,474 |11,812,166 
             |     97.16       2.84 |    100.00 
15

+----------------+
| Key            |
|----------------|
|   frequency    |
| row percentage |
+----------------+

     Smoking |       Diabetes
      status |         0          1 |     Total
-------------+----------------------+----------
       Never | 5,571,632    337,867 | 5,909,499 
             |     94.28       5.72 |    100.00 
-------------+----------------------+----------
      Former | 3,097,394    293,143 | 3,390,537 
             |     91.35       8.65 |    100.00 
-------------+----------------------+----------
     Current | 2,358,051    154,079 | 2,512,130 
             |     93.87       6.13 |    100.00 
-------------+----------------------+----------
       Total |11,027,077    785,089 |11,812,166 
             |     93.35       6.65 |    100.00 
28

+----------------+
| Key            |
|----------------|
|   frequency    |
| row percentage |
+----------------+

     Smoking | Chronic liver disease
      status |         0          1 |     Total
-------------+----------------------+----------
       Never | 5,890,384     19,115 | 5,909,499 
             |     99.68       0.32 |    100.00 
-------------+----------------------+----------
      Former | 3,369,723     20,814 | 3,390,537 
             |     99.39       0.61 |    100.00 
-------------+----------------------+----------
     Current | 2,488,248     23,882 | 2,512,130 
             |     99.05       0.95 |    100.00 
-------------+----------------------+----------
       Total |11,748,355     63,811 |11,812,166 
             |     99.46       0.54 |    100.00 
18

+----------------+
| Key            |
|----------------|
|   frequency    |
| row percentage |
+----------------+

     Smoking | Neurological disease
      status |         0          1 |     Total
-------------+----------------------+----------
       Never | 5,869,370     40,129 | 5,909,499 
             |     99.32       0.68 |    100.00 
-------------+----------------------+----------
      Former | 3,363,086     27,451 | 3,390,537 
             |     99.19       0.81 |    100.00 
-------------+----------------------+----------
     Current | 2,497,035     15,095 | 2,512,130 
             |     99.40       0.60 |    100.00 
-------------+----------------------+----------
       Total |11,729,491     82,675 |11,812,166 
             |     99.30       0.70 |    100.00 
22

+----------------+
| Key            |
|----------------|
|   frequency    |
| row percentage |
+----------------+

     Smoking |  Stroke or dementia
      status |         0          1 |     Total
-------------+----------------------+----------
       Never | 5,879,238     30,261 | 5,909,499 
             |     99.49       0.51 |    100.00 
-------------+----------------------+----------
      Former | 3,353,177     37,360 | 3,390,537 
             |     98.90       1.10 |    100.00 
-------------+----------------------+----------
     Current | 2,487,320     24,810 | 2,512,130 
             |     99.01       0.99 |    100.00 
-------------+----------------------+----------
       Total |11,719,735     92,431 |11,812,166 
             |     99.22       0.78 |    100.00 
23

+----------------+
| Key            |
|----------------|
|   frequency    |
| row percentage |
+----------------+

     Smoking |  Autoimmune disease
      status |         0          1 |     Total
-------------+----------------------+----------
       Never | 5,706,319    203,180 | 5,909,499 
             |     96.56       3.44 |    100.00 
-------------+----------------------+----------
      Former | 3,193,386    197,151 | 3,390,537 
             |     94.19       5.81 |    100.00 
-------------+----------------------+----------
     Current | 2,383,055    129,075 | 2,512,130 
             |     94.86       5.14 |    100.00 
-------------+----------------------+----------
       Total |11,282,760    529,406 |11,812,166 
             |     95.52       4.48 |    100.00 
19

+----------------+
| Key            |
|----------------|
|   frequency    |
| row percentage |
+----------------+

             |   Immunosuppressed
             |     (combination
     Smoking |      algorithm)
      status |         0          1 |     Total
-------------+----------------------+----------
       Never | 5,889,215     20,284 | 5,909,499 
             |     99.66       0.34 |    100.00 
-------------+----------------------+----------
      Former | 3,379,416     11,121 | 3,390,537 
             |     99.67       0.33 |    100.00 
-------------+----------------------+----------
     Current | 2,503,869      8,261 | 2,512,130 
             |     99.67       0.33 |    100.00 
-------------+----------------------+----------
       Total |11,772,500     39,666 |11,812,166 
             |     99.66       0.34 |    100.00 
18

+----------------+
| Key            |
|----------------|
|   frequency    |
| row percentage |
+----------------+

             |      Solid organ
     Smoking |      transplant
      status |         0          1 |     Total
-------------+----------------------+----------
       Never | 5,902,906      6,593 | 5,909,499 
             |     99.89       0.11 |    100.00 
-------------+----------------------+----------
      Former | 3,385,447      5,090 | 3,390,537 
             |     99.85       0.15 |    100.00 
-------------+----------------------+----------
     Current | 2,510,410      1,720 | 2,512,130 
             |     99.93       0.07 |    100.00 
-------------+----------------------+----------
       Total |11,798,763     13,403 |11,812,166 
             |     99.89       0.11 |    100.00 
15

+----------------+
| Key            |
|----------------|
|   frequency    |
| row percentage |
+----------------+

     Smoking |       Asplenia
      status |         0          1 |     Total
-------------+----------------------+----------
       Never | 5,904,106      5,393 | 5,909,499 
             |     99.91       0.09 |    100.00 
-------------+----------------------+----------
      Former | 3,385,465      5,072 | 3,390,537 
             |     99.85       0.15 |    100.00 
-------------+----------------------+----------
     Current | 2,508,593      3,537 | 2,512,130 
             |     99.86       0.14 |    100.00 
-------------+----------------------+----------
       Total |11,798,164     14,002 |11,812,166 
             |     99.88       0.12 |    100.00 
24

+----------------+
| Key            |
|----------------|
|   frequency    |
| row percentage |
+----------------+

     Smoking |          Non-haematological cancer
      status |     Never  Last year  2-5 years   5+ years |     Total
-------------+--------------------------------------------+----------
       Never | 5,793,655     12,073     36,047     67,724 | 5,909,499 
             |     98.04       0.20       0.61       1.15 |    100.00 
-------------+--------------------------------------------+----------
      Former | 3,287,583     11,299     34,096     57,559 | 3,390,537 
             |     96.96       0.33       1.01       1.70 |    100.00 
-------------+--------------------------------------------+----------
     Current | 2,471,773      5,536     12,799     22,022 | 2,512,130 
             |     98.39       0.22       0.51       0.88 |    100.00 
-------------+--------------------------------------------+----------
       Total |11,553,011     28,908     82,942    147,305 |11,812,166 
             |     97.81       0.24       0.70       1.25 |    100.00 
22

+----------------+
| Key            |
|----------------|
|   frequency    |
| row percentage |
+----------------+

     Smoking |            Haematological cancer
      status |     Never  Last year  2-5 years   5+ years |     Total
-------------+--------------------------------------------+----------
       Never | 5,891,435      1,355      4,311     12,398 | 5,909,499 
             |     99.69       0.02       0.07       0.21 |    100.00 
-------------+--------------------------------------------+----------
      Former | 3,376,819      1,127      3,654      8,937 | 3,390,537 
             |     99.60       0.03       0.11       0.26 |    100.00 
-------------+--------------------------------------------+----------
     Current | 2,505,906        594      1,582      4,048 | 2,512,130 
             |     99.75       0.02       0.06       0.16 |    100.00 
-------------+--------------------------------------------+----------
       Total |11,774,160      3,076      9,547     25,383 |11,812,166 
             |     99.68       0.03       0.08       0.21 |    100.00 
34

+----------------+
| Key            |
|----------------|
|   frequency    |
| row percentage |
+----------------+

     Smoking |     Reduced kidney function
      status |      None  Stage 3a/  Stage 4/5 |     Total
-------------+---------------------------------+----------
       Never | 5,848,356     55,920      5,223 | 5,909,499 
             |     98.97       0.95       0.09 |    100.00 
-------------+---------------------------------+----------
      Former | 3,336,700     49,158      4,679 | 3,390,537 
             |     98.41       1.45       0.14 |    100.00 
-------------+---------------------------------+----------
     Current | 2,491,835     18,123      2,172 | 2,512,130 
             |     99.19       0.72       0.09 |    100.00 
-------------+---------------------------------+----------
       Total |11,676,891    123,201     12,074 |11,812,166 
             |     98.85       1.04       0.10 |    100.00 
19

+----------------+
| Key            |
|----------------|
|   frequency    |
| row percentage |
+----------------+

             |       Diagnosed
     Smoking |     hypertension
      status |         0          1 |     Total
-------------+----------------------+----------
       Never | 5,320,744    588,755 | 5,909,499 
             |     90.04       9.96 |    100.00 
-------------+----------------------+----------
      Former | 2,860,331    530,206 | 3,390,537 
             |     84.36      15.64 |    100.00 
-------------+----------------------+----------
     Current | 2,280,001    232,129 | 2,512,130 
             |     90.76       9.24 |    100.00 
-------------+----------------------+----------
       Total |10,461,076  1,351,090 |11,812,166 
             |     88.56      11.44 |    100.00 

. 
. 
. /* SENSE CHECK OUTCOMES=======================================================*/
. 
. safetab covid_death covid_tpp_prob_or_susp  , row col
37

+-------------------+
| Key               |
|-------------------|
|     frequency     |
|  row percentage   |
| column percentage |
+-------------------+

Failure/ce |
   nsoring |
 indicator |   Failure/censoring
       for |     indicator for
  outcome: |    outcome: covid
     covid |    prob/susp. case
     death |         0          1 |     Total
-----------+----------------------+----------
         0 |12,081,591    407,837 |12,489,428 
           |     96.73       3.27 |    100.00 
           |     99.99      99.82 |     99.99 
-----------+----------------------+----------
         1 |       637        743 |     1,380 
           |     46.16      53.84 |    100.00 
           |      0.01       0.18 |      0.01 
-----------+----------------------+----------
     Total |12,082,228    408,580 |12,490,808 
           |     96.73       3.27 |    100.00 
           |    100.00     100.00 |    100.00 

. safetab covid_death covid_tpp_prob  , row col
29

+-------------------+
| Key               |
|-------------------|
|     frequency     |
|  row percentage   |
| column percentage |
+-------------------+

Failure/ce |
   nsoring |
 indicator |   Failure/censoring
       for |     indicator for
  outcome: |  outcome: covid prob
     covid |         case
     death |         0          1 |     Total
-----------+----------------------+----------
         0 |12,466,848     22,580 |12,489,428 
           |     99.82       0.18 |    100.00 
           |     99.99      97.94 |     99.99 
-----------+----------------------+----------
         1 |       905        475 |     1,380 
           |     65.58      34.42 |    100.00 
           |      0.01       2.06 |      0.01 
-----------+----------------------+----------
     Total |12,467,753     23,055 |12,490,808 
           |     99.82       0.18 |    100.00 
           |    100.00     100.00 |    100.00 

. safetab non_covid_death covid_death  , row col
30

+-------------------+
| Key               |
|-------------------|
|     frequency     |
|  row percentage   |
| column percentage |
+-------------------+

Failure/ce |
   nsoring |
 indicator |
       for |   Failure/censoring
  outcome: |     indicator for
 non-covid | outcome: covid death
     death |         0          1 |     Total
-----------+----------------------+----------
         0 |12,481,980      1,380 |12,483,360 
           |     99.99       0.01 |    100.00 
           |     99.94     100.00 |     99.94 
-----------+----------------------+----------
         1 |     7,448          0 |     7,448 
           |    100.00       0.00 |    100.00 
           |      0.06       0.00 |      0.06 
-----------+----------------------+----------
     Total |12,489,428      1,380 |12,490,808 
           |     99.99       0.01 |    100.00 
           |    100.00     100.00 |    100.00 

. 
. * Close log file 
. log close
      name:  <unnamed>
       log:  E:\analyses\school-age-children-and-covid\analysis\log\02_an_data_checks.log
  log type:  text
 closed on:  24 Jul 2020, 14:02:38
----------------------------------------------------------------------------------------------------------------------------------
