----------------------------------------------------------------------------------------------------------------------------------
      name:  <unnamed>
       log:  E:\analyses\school-age-children-and-covid\analysis\log\an_interaction_cox_models_covid_death_shield.log
  log type:  text
 opened on:  24 Jul 2020, 13:43:56

. 
. 
. use "$tempdir\cr_create_analysis_dataset_STSET_`outcome'.dta", clear

. stset
-> stset stime_covid_death [pweight=pw], id(patient_id) failure(covid_death)
                           enter(time enter_date) origin(time enter_date)

                id:  patient_id
     failure event:  covid_death != 0 & covid_death < .
obs. time interval:  (stime_covid_death[_n-1], stime_covid_death]
 enter on or after:  time enter_date
 exit on or before:  failure
    t for analysis:  (time-origin)
            origin:  time enter_date
            weight:  [pweight=pw]

------------------------------------------------------------------------------
    376,101  total observations
          0  exclusions
------------------------------------------------------------------------------
    376,101  observations remaining, representing
    376,101  subjects
      1,380  failures in single-failure-per-subject data
   51052388  total analysis time at risk and under observation
                                                at risk from t =         0
                                     earliest observed entry t =         0
                                          last observed exit t =       136

.         
. *PROG TO DEFINE THE BASIC COX MODEL WITH OPTIONS FOR HANDLING OF AGE, BMI, ETHNICITY:
. cap prog drop basemodel

. prog define basemodel
  1.         syntax , exposure(string)  age(string) [ethnicity(real 0) interaction(string)] 
  2.         if `ethnicity'==1 local ethnicity "i.ethnicity"
  3.         else local ethnicity
  4. timer clear
  5. timer on 1
  6.  stcox  `exposure' `age'                                        ///
>                         i.male                                                  ///
>                         i.obese4cat                                             ///
>                         i.smoke_nomiss                                  ///
>                         i.imd                                                   ///
>                         i.htdiag_or_highbp                              ///
>                         i.chronic_respiratory_disease   ///
>                         i.asthma                                                ///
>                         i.chronic_cardiac_disease               ///
>                         i.diabetes                                              ///
>                         i.cancer_exhaem_cat                             ///
>                         i.cancer_haem_cat                               ///
>                         i.chronic_liver_disease                 ///
>                         i.stroke_dementia                               ///
>                         i.other_neuro                                   ///
>                         i.reduced_kidney_function_cat   ///
>                         i.organ_trans                           ///
>                         i.asplenia                                              ///
>                         i.tot_adults_hh                         ///
>                         i.ra_sle_psoriasis                      ///
>                         i.other_immuno                  ///
>                         `interaction'                                                   ///
>                         , strata(stp) vce(cluster household_id)
  7.         timer off 1
  8. timer list
  9. end

. *************************************************************************************
. 
. foreach int_type in shield {
  2. 
. *Age interaction for 3-level exposure vars
. foreach exposure_type in kids_cat3  {
  3. 
. *Age spline model (not adj ethnicity, no interaction)
. basemodel, exposure("i.`exposure_type'") age("age1 age2 age3")  
  4. 
. *Age spline model (not adj ethnicity, interaction)
. basemodel, exposure("i.`exposure_type'") age("age1 age2 age3") interaction(1.`int_type'#1.`exposure_type' 1.`int_type'#2.`exposu
> re_type')
  5. if _rc==0{
  6. testparm 1.`int_type'#i.`exposure_type'
  7. di _n "`exposure_type' <66" _n "****************"
  8. lincom 2.`exposure_type', eform
  9. di "`exposure_type' 66+" _n "****************"
 10. lincom 2.`exposure_type' + 1.`int_type'#2.`exposure_type', eform
 11. estimates save ./output/an_interaction_cox_models_`outcome'_`exposure_type'_`int_type'_MAINFULLYADJMODEL_agespline_bmicat_noe
> th, replace
 12. }
 13. else di "WARNING GROUP MODEL DID NOT FIT (OUTCOME `outcome')"
 14. 
. }
 15. 
. /*Age interactions with 4-level vars: NOT in protocol - do not run
> foreach exposure_type in gp_number_kids {
> basemodel, exposure("i.`exposure_type'") age("age1 age2 age3")  bp("i.htdiag_or_highbp") ethnicity(0) interaction(1.`int_type'#1
> .`exposure_type' 1.`int_type'#2.`exposure_type' 1.`int_type'#3.`exposure_type' 1.`int_type'#4.`exposure_type')
> if _rc==0{
> testparm 1.`int_type'#i.`exposure_type'
> di _n "`exposure_type' <66" _n "****************"
> lincom 2.`exposure_type', eform
> lincom 3.`exposure_type', eform
> lincom 4.`exposure_type', eform
> di "`exposure_type' 66+" _n "****************"
> lincom 2.`exposure_type' + 1.`int_type'#2.`exposure_type', eform
> lincom 3.`exposure_type' + 1.`int_type'#3.`exposure_type', eform
> lincom 4.`exposure_type' + 1.`int_type'#4.`exposure_type', eform
> estimates save ./output/an_interaction_cox_models_`outcome'_`exposure_type'_`int_type'_MAINFULLYADJMODEL_agespline_bmicat_noeth,
>  replace
> }
> else di "WARNING GROUP MODEL DID NOT FIT (OUTCOME `outcome')"
> }
> */
. 
. }

         failure _d:  covid_death
   analysis time _t:  (stime_covid_death-origin)
             origin:  time enter_date
  enter on or after:  time enter_date
                 id:  patient_id
             weight:  [pweight=pw]

(sum of wgt is 12,492,079.523518)
Iteration 0:   log pseudolikelihood = -18182.637
Iteration 1:   log pseudolikelihood =  -17838.83
Iteration 2:   log pseudolikelihood = -17515.087
Iteration 3:   log pseudolikelihood = -16303.597
Iteration 4:   log pseudolikelihood =  -16102.33
Iteration 5:   log pseudolikelihood =  -16097.94
Iteration 6:   log pseudolikelihood = -16097.917
Iteration 7:   log pseudolikelihood = -16097.917
Refining estimates:
Iteration 0:   log pseudolikelihood = -16097.917

Stratified Cox regr. -- Breslow method for ties

No. of subjects      =   12,492,080             Number of obs    =     376,101
No. of failures      =        1,380
Time at risk         =   1698315732
                                                Wald chi2(37)    =     4352.85
Log pseudolikelihood =   -16097.917             Prob > chi2      =      0.0000

                                      (Std. Err. adjusted for 368,774 clusters in household_id)
-----------------------------------------------------------------------------------------------
                              |               Robust
                           _t | Haz. Ratio   Std. Err.      z    P>|z|     [95% Conf. Interval]
------------------------------+----------------------------------------------------------------
                    kids_cat3 |
               Kids under 12  |   .8330252   .0834989    -1.82   0.068     .6844432    1.013862
               Kids under 18  |   .9836872   .1101776    -0.15   0.883     .7898023    1.225168
                              |
                         age1 |   1.188771   .0590403     3.48   0.000     1.078507    1.310307
                         age2 |   .8587415   .1144845    -1.14   0.253     .6612766    1.115172
                         age3 |   1.179892   .4503366     0.43   0.665     .5584177    2.493019
                       1.male |   1.899101   .1154593    10.55   0.000     1.685767    2.139431
                              |
                    obese4cat |
           Obese I (30-34.9)  |   1.203376   .0907487     2.45   0.014     1.038032    1.395056
          Obese II (35-39.9)  |   1.832689   .1710721     6.49   0.000     1.526278    2.200615
             Obese III (40+)  |   1.998464   .2266137     6.11   0.000     1.600203    2.495844
                              |
                 smoke_nomiss |
                      Former  |   .9962694     .06363    -0.06   0.953     .8790468    1.129124
                     Current  |   .6415103    .057101    -4.99   0.000     .5388128    .7637819
                              |
                          imd |
                           2  |   1.191559   .1274936     1.64   0.101     .9661381    1.469575
                           3  |   1.328221   .1390921     2.71   0.007     1.081762     1.63083
                           4  |   1.883284   .1866512     6.39   0.000     1.550793    2.287062
             5 most deprived  |   1.914933   .2027821     6.14   0.000     1.556021    2.356631
                              |
           1.htdiag_or_highbp |   1.245891   .0807303     3.39   0.001     1.097298    1.414606
1.chronic_respiratory_disease |   2.582724   .2414158    10.15   0.000     2.150371    3.102006
                     1.asthma |   1.145027   .0857535     1.81   0.071      .988707    1.326063
    1.chronic_cardiac_disease |   1.604481   .1378094     5.50   0.000      1.35589    1.898648
                   1.diabetes |   2.406937   .1680305    12.58   0.000     2.099141    2.759865
                              |
            cancer_exhaem_cat |
                   Last year  |   4.203025   .8381501     7.20   0.000     2.843274    6.213053
               2-5 years ago  |   2.569658   .4033656     6.01   0.000     1.889123    3.495349
                    5+ years  |   1.509072   .2372161     2.62   0.009     1.108937    2.053587
                              |
              cancer_haem_cat |
                   Last year  |   5.864755   2.594942     4.00   0.000     2.463905    13.95969
               2-5 years ago  |   7.342466   1.953825     7.49   0.000     4.358508    12.36933
                    5+ years  |    2.28864   .6591035     2.87   0.004     1.301489    4.024522
                              |
      1.chronic_liver_disease |    3.50814   .5568367     7.91   0.000     2.570208    4.788347
            1.stroke_dementia |   1.708671   .2377247     3.85   0.000     1.300865     2.24432
                1.other_neuro |   5.001294   .7073189    11.38   0.000     3.790525    6.598807
                              |
  reduced_kidney_function_cat |
Stage 3a/3b egfr 30-60        |   2.411439    .259287     8.19   0.000     1.953223     2.97715
           Stage 4/5 egfr<30  |   9.938645   1.731963    13.18   0.000     7.063047    13.98499
                              |
                1.organ_trans |    1.86105   .4470518     2.59   0.010     1.162216    2.980089
                   1.asplenia |   1.372276   .6480046     0.67   0.503     .5438692    3.462491
                              |
                tot_adults_hh |
                           2  |   .8145005   .0625986    -2.67   0.008     .7006032    .9469141
                           3  |   1.123182   .0834091     1.56   0.118     .9710434    1.299157
                              |
           1.ra_sle_psoriasis |   1.323115   .1360056     2.72   0.006     1.081685    1.618431
               1.other_immuno |   2.650664   .6264716     4.12   0.000     1.667928    4.212423
-----------------------------------------------------------------------------------------------
                                                             Stratified by stp
   1:    131.41 /        1 =     131.4120

         failure _d:  covid_death
   analysis time _t:  (stime_covid_death-origin)
             origin:  time enter_date
  enter on or after:  time enter_date
                 id:  patient_id
             weight:  [pweight=pw]

(sum of wgt is 12,492,079.523518)
Iteration 0:   log pseudolikelihood = -18182.637
Iteration 1:   log pseudolikelihood = -17838.682
Iteration 2:   log pseudolikelihood =  -17508.38
Iteration 3:   log pseudolikelihood = -16298.529
Iteration 4:   log pseudolikelihood = -16099.504
Iteration 5:   log pseudolikelihood = -16095.038
Iteration 6:   log pseudolikelihood = -16095.017
Iteration 7:   log pseudolikelihood = -16095.017
Refining estimates:
Iteration 0:   log pseudolikelihood = -16095.017

Stratified Cox regr. -- Breslow method for ties

No. of subjects      =   12,492,080             Number of obs    =     376,101
No. of failures      =        1,380
Time at risk         =   1698315732
                                                Wald chi2(39)    =     4325.97
Log pseudolikelihood =   -16095.017             Prob > chi2      =      0.0000

                                      (Std. Err. adjusted for 368,774 clusters in household_id)
-----------------------------------------------------------------------------------------------
                              |               Robust
                           _t | Haz. Ratio   Std. Err.      z    P>|z|     [95% Conf. Interval]
------------------------------+----------------------------------------------------------------
                    kids_cat3 |
               Kids under 12  |   .7256089   .0883059    -2.64   0.008     .5716263    .9210708
               Kids under 18  |   .8897046   .1208406    -0.86   0.390     .6817651    1.161066
                              |
                         age1 |   1.192525   .0594554     3.53   0.000     1.081507    1.314939
                         age2 |   .8504272   .1137115    -1.21   0.226     .6543681    1.105229
                         age3 |   1.213973    .464375     0.51   0.612      .573592      2.5693
                       1.male |   1.900642   .1156506    10.55   0.000     1.686966    2.141383
                              |
                    obese4cat |
           Obese I (30-34.9)  |   1.201491    .090587     2.43   0.015     1.036439    1.392827
          Obese II (35-39.9)  |   1.828637    .170734     6.46   0.000     1.522838    2.195844
             Obese III (40+)  |   2.000419   .2262184     6.13   0.000     1.602738    2.496776
                              |
                 smoke_nomiss |
                      Former  |    .995104   .0635241    -0.08   0.939     .8780729    1.127733
                     Current  |   .6409342   .0570186    -5.00   0.000     .5383803    .7630233
                              |
                          imd |
                           2  |   1.190284   .1274193     1.63   0.104     .9650062    1.468153
                           3  |   1.329294   .1391903     2.72   0.007     1.082659    1.632113
                           4  |   1.888516   .1871403     6.42   0.000     1.555148    2.293345
             5 most deprived  |   1.915656   .2028921     6.14   0.000     1.556555    2.357602
                              |
           1.htdiag_or_highbp |   1.245366   .0805995     3.39   0.001     1.097003    1.413795
1.chronic_respiratory_disease |   2.523889   .2376208     9.83   0.000     2.098605    3.035357
                     1.asthma |   1.089645    .086401     1.08   0.279     .9328054    1.272856
    1.chronic_cardiac_disease |   1.602823   .1376862     5.49   0.000     1.354458    1.896731
                   1.diabetes |   2.411865   .1682869    12.62   0.000     2.103589    2.765319
                              |
            cancer_exhaem_cat |
                   Last year  |   4.119295   .8171775     7.14   0.000     2.792307    6.076906
               2-5 years ago  |   2.497909   .3936957     5.81   0.000     1.834081    3.402002
                    5+ years  |   1.466739   .2313128     2.43   0.015     1.076747    1.997984
                              |
              cancer_haem_cat |
                   Last year  |    5.61001   2.491453     3.88   0.000     2.349297    13.39644
               2-5 years ago  |   7.243019   1.911304     7.50   0.000     4.318199    12.14889
                    5+ years  |   2.250715   .6449675     2.83   0.005     1.283509     3.94677
                              |
      1.chronic_liver_disease |   3.490828    .555668     7.85   0.000     2.555258    4.768944
            1.stroke_dementia |   1.704394   .2368335     3.84   0.000      1.29805    2.237939
                1.other_neuro |    4.98199   .7035987    11.37   0.000     3.777366    6.570777
                              |
  reduced_kidney_function_cat |
Stage 3a/3b egfr 30-60        |     2.4093   .2590432     8.18   0.000     1.951512    2.974475
           Stage 4/5 egfr<30  |   9.923453   1.730714    13.16   0.000     7.050304    13.96747
                              |
                1.organ_trans |   1.773385   .4273461     2.38   0.017     1.105815     2.84396
                   1.asplenia |     1.3416   .6326737     0.62   0.533     .5323681    3.380913
                              |
                tot_adults_hh |
                           2  |   .8165085   .0626977    -2.64   0.008     .7024235    .9491229
                           3  |   1.121949   .0832352     1.55   0.121     .9701167    1.297544
                              |
           1.ra_sle_psoriasis |   1.317643   .1355531     2.68   0.007     1.077035    1.612001
               1.other_immuno |   2.580898   .6062267     4.04   0.000     1.628667     4.08987
                              |
             shield#kids_cat3 |
             1#Kids under 12  |   1.458267   .2723495     2.02   0.043     1.011264    2.102856
             1#Kids under 18  |   1.323731    .298145     1.25   0.213     .8513006    2.058337
-----------------------------------------------------------------------------------------------
                                                             Stratified by stp
   1:    122.58 /        1 =     122.5840

 ( 1)  1.shield#1.kids_cat3 = 0
 ( 2)  1.shield#2.kids_cat3 = 0

           chi2(  2) =    5.17
         Prob > chi2 =    0.0755

kids_cat3 <66
****************

 ( 1)  2.kids_cat3 = 0

------------------------------------------------------------------------------
          _t |     exp(b)   Std. Err.      z    P>|z|     [95% Conf. Interval]
-------------+----------------------------------------------------------------
         (1) |   .8897046   .1208406    -0.86   0.390     .6817651    1.161066
------------------------------------------------------------------------------
kids_cat3 66+
****************

 ( 1)  2.kids_cat3 + 1.shield#2.kids_cat3 = 0

------------------------------------------------------------------------------
          _t |     exp(b)   Std. Err.      z    P>|z|     [95% Conf. Interval]
-------------+----------------------------------------------------------------
         (1) |    1.17773   .2194022     0.88   0.380     .8174724    1.696751
------------------------------------------------------------------------------
(note: file ./output/an_interaction_cox_models_covid_death_kids_cat3_shield_MAINFULLYADJMODEL_agespline_bmicat_noeth.ster not foun
> d)
file ./output/an_interaction_cox_models_covid_death_kids_cat3_shield_MAINFULLYADJMODEL_agespline_bmicat_noeth.ster saved

. 
. log close
      name:  <unnamed>
       log:  E:\analyses\school-age-children-and-covid\analysis\log\an_interaction_cox_models_covid_death_shield.log
  log type:  text
 closed on:  24 Jul 2020, 13:48:22
----------------------------------------------------------------------------------------------------------------------------------
