----------------------------------------------------------------------------------------------------------------------------------
      name:  <unnamed>
       log:  E:\analyses\school-age-children-and-covid\analysis\log\an_multivariableFULL_cox_models_non_covid_death_exploratory.lo
> g
  log type:  text
 opened on:  24 Jul 2020, 13:44:03

. use "$tempdir\cr_create_analysis_dataset_STSET_`outcome'.dta", clear

. 
. 
. *Run main MV model for different age bands
. forvalues x=1/5 { 
  2. cap stcox       kids_cat3 age1 age2 age3                ///
>                         i.male                                                  ///
>                         i.obese4cat                                     ///
>                         i.smoke_nomiss                                  ///
>                         i.imd                                                   ///
>                         i.htdiag_or_highbp                              ///
>                         i.chronic_respiratory_disease   ///
>                         i.asthma                                                ///
>                         i.chronic_cardiac_disease               ///
>                         i.diabetes                                              ///
>                         i.cancer_exhaem_cat                             ///
>                         i.cancer_haem_cat                               ///
>                         i.chronic_liver_disease                 ///
>                         i.stroke_dementia                               ///
>                         i.other_neuro                                   ///
>                         i.reduced_kidney_function_cat   ///
>                         i.organ_trans                                   ///
>                         i.tot_adults_hh                                 ///
>                         i.asplenia                                              ///
>                         i.ra_sle_psoriasis                      ///
>                         i.other_immuno                                  ///
>                          if agegroup==`x', strata(stp) vce(cluster household_id) 
  3.                         }

. 
. *Run main MV model for different hh sizes
. forvalues x=1/5 { 
  2. cap stcox       kids_cat3 age1 age2 age3                ///
>                         i.male                                                  ///
>                         i.obese4cat                                     ///
>                         i.smoke_nomiss                                  ///
>                         i.imd                                                   ///
>                         i.htdiag_or_highbp                              ///
>                         i.chronic_respiratory_disease   ///
>                         i.asthma                                                ///
>                         i.chronic_cardiac_disease               ///
>                         i.diabetes                                              ///
>                         i.cancer_exhaem_cat                             ///
>                         i.cancer_haem_cat                               ///
>                         i.chronic_liver_disease                 ///
>                         i.stroke_dementia                               ///
>                         i.other_neuro                                   ///
>                         i.reduced_kidney_function_cat   ///
>                         i.organ_trans                                   ///
>                         i.tot_adults_hh                                 ///
>                         i.asplenia                                              ///
>                         i.ra_sle_psoriasis                      ///
>                         i.other_immuno                                  ///
>                          if household_size==`x', strata(stp) vce(cluster household_id) 
  3.                         }

.                         
. 
. ********************************************************************************
. ********************************************************************************
. ********************************************************************************
. 
. 
. 
. 
. *Run models for hh with 2 adults
. *Age and sex adj
. stcox   kids_cat3 age1 age2 age3                ///
>                         i.male                                                  ///
>                          if tot_adults_hh==2, strata(stp) vce(cluster household_id) 

         failure _d:  non_covid_death
   analysis time _t:  (stime_non_covid_death-origin)
             origin:  time enter_date
  enter on or after:  time enter_date
                 id:  patient_id
             weight:  [pweight=pw]

(sum of wgt is 4,931,548.1453133)
Iteration 0:   log pseudolikelihood = -33021.765
Iteration 1:   log pseudolikelihood = -31814.337
Iteration 2:   log pseudolikelihood = -31329.717
Iteration 3:   log pseudolikelihood = -31327.297
Iteration 4:   log pseudolikelihood = -31327.297
Refining estimates:
Iteration 0:   log pseudolikelihood = -31327.297

Stratified Cox regr. -- Breslow method for ties

No. of subjects      =    4,931,548             Number of obs    =     150,580
No. of failures      =        2,715
Time at risk         =  670456518.1
                                                Wald chi2(5)     =     2261.15
Log pseudolikelihood =   -31327.297             Prob > chi2      =      0.0000

                     (Std. Err. adjusted for 148,411 clusters in household_id)
------------------------------------------------------------------------------
             |               Robust
          _t | Haz. Ratio   Std. Err.      z    P>|z|     [95% Conf. Interval]
-------------+----------------------------------------------------------------
   kids_cat3 |   .7522371   .0344438    -6.22   0.000     .6876691    .8228677
        age1 |    1.08321   .0396484     2.18   0.029     1.008223    1.163775
        age2 |   1.090383   .1047254     0.90   0.368      .903287    1.316232
        age3 |   .7100548   .1911776    -1.27   0.203     .4189011    1.203573
      1.male |   1.248185    .049283     5.61   0.000     1.155235    1.348614
------------------------------------------------------------------------------
                                                             Stratified by stp

.                          
.                          
. *Demog adj
. stcox   kids_cat3 age1 age2 age3                ///
>                         i.male                                                  ///
>                         i.obese4cat                                     ///
>                         i.smoke_nomiss                                  ///
>                         i.imd                                                   ///
>                          if tot_adults_hh==2, strata(stp) vce(cluster household_id) 

         failure _d:  non_covid_death
   analysis time _t:  (stime_non_covid_death-origin)
             origin:  time enter_date
  enter on or after:  time enter_date
                 id:  patient_id
             weight:  [pweight=pw]

(sum of wgt is 4,931,548.1453133)
Iteration 0:   log pseudolikelihood = -33021.765
Iteration 1:   log pseudolikelihood = -31423.318
Iteration 2:   log pseudolikelihood = -30959.123
Iteration 3:   log pseudolikelihood =  -30957.06
Iteration 4:   log pseudolikelihood =  -30957.06
Refining estimates:
Iteration 0:   log pseudolikelihood =  -30957.06

Stratified Cox regr. -- Breslow method for ties

No. of subjects      =    4,931,548             Number of obs    =     150,580
No. of failures      =        2,715
Time at risk         =  670456518.1
                                                Wald chi2(14)    =     2777.87
Log pseudolikelihood =    -30957.06             Prob > chi2      =      0.0000

                            (Std. Err. adjusted for 148,411 clusters in household_id)
-------------------------------------------------------------------------------------
                    |               Robust
                 _t | Haz. Ratio   Std. Err.      z    P>|z|     [95% Conf. Interval]
--------------------+----------------------------------------------------------------
          kids_cat3 |   .7974499   .0356391    -5.06   0.000     .7305704    .8704519
               age1 |   1.079311   .0407971     2.02   0.043      1.00224    1.162308
               age2 |   1.103819   .1091828     1.00   0.318     .9092899    1.339965
               age3 |   .7086774   .1962661    -1.24   0.214     .4118233    1.219513
             1.male |   1.220751   .0491899     4.95   0.000      1.12805    1.321071
                    |
          obese4cat |
 Obese I (30-34.9)  |   .8364622   .0469757    -3.18   0.001     .7492777    .9337912
Obese II (35-39.9)  |   .9933455   .0781633    -0.08   0.932     .8513769    1.158988
   Obese III (40+)  |   1.843558   .1551182     7.27   0.000     1.563277    2.174089
                    |
       smoke_nomiss |
            Former  |   1.509478   .0721482     8.61   0.000     1.374492    1.657721
           Current  |   2.680482    .139768    18.91   0.000     2.420075     2.96891
                    |
                imd |
                 2  |   1.142047   .0758677     2.00   0.046     1.002623     1.30086
                 3  |   1.385925   .0911689     4.96   0.000     1.218277    1.576644
                 4  |   1.457566   .0985855     5.57   0.000     1.276601    1.664182
   5 most deprived  |   2.228244   .1504906    11.86   0.000     1.951976    2.543612
-------------------------------------------------------------------------------------
                                                             Stratified by stp

. 
. 
. *FULL
.  stcox  kids_cat3 age1 age2 age3                ///
>                         i.male                                                  ///
>                         i.obese4cat                                     ///
>                         i.smoke_nomiss                                  ///
>                         i.imd                                                   ///
>                         i.htdiag_or_highbp                              ///
>                         i.chronic_respiratory_disease   ///
>                         i.asthma                                                ///
>                         i.chronic_cardiac_disease               ///
>                         i.diabetes                                              ///
>                         i.cancer_exhaem_cat                             ///
>                         i.cancer_haem_cat                               ///
>                         i.chronic_liver_disease                 ///
>                         i.stroke_dementia                               ///
>                         i.other_neuro                                   ///
>                         i.reduced_kidney_function_cat   ///
>                         i.organ_trans                                   ///
>                         i.tot_adults_hh                                 ///
>                         i.asplenia                                              ///
>                         i.ra_sle_psoriasis                      ///
>                         i.other_immuno                                  ///
>                          if tot_adults_hh==2, strata(stp) vce(cluster household_id) 

         failure _d:  non_covid_death
   analysis time _t:  (stime_non_covid_death-origin)
             origin:  time enter_date
  enter on or after:  time enter_date
                 id:  patient_id
             weight:  [pweight=pw]

(sum of wgt is 4,931,548.1453133)
note: 2.tot_adults_hh omitted because of collinearity
Iteration 0:   log pseudolikelihood = -33021.765
Iteration 1:   log pseudolikelihood = -32990.579
Iteration 2:   log pseudolikelihood = -30977.657
Iteration 3:   log pseudolikelihood = -29946.398
Iteration 4:   log pseudolikelihood =  -28051.95
Iteration 5:   log pseudolikelihood = -27962.128
Iteration 6:   log pseudolikelihood = -27902.558
Iteration 7:   log pseudolikelihood = -27900.472
Iteration 8:   log pseudolikelihood = -27900.466
Iteration 9:   log pseudolikelihood = -27900.466
Refining estimates:
Iteration 0:   log pseudolikelihood = -27900.466

Stratified Cox regr. -- Breslow method for ties

No. of subjects      =    4,931,548             Number of obs    =     150,580
No. of failures      =        2,715
Time at risk         =  670456518.1
                                                Wald chi2(34)    =     6172.53
Log pseudolikelihood =   -27900.466             Prob > chi2      =      0.0000

                                      (Std. Err. adjusted for 148,411 clusters in household_id)
-----------------------------------------------------------------------------------------------
                              |               Robust
                           _t | Haz. Ratio   Std. Err.      z    P>|z|     [95% Conf. Interval]
------------------------------+----------------------------------------------------------------
                    kids_cat3 |   .8189554   .0406766    -4.02   0.000     .7429883    .9026897
                         age1 |   1.105824   .0453149     2.45   0.014     1.020482    1.198304
                         age2 |   .9736175   .1063497    -0.24   0.807     .7859779    1.206053
                         age3 |   .8480728   .2662483    -0.52   0.600     .4583556    1.569147
                       1.male |   1.196401    .063871     3.36   0.001     1.077543     1.32837
                              |
                    obese4cat |
           Obese I (30-34.9)  |   .6649399    .050417    -5.38   0.000     .5731161    .7714755
          Obese II (35-39.9)  |   .7947478   .0813473    -2.24   0.025     .6502848    .9713037
             Obese III (40+)  |   1.256463   .1530508     1.87   0.061     .9896098    1.595274
                              |
                 smoke_nomiss |
                      Former  |   1.221104   .0728651     3.35   0.001     1.086326    1.372603
                     Current  |   1.962582   .1387261     9.54   0.000     1.708678    2.254215
                              |
                          imd |
                           2  |   1.079887   .0842747     0.98   0.325     .9267239    1.258364
                           3  |   1.168772   .0970168     1.88   0.060     .9932843    1.375263
                           4  |   1.104453    .095257     1.15   0.249     .9326805    1.307862
             5 most deprived  |   1.849145   .1564501     7.27   0.000     1.566584    2.182671
                              |
           1.htdiag_or_highbp |   1.116598   .0664769     1.85   0.064     .9936198    1.254796
1.chronic_respiratory_disease |   2.457985   .2307646     9.58   0.000     2.044868    2.954562
                     1.asthma |   .9567932   .0738878    -0.57   0.567     .8224027    1.113145
    1.chronic_cardiac_disease |   1.824244   .1616373     6.78   0.000     1.533424     2.17022
                   1.diabetes |   1.697958   .1223164     7.35   0.000     1.474378    1.955444
                              |
            cancer_exhaem_cat |
                   Last year  |   51.83714   5.573875    36.72   0.000     41.98694    63.99822
               2-5 years ago  |   19.11378   1.580099    35.69   0.000     16.25472    22.47573
                    5+ years  |   5.595798    .488488    19.73   0.000     4.715807        6.64
                              |
              cancer_haem_cat |
                   Last year  |    8.16518   3.215683     5.33   0.000     3.773446    17.66825
               2-5 years ago  |   4.124803   1.281707     4.56   0.000     2.243406    7.584004
                    5+ years  |   2.024546   .5880108     2.43   0.015     1.145787    3.577267
                              |
      1.chronic_liver_disease |   7.338729   1.096373    13.34   0.000     5.475896    9.835276
            1.stroke_dementia |   1.976041   .2925738     4.60   0.000     1.478314    2.641346
                1.other_neuro |   3.823288   .6332103     8.10   0.000     2.763513    5.289473
                              |
  reduced_kidney_function_cat |
Stage 3a/3b egfr 30-60        |   2.093657   .2586477     5.98   0.000     1.643422    2.667238
           Stage 4/5 egfr<30  |   7.181827   1.621382     8.73   0.000     4.613878    11.17902
                              |
                1.organ_trans |   1.420584   .4763898     1.05   0.295      .736238    2.741041
              2.tot_adults_hh |          1  (omitted)
                   1.asplenia |   1.683888   .5975939     1.47   0.142     .8399064    3.375946
           1.ra_sle_psoriasis |   .9168033   .0979041    -0.81   0.416     .7436654    1.130251
               1.other_immuno |   1.687955   .5575132     1.59   0.113     .8835236    3.224805
-----------------------------------------------------------------------------------------------
                                                             Stratified by stp

. 
. 
.                          
. ********************************************************************************
. ********************************************************************************
. ********************************************************************************
. 
. 
. 
. *Investigate non-PH
. 
. 
. *Full MV model without clustering (to see if the clustering by hh id is affecting PH test)
.  stcox  kids_cat3 age1 age2 age3                ///
>                         i.male                                                  ///
>                         i.obese4cat                                     ///
>                         i.smoke_nomiss                                  ///
>                         i.imd                                                   ///
>                         i.htdiag_or_highbp                              ///
>                         i.chronic_respiratory_disease   ///
>                         i.asthma                                                ///
>                         i.chronic_cardiac_disease               ///
>                         i.diabetes                                              ///
>                         i.cancer_exhaem_cat                             ///
>                         i.cancer_haem_cat                               ///
>                         i.chronic_liver_disease                 ///
>                         i.stroke_dementia                               ///
>                         i.other_neuro                                   ///
>                         i.reduced_kidney_function_cat   ///
>                         i.organ_trans                                   ///
>                         i.tot_adults_hh                                 ///
>                         i.asplenia                                              ///
>                         i.ra_sle_psoriasis                      ///
>                         i.other_immuno                                  ///
>                          if tot_adults_hh==2, strata(stp) 

         failure _d:  non_covid_death
   analysis time _t:  (stime_non_covid_death-origin)
             origin:  time enter_date
  enter on or after:  time enter_date
                 id:  patient_id
             weight:  [pweight=pw]

(sum of wgt is 4,931,548.1453133)
note: 2.tot_adults_hh omitted because of collinearity
Iteration 0:   log pseudolikelihood = -33021.765
Iteration 1:   log pseudolikelihood = -32990.579
Iteration 2:   log pseudolikelihood = -30977.657
Iteration 3:   log pseudolikelihood = -29946.398
Iteration 4:   log pseudolikelihood =  -28051.95
Iteration 5:   log pseudolikelihood = -27962.128
Iteration 6:   log pseudolikelihood = -27902.558
Iteration 7:   log pseudolikelihood = -27900.472
Iteration 8:   log pseudolikelihood = -27900.466
Iteration 9:   log pseudolikelihood = -27900.466
Refining estimates:
Iteration 0:   log pseudolikelihood = -27900.466

Stratified Cox regr. -- Breslow method for ties

No. of subjects      =    4,931,548             Number of obs    =     150,580
No. of failures      =        2,715
Time at risk         =  670456518.1
                                                Wald chi2(34)    =     6144.97
Log pseudolikelihood =   -27900.466             Prob > chi2      =      0.0000

                                        (Std. Err. adjusted for 150,580 clusters in patient_id)
-----------------------------------------------------------------------------------------------
                              |               Robust
                           _t | Haz. Ratio   Std. Err.      z    P>|z|     [95% Conf. Interval]
------------------------------+----------------------------------------------------------------
                    kids_cat3 |   .8189554   .0411566    -3.97   0.000     .7421353    .9037272
                         age1 |   1.105824   .0453625     2.45   0.014     1.020396    1.198405
                         age2 |   .9736175   .1064893    -0.24   0.807     .7857571    1.206392
                         age3 |   .8480728   .2666212    -0.52   0.600     .4579608      1.5705
                       1.male |   1.196401   .0637983     3.36   0.001     1.077672    1.328212
                              |
                    obese4cat |
           Obese I (30-34.9)  |   .6649399   .0505136    -5.37   0.000     .5729531     .771695
          Obese II (35-39.9)  |   .7947478   .0813464    -2.24   0.025     .6502863    .9713015
             Obese III (40+)  |   1.256463   .1531379     1.87   0.061     .9894754     1.59549
                              |
                 smoke_nomiss |
                      Former  |   1.221104   .0728763     3.35   0.001     1.086306    1.372628
                     Current  |   1.962582   .1387413     9.54   0.000     1.708652     2.25425
                              |
                          imd |
                           2  |   1.079887   .0842688     0.98   0.325     .9267338    1.258351
                           3  |   1.168772   .0970238     1.88   0.060     .9932724    1.375279
                           4  |   1.104453   .0953281     1.15   0.250     .9325627    1.308027
             5 most deprived  |   1.849145   .1565957     7.26   0.000     1.566342    2.183008
                              |
           1.htdiag_or_highbp |   1.116598   .0665288     1.85   0.064     .9935293    1.254911
1.chronic_respiratory_disease |   2.457985   .2311989     9.56   0.000      2.04416    2.955585
                     1.asthma |   .9567932   .0738106    -0.57   0.567     .8225328    1.112969
    1.chronic_cardiac_disease |   1.824244   .1614422     6.79   0.000     1.533745    2.169765
                   1.diabetes |   1.697958   .1222254     7.35   0.000     1.474533    1.955238
                              |
            cancer_exhaem_cat |
                   Last year  |   51.83714   5.571854    36.73   0.000     41.99014    63.99333
               2-5 years ago  |   19.11378   1.580174    35.69   0.000     16.25459     22.4759
                    5+ years  |   5.595798   .4922437    19.58   0.000     4.709607    6.648741
                              |
              cancer_haem_cat |
                   Last year  |    8.16518   3.215612     5.33   0.000      3.77351    17.66795
               2-5 years ago  |   4.124803   1.281721     4.56   0.000     2.243391    7.584055
                    5+ years  |   2.024546   .5849052     2.44   0.015     1.149237    3.566528
                              |
      1.chronic_liver_disease |   7.338729   1.096364    13.34   0.000     5.475909    9.835252
            1.stroke_dementia |   1.976041   .2938321     4.58   0.000      1.47647    2.644645
                1.other_neuro |   3.823288   .6335928     8.09   0.000     2.762971     5.29051
                              |
  reduced_kidney_function_cat |
Stage 3a/3b egfr 30-60        |   2.093657   .2585018     5.98   0.000     1.643646    2.666874
           Stage 4/5 egfr<30  |   7.181827   1.616287     8.76   0.000     4.620298    11.16349
                              |
                1.organ_trans |   1.420584   .4763806     1.05   0.295     .7362473    2.741006
              2.tot_adults_hh |          1  (omitted)
                   1.asplenia |   1.683888   .5975218     1.47   0.142     .8399768    3.375663
           1.ra_sle_psoriasis |   .9168033   .0975807    -0.82   0.414     .7441797     1.12947
               1.other_immuno |   1.687955   .5575337     1.58   0.113     .8835027    3.224882
-----------------------------------------------------------------------------------------------
                                                             Stratified by stp

. 
. 
. *Plot hazards
. *Age and sex adj
. stcox   kids_cat3 age1 age2 age3                ///
>                         i.male  , strata(stp) vce(cluster household_id) 

         failure _d:  non_covid_death
   analysis time _t:  (stime_non_covid_death-origin)
             origin:  time enter_date
  enter on or after:  time enter_date
                 id:  patient_id
             weight:  [pweight=pw]

(sum of wgt is 12,492,380.857071)
Iteration 0:   log pseudolikelihood = -97509.505
Iteration 1:   log pseudolikelihood = -94265.359
Iteration 2:   log pseudolikelihood = -92606.163
Iteration 3:   log pseudolikelihood = -92588.027
Iteration 4:   log pseudolikelihood = -92587.999
Iteration 5:   log pseudolikelihood = -92587.999
Refining estimates:
Iteration 0:   log pseudolikelihood = -92587.999

Stratified Cox regr. -- Breslow method for ties

No. of subjects      =   12,492,381             Number of obs    =     381,996
No. of failures      =        7,448
Time at risk         =   1698306199
                                                Wald chi2(5)     =     6032.77
Log pseudolikelihood =   -92587.999             Prob > chi2      =      0.0000

                     (Std. Err. adjusted for 374,481 clusters in household_id)
------------------------------------------------------------------------------
             |               Robust
          _t | Haz. Ratio   Std. Err.      z    P>|z|     [95% Conf. Interval]
-------------+----------------------------------------------------------------
   kids_cat3 |   .6972218   .0189608   -13.26   0.000     .6610324    .7353925
        age1 |   1.160539   .0230578     7.49   0.000     1.116215    1.206623
        age2 |   .8973092   .0477363    -2.04   0.042     .8084603    .9959224
        age3 |   1.227719   .1867509     1.35   0.177     .9112146    1.654158
      1.male |    1.38503   .0334114    13.50   0.000     1.321069    1.452088
------------------------------------------------------------------------------
                                                             Stratified by stp

. estat phtest, d         

      Test of proportional-hazards assumption

      Time:  Time
      ----------------------------------------------------------------
                  |       rho            chi2       df       Prob>chi2
      ------------+---------------------------------------------------
      kids_cat3   |      0.00530         0.29        1         0.5892
      age1        |     -0.00109         0.01        1         0.9082
      age2        |     -0.00113         0.01        1         0.9068
      age3        |      0.00391         0.16        1         0.6909
      0b.male     |            .            .        1             .
      1.male      |      0.00001         0.00        1         0.9992
      ------------+---------------------------------------------------
      global test |                      3.64        5         0.6018
      ----------------------------------------------------------------

note: robust variance-covariance matrix used.

.                          
.                          
. *Demog adj
. stcox   kids_cat3 age1 age2 age3                ///
>                         i.male                                                  ///
>                         i.obese4cat                                     ///
>                         i.smoke_nomiss                                  ///
>                         i.imd           , strata(stp) vce(cluster household_id) 

         failure _d:  non_covid_death
   analysis time _t:  (stime_non_covid_death-origin)
             origin:  time enter_date
  enter on or after:  time enter_date
                 id:  patient_id
             weight:  [pweight=pw]

(sum of wgt is 12,492,380.857071)
Iteration 0:   log pseudolikelihood = -97509.505
Iteration 1:   log pseudolikelihood = -93192.803
Iteration 2:   log pseudolikelihood = -91608.473
Iteration 3:   log pseudolikelihood = -91592.818
Iteration 4:   log pseudolikelihood = -91592.795
Iteration 5:   log pseudolikelihood = -91592.795
Refining estimates:
Iteration 0:   log pseudolikelihood = -91592.795

Stratified Cox regr. -- Breslow method for ties

No. of subjects      =   12,492,381             Number of obs    =     381,996
No. of failures      =        7,448
Time at risk         =   1698306199
                                                Wald chi2(14)    =     7324.23
Log pseudolikelihood =   -91592.795             Prob > chi2      =      0.0000

                            (Std. Err. adjusted for 374,481 clusters in household_id)
-------------------------------------------------------------------------------------
                    |               Robust
                 _t | Haz. Ratio   Std. Err.      z    P>|z|     [95% Conf. Interval]
--------------------+----------------------------------------------------------------
          kids_cat3 |    .723839   .0195711   -11.95   0.000     .6864791    .7632321
               age1 |   1.134241   .0229419     6.23   0.000     1.090156     1.18011
               age2 |   .9561302   .0517642    -0.83   0.407     .8598716    1.063165
               age3 |   1.060865   .1642899     0.38   0.703     .7831402    1.437079
             1.male |   1.316328   .0323051    11.20   0.000     1.254509    1.381192
                    |
          obese4cat |
 Obese I (30-34.9)  |   .8615903   .0293917    -4.37   0.000     .8058673    .9211664
Obese II (35-39.9)  |   1.028632   .0486602     0.60   0.551     .9375472    1.128565
   Obese III (40+)  |   1.525491   .0835255     7.71   0.000     1.370262    1.698304
                    |
       smoke_nomiss |
            Former  |    1.48566   .0444467    13.23   0.000     1.401051    1.575379
           Current  |   2.733956   .0836031    32.89   0.000     2.574911    2.902826
                    |
                imd |
                 2  |   1.093381   .0466056     2.09   0.036     1.005747    1.188651
                 3  |   1.322266   .0548635     6.73   0.000     1.218992     1.43429
                 4  |   1.529091   .0627312    10.35   0.000     1.410953     1.65712
   5 most deprived  |    2.02915   .0837014    17.15   0.000     1.871554    2.200015
-------------------------------------------------------------------------------------
                                                             Stratified by stp

. estat phtest, d         

      Test of proportional-hazards assumption

      Time:  Time
      ----------------------------------------------------------------
                  |       rho            chi2       df       Prob>chi2
      ------------+---------------------------------------------------
      kids_cat3   |      0.00375         0.14        1         0.7059
      age1        |     -0.00158         0.03        1         0.8655
      age2        |     -0.00083         0.01        1         0.9304
      age3        |      0.00344         0.13        1         0.7216
      0b.male     |            .            .        1             .
      1.male      |      0.00114         0.01        1         0.9170
      1b.obese4cat|            .            .        1             .
      2.obese4cat |     -0.00474         0.18        1         0.6705
      3.obese4cat |     -0.01067         0.92        1         0.3376
      4.obese4cat |     -0.00287         0.07        1         0.7916
      1b.smoke_n~s|            .            .        1             .
      2.smoke_no~s|     -0.00876         0.60        1         0.4386
      3.smoke_no~s|     -0.03038         7.45        1         0.0064
      1b.imd      |            .            .        1             .
      2.imd       |     -0.00425         0.14        1         0.7073
      3.imd       |     -0.00065         0.00        1         0.9538
      4.imd       |     -0.00360         0.10        1         0.7463
      5.imd       |     -0.01248         1.27        1         0.2592
      ------------+---------------------------------------------------
      global test |                     16.61       14         0.2775
      ----------------------------------------------------------------

note: robust variance-covariance matrix used.

. 
. 
. *FULL
.  stcox  kids_cat3 age1 age2 age3                ///
>                         i.male                                                  ///
>                         i.obese4cat                                     ///
>                         i.smoke_nomiss                                  ///
>                         i.imd                                                   ///
>                         i.htdiag_or_highbp                              ///
>                         i.chronic_respiratory_disease   ///
>                         i.asthma                                                ///
>                         i.chronic_cardiac_disease               ///
>                         i.diabetes                                              ///
>                         i.cancer_exhaem_cat                             ///
>                         i.cancer_haem_cat                               ///
>                         i.chronic_liver_disease                 ///
>                         i.stroke_dementia                               ///
>                         i.other_neuro                                   ///
>                         i.reduced_kidney_function_cat   ///
>                         i.organ_trans                                   ///
>                         i.tot_adults_hh                                 ///
>                         i.asplenia                                              ///
>                         i.ra_sle_psoriasis                      ///
>                         i.other_immuno, strata(stp) vce(cluster household_id) 

         failure _d:  non_covid_death
   analysis time _t:  (stime_non_covid_death-origin)
             origin:  time enter_date
  enter on or after:  time enter_date
                 id:  patient_id
             weight:  [pweight=pw]

(sum of wgt is 12,492,380.857071)
Iteration 0:   log pseudolikelihood = -97509.505
Iteration 1:   log pseudolikelihood = -96072.253
Iteration 2:   log pseudolikelihood = -88921.922
Iteration 3:   log pseudolikelihood = -84426.522
Iteration 4:   log pseudolikelihood = -84134.837
Iteration 5:   log pseudolikelihood = -84126.721
Iteration 6:   log pseudolikelihood = -84126.708
Refining estimates:
Iteration 0:   log pseudolikelihood = -84126.708

Stratified Cox regr. -- Breslow method for ties

No. of subjects      =   12,492,381             Number of obs    =     381,996
No. of failures      =        7,448
Time at risk         =   1698306199
                                                Wald chi2(36)    =    12952.38
Log pseudolikelihood =   -84126.708             Prob > chi2      =      0.0000

                                      (Std. Err. adjusted for 374,481 clusters in household_id)
-----------------------------------------------------------------------------------------------
                              |               Robust
                           _t | Haz. Ratio   Std. Err.      z    P>|z|     [95% Conf. Interval]
------------------------------+----------------------------------------------------------------
                    kids_cat3 |   .7961327   .0246167    -7.37   0.000     .7493177    .8458725
                         age1 |   1.166473   .0259192     6.93   0.000     1.116762    1.218396
                         age2 |   .8345288   .0507203    -2.98   0.003     .7408115     .940102
                         age3 |    1.34178   .2404075     1.64   0.101     .9444326    1.906301
                       1.male |   1.323557   .0434108     8.55   0.000      1.24115    1.411435
                              |
                    obese4cat |
           Obese I (30-34.9)  |   .6978016   .0374363    -6.71   0.000     .6281537    .7751718
          Obese II (35-39.9)  |     .83142   .0511091    -3.00   0.003     .7370474    .9378763
             Obese III (40+)  |    1.03152     .07797     0.41   0.681     .8894828    1.196239
                              |
                 smoke_nomiss |
                      Former  |   1.216397   .0459053     5.19   0.000     1.129671    1.309781
                     Current  |   2.039756   .0843746    17.23   0.000     1.880911    2.212016
                              |
                          imd |
                           2  |   1.071092   .0534714     1.38   0.169     .9712537    1.181192
                           3  |   1.195146   .0615474     3.46   0.001     1.080403    1.322075
                           4  |   1.246574   .0646081     4.25   0.000     1.126164    1.379859
             5 most deprived  |   1.497439     .08276     7.31   0.000     1.343709    1.668757
                              |
           1.htdiag_or_highbp |   1.240747   .0448147     5.97   0.000     1.155948    1.331766
1.chronic_respiratory_disease |   2.193371   .1358541    12.68   0.000     1.942629    2.476477
                     1.asthma |   1.045235   .0473269     0.98   0.329     .9564728    1.142234
    1.chronic_cardiac_disease |   1.844537   .1058346    10.67   0.000     1.648343    2.064082
                   1.diabetes |   1.475176   .0715698     8.01   0.000     1.341365    1.622336
                              |
            cancer_exhaem_cat |
                   Last year  |   38.87786   3.039581    46.82   0.000     33.35439    45.31601
               2-5 years ago  |   14.85531   .8381704    47.82   0.000     13.30011    16.59237
                    5+ years  |   5.247962   .2896279    30.04   0.000     4.709925    5.847461
                              |
              cancer_haem_cat |
                   Last year  |   10.34043   2.545704     9.49   0.000     6.382363     16.7531
               2-5 years ago  |   5.717024   .9719394    10.26   0.000     4.096934    7.977761
                    5+ years  |   1.891782    .342811     3.52   0.000     1.326247    2.698472
                              |
      1.chronic_liver_disease |    6.06504   .6243486    17.51   0.000     4.956888    7.420928
            1.stroke_dementia |   2.141362   .1846718     8.83   0.000     1.808348      2.5357
                1.other_neuro |   3.474122   .4968046     8.71   0.000     2.624956    4.597992
                              |
  reduced_kidney_function_cat |
Stage 3a/3b egfr 30-60        |   1.860679   .1450249     7.97   0.000     1.597082    2.167783
           Stage 4/5 egfr<30  |   7.694571   1.153715    13.61   0.000     5.735301    10.32316
                              |
                1.organ_trans |   .8575799   .2194291    -0.60   0.548     .5193708    1.416027
                              |
                tot_adults_hh |
                           2  |    .734737    .029764    -7.61   0.000     .6786564    .7954519
                           3  |   .7469514   .0349524    -6.23   0.000     .6814936    .8186965
                              |
                   1.asplenia |   1.899706   .4132629     2.95   0.003     1.240268     2.90976
           1.ra_sle_psoriasis |   1.129081   .0701869     1.95   0.051     .9995673    1.275376
               1.other_immuno |   1.744448   .3087004     3.14   0.002     1.233185    2.467676
-----------------------------------------------------------------------------------------------
                                                             Stratified by stp

. 
. estat phtest, d         

      Test of proportional-hazards assumption

      Time:  Time
      ----------------------------------------------------------------
                  |       rho            chi2       df       Prob>chi2
      ------------+---------------------------------------------------
      kids_cat3   |      0.00801         0.89        1         0.3465
      age1        |      0.00436         0.29        1         0.5927
      age2        |     -0.00590         0.53        1         0.4670
      age3        |      0.01063         1.75        1         0.1855
      0b.male     |            .            .        1             .
      1.male      |     -0.00330         0.19        1         0.6612
      1b.obese4cat|            .            .        1             .
      2.obese4cat |     -0.01482         5.83        1         0.0158
      3.obese4cat |      0.00593         0.50        1         0.4805
      4.obese4cat |      0.00947         1.53        1         0.2164
      1b.smoke_n~s|            .            .        1             .
      2.smoke_no~s|      0.00577         0.45        1         0.5045
      3.smoke_no~s|     -0.02608        11.41        1         0.0007
      1b.imd      |            .            .        1             .
      2.imd       |     -0.00766         0.64        1         0.4246
      3.imd       |      0.00271         0.10        1         0.7555
      4.imd       |      0.00414         0.24        1         0.6262
      5.imd       |     -0.01351         3.60        1         0.0578
      0b.htdiag_~p|            .            .        1             .
      1.htdiag_o~p|     -0.02426        12.91        1         0.0003
      0b.chronic..|            .            .        1             .
      1.~y_disease|     -0.02685        22.99        1         0.0000
      0b.asthma   |            .            .        1             .
      1.asthma    |     -0.00940         1.53        1         0.2168
      0b.chronic..|            .            .        1             .
      1.~c_disease|     -0.01793         9.19        1         0.0024
      0b.diabetes |            .            .        1             .
      1.diabetes  |     -0.01890         8.68        1         0.0032
      1b.c~exhae~t|            .            .        1             .
      2.cancer_e~t|     -0.02521        34.51        1         0.0000
      3.cancer_e~t|     -0.01148         2.82        1         0.0928
      4.cancer_e~t|     -0.01101         1.51        1         0.2192
      1b.cancer_..|            .            .        1             .
      2.cancer_h~t|      0.00730         1.61        1         0.2050
      3.cancer_h~t|      0.00317         0.20        1         0.6516
      4.cancer_h~t|     -0.00956         1.89        1         0.1695
      0b.chronic..|            .            .        1             .
      1.~r_disease|     -0.00743         3.55        1         0.0596
      0b.stroke_~a|            .            .        1             .
      1.stroke_d~a|      0.02468        20.65        1         0.0000
      0b.other_n~o|            .            .        1             .
      1.other_ne~o|      0.00619         2.39        1         0.1224
      1b.reduced~t|            .            .        1             .
      2.reduced_~t|     -0.01031         2.37        1         0.1235
      3.reduced_~t|      0.00457         0.79        1         0.3728
      0b.organ_t~s|            .            .        1             .
      1.organ_tr~s|      0.00956         3.90        1         0.0482
      1b.tot_adu~h|            .            .        1             .
      2.tot_adul~h|     -0.00694         0.83        1         0.3610
      3.tot_adul~h|     -0.01245         4.07        1         0.0435
      0b.asplenia |            .            .        1             .
      1.asplenia  |      0.01076         2.62        1         0.1056
      0b.ra_sle_~s|            .            .        1             .
      1.ra_sle_p~s|     -0.00250         0.11        1         0.7452
      0b.other_i~o|            .            .        1             .
      1.other_im~o|     -0.00300         0.22        1         0.6382
      ------------+---------------------------------------------------
      global test |                    153.79       36         0.0000
      ----------------------------------------------------------------

note: robust variance-covariance matrix used.

. stphplot, by(kids_cat3)

         failure _d:  non_covid_death
   analysis time _t:  (stime_non_covid_death-origin)
             origin:  time enter_date
  enter on or after:  time enter_date
                 id:  patient_id
             weight:  [pweight=pw]

. graph export ./output/an_stphplot_kids_cat3.svg, as(svg) replace
(file ./output/an_stphplot_kids_cat3.svg written in SVG format)

. 
. estat phtest, d                                          

      Test of proportional-hazards assumption

      Time:  Time
      ----------------------------------------------------------------
                  |       rho            chi2       df       Prob>chi2
      ------------+---------------------------------------------------
      kids_cat3   |      0.00801         0.89        1         0.3465
      age1        |      0.00436         0.29        1         0.5927
      age2        |     -0.00590         0.53        1         0.4670
      age3        |      0.01063         1.75        1         0.1855
      0b.male     |            .            .        1             .
      1.male      |     -0.00330         0.19        1         0.6612
      1b.obese4cat|            .            .        1             .
      2.obese4cat |     -0.01482         5.83        1         0.0158
      3.obese4cat |      0.00593         0.50        1         0.4805
      4.obese4cat |      0.00947         1.53        1         0.2164
      1b.smoke_n~s|            .            .        1             .
      2.smoke_no~s|      0.00577         0.45        1         0.5045
      3.smoke_no~s|     -0.02608        11.41        1         0.0007
      1b.imd      |            .            .        1             .
      2.imd       |     -0.00766         0.64        1         0.4246
      3.imd       |      0.00271         0.10        1         0.7555
      4.imd       |      0.00414         0.24        1         0.6262
      5.imd       |     -0.01351         3.60        1         0.0578
      0b.htdiag_~p|            .            .        1             .
      1.htdiag_o~p|     -0.02426        12.91        1         0.0003
      0b.chronic..|            .            .        1             .
      1.~y_disease|     -0.02685        22.99        1         0.0000
      0b.asthma   |            .            .        1             .
      1.asthma    |     -0.00940         1.53        1         0.2168
      0b.chronic..|            .            .        1             .
      1.~c_disease|     -0.01793         9.19        1         0.0024
      0b.diabetes |            .            .        1             .
      1.diabetes  |     -0.01890         8.68        1         0.0032
      1b.c~exhae~t|            .            .        1             .
      2.cancer_e~t|     -0.02521        34.51        1         0.0000
      3.cancer_e~t|     -0.01148         2.82        1         0.0928
      4.cancer_e~t|     -0.01101         1.51        1         0.2192
      1b.cancer_..|            .            .        1             .
      2.cancer_h~t|      0.00730         1.61        1         0.2050
      3.cancer_h~t|      0.00317         0.20        1         0.6516
      4.cancer_h~t|     -0.00956         1.89        1         0.1695
      0b.chronic..|            .            .        1             .
      1.~r_disease|     -0.00743         3.55        1         0.0596
      0b.stroke_~a|            .            .        1             .
      1.stroke_d~a|      0.02468        20.65        1         0.0000
      0b.other_n~o|            .            .        1             .
      1.other_ne~o|      0.00619         2.39        1         0.1224
      1b.reduced~t|            .            .        1             .
      2.reduced_~t|     -0.01031         2.37        1         0.1235
      3.reduced_~t|      0.00457         0.79        1         0.3728
      0b.organ_t~s|            .            .        1             .
      1.organ_tr~s|      0.00956         3.90        1         0.0482
      1b.tot_adu~h|            .            .        1             .
      2.tot_adul~h|     -0.00694         0.83        1         0.3610
      3.tot_adul~h|     -0.01245         4.07        1         0.0435
      0b.asplenia |            .            .        1             .
      1.asplenia  |      0.01076         2.62        1         0.1056
      0b.ra_sle_~s|            .            .        1             .
      1.ra_sle_p~s|     -0.00250         0.11        1         0.7452
      0b.other_i~o|            .            .        1             .
      1.other_im~o|     -0.00300         0.22        1         0.6382
      ------------+---------------------------------------------------
      global test |                    153.79       36         0.0000
      ----------------------------------------------------------------

note: robust variance-covariance matrix used.

. 
. *Fit time interactions
. 
. stsplit timeperiod, at(60 90)
(754,342 observations (episodes) created)

. 
. *make vars binary
. gen anyreduced_kidney_function = reduced_kidney_function_cat>=2

. gen anyobesity = obese4cat>=2

. gen highimd = imd>=3

. 
. stcox   kids_cat3 age1 age2 age3                ///
>                         i.male                                                  ///
>                         i.obese4cat                                     ///
>                         i.smoke_nomiss                                  ///
>                         i.imd                                                   ///
>                         i.tot_adults_hh                             ///
>                         i.htdiag_or_highbp                              ///
>                         i.chronic_respiratory_disease   ///
>                         i.asthma                                                ///
>                         i.chronic_cardiac_disease               ///
>                         i.diabetes                                              ///
>                         i.cancer_exhaem_cat                             ///
>                         i.cancer_haem_cat                               ///
>                         i.chronic_liver_disease                 ///
>                         i.stroke_dementia                               ///
>                         i.other_neuro                                   ///
>                         i.reduced_kidney_function_cat   ///
>                         i.organ_trans                                   ///
>                         i.asplenia                                              ///
>                         i.ra_sle_psoriasis                      ///
>                         i.other_immuno                                  ///
>             60.timeperiod#1.kids_cat3                   ///
>                         90.timeperiod#1.kids_cat3                                               ///
>                 60.timeperiod#2.kids_cat3                                                       ///
>                         90.timeperiod#2.kids_cat3                                               ///
>                 60.timeperiod#1.tot_adults_hh                                           ///
>                         90.timeperiod#1.tot_adults_hh                                   ///
>                 60.timeperiod#1.male                                                            ///
>                         90.timeperiod#1.male                                                    ///
>                 60.timeperiod#1.anyobesity                                                      ///
>                         90.timeperiod#1.anyobesity                                              ///
>                 60.timeperiod#3.smoke_nomiss                                            ///
>                         90.timeperiod#3.smoke_nomiss                                    ///
>                 60.timeperiod#1.highimd                                                         ///
>                         90.timeperiod#1.highimd                                                 ///
>                 60.timeperiod#1.htdiag_or_highbp                                        ///
>                         90.timeperiod#1.htdiag_or_highbp                                ///
>                 60.timeperiod#1.chronic_respiratory_disease                     ///                     
>                         90.timeperiod#1.chronic_respiratory_disease             ///                             ///
>                 60.timeperiod#1.asthma                                                          ///
>                         90.timeperiod#1.asthma                                                  ///
>                 60.timeperiod#1.chronic_cardiac_disease                         ///
>                         90.timeperiod#1.chronic_cardiac_disease                 ///
>                 60.timeperiod#1.diabetes                                                        ///
>                         90.timeperiod#1.diabetes                                                ///
>                 60.timeperiod#1.cancer_exhaem_cat                                       ///
>                         90.timeperiod#1.cancer_exhaem_cat                               ///
>                 60.timeperiod#1.cancer_haem_cat                                         ///
>                         90.timeperiod#1.cancer_haem_cat                                 ///
>                 60.timeperiod#1.chronic_liver_disease                           ///
>                         90.timeperiod#1.chronic_liver_disease                   ///
>                 60.timeperiod#1.stroke_dementia                                         ///
>                         90.timeperiod#1.stroke_dementia                                 ///
>                 60.timeperiod#1.other_neuro                                                     ///
>                         90.timeperiod#1.other_neuro                                             ///
>                 60.timeperiod#1.anyreduced_kidney_function                      ///
>                         90.timeperiod#1.anyreduced_kidney_function              ///
>                 60.timeperiod#1.organ_trans                                                     ///
>                         90.timeperiod#1.organ_trans                                             ///
>                 60.timeperiod#1.asplenia                                                        ///
>                         90.timeperiod#1.asplenia                                                ///
>                 60.timeperiod#1.ra_sle_psoriasis                                        ///
>                         90.timeperiod#1.ra_sle_psoriasis                                ///
>                 60.timeperiod#1.other_immuno                                            ///
>                         90.timeperiod#1.other_immuno                                    ///
> , strata(stp) vce(cluster household_id) 

         failure _d:  non_covid_death
   analysis time _t:  (stime_non_covid_death-origin)
             origin:  time enter_date
  enter on or after:  time enter_date
                 id:  patient_id
             weight:  [pweight=pw]

(sum of wgt is 37,466,102.237934)
Iteration 0:   log pseudolikelihood = -97509.505
Iteration 1:   log pseudolikelihood = -96050.813
Iteration 2:   log pseudolikelihood = -88889.343
Iteration 3:   log pseudolikelihood = -84381.666
Iteration 4:   log pseudolikelihood = -84093.265
Iteration 5:   log pseudolikelihood = -84085.303
Iteration 6:   log pseudolikelihood = -84085.291
Iteration 7:   log pseudolikelihood = -84085.291
Refining estimates:
Iteration 0:   log pseudolikelihood = -84085.291

Stratified Cox regr. -- Breslow method for ties

No. of subjects      =   12,492,381             Number of obs    =   1,136,338
No. of failures      =        7,448
Time at risk         =   1698306199
                                                Wald chi2(80)    =    13155.13
Log pseudolikelihood =   -84085.291             Prob > chi2      =      0.0000

                                               (Std. Err. adjusted for 374,481 clusters in household_id)
--------------------------------------------------------------------------------------------------------
                                       |               Robust
                                    _t | Haz. Ratio   Std. Err.      z    P>|z|     [95% Conf. Interval]
---------------------------------------+----------------------------------------------------------------
                             kids_cat3 |    .805202   .0317908    -5.49   0.000      .745243     .869985
                                  age1 |   1.172934   .0261427     7.16   0.000     1.122798    1.225308
                                  age2 |   .8185062   .0500431    -3.28   0.001     .7260723    .9227075
                                  age3 |   1.426423   .2573666     1.97   0.049     1.001539    2.031557
                                1.male |   1.363116   .0552406     7.64   0.000     1.259035    1.475802
                                       |
                             obese4cat |
                    Obese I (30-34.9)  |   .7157599   .0430839    -5.56   0.000     .6361079    .8053858
                   Obese II (35-39.9)  |   .8526966   .0576928    -2.36   0.019     .7467976    .9736125
                      Obese III (40+)  |   1.054192   .0849686     0.65   0.513     .9001446    1.234602
                                       |
                          smoke_nomiss |
                               Former  |   1.216704   .0458821     5.20   0.000     1.130019    1.310038
                              Current  |   2.168784   .1054685    15.92   0.000     1.971615     2.38567
                                       |
                                   imd |
                                    2  |   1.071809   .0534854     1.39   0.165     .9719425    1.181936
                                    3  |   1.218283   .0707739     3.40   0.001     1.087175    1.365203
                                    4  |   1.272388   .0739736     4.14   0.000     1.135357    1.425956
                      5 most deprived  |    1.53091   .0936971     6.96   0.000     1.357854    1.726022
                                       |
                         tot_adults_hh |
                                    2  |   .7299385   .0346649    -6.63   0.000     .6650626    .8011429
                                    3  |   .7432542   .0392673    -5.62   0.000     .6701423    .8243426
                                       |
                    1.htdiag_or_highbp |   1.310475   .0577753     6.13   0.000     1.201992    1.428749
         1.chronic_respiratory_disease |   2.256031   .1574726    11.66   0.000     1.967572     2.58678
                              1.asthma |   1.115849   .0599365     2.04   0.041     1.004348    1.239729
             1.chronic_cardiac_disease |    1.89342   .1238622     9.76   0.000     1.665573    2.152435
                            1.diabetes |   1.467337   .0839697     6.70   0.000     1.311653    1.641499
                                       |
                     cancer_exhaem_cat |
                            Last year  |   40.18723   3.272557    45.36   0.000     34.25882    47.14154
                        2-5 years ago  |   15.37863    .948533    44.31   0.000     13.62752    17.35476
                             5+ years  |   5.422767   .3299038    27.79   0.000      4.81323    6.109495
                                       |
                       cancer_haem_cat |
                            Last year  |    9.93619   2.540429     8.98   0.000     6.019902    16.40024
                        2-5 years ago  |   5.569897   1.013655     9.44   0.000     3.898868    7.957117
                             5+ years  |   1.839338   .3598718     3.11   0.002     1.253492    2.698992
                                       |
               1.chronic_liver_disease |   5.798199   .6458577    15.78   0.000     4.660992    7.212867
                     1.stroke_dementia |   1.888589   .1917287     6.26   0.000     1.547832    2.304364
                         1.other_neuro |   3.479488    .526457     8.24   0.000     2.586581    4.680634
                                       |
           reduced_kidney_function_cat |
         Stage 3a/3b egfr 30-60        |    1.90481   .1682441     7.30   0.000     1.602022    2.264826
                    Stage 4/5 egfr<30  |   7.857123   1.212934    13.35   0.000     5.805777    10.63327
                                       |
                         1.organ_trans |   .8457768   .2393121    -0.59   0.554     .4857454    1.472661
                            1.asplenia |   1.848425   .4635563     2.45   0.014     1.130664    3.021829
                    1.ra_sle_psoriasis |   1.181916   .0879458     2.25   0.025     1.021526     1.36749
                        1.other_immuno |   1.787488   .3640492     2.85   0.004     1.199176    2.664424
                                       |
                  timeperiod#kids_cat3 |
                     60#Kids under 12  |   .8208479   .0786093    -2.06   0.039     .6803721    .9903275
                     60#Kids under 18  |   1.015465   .1342146     0.12   0.908     .7837201    1.315736
                     90#Kids under 12  |   .7454177   .0754121    -2.90   0.004     .6113441    .9088949
                     90#Kids under 18  |   1.202522    .153916     1.44   0.150     .9357156    1.545403
                                       |
              timeperiod#tot_adults_hh |
                                 60 1  |   1.022769   .0630889     0.36   0.715     .9062992    1.154206
                                 90 1  |   .9236578   .0594405    -1.23   0.217     .8142043    1.047825
                                       |
                       timeperiod#male |
                                 60 1  |   .8950789   .0522819    -1.90   0.058     .7982563    1.003645
                                 90 1  |   .9900835   .0609301    -0.16   0.871     .8775838    1.117005
                                       |
                 timeperiod#anyobesity |
                                 60 1  |   .9750961   .0682661    -0.36   0.719     .8500709     1.11851
                                 90 1  |   .9230776   .0673227    -1.10   0.272     .8001245    1.064924
                                       |
               timeperiod#smoke_nomiss |
                           60#Current  |   .9319746   .0616515    -1.06   0.287     .8186454    1.060992
                           90#Current  |   .8217474   .0575714    -2.80   0.005      .716314    .9426994
                                       |
                    timeperiod#highimd |
                                 60 1  |   .9850899   .0654636    -0.23   0.821     .8647881    1.122127
                                 90 1  |   .9407938    .063982    -0.90   0.370     .8233899    1.074938
                                       |
           timeperiod#htdiag_or_highbp |
                                 60 1  |   .9476822   .0599273    -0.85   0.395     .8372138    1.072727
                                 90 1  |   .8300836   .0541635    -2.85   0.004      .730433    .9433293
                                       |
timeperiod#chronic_respiratory_disease |
                                 60 1  |   .9753873   .0878411    -0.28   0.782     .8175605    1.163682
                                 90 1  |    .904494   .0865221    -1.05   0.294     .7498622    1.091013
                                       |
                     timeperiod#asthma |
                                 60 1  |   .8567142   .0667128    -1.99   0.047     .7354488    .9979745
                                 90 1  |   .8838232   .0713187    -1.53   0.126     .7545343    1.035266
                                       |
    timeperiod#chronic_cardiac_disease |
                                 60 1  |   .9351588    .077679    -0.81   0.420      .794658    1.100501
                                 90 1  |   .9570309   .0833765    -0.50   0.614     .8068064    1.135227
                                       |
                   timeperiod#diabetes |
                                 60 1  |   1.078782   .0832169     0.98   0.326     .9274109    1.254859
                                 90 1  |    .944885   .0765574    -0.70   0.484     .8061429    1.107505
                                       |
          timeperiod#cancer_exhaem_cat |
                             60#Never  |   1.130918   .0732291     1.90   0.057     .9961255     1.28395
                             90#Never  |   1.017789   .0687858     0.26   0.794     .8915186    1.161943
                                       |
            timeperiod#cancer_haem_cat |
                             60#Never  |   .9819375   .1672184    -0.11   0.915     .7032813    1.371004
                             90#Never  |   .9022071   .1568513    -0.59   0.554     .6416857    1.268499
                                       |
      timeperiod#chronic_liver_disease |
                                 60 1  |   1.044387   .1166561     0.39   0.697     .8390421    1.299987
                                 90 1  |   1.179037   .1376427     1.41   0.158     .9379003     1.48217
                                       |
            timeperiod#stroke_dementia |
                                 60 1  |    1.22735   .1516559     1.66   0.097     .9633653    1.563674
                                 90 1  |   1.378518   .1736265     2.55   0.011     1.076967    1.764504
                                       |
                timeperiod#other_neuro |
                                 60 1  |   .9688015   .1489839    -0.21   0.837      .716697    1.309586
                                 90 1  |   1.026609   .1616322     0.17   0.868     .7540314    1.397721
                                       |
 timeperiod#anyreduced_kidney_function |
                                 60 1  |   1.030893   .1040148     0.30   0.763     .8459202    1.256314
                                 90 1  |    .859406   .0953497    -1.37   0.172     .6914472    1.068164
                                       |
                timeperiod#organ_trans |
                                 60 1  |   .7381109   .2326369    -0.96   0.335     .3979614    1.368996
                                 90 1  |    1.44826   .4101598     1.31   0.191     .8313403    2.522982
                                       |
                   timeperiod#asplenia |
                                 60 1  |   1.185623   .3704595     0.54   0.586     .6426583    2.187323
                                 90 1  |   .9841438   .3316184    -0.05   0.962     .5084363    1.904937
                                       |
           timeperiod#ra_sle_psoriasis |
                                 60 1  |   .9387513   .1008358    -0.59   0.556     .7605344     1.15873
                                 90 1  |    .869312   .0993637    -1.23   0.220     .6948355      1.0876
                                       |
               timeperiod#other_immuno |
                                 60 1  |   1.092021   .2724011     0.35   0.724     .6697328    1.780576
                                 90 1  |   .7985343   .2315993    -0.78   0.438     .4522923    1.409834
--------------------------------------------------------------------------------------------------------
                                                             Stratified by stp

. 
. estat phtest, d

      Test of proportional-hazards assumption

      Time:  Time
      ----------------------------------------------------------------
                  |       rho            chi2       df       Prob>chi2
      ------------+---------------------------------------------------
      kids_cat3   |      0.00703         0.60        1         0.4379
      age1        |      0.00852         1.11        1         0.2921
      age2        |     -0.01118         1.93        1         0.1643
      age3        |      0.01544         3.75        1         0.0527
      0b.male     |            .            .        1             .
      1.male      |      0.00564         0.45        1         0.5010
      1b.obese4cat|            .            .        1             .
      2.obese4cat |     -0.00028         0.00        1         0.9664
      3.obese4cat |      0.00445         0.27        1         0.6036
      4.obese4cat |      0.00846         1.16        1         0.2809
      1b.smoke_n~s|            .            .        1             .
      2.smoke_no~s|     -0.00015         0.00        1         0.9859
      3.smoke_no~s|      0.00004         0.00        1         0.9959
      1b.imd      |            .            .        1             .
      2.imd       |     -0.00500         0.27        1         0.6012
      3.imd       |      0.00708         0.61        1         0.4338
      4.imd       |      0.00612         0.47        1         0.4923
      5.imd       |     -0.00660         0.77        1         0.3807
      1b.tot_adu~h|            .            .        1             .
      2.tot_adul~h|     -0.01326         2.67        1         0.1025
      3.tot_adul~h|     -0.00925         1.94        1         0.1640
      0b.htdiag_~p|            .            .        1             .
      1.htdiag_o~p|      0.00044         0.00        1         0.9532
      0b.chronic..|            .            .        1             .
      1.~y_disease|     -0.00814         1.75        1         0.1865
      0b.asthma   |            .            .        1             .
      1.asthma    |      0.00275         0.11        1         0.7416
      0b.chronic..|            .            .        1             .
      1.~c_disease|     -0.00164         0.06        1         0.8010
      0b.diabetes |            .            .        1             .
      1.diabetes  |     -0.00508         0.51        1         0.4740
      1b.c~exhae~t|            .            .        1             .
      2.cancer_e~t|     -0.01685        14.10        1         0.0002
      3.cancer_e~t|     -0.00608         0.73        1         0.3937
      4.cancer_e~t|     -0.00851         0.90        1         0.3420
      1b.cancer_..|            .            .        1             .
      2.cancer_h~t|      0.00036         0.00        1         0.9520
      3.cancer_h~t|     -0.00294         0.16        1         0.6893
      4.cancer_h~t|     -0.01476         4.37        1         0.0366
      0b.chronic..|            .            .        1             .
      1.~r_disease|     -0.00921         4.67        1         0.0308
      0b.stroke_~a|            .            .        1             .
      1.stroke_d~a|      0.00362         0.35        1         0.5517
      0b.other_n~o|            .            .        1             .
      1.other_ne~o|      0.00073         0.03        1         0.8662
      1b.reduced~t|            .            .        1             .
      2.reduced_~t|     -0.00150         0.05        1         0.8320
      3.reduced_~t|      0.01183         5.03        1         0.0250
      0b.organ_t~s|            .            .        1             .
      1.organ_tr~s|      0.00024         0.00        1         0.9639
      0b.asplenia |            .            .        1             .
      1.asplenia  |      0.01268         2.98        1         0.0844
      0b.ra_sle_~s|            .            .        1             .
      1.ra_sle_p~s|      0.00327         0.15        1         0.6962
      0b.other_i~o|            .            .        1             .
      1.other_im~o|      0.00212         0.09        1         0.7584
      60bn.timep~3|     -0.00283         0.07        1         0.7883
      60bn.timep~3|     -0.00325         0.09        1         0.7619
      90.timeper~3|     -0.00059         0.00        1         0.9556
      90.timeper~3|     -0.00222         0.04        1         0.8359
      60bn.timep~h|     -0.00616         0.32        1         0.5701
      90.timeper~h|     -0.00792         0.52        1         0.4729
      60bn.timep~e|     -0.00533         0.23        1         0.6349
      90.timeper~e|     -0.00388         0.13        1         0.7235
      60bn.timep~y|     -0.00313         0.09        1         0.7631
      90.timeper~y|     -0.00031         0.00        1         0.9768
      60bn.timep~s|     -0.00273         0.07        1         0.7845
      90.timeper~s|     -0.00440         0.20        1         0.6545
      60bn.timep~d|     -0.00221         0.04        1         0.8366
      90.timeper~d|     -0.00083         0.01        1         0.9384
      60bn.timep~p|     -0.00265         0.07        1         0.7942
      90.timeper~p|     -0.00155         0.02        1         0.8813
      60bn.timep~y|      0.00197         0.05        1         0.8283
      90.timeper~y|      0.00296         0.11        1         0.7415
      60bn.timep~a|     -0.00319         0.08        1         0.7726
      90.timeper~a|     -0.00039         0.00        1         0.9718
      60bn.timep~s|     -0.00792         0.59        1         0.4411
      90.timeper~s|     -0.00325         0.10        1         0.7551
      60bn.timep~s|     -0.00371         0.14        1         0.7079
      90.timeper~s|      0.00320         0.09        1         0.7580
      60bn.timep~t|     -0.00700         0.65        1         0.4215
      90.timeper~t|     -0.00233         0.07        1         0.7851
      60bn.timep~t|     -0.00829         0.69        1         0.4065
      90.timeper~t|     -0.00327         0.11        1         0.7400
      60bn.timep~a|      0.00570         0.37        1         0.5426
      90.timeper~a|      0.00059         0.00        1         0.9471
      60bn.timep~a|      0.00257         0.07        1         0.7853
      90.timeper~a|     -0.00054         0.00        1         0.9558
      60bn.timep~o|     -0.00330         0.13        1         0.7207
      90.timeper~o|     -0.00236         0.06        1         0.8004
      60bn.timep~f|     -0.00038         0.00        1         0.9703
      90.timeper~f|      0.00012         0.00        1         0.9905
      60bn.timep~s|     -0.00086         0.01        1         0.9315
      90.timeper~s|      0.00253         0.07        1         0.7947
      60bn.timep~a|     -0.01049         0.96        1         0.3283
      90.timeper~a|     -0.00172         0.03        1         0.8683
      60bn.timep~s|      0.00238         0.05        1         0.8291
      90.timeper~s|     -0.00231         0.04        1         0.8355
      60bn.timep~o|     -0.00045         0.00        1         0.9652
      90.timeper~o|     -0.00203         0.04        1         0.8428
      ------------+---------------------------------------------------
      global test |                     51.92       80         0.9937
      ----------------------------------------------------------------

note: robust variance-covariance matrix used.

. 
. log close
      name:  <unnamed>
       log:  E:\analyses\school-age-children-and-covid\analysis\log\an_multivariableFULL_cox_models_non_covid_death_exploratory.log
  log type:  text
 closed on:  24 Jul 2020, 14:44:23
------------------------------------------------------------------------------------------------------------------------------------------------------------------------------------------------------------
