----------------------------------------------------------------------------------------------------------------------------------
      name:  <unnamed>
       log:  E:\analyses\school-age-children-and-covid\analysis\log\an_multivariableFULL_cox_models_covid_death_exploratory.log
  log type:  text
 opened on:  24 Jul 2020, 13:44:05

. use "$tempdir\cr_create_analysis_dataset_STSET_`outcome'.dta", clear

. 
. 
. *Run main MV model for different age bands
. forvalues x=1/5 { 
  2. cap stcox       kids_cat3 age1 age2 age3                ///
>                         i.male                                                  ///
>                         i.obese4cat                                     ///
>                         i.smoke_nomiss                                  ///
>                         i.imd                                                   ///
>                         i.htdiag_or_highbp                              ///
>                         i.chronic_respiratory_disease   ///
>                         i.asthma                                                ///
>                         i.chronic_cardiac_disease               ///
>                         i.diabetes                                              ///
>                         i.cancer_exhaem_cat                             ///
>                         i.cancer_haem_cat                               ///
>                         i.chronic_liver_disease                 ///
>                         i.stroke_dementia                               ///
>                         i.other_neuro                                   ///
>                         i.reduced_kidney_function_cat   ///
>                         i.organ_trans                                   ///
>                         i.tot_adults_hh                                 ///
>                         i.asplenia                                              ///
>                         i.ra_sle_psoriasis                      ///
>                         i.other_immuno                                  ///
>                          if agegroup==`x', strata(stp) vce(cluster household_id) 
  3.                         }

. 
. *Run main MV model for different hh sizes
. forvalues x=1/5 { 
  2. cap stcox       kids_cat3 age1 age2 age3                ///
>                         i.male                                                  ///
>                         i.obese4cat                                     ///
>                         i.smoke_nomiss                                  ///
>                         i.imd                                                   ///
>                         i.htdiag_or_highbp                              ///
>                         i.chronic_respiratory_disease   ///
>                         i.asthma                                                ///
>                         i.chronic_cardiac_disease               ///
>                         i.diabetes                                              ///
>                         i.cancer_exhaem_cat                             ///
>                         i.cancer_haem_cat                               ///
>                         i.chronic_liver_disease                 ///
>                         i.stroke_dementia                               ///
>                         i.other_neuro                                   ///
>                         i.reduced_kidney_function_cat   ///
>                         i.organ_trans                                   ///
>                         i.tot_adults_hh                                 ///
>                         i.asplenia                                              ///
>                         i.ra_sle_psoriasis                      ///
>                         i.other_immuno                                  ///
>                          if household_size==`x', strata(stp) vce(cluster household_id) 
  3.                         }

.                         
. 
. ********************************************************************************
. ********************************************************************************
. ********************************************************************************
. 
. 
. 
. 
. *Run models for hh with 2 adults
. *Age and sex adj
. stcox   kids_cat3 age1 age2 age3                ///
>                         i.male                                                  ///
>                          if tot_adults_hh==2, strata(stp) vce(cluster household_id) 

         failure _d:  covid_death
   analysis time _t:  (stime_covid_death-origin)
             origin:  time enter_date
  enter on or after:  time enter_date
                 id:  patient_id
             weight:  [pweight=pw]

(sum of wgt is 4,931,684.1452217)
Iteration 0:   log pseudolikelihood = -5509.3008
Iteration 1:   log pseudolikelihood = -5287.4271
Iteration 2:   log pseudolikelihood = -5184.9348
Iteration 3:   log pseudolikelihood = -5182.8351
Iteration 4:   log pseudolikelihood = -5182.7082
Iteration 5:   log pseudolikelihood = -5182.7066
Iteration 6:   log pseudolikelihood = -5182.7066
Refining estimates:
Iteration 0:   log pseudolikelihood = -5182.7066

Stratified Cox regr. -- Breslow method for ties

No. of subjects      =    4,931,684             Number of obs    =     148,388
No. of failures      =          451
Time at risk         =  670486600.1
                                                Wald chi2(5)     =      383.24
Log pseudolikelihood =   -5182.7066             Prob > chi2      =      0.0000

                     (Std. Err. adjusted for 146,284 clusters in household_id)
------------------------------------------------------------------------------
             |               Robust
          _t | Haz. Ratio   Std. Err.      z    P>|z|     [95% Conf. Interval]
-------------+----------------------------------------------------------------
   kids_cat3 |   .8547185   .0873975    -1.54   0.125     .6994961    1.044386
        age1 |    1.42451   .1483908     3.40   0.001     1.161438    1.747169
        age2 |   .5989553   .1601323    -1.92   0.055     .3546691    1.011499
        age3 |   2.938942   2.161457     1.47   0.143     .6952987    12.42255
      1.male |   1.750955   .1703629     5.76   0.000     1.446957    2.118822
------------------------------------------------------------------------------
                                                             Stratified by stp

.                          
.                          
. *Demog adj
. stcox   kids_cat3 age1 age2 age3                ///
>                         i.male                                                  ///
>                         i.obese4cat                                     ///
>                         i.smoke_nomiss                                  ///
>                         i.imd                                                   ///
>                          if tot_adults_hh==2, strata(stp) vce(cluster household_id) 

         failure _d:  covid_death
   analysis time _t:  (stime_covid_death-origin)
             origin:  time enter_date
  enter on or after:  time enter_date
                 id:  patient_id
             weight:  [pweight=pw]

(sum of wgt is 4,931,684.1452217)
Iteration 0:   log pseudolikelihood = -5509.3008
Iteration 1:   log pseudolikelihood = -5239.5657
Iteration 2:   log pseudolikelihood = -5089.9316
Iteration 3:   log pseudolikelihood =  -5087.092
Iteration 4:   log pseudolikelihood =   -5087.02
Iteration 5:   log pseudolikelihood = -5087.0195
Iteration 6:   log pseudolikelihood = -5087.0195
Refining estimates:
Iteration 0:   log pseudolikelihood = -5087.0195

Stratified Cox regr. -- Breslow method for ties

No. of subjects      =    4,931,684             Number of obs    =     148,388
No. of failures      =          451
Time at risk         =  670486600.1
                                                Wald chi2(14)    =      690.22
Log pseudolikelihood =   -5087.0195             Prob > chi2      =      0.0000

                            (Std. Err. adjusted for 146,284 clusters in household_id)
-------------------------------------------------------------------------------------
                    |               Robust
                 _t | Haz. Ratio   Std. Err.      z    P>|z|     [95% Conf. Interval]
--------------------+----------------------------------------------------------------
          kids_cat3 |   .9023851   .0909825    -1.02   0.308     .7405765    1.099547
               age1 |   1.447714   .1562089     3.43   0.001     1.171758     1.78866
               age2 |   .5691285   .1570411    -2.04   0.041     .3313875    .9774277
               age3 |   3.451332   2.616857     1.63   0.102     .7808935    15.25393
             1.male |    1.87278   .1840314     6.38   0.000     1.544693    2.270551
                    |
          obese4cat |
 Obese I (30-34.9)  |   1.250696   .1603198     1.75   0.081     .9728385    1.607913
Obese II (35-39.9)  |   3.018456   .4039121     8.26   0.000     2.322106    3.923627
   Obese III (40+)  |   3.458678   .5963512     7.20   0.000      2.46686    4.849263
                    |
       smoke_nomiss |
            Former  |   1.394038   .1460012     3.17   0.002      1.13534    1.711682
           Current  |   1.033908   .1515576     0.23   0.820     .7757233    1.378025
                    |
                imd |
                 2  |     1.2632   .2258753     1.31   0.191     .8897479      1.7934
                 3  |   1.585085   .2798106     2.61   0.009     1.121482    2.240335
                 4  |   2.744093   .4437398     6.24   0.000     1.998727    3.767423
   5 most deprived  |   2.911906   .4915978     6.33   0.000     2.091581    4.053966
-------------------------------------------------------------------------------------
                                                             Stratified by stp

. 
. 
. *FULL
.  stcox  kids_cat3 age1 age2 age3                ///
>                         i.male                                                  ///
>                         i.obese4cat                                     ///
>                         i.smoke_nomiss                                  ///
>                         i.imd                                                   ///
>                         i.htdiag_or_highbp                              ///
>                         i.chronic_respiratory_disease   ///
>                         i.asthma                                                ///
>                         i.chronic_cardiac_disease               ///
>                         i.diabetes                                              ///
>                         i.cancer_exhaem_cat                             ///
>                         i.cancer_haem_cat                               ///
>                         i.chronic_liver_disease                 ///
>                         i.stroke_dementia                               ///
>                         i.other_neuro                                   ///
>                         i.reduced_kidney_function_cat   ///
>                         i.organ_trans                                   ///
>                         i.tot_adults_hh                                 ///
>                         i.asplenia                                              ///
>                         i.ra_sle_psoriasis                      ///
>                         i.other_immuno                                  ///
>                          if tot_adults_hh==2, strata(stp) vce(cluster household_id) 

         failure _d:  covid_death
   analysis time _t:  (stime_covid_death-origin)
             origin:  time enter_date
  enter on or after:  time enter_date
                 id:  patient_id
             weight:  [pweight=pw]

(sum of wgt is 4,931,684.1452217)
note: 2.tot_adults_hh omitted because of collinearity
Iteration 0:   log pseudolikelihood = -5509.3008
Iteration 1:   log pseudolikelihood = -5432.9245
Iteration 2:   log pseudolikelihood = -5426.7098
Iteration 3:   log pseudolikelihood = -5002.7931
Iteration 4:   log pseudolikelihood = -4849.8478
Iteration 5:   log pseudolikelihood = -4835.9601
Iteration 6:   log pseudolikelihood = -4835.8685
Iteration 7:   log pseudolikelihood = -4835.8684
Refining estimates:
Iteration 0:   log pseudolikelihood = -4835.8684

Stratified Cox regr. -- Breslow method for ties

No. of subjects      =    4,931,684             Number of obs    =     148,388
No. of failures      =          451
Time at risk         =  670486600.1
                                                Wald chi2(34)    =     1827.38
Log pseudolikelihood =   -4835.8684             Prob > chi2      =      0.0000

                                      (Std. Err. adjusted for 146,284 clusters in household_id)
-----------------------------------------------------------------------------------------------
                              |               Robust
                           _t | Haz. Ratio   Std. Err.      z    P>|z|     [95% Conf. Interval]
------------------------------+----------------------------------------------------------------
                    kids_cat3 |   .9449297   .0967874    -0.55   0.580     .7730587    1.155012
                         age1 |   1.470814   .1651378     3.44   0.001     1.180288    1.832853
                         age2 |   .5263083   .1513142    -2.23   0.026     .2995842    .9246163
                         age3 |   3.711868   2.942324     1.65   0.098     .7849861    17.55185
                       1.male |   1.593175    .167611     4.43   0.000      1.29632    1.958009
                              |
                    obese4cat |
           Obese I (30-34.9)  |   1.024558   .1426168     0.17   0.862     .7799211     1.34593
          Obese II (35-39.9)  |   2.175224   .3257667     5.19   0.000     1.621907    2.917306
             Obese III (40+)  |   1.985877   .4002904     3.40   0.001     1.337756    2.948003
                              |
                 smoke_nomiss |
                      Former  |   1.151243   .1295833     1.25   0.211     .9233285    1.435416
                     Current  |   .8163155   .1284419    -1.29   0.197     .5996904    1.111192
                              |
                          imd |
                           2  |   1.235335   .2265208     1.15   0.249     .8623865     1.76957
                           3  |   1.484189   .2708453     2.16   0.030     1.037901    2.122377
                           4  |   2.326693   .3939958     4.99   0.000     1.669548    3.242494
             5 most deprived  |   2.183604   .3968338     4.30   0.000     1.529263    3.117925
                              |
           1.htdiag_or_highbp |   1.213836   .1386161     1.70   0.090     .9704105    1.518324
1.chronic_respiratory_disease |   2.781776   .4424104     6.43   0.000     2.036798    3.799235
                     1.asthma |   .9894075   .1329413    -0.08   0.937     .7603331    1.287498
    1.chronic_cardiac_disease |   1.569455   .2403296     2.94   0.003     1.162532    2.118814
                   1.diabetes |   2.415396   .3047035     6.99   0.000     1.886292    3.092915
                              |
            cancer_exhaem_cat |
                   Last year  |   6.306873    1.90511     6.10   0.000     3.488933    11.40081
               2-5 years ago  |   2.341006   .6757252     2.95   0.003     1.329553    4.121921
                    5+ years  |   1.807167   .4372918     2.45   0.014     1.124677    2.903816
                              |
              cancer_haem_cat |
                   Last year  |   9.642158   6.369866     3.43   0.001     2.641483    35.19659
               2-5 years ago  |   10.87015   4.485629     5.78   0.000     4.841528    24.40555
                    5+ years  |    2.92532   1.299334     2.42   0.016     1.224889    6.986343
                              |
      1.chronic_liver_disease |   4.866592   1.207293     6.38   0.000     2.992684    7.913872
            1.stroke_dementia |   1.229101   .3195949     0.79   0.428      .738338    2.046067
                1.other_neuro |   4.677324   1.176872     6.13   0.000     2.856437    7.658968
                              |
  reduced_kidney_function_cat |
Stage 3a/3b egfr 30-60        |   3.108112   .5573361     6.32   0.000     2.187067    4.417039
           Stage 4/5 egfr<30  |   13.88069   3.964707     9.21   0.000     7.930204    24.29616
                              |
                1.organ_trans |   1.311541   .5922881     0.60   0.548     .5412301    3.178206
              2.tot_adults_hh |          1  (omitted)
                   1.asplenia |   3.018098   1.857956     1.79   0.073     .9030865    10.08642
           1.ra_sle_psoriasis |   .6714866   .1529642    -1.75   0.080     .4296692    1.049399
               1.other_immuno |   1.502088   .7194596     0.85   0.396     .5874797     3.84059
-----------------------------------------------------------------------------------------------
                                                             Stratified by stp

. 
. 
.                          
. ********************************************************************************
. ********************************************************************************
. ********************************************************************************
. 
. 
. 
. *Investigate non-PH
. 
. 
. *Full MV model without clustering (to see if the clustering by hh id is affecting PH test)
.  stcox  kids_cat3 age1 age2 age3                ///
>                         i.male                                                  ///
>                         i.obese4cat                                     ///
>                         i.smoke_nomiss                                  ///
>                         i.imd                                                   ///
>                         i.htdiag_or_highbp                              ///
>                         i.chronic_respiratory_disease   ///
>                         i.asthma                                                ///
>                         i.chronic_cardiac_disease               ///
>                         i.diabetes                                              ///
>                         i.cancer_exhaem_cat                             ///
>                         i.cancer_haem_cat                               ///
>                         i.chronic_liver_disease                 ///
>                         i.stroke_dementia                               ///
>                         i.other_neuro                                   ///
>                         i.reduced_kidney_function_cat   ///
>                         i.organ_trans                                   ///
>                         i.tot_adults_hh                                 ///
>                         i.asplenia                                              ///
>                         i.ra_sle_psoriasis                      ///
>                         i.other_immuno                                  ///
>                          if tot_adults_hh==2, strata(stp) 

         failure _d:  covid_death
   analysis time _t:  (stime_covid_death-origin)
             origin:  time enter_date
  enter on or after:  time enter_date
                 id:  patient_id
             weight:  [pweight=pw]

(sum of wgt is 4,931,684.1452217)
note: 2.tot_adults_hh omitted because of collinearity
Iteration 0:   log pseudolikelihood = -5509.3008
Iteration 1:   log pseudolikelihood = -5432.9245
Iteration 2:   log pseudolikelihood = -5426.7098
Iteration 3:   log pseudolikelihood = -5002.7931
Iteration 4:   log pseudolikelihood = -4849.8478
Iteration 5:   log pseudolikelihood = -4835.9601
Iteration 6:   log pseudolikelihood = -4835.8685
Iteration 7:   log pseudolikelihood = -4835.8684
Refining estimates:
Iteration 0:   log pseudolikelihood = -4835.8684

Stratified Cox regr. -- Breslow method for ties

No. of subjects      =    4,931,684             Number of obs    =     148,388
No. of failures      =          451
Time at risk         =  670486600.1
                                                Wald chi2(34)    =     1827.42
Log pseudolikelihood =   -4835.8684             Prob > chi2      =      0.0000

                                        (Std. Err. adjusted for 148,388 clusters in patient_id)
-----------------------------------------------------------------------------------------------
                              |               Robust
                           _t | Haz. Ratio   Std. Err.      z    P>|z|     [95% Conf. Interval]
------------------------------+----------------------------------------------------------------
                    kids_cat3 |   .9449297    .096815    -0.55   0.580     .7730145    1.155078
                         age1 |   1.470814    .165254     3.43   0.001     1.180105    1.833137
                         age2 |   .5263083   .1514294    -2.23   0.026     .2994557     .925013
                         age3 |   3.711868   2.945143     1.65   0.098     .7838185      17.578
                       1.male |   1.593175   .1678685     4.42   0.000     1.295909    1.958629
                              |
                    obese4cat |
           Obese I (30-34.9)  |   1.024558   .1428832     0.17   0.862     .7795238    1.346616
          Obese II (35-39.9)  |   2.175224   .3257425     5.19   0.000     1.621942    2.917242
             Obese III (40+)  |   1.985877   .4002921     3.40   0.001     1.337754    2.948007
                              |
                 smoke_nomiss |
                      Former  |   1.151243   .1292042     1.25   0.209     .9239247     1.43449
                     Current  |   .8163155   .1282207    -1.29   0.196     .6000089    1.110602
                              |
                          imd |
                           2  |   1.235335   .2265086     1.15   0.249     .8624032    1.769536
                           3  |   1.484189   .2707644     2.16   0.030     1.038011     2.12215
                           4  |   2.326693   .3922999     5.01   0.000     1.671935    3.237865
             5 most deprived  |   2.183604    .396459     4.30   0.000     1.529777    3.116876
                              |
           1.htdiag_or_highbp |   1.213836   .1389289     1.69   0.090     .9699205    1.519091
1.chronic_respiratory_disease |   2.781776   .4422155     6.44   0.000     2.037078    3.798714
                     1.asthma |   .9894075   .1330707    -0.08   0.937     .7601383    1.287828
    1.chronic_cardiac_disease |   1.569455   .2403046     2.94   0.003     1.162569    2.118748
                   1.diabetes |   2.415396   .3043388     7.00   0.000      1.88685    3.091999
                              |
            cancer_exhaem_cat |
                   Last year  |   6.306873   1.905069     6.10   0.000     3.488978    11.40066
               2-5 years ago  |   2.341006    .675739     2.95   0.003     1.329537    4.121968
                    5+ years  |   1.807167   .4375768     2.44   0.015     1.124329    2.904713
                              |
              cancer_haem_cat |
                   Last year  |   9.642158   6.369984     3.43   0.001      2.64142    35.19744
               2-5 years ago  |   10.87015   4.485394     5.78   0.000     4.841733    24.40452
                    5+ years  |    2.92532   1.299135     2.42   0.016     1.225053    6.985412
                              |
      1.chronic_liver_disease |   4.866592   1.207226     6.38   0.000     2.992765    7.913659
            1.stroke_dementia |   1.229101   .3195862     0.79   0.428     .7383482    2.046038
                1.other_neuro |   4.677324   1.176845     6.13   0.000     2.856469    7.658881
                              |
  reduced_kidney_function_cat |
Stage 3a/3b egfr 30-60        |   3.108112   .5571721     6.33   0.000     2.187293    4.416582
           Stage 4/5 egfr<30  |   13.88069   3.964409     9.21   0.000     7.930538    24.29513
                              |
                1.organ_trans |   1.311541   .5922203     0.60   0.548     .5412849    3.177884
              2.tot_adults_hh |          1  (omitted)
                   1.asplenia |   3.018098    1.85776     1.79   0.073     .9032017    10.08514
           1.ra_sle_psoriasis |   .6714866   .1529595    -1.75   0.080     .4296751    1.049384
               1.other_immuno |   1.502088   .7194468     0.85   0.396     .5874896    3.840526
-----------------------------------------------------------------------------------------------
                                                             Stratified by stp

. 
. 
. *Plot hazards
. *Age and sex adj
. stcox   kids_cat3 age1 age2 age3                ///
>                         i.male  , strata(stp) vce(cluster household_id) 

         failure _d:  covid_death
   analysis time _t:  (stime_covid_death-origin)
             origin:  time enter_date
  enter on or after:  time enter_date
                 id:  patient_id
             weight:  [pweight=pw]

(sum of wgt is 12,492,079.523518)
Iteration 0:   log pseudolikelihood = -18182.637
Iteration 1:   log pseudolikelihood = -17525.576
Iteration 2:   log pseudolikelihood = -17068.355
Iteration 3:   log pseudolikelihood = -17049.585
Iteration 4:   log pseudolikelihood = -17049.479
Iteration 5:   log pseudolikelihood = -17049.479
Refining estimates:
Iteration 0:   log pseudolikelihood = -17049.479

Stratified Cox regr. -- Breslow method for ties

No. of subjects      =   12,492,080             Number of obs    =     376,101
No. of failures      =        1,380
Time at risk         =   1698315732
                                                Wald chi2(5)     =     1243.86
Log pseudolikelihood =   -17049.479             Prob > chi2      =      0.0000

                     (Std. Err. adjusted for 368,774 clusters in household_id)
------------------------------------------------------------------------------
             |               Robust
          _t | Haz. Ratio   Std. Err.      z    P>|z|     [95% Conf. Interval]
-------------+----------------------------------------------------------------
   kids_cat3 |   .9316641   .0486787    -1.35   0.176     .8409783    1.032129
        age1 |   1.139063   .0537422     2.76   0.006     1.038453    1.249419
        age2 |    1.03394    .129751     0.27   0.790     .8084932    1.322252
        age3 |   .7484428   .2669155    -0.81   0.417     .3720458    1.505639
      1.male |   1.928071   .1102941    11.48   0.000     1.723577    2.156828
------------------------------------------------------------------------------
                                                             Stratified by stp

. estat phtest, d         

      Test of proportional-hazards assumption

      Time:  Time
      ----------------------------------------------------------------
                  |       rho            chi2       df       Prob>chi2
      ------------+---------------------------------------------------
      kids_cat3   |     -0.00270         0.01        1         0.9087
      age1        |      0.03936         1.65        1         0.1986
      age2        |     -0.03427         1.36        1         0.2440
      age3        |      0.02971         1.06        1         0.3040
      0b.male     |            .            .        1             .
      1.male      |     -0.00890         0.12        1         0.7341
      ------------+---------------------------------------------------
      global test |                      2.15        5         0.8284
      ----------------------------------------------------------------

note: robust variance-covariance matrix used.

.                          
.                          
. *Demog adj
. stcox   kids_cat3 age1 age2 age3                ///
>                         i.male                                                  ///
>                         i.obese4cat                                     ///
>                         i.smoke_nomiss                                  ///
>                         i.imd           , strata(stp) vce(cluster household_id) 

         failure _d:  covid_death
   analysis time _t:  (stime_covid_death-origin)
             origin:  time enter_date
  enter on or after:  time enter_date
                 id:  patient_id
             weight:  [pweight=pw]

(sum of wgt is 12,492,079.523518)
Iteration 0:   log pseudolikelihood = -18182.637
Iteration 1:   log pseudolikelihood =  -17428.77
Iteration 2:   log pseudolikelihood = -16841.965
Iteration 3:   log pseudolikelihood = -16810.367
Iteration 4:   log pseudolikelihood = -16810.088
Iteration 5:   log pseudolikelihood = -16810.088
Refining estimates:
Iteration 0:   log pseudolikelihood = -16810.088

Stratified Cox regr. -- Breslow method for ties

No. of subjects      =   12,492,080             Number of obs    =     376,101
No. of failures      =        1,380
Time at risk         =   1698315732
                                                Wald chi2(14)    =     1941.23
Log pseudolikelihood =   -16810.088             Prob > chi2      =      0.0000

                            (Std. Err. adjusted for 368,774 clusters in household_id)
-------------------------------------------------------------------------------------
                    |               Robust
                 _t | Haz. Ratio   Std. Err.      z    P>|z|     [95% Conf. Interval]
--------------------+----------------------------------------------------------------
          kids_cat3 |   .9403741   .0494627    -1.17   0.242     .8482588    1.042493
               age1 |   1.137131   .0544835     2.68   0.007     1.035206    1.249092
               age2 |   1.021921   .1299888     0.17   0.865     .7964234    1.311265
               age3 |    .794362   .2869022    -0.64   0.524     .3913699    1.612314
             1.male |   2.075621   .1201667    12.61   0.000     1.852969    2.325026
                    |
          obese4cat |
 Obese I (30-34.9)  |   1.511287   .1061552     5.88   0.000     1.316913     1.73435
Obese II (35-39.9)  |   2.738237   .2238221    12.32   0.000      2.33289    3.214014
   Obese III (40+)  |   3.620372   .3548117    13.13   0.000     2.987664    4.387069
                    |
       smoke_nomiss |
            Former  |   1.162023   .0690823     2.53   0.012     1.034215    1.305625
           Current  |   .8069247   .0661906    -2.62   0.009      .687085    .9476667
                    |
                imd |
                 2  |   1.220282   .1276636     1.90   0.057     .9940524    1.497999
                 3  |   1.505893    .152847     4.03   0.000     1.234235    1.837344
                 4  |   2.328244   .2215873     8.88   0.000     1.932042    2.805695
   5 most deprived  |   2.670293   .2653761     9.88   0.000     2.197687    3.244532
-------------------------------------------------------------------------------------
                                                             Stratified by stp

. estat phtest, d         

      Test of proportional-hazards assumption

      Time:  Time
      ----------------------------------------------------------------
                  |       rho            chi2       df       Prob>chi2
      ------------+---------------------------------------------------
      kids_cat3   |     -0.00844         0.13        1         0.7158
      age1        |      0.05103         2.99        1         0.0836
      age2        |     -0.04192         2.17        1         0.1409
      age3        |      0.03576         1.63        1         0.2021
      0b.male     |            .            .        1             .
      1.male      |     -0.02932         1.29        1         0.2566
      1b.obese4cat|            .            .        1             .
      2.obese4cat |     -0.06848         6.93        1         0.0085
      3.obese4cat |     -0.08851        11.92        1         0.0006
      4.obese4cat |     -0.11817        21.85        1         0.0000
      1b.smoke_n~s|            .            .        1             .
      2.smoke_no~s|     -0.01146         0.19        1         0.6646
      3.smoke_no~s|      0.06985         7.23        1         0.0072
      1b.imd      |            .            .        1             .
      2.imd       |      0.05055         3.66        1         0.0558
      3.imd       |      0.05034         3.68        1         0.0550
      4.imd       |      0.07271         7.71        1         0.0055
      5.imd       |      0.07090         7.55        1         0.0060
      ------------+---------------------------------------------------
      global test |                     48.58       14         0.0000
      ----------------------------------------------------------------

note: robust variance-covariance matrix used.

. 
. 
. *FULL
.  stcox  kids_cat3 age1 age2 age3                ///
>                         i.male                                                  ///
>                         i.obese4cat                                     ///
>                         i.smoke_nomiss                                  ///
>                         i.imd                                                   ///
>                         i.htdiag_or_highbp                              ///
>                         i.chronic_respiratory_disease   ///
>                         i.asthma                                                ///
>                         i.chronic_cardiac_disease               ///
>                         i.diabetes                                              ///
>                         i.cancer_exhaem_cat                             ///
>                         i.cancer_haem_cat                               ///
>                         i.chronic_liver_disease                 ///
>                         i.stroke_dementia                               ///
>                         i.other_neuro                                   ///
>                         i.reduced_kidney_function_cat   ///
>                         i.organ_trans                                   ///
>                         i.tot_adults_hh                                 ///
>                         i.asplenia                                              ///
>                         i.ra_sle_psoriasis                      ///
>                         i.other_immuno, strata(stp) vce(cluster household_id) 

         failure _d:  covid_death
   analysis time _t:  (stime_covid_death-origin)
             origin:  time enter_date
  enter on or after:  time enter_date
                 id:  patient_id
             weight:  [pweight=pw]

(sum of wgt is 12,492,079.523518)
Iteration 0:   log pseudolikelihood = -18182.637
Iteration 1:   log pseudolikelihood = -17838.808
Iteration 2:   log pseudolikelihood = -17517.084
Iteration 3:   log pseudolikelihood = -16310.736
Iteration 4:   log pseudolikelihood = -16104.328
Iteration 5:   log pseudolikelihood = -16099.497
Iteration 6:   log pseudolikelihood = -16099.477
Iteration 7:   log pseudolikelihood = -16099.477
Refining estimates:
Iteration 0:   log pseudolikelihood = -16099.477

Stratified Cox regr. -- Breslow method for ties

No. of subjects      =   12,492,080             Number of obs    =     376,101
No. of failures      =        1,380
Time at risk         =   1698315732
                                                Wald chi2(36)    =     4372.15
Log pseudolikelihood =   -16099.477             Prob > chi2      =      0.0000

                                      (Std. Err. adjusted for 368,774 clusters in household_id)
-----------------------------------------------------------------------------------------------
                              |               Robust
                           _t | Haz. Ratio   Std. Err.      z    P>|z|     [95% Conf. Interval]
------------------------------+----------------------------------------------------------------
                    kids_cat3 |   .9542283   .0522455    -0.86   0.392     .8571318    1.062324
                         age1 |   1.179437   .0580618     3.35   0.001     1.070955    1.298907
                         age2 |   .8823912   .1157776    -0.95   0.340     .6823009     1.14116
                         age3 |   1.083582   .4056826     0.21   0.830     .5202117    2.257062
                       1.male |   1.901276   .1155494    10.57   0.000     1.687772    2.141789
                              |
                    obese4cat |
           Obese I (30-34.9)  |   1.203152   .0906986     2.45   0.014     1.037895    1.394722
          Obese II (35-39.9)  |   1.834415   .1712383     6.50   0.000     1.527706    2.202699
             Obese III (40+)  |   2.004108   .2271277     6.13   0.000     1.604921    2.502585
                              |
                 smoke_nomiss |
                      Former  |   .9982663   .0637232    -0.03   0.978     .8808683    1.131311
                     Current  |   .6418834   .0571487    -4.98   0.000     .5391024    .7642599
                              |
                          imd |
                           2  |   1.189626   .1272007     1.62   0.104     .9647073    1.466983
                           3  |   1.322913   .1385001     2.67   0.008     1.077497    1.624225
                           4  |   1.873406   .1855072     6.34   0.000     1.542924    2.274673
             5 most deprived  |   1.899858   .2008252     6.07   0.000     1.544346     2.33721
                              |
           1.htdiag_or_highbp |   1.247491   .0808965     3.41   0.001     1.098599    1.416562
1.chronic_respiratory_disease |   2.584462   .2415733    10.16   0.000     2.151826    3.104082
                     1.asthma |   1.145533   .0857726     1.81   0.070     .9891753    1.326606
    1.chronic_cardiac_disease |   1.602279   .1376144     5.49   0.000     1.354039    1.896029
                   1.diabetes |   2.402395   .1677224    12.55   0.000     2.095164    2.754678
                              |
            cancer_exhaem_cat |
                   Last year  |   4.216962   .8402242     7.22   0.000     2.853638    6.231613
               2-5 years ago  |    2.57417   .4033794     6.03   0.000      1.89344    3.499635
                    5+ years  |   1.511228   .2377584     2.62   0.009     1.110228    2.057064
                              |
              cancer_haem_cat |
                   Last year  |   5.851903   2.590239     3.99   0.000     2.457695    13.93369
               2-5 years ago  |   7.367133   1.956552     7.52   0.000     4.377616    12.39822
                    5+ years  |   2.296326    .660881     2.89   0.004     1.306346    4.036535
                              |
      1.chronic_liver_disease |   3.490639   .5531391     7.89   0.000     2.558707       4.762
            1.stroke_dementia |   1.709633   .2375891     3.86   0.000     1.301999     2.24489
                1.other_neuro |   5.011326   .7085479    11.40   0.000     3.798411    6.611553
                              |
  reduced_kidney_function_cat |
Stage 3a/3b egfr 30-60        |   2.413678   .2593055     8.20   0.000      1.95539    2.979377
           Stage 4/5 egfr<30  |   9.939459   1.732022    13.18   0.000     7.063741    13.98591
                              |
                1.organ_trans |   1.854112   .4454483     2.57   0.010     1.157806    2.969177
                              |
                tot_adults_hh |
                           2  |   .8075021   .0617879    -2.79   0.005     .6950436    .9381565
                           3  |   1.108374   .0821534     1.39   0.165     .9585061    1.281675
                              |
                   1.asplenia |   1.365903   .6450847     0.66   0.509      .541274    3.446854
           1.ra_sle_psoriasis |   1.325451    .136141     2.74   0.006     1.083763    1.621038
               1.other_immuno |   2.649476   .6257753     4.13   0.000     1.667693    4.209242
-----------------------------------------------------------------------------------------------
                                                             Stratified by stp

. 
. estat phtest, d         

      Test of proportional-hazards assumption

      Time:  Time
      ----------------------------------------------------------------
                  |       rho            chi2       df       Prob>chi2
      ------------+---------------------------------------------------
      kids_cat3   |     -0.00872         0.15        1         0.7013
      age1        |      0.05740         4.32        1         0.0377
      age2        |     -0.04759         3.19        1         0.0740
      age3        |      0.04101         2.46        1         0.1165
      0b.male     |            .            .        1             .
      1.male      |     -0.01974         0.67        1         0.4123
      1b.obese4cat|            .            .        1             .
      2.obese4cat |     -0.05381         5.25        1         0.0220
      3.obese4cat |     -0.05701         6.52        1         0.0107
      4.obese4cat |     -0.09244        18.04        1         0.0000
      1b.smoke_n~s|            .            .        1             .
      2.smoke_no~s|     -0.02530         1.05        1         0.3056
      3.smoke_no~s|      0.06324         6.82        1         0.0090
      1b.imd      |            .            .        1             .
      2.imd       |      0.04918         3.76        1         0.0525
      3.imd       |      0.05239         4.55        1         0.0330
      4.imd       |      0.07098         8.28        1         0.0040
      5.imd       |      0.07114         8.85        1         0.0029
      0b.htdiag_~p|            .            .        1             .
      1.htdiag_o~p|     -0.00509         0.05        1         0.8277
      0b.chronic..|            .            .        1             .
      1.~y_disease|     -0.01729         0.60        1         0.4396
      0b.asthma   |            .            .        1             .
      1.asthma    |      0.01361         0.33        1         0.5636
      0b.chronic..|            .            .        1             .
      1.~c_disease|      0.01123         0.27        1         0.6036
      0b.diabetes |            .            .        1             .
      1.diabetes  |     -0.05749         7.19        1         0.0073
      1b.c~exhae~t|            .            .        1             .
      2.cancer_e~t|      0.03981         3.19        1         0.0743
      3.cancer_e~t|      0.04509         4.01        1         0.0451
      4.cancer_e~t|      0.02936         1.46        1         0.2277
      1b.cancer_..|            .            .        1             .
      2.cancer_h~t|      0.03442         2.05        1         0.1519
      3.cancer_h~t|     -0.03134         2.15        1         0.1429
      4.cancer_h~t|      0.04303         3.30        1         0.0693
      0b.chronic..|            .            .        1             .
      1.~r_disease|      0.07409        15.80        1         0.0001
      0b.stroke_~a|            .            .        1             .
      1.stroke_d~a|      0.00439         0.05        1         0.8212
      0b.other_n~o|            .            .        1             .
      1.other_ne~o|      0.00403         0.04        1         0.8472
      1b.reduced~t|            .            .        1             .
      2.reduced_~t|     -0.01166         0.27        1         0.6051
      3.reduced_~t|     -0.00179         0.01        1         0.9231
      0b.organ_t~s|            .            .        1             .
      1.organ_tr~s|     -0.01104         0.33        1         0.5672
      1b.tot_adu~h|            .            .        1             .
      2.tot_adul~h|      0.00460         0.04        1         0.8498
      3.tot_adul~h|      0.01309         0.29        1         0.5919
      0b.asplenia |            .            .        1             .
      1.asplenia  |     -0.05231         4.61        1         0.0318
      0b.ra_sle_~s|            .            .        1             .
      1.ra_sle_p~s|      0.01742         0.53        1         0.4684
      0b.other_i~o|            .            .        1             .
      1.other_im~o|     -0.04032         3.69        1         0.0547
      ------------+---------------------------------------------------
      global test |                     93.57       36         0.0000
      ----------------------------------------------------------------

note: robust variance-covariance matrix used.

. stphplot, by(kids_cat3)

         failure _d:  covid_death
   analysis time _t:  (stime_covid_death-origin)
             origin:  time enter_date
  enter on or after:  time enter_date
                 id:  patient_id
             weight:  [pweight=pw]

. graph export ./output/an_stphplot_kids_cat3.svg, as(svg) replace
(file ./output/an_stphplot_kids_cat3.svg written in SVG format)

. 
. estat phtest, d                                          

      Test of proportional-hazards assumption

      Time:  Time
      ----------------------------------------------------------------
                  |       rho            chi2       df       Prob>chi2
      ------------+---------------------------------------------------
      kids_cat3   |     -0.00872         0.15        1         0.7013
      age1        |      0.05740         4.32        1         0.0377
      age2        |     -0.04759         3.19        1         0.0740
      age3        |      0.04101         2.46        1         0.1165
      0b.male     |            .            .        1             .
      1.male      |     -0.01974         0.67        1         0.4123
      1b.obese4cat|            .            .        1             .
      2.obese4cat |     -0.05381         5.25        1         0.0220
      3.obese4cat |     -0.05701         6.52        1         0.0107
      4.obese4cat |     -0.09244        18.04        1         0.0000
      1b.smoke_n~s|            .            .        1             .
      2.smoke_no~s|     -0.02530         1.05        1         0.3056
      3.smoke_no~s|      0.06324         6.82        1         0.0090
      1b.imd      |            .            .        1             .
      2.imd       |      0.04918         3.76        1         0.0525
      3.imd       |      0.05239         4.55        1         0.0330
      4.imd       |      0.07098         8.28        1         0.0040
      5.imd       |      0.07114         8.85        1         0.0029
      0b.htdiag_~p|            .            .        1             .
      1.htdiag_o~p|     -0.00509         0.05        1         0.8277
      0b.chronic..|            .            .        1             .
      1.~y_disease|     -0.01729         0.60        1         0.4396
      0b.asthma   |            .            .        1             .
      1.asthma    |      0.01361         0.33        1         0.5636
      0b.chronic..|            .            .        1             .
      1.~c_disease|      0.01123         0.27        1         0.6036
      0b.diabetes |            .            .        1             .
      1.diabetes  |     -0.05749         7.19        1         0.0073
      1b.c~exhae~t|            .            .        1             .
      2.cancer_e~t|      0.03981         3.19        1         0.0743
      3.cancer_e~t|      0.04509         4.01        1         0.0451
      4.cancer_e~t|      0.02936         1.46        1         0.2277
      1b.cancer_..|            .            .        1             .
      2.cancer_h~t|      0.03442         2.05        1         0.1519
      3.cancer_h~t|     -0.03134         2.15        1         0.1429
      4.cancer_h~t|      0.04303         3.30        1         0.0693
      0b.chronic..|            .            .        1             .
      1.~r_disease|      0.07409        15.80        1         0.0001
      0b.stroke_~a|            .            .        1             .
      1.stroke_d~a|      0.00439         0.05        1         0.8212
      0b.other_n~o|            .            .        1             .
      1.other_ne~o|      0.00403         0.04        1         0.8472
      1b.reduced~t|            .            .        1             .
      2.reduced_~t|     -0.01166         0.27        1         0.6051
      3.reduced_~t|     -0.00179         0.01        1         0.9231
      0b.organ_t~s|            .            .        1             .
      1.organ_tr~s|     -0.01104         0.33        1         0.5672
      1b.tot_adu~h|            .            .        1             .
      2.tot_adul~h|      0.00460         0.04        1         0.8498
      3.tot_adul~h|      0.01309         0.29        1         0.5919
      0b.asplenia |            .            .        1             .
      1.asplenia  |     -0.05231         4.61        1         0.0318
      0b.ra_sle_~s|            .            .        1             .
      1.ra_sle_p~s|      0.01742         0.53        1         0.4684
      0b.other_i~o|            .            .        1             .
      1.other_im~o|     -0.04032         3.69        1         0.0547
      ------------+---------------------------------------------------
      global test |                     93.57       36         0.0000
      ----------------------------------------------------------------

note: robust variance-covariance matrix used.

. 
. *Fit time interactions
. 
. stsplit timeperiod, at(60 90)
(750,638 observations (episodes) created)

. 
. *make vars binary
. gen anyreduced_kidney_function = reduced_kidney_function_cat>=2

. gen anyobesity = obese4cat>=2

. gen highimd = imd>=3

. 
. stcox   kids_cat3 age1 age2 age3                ///
>                         i.male                                                  ///
>                         i.obese4cat                                     ///
>                         i.smoke_nomiss                                  ///
>                         i.imd                                                   ///
>                         i.tot_adults_hh                             ///
>                         i.htdiag_or_highbp                              ///
>                         i.chronic_respiratory_disease   ///
>                         i.asthma                                                ///
>                         i.chronic_cardiac_disease               ///
>                         i.diabetes                                              ///
>                         i.cancer_exhaem_cat                             ///
>                         i.cancer_haem_cat                               ///
>                         i.chronic_liver_disease                 ///
>                         i.stroke_dementia                               ///
>                         i.other_neuro                                   ///
>                         i.reduced_kidney_function_cat   ///
>                         i.organ_trans                                   ///
>                         i.asplenia                                              ///
>                         i.ra_sle_psoriasis                      ///
>                         i.other_immuno                                  ///
>             60.timeperiod#1.kids_cat3                   ///
>                         90.timeperiod#1.kids_cat3                                               ///
>                 60.timeperiod#2.kids_cat3                                                       ///
>                         90.timeperiod#2.kids_cat3                                               ///
>                 60.timeperiod#1.tot_adults_hh                                           ///
>                         90.timeperiod#1.tot_adults_hh                                   ///
>                 60.timeperiod#1.male                                                            ///
>                         90.timeperiod#1.male                                                    ///
>                 60.timeperiod#1.anyobesity                                                      ///
>                         90.timeperiod#1.anyobesity                                              ///
>                 60.timeperiod#3.smoke_nomiss                                            ///
>                         90.timeperiod#3.smoke_nomiss                                    ///
>                 60.timeperiod#1.highimd                                                         ///
>                         90.timeperiod#1.highimd                                                 ///
>                 60.timeperiod#1.htdiag_or_highbp                                        ///
>                         90.timeperiod#1.htdiag_or_highbp                                ///
>                 60.timeperiod#1.chronic_respiratory_disease                     ///                     
>                         90.timeperiod#1.chronic_respiratory_disease             ///                             ///
>                 60.timeperiod#1.asthma                                                          ///
>                         90.timeperiod#1.asthma                                                  ///
>                 60.timeperiod#1.chronic_cardiac_disease                         ///
>                         90.timeperiod#1.chronic_cardiac_disease                 ///
>                 60.timeperiod#1.diabetes                                                        ///
>                         90.timeperiod#1.diabetes                                                ///
>                 60.timeperiod#1.cancer_exhaem_cat                                       ///
>                         90.timeperiod#1.cancer_exhaem_cat                               ///
>                 60.timeperiod#1.cancer_haem_cat                                         ///
>                         90.timeperiod#1.cancer_haem_cat                                 ///
>                 60.timeperiod#1.chronic_liver_disease                           ///
>                         90.timeperiod#1.chronic_liver_disease                   ///
>                 60.timeperiod#1.stroke_dementia                                         ///
>                         90.timeperiod#1.stroke_dementia                                 ///
>                 60.timeperiod#1.other_neuro                                                     ///
>                         90.timeperiod#1.other_neuro                                             ///
>                 60.timeperiod#1.anyreduced_kidney_function                      ///
>                         90.timeperiod#1.anyreduced_kidney_function              ///
>                 60.timeperiod#1.organ_trans                                                     ///
>                         90.timeperiod#1.organ_trans                                             ///
>                 60.timeperiod#1.asplenia                                                        ///
>                         90.timeperiod#1.asplenia                                                ///
>                 60.timeperiod#1.ra_sle_psoriasis                                        ///
>                         90.timeperiod#1.ra_sle_psoriasis                                ///
>                 60.timeperiod#1.other_immuno                                            ///
>                         90.timeperiod#1.other_immuno                                    ///
> , strata(stp) vce(cluster household_id) 

         failure _d:  covid_death
   analysis time _t:  (stime_covid_death-origin)
             origin:  time enter_date
  enter on or after:  time enter_date
                 id:  patient_id
             weight:  [pweight=pw]

(sum of wgt is 37,466,300.237549)
Iteration 0:   log pseudolikelihood = -18182.637
Iteration 1:   log pseudolikelihood = -17853.341
Iteration 2:   log pseudolikelihood = -17524.505
Iteration 3:   log pseudolikelihood = -16295.997
Iteration 4:   log pseudolikelihood = -16073.221
Iteration 5:   log pseudolikelihood = -16068.603
Iteration 6:   log pseudolikelihood = -16068.558
Iteration 7:   log pseudolikelihood = -16068.547
Iteration 8:   log pseudolikelihood = -16068.543
Iteration 9:   log pseudolikelihood = -16068.541
Iteration 10:  log pseudolikelihood = -16068.541
Iteration 11:  log pseudolikelihood = -16068.541
Iteration 12:  log pseudolikelihood = -16068.541
Iteration 13:  log pseudolikelihood = -16068.541
Iteration 14:  log pseudolikelihood = -16068.541
Iteration 15:  log pseudolikelihood = -16068.541
Iteration 16:  log pseudolikelihood = -16068.541
Iteration 17:  log pseudolikelihood = -16068.541
Iteration 18:  log pseudolikelihood = -16068.541
Iteration 19:  log pseudolikelihood = -16068.541
Iteration 20:  log pseudolikelihood = -16068.541
Iteration 21:  log pseudolikelihood = -16068.541
Iteration 22:  log pseudolikelihood = -16068.541
Iteration 23:  log pseudolikelihood = -16068.541
Iteration 24:  log pseudolikelihood = -16068.541
Iteration 25:  log pseudolikelihood = -16068.541
Iteration 26:  log pseudolikelihood = -16068.541
Iteration 27:  log pseudolikelihood = -16068.541
Iteration 28:  log pseudolikelihood = -16068.541
Iteration 29:  log pseudolikelihood = -16068.541
Iteration 30:  log pseudolikelihood = -16068.541
Iteration 31:  log pseudolikelihood = -16068.541
Iteration 32:  log pseudolikelihood = -16068.541
Iteration 33:  log pseudolikelihood = -16068.541
Iteration 34:  log pseudolikelihood = -16068.541
Iteration 35:  log pseudolikelihood = -16068.541
Refining estimates:
Iteration 0:   log pseudolikelihood = -16068.541
Iteration 1:   log pseudolikelihood = -16068.541
Iteration 2:   log pseudolikelihood = -16068.541
Iteration 3:   log pseudolikelihood = -16068.541

Stratified Cox regr. -- Breslow method for ties

No. of subjects      =   12,492,080             Number of obs    =   1,126,739
No. of failures      =        1,380
Time at risk         =   1698315732
                                                Wald chi2(80)    =    58258.62
Log pseudolikelihood =   -16068.541             Prob > chi2      =      0.0000

                                               (Std. Err. adjusted for 368,774 clusters in household_id)
--------------------------------------------------------------------------------------------------------
                                       |               Robust
                                    _t | Haz. Ratio   Std. Err.      z    P>|z|     [95% Conf. Interval]
---------------------------------------+----------------------------------------------------------------
                             kids_cat3 |    .862483    .131626    -0.97   0.332     .6395084    1.163201
                                  age1 |   1.185904   .0586832     3.45   0.001     1.076289    1.306684
                                  age2 |   .8653996   .1148659    -1.09   0.276     .6671682     1.12253
                                  age3 |   1.152809   .4379761     0.37   0.708     .5474795    2.427429
                                1.male |   1.753051   .2724474     3.61   0.000     1.292726    2.377292
                                       |
                             obese4cat |
                    Obese I (30-34.9)  |   1.393818   .2353809     1.97   0.049     1.001058    1.940674
                   Obese II (35-39.9)  |   2.128218   .3791583     4.24   0.000     1.500956    3.017617
                      Obese III (40+)  |   2.314643   .4323087     4.49   0.000     1.605107    3.337828
                                       |
                          smoke_nomiss |
                               Former  |   .9969363   .0636341    -0.05   0.962     .8797018    1.129794
                              Current  |   .7512247   .1559347    -1.38   0.168     .5001296    1.128385
                                       |
                                   imd |
                                    2  |   1.188995   .1272179     1.62   0.106     .9640612    1.466409
                                    3  |   1.029902   .1949569     0.16   0.876     .7106679    1.492538
                                    4  |    1.45894   .2705872     2.04   0.042       1.0143    2.098497
                      5 most deprived  |   1.484037   .2780656     2.11   0.035     1.027908    2.142572
                                       |
                         tot_adults_hh |
                                    2  |    .810746   .1474039    -1.15   0.249     .5677088    1.157828
                                    3  |   1.116215   .1999072     0.61   0.539     .7857833    1.585596
                                       |
                    1.htdiag_or_highbp |   1.498746   .2614376     2.32   0.020     1.064747    2.109646
         1.chronic_respiratory_disease |   2.649961    .599052     4.31   0.000     1.701438    4.127268
                              1.asthma |   1.107478     .21241     0.53   0.595     .7604626    1.612844
             1.chronic_cardiac_disease |   1.971045   .4100869     3.26   0.001      1.31099    2.963424
                            1.diabetes |   2.815366    .501522     5.81   0.000     1.985656    3.991772
                                       |
                     cancer_exhaem_cat |
                            Last year  |   3.303455   1.033616     3.82   0.000     1.789107    6.099587
                        2-5 years ago  |   2.034539   .6273525     2.30   0.021     1.111724     3.72336
                             5+ years  |   1.187998   .3603908     0.57   0.570     .6555342     2.15296
                                       |
                       cancer_haem_cat |
                            Last year  |   7.053441   3.763494     3.66   0.000     2.478715     20.0713
                        2-5 years ago  |   8.950728   4.255484     4.61   0.000     3.525071    22.72735
                             5+ years  |   2.764205   1.247052     2.25   0.024     1.141712    6.692429
                                       |
               1.chronic_liver_disease |   2.987347   1.185112     2.76   0.006     1.372793    6.500794
                     1.stroke_dementia |    1.54234   .5009492     1.33   0.182     .8160402    2.915069
                         1.other_neuro |    5.62759   1.927197     5.04   0.000     2.876234    11.01085
                                       |
           reduced_kidney_function_cat |
         Stage 3a/3b egfr 30-60        |   2.828579   .6460014     4.55   0.000     1.807872    4.425567
                    Stage 4/5 egfr<30  |   11.64879   3.108667     9.20   0.000     6.904366    19.65339
                                       |
                         1.organ_trans |   .6312255   .4841909    -0.60   0.549     .1403646    2.838647
                            1.asplenia |    2.38917    2.41331     0.86   0.389     .3299478    17.30011
                    1.ra_sle_psoriasis |   1.446433   .3661274     1.46   0.145     .8807217    2.375517
                        1.other_immuno |   3.715118   1.907565     2.56   0.011     1.358046     10.1632
                                       |
                  timeperiod#kids_cat3 |
                     60#Kids under 12  |   1.017889   .1904519     0.09   0.924     .7054022    1.468806
                     60#Kids under 18  |   1.398634   .4576234     1.03   0.305     .7365406    2.655898
                     90#Kids under 12  |   .9513645   .2432184    -0.20   0.845     .5764152    1.570213
                     90#Kids under 18  |   1.141172   .4559792     0.33   0.741     .5214773    2.497276
                                       |
              timeperiod#tot_adults_hh |
                                 60 1  |   .9917739   .1899252    -0.04   0.966     .6814079    1.443505
                                 90 1  |   1.024805   .2286847     0.11   0.913     .6617528    1.587034
                                       |
                       timeperiod#male |
                                 60 1  |   1.119845   .1894324     0.67   0.503     .8038392     1.56008
                                 90 1  |   1.015747   .2058056     0.08   0.939     .6828409    1.510956
                                       |
                 timeperiod#anyobesity |
                                 60 1  |   .9008033   .1611752    -0.58   0.559      .634351    1.279176
                                 90 1  |   .6681745   .1445135    -1.86   0.062     .4373117    1.020913
                                       |
               timeperiod#smoke_nomiss |
                           60#Current  |   .6888395   .1560162    -1.65   0.100     .4419042    1.073762
                           90#Current  |   1.388559   .3471488     1.31   0.189     .8506644    2.266576
                                       |
                    timeperiod#highimd |
                                 60 1  |   1.327546   .2458507     1.53   0.126      .923451    1.908469
                                 90 1  |   1.368397    .309754     1.39   0.166     .8780756    2.132516
                                       |
           timeperiod#htdiag_or_highbp |
                                 60 1  |   .8002282   .1500365    -1.19   0.235      .554141      1.1556
                                 90 1  |   .8356939   .1863118    -0.81   0.421     .5398562    1.293649
                                       |
timeperiod#chronic_respiratory_disease |
                                 60 1  |   .9912106   .2425658    -0.04   0.971      .613568    1.601287
                                 90 1  |   .8929895   .2576964    -0.39   0.695     .5072348    1.572113
                                       |
                     timeperiod#asthma |
                                 60 1  |   1.020953   .2120322     0.10   0.920     .6795594    1.533853
                                 90 1  |   1.107038   .2755304     0.41   0.683     .6796838    1.803092
                                       |
    timeperiod#chronic_cardiac_disease |
                                 60 1  |   .7639765   .1733439    -1.19   0.235     .4897168    1.191832
                                 90 1  |   .8644783   .2357931    -0.53   0.593     .5065034    1.475455
                                       |
                   timeperiod#diabetes |
                                 60 1  |   .8810777   .1706274    -0.65   0.513     .6027989    1.287822
                                 90 1  |   .6807458    .162232    -1.61   0.107      .426708    1.086023
                                       |
          timeperiod#cancer_exhaem_cat |
                             60#Never  |   .8476204   .2521093    -0.56   0.578     .4731807    1.518364
                             90#Never  |   .5488651   .1824009    -1.81   0.071     .2861482    1.052786
                                       |
            timeperiod#cancer_haem_cat |
                             60#Never  |   1.359042   .6078642     0.69   0.493     .5656037    3.265526
                             90#Never  |   .9320468   .4867009    -0.13   0.893     .3349293    2.593716
                                       |
      timeperiod#chronic_liver_disease |
                                 60 1  |   .9957978   .4090634    -0.01   0.992       .44515    2.227593
                                 90 1  |    1.98398   .8985065     1.51   0.130     .8166656    4.819813
                                       |
            timeperiod#stroke_dementia |
                                 60 1  |   1.119465   .3850752     0.33   0.743     .5704442    2.196889
                                 90 1  |   1.139331   .4652071     0.32   0.749      .511789     2.53635
                                       |
                timeperiod#other_neuro |
                                 60 1  |   .8528052   .3128561    -0.43   0.664     .4155105    1.750321
                                 90 1  |    .946859   .4045656    -0.13   0.898     .4098184    2.187657
                                       |
 timeperiod#anyreduced_kidney_function |
                                 60 1  |   .8333622   .2015412    -0.75   0.451     .5187741    1.338719
                                 90 1  |    .824005   .2431915    -0.66   0.512     .4620742    1.469427
                                       |
                timeperiod#organ_trans |
                                 60 1  |   3.669023   2.866678     1.66   0.096     .7933968    16.96721
                                 90 1  |   2.327461   2.097747     0.94   0.349     .3978249    13.61673
                                       |
                   timeperiod#asplenia |
                                 60 1  |   .6796953   .7657488    -0.34   0.732     .0747043    6.184193
                                 90 1  |   1.24e-16   1.26e-16   -35.89   0.000     1.67e-17    9.13e-16
                                       |
           timeperiod#ra_sle_psoriasis |
                                 60 1  |   .8468638   .2354278    -0.60   0.550     .4911112    1.460317
                                 90 1  |   1.101592    .356781     0.30   0.765     .5838962    2.078289
                                       |
               timeperiod#other_immuno |
                                 60 1  |   .7688097   .4315269    -0.47   0.639     .2558857    2.309892
                                 90 1  |   .3813842   .3034837    -1.21   0.226     .0801724    1.814263
--------------------------------------------------------------------------------------------------------
                                                             Stratified by stp

. 
. estat phtest, d

      Test of proportional-hazards assumption

      Time:  Time
      ----------------------------------------------------------------
                  |       rho            chi2       df       Prob>chi2
      ------------+---------------------------------------------------
      kids_cat3   |     -0.00403         0.04        1         0.8408
      age1        |      0.03811         2.10        1         0.1471
      age2        |     -0.02978         1.41        1         0.2346
      age3        |      0.02498         1.04        1         0.3076
      0b.male     |            .            .        1             .
      1.male      |      0.00352         0.02        1         0.8810
      1b.obese4cat|            .            .        1             .
      2.obese4cat |      0.01199         0.32        1         0.5704
      3.obese4cat |      0.00371         0.03        1         0.8610
      4.obese4cat |     -0.02438         1.25        1         0.2637
      1b.smoke_n~s|            .            .        1             .
      2.smoke_no~s|     -0.02026         0.77        1         0.3816
      3.smoke_no~s|     -0.00844         0.16        1         0.6878
      1b.imd      |            .            .        1             .
      2.imd       |      0.04544         3.50        1         0.0613
      3.imd       |      0.01313         0.31        1         0.5781
      4.imd       |      0.01978         0.70        1         0.4023
      5.imd       |      0.02294         0.92        1         0.3387
      1b.tot_adu~h|            .            .        1             .
      2.tot_adul~h|     -0.00252         0.02        1         0.8993
      3.tot_adul~h|      0.00251         0.02        1         0.9018
      0b.htdiag_~p|            .            .        1             .
      1.htdiag_o~p|      0.00046         0.00        1         0.9808
      0b.chronic..|            .            .        1             .
      1.~y_disease|     -0.00224         0.01        1         0.9186
      0b.asthma   |            .            .        1             .
      1.asthma    |      0.01018         0.21        1         0.6478
      0b.chronic..|            .            .        1             .
      1.~c_disease|     -0.00103         0.00        1         0.9573
      0b.diabetes |            .            .        1             .
      1.diabetes  |      0.00077         0.00        1         0.9697
      1b.c~exhae~t|            .            .        1             .
      2.cancer_e~t|      0.01049         0.21        1         0.6442
      3.cancer_e~t|      0.00913         0.20        1         0.6521
      4.cancer_e~t|      0.00549         0.07        1         0.7918
      1b.cancer_..|            .            .        1             .
      2.cancer_h~t|      0.01445         0.33        1         0.5649
      3.cancer_h~t|     -0.01967         1.10        1         0.2951
      4.cancer_h~t|      0.01452         0.41        1         0.5210
      0b.chronic..|            .            .        1             .
      1.~r_disease|      0.00166         0.01        1         0.9232
      0b.stroke_~a|            .            .        1             .
      1.stroke_d~a|      0.00455         0.06        1         0.8035
      0b.other_n~o|            .            .        1             .
      1.other_ne~o|     -0.00455         0.06        1         0.8070
      1b.reduced~t|            .            .        1             .
      2.reduced_~t|     -0.00673         0.12        1         0.7279
      3.reduced_~t|      0.00069         0.00        1         0.9697
      0b.organ_t~s|            .            .        1             .
      1.organ_tr~s|     -0.00677         0.10        1         0.7556
      0b.asplenia |            .            .        1             .
      1.asplenia  |     -0.00216         0.01        1         0.9180
      0b.ra_sle_~s|            .            .        1             .
      1.ra_sle_p~s|     -0.00464         0.05        1         0.8304
      0b.other_i~o|            .            .        1             .
      1.other_im~o|      0.00369         0.04        1         0.8428
      60bn.timep~3|      0.01061         0.25        1         0.6178
      60bn.timep~3|      0.00511         0.06        1         0.8044
      90.timeper~3|     -0.01261         0.30        1         0.5836
      90.timeper~3|     -0.00142         0.00        1         0.9478
      60bn.timep~h|     -0.00228         0.01        1         0.9128
      90.timeper~h|     -0.00935         0.19        1         0.6661
      60bn.timep~e|     -0.00471         0.04        1         0.8443
      90.timeper~e|     -0.02267         0.91        1         0.3406
      60bn.timep~y|     -0.02252         1.12        1         0.2907
      90.timeper~y|     -0.00177         0.01        1         0.9331
      60bn.timep~s|      0.00849         0.15        1         0.6958
      90.timeper~s|      0.00943         0.19        1         0.6618
      60bn.timep~d|      0.00436         0.03        1         0.8559
      90.timeper~d|      0.00807         0.12        1         0.7266
      60bn.timep~p|     -0.00174         0.01        1         0.9301
      90.timeper~p|      0.00572         0.08        1         0.7762
      60bn.timep~y|     -0.00251         0.01        1         0.9115
      90.timeper~y|      0.00647         0.09        1         0.7695
      60bn.timep~a|     -0.01070         0.22        1         0.6386
      90.timeper~a|     -0.00231         0.01        1         0.9169
      60bn.timep~s|      0.00781         0.16        1         0.6937
      90.timeper~s|      0.00906         0.20        1         0.6550
      60bn.timep~s|     -0.00398         0.04        1         0.8490
      90.timeper~s|     -0.01195         0.35        1         0.5546
      60bn.timep~t|      0.00698         0.11        1         0.7424
      90.timeper~t|      0.00100         0.00        1         0.9628
      60bn.timep~t|     -0.01166         0.28        1         0.5992
      90.timeper~t|     -0.00199         0.01        1         0.9197
      60bn.timep~a|      0.00499         0.08        1         0.7839
      90.timeper~a|      0.00993         0.29        1         0.5873
      60bn.timep~a|     -0.00226         0.01        1         0.9074
      90.timeper~a|     -0.01454         0.53        1         0.4667
      60bn.timep~o|      0.00322         0.03        1         0.8698
      90.timeper~o|      0.01758         0.75        1         0.3880
      60bn.timep~f|      0.00604         0.09        1         0.7622
      90.timeper~f|      0.00345         0.03        1         0.8686
      60bn.timep~s|      0.00245         0.01        1         0.9129
      90.timeper~s|      0.00132         0.00        1         0.9518
      60bn.timep~a|     -0.00793         0.14        1         0.7118
      90.timeper~a|      0.00016         0.00        1         0.9938
      60bn.timep~s|      0.00785         0.12        1         0.7269
      90.timeper~s|     -0.00847         0.14        1         0.7084
      60bn.timep~o|     -0.00378         0.04        1         0.8480
      90.timeper~o|     -0.00840         0.16        1         0.6891
      ------------+---------------------------------------------------
      global test |                     36.81       80         1.0000
      ----------------------------------------------------------------

note: robust variance-covariance matrix used.

. 
. log close
      name:  <unnamed>
       log:  E:\analyses\school-age-children-and-covid\analysis\log\an_multivariableFULL_cox_models_covid_death_exploratory.log
  log type:  text
 closed on:  24 Jul 2020, 14:42:07
------------------------------------------------------------------------------------------------------------------------------------------------------------------------------------------------------------
