----------------------------------------------------------------------------------------------------------------------------------
      name:  <unnamed>
       log:  E:\analyses\school-age-children-and-covid\analysis\log\an_multivariableFULL_cox_models_covid_tpp_prob_exploratory.log
  log type:  text
 opened on:  24 Jul 2020, 13:43:59

. use "$tempdir\cr_create_analysis_dataset_STSET_`outcome'.dta", clear

. 
. 
. *Run main MV model for different age bands
. forvalues x=1/5 { 
  2. cap stcox       kids_cat3 age1 age2 age3                ///
>                         i.male                                                  ///
>                         i.obese4cat                                     ///
>                         i.smoke_nomiss                                  ///
>                         i.imd                                                   ///
>                         i.htdiag_or_highbp                              ///
>                         i.chronic_respiratory_disease   ///
>                         i.asthma                                                ///
>                         i.chronic_cardiac_disease               ///
>                         i.diabetes                                              ///
>                         i.cancer_exhaem_cat                             ///
>                         i.cancer_haem_cat                               ///
>                         i.chronic_liver_disease                 ///
>                         i.stroke_dementia                               ///
>                         i.other_neuro                                   ///
>                         i.reduced_kidney_function_cat   ///
>                         i.organ_trans                                   ///
>                         i.tot_adults_hh                                 ///
>                         i.asplenia                                              ///
>                         i.ra_sle_psoriasis                      ///
>                         i.other_immuno                                  ///
>                          if agegroup==`x', strata(stp) vce(cluster household_id) 
  3.                         }

. 
. *Run main MV model for different hh sizes
. forvalues x=1/5 { 
  2. cap stcox       kids_cat3 age1 age2 age3                ///
>                         i.male                                                  ///
>                         i.obese4cat                                     ///
>                         i.smoke_nomiss                                  ///
>                         i.imd                                                   ///
>                         i.htdiag_or_highbp                              ///
>                         i.chronic_respiratory_disease   ///
>                         i.asthma                                                ///
>                         i.chronic_cardiac_disease               ///
>                         i.diabetes                                              ///
>                         i.cancer_exhaem_cat                             ///
>                         i.cancer_haem_cat                               ///
>                         i.chronic_liver_disease                 ///
>                         i.stroke_dementia                               ///
>                         i.other_neuro                                   ///
>                         i.reduced_kidney_function_cat   ///
>                         i.organ_trans                                   ///
>                         i.tot_adults_hh                                 ///
>                         i.asplenia                                              ///
>                         i.ra_sle_psoriasis                      ///
>                         i.other_immuno                                  ///
>                          if household_size==`x', strata(stp) vce(cluster household_id) 
  3.                         }

.                         
. 
. ********************************************************************************
. ********************************************************************************
. ********************************************************************************
. 
. 
. 
. 
. *Run models for hh with 2 adults
. *Age and sex adj
. stcox   kids_cat3 age1 age2 age3                ///
>                         i.male                                                  ///
>                          if tot_adults_hh==2, strata(stp) vce(cluster household_id) 

         failure _d:  covid_tpp_prob
   analysis time _t:  (stime_covid_tpp_prob-origin)
             origin:  time enter_date
  enter on or after:  time enter_date
                 id:  patient_id
             weight:  [pweight=pw]

(sum of wgt is 4,932,478.8121872)
Iteration 0:   log pseudolikelihood = -111162.67
Iteration 1:   log pseudolikelihood = -110788.97
Iteration 2:   log pseudolikelihood = -110783.62
Iteration 3:   log pseudolikelihood =  -110783.6
Iteration 4:   log pseudolikelihood =  -110783.6
Refining estimates:
Iteration 0:   log pseudolikelihood =  -110783.6

Stratified Cox regr. -- Breslow method for ties

No. of subjects      =    4,932,479             Number of obs    =     156,781
No. of failures      =        9,079
Time at risk         =  670186504.5
                                                Wald chi2(5)     =      700.84
Log pseudolikelihood =    -110783.6             Prob > chi2      =      0.0000

                     (Std. Err. adjusted for 154,032 clusters in household_id)
------------------------------------------------------------------------------
             |               Robust
          _t | Haz. Ratio   Std. Err.      z    P>|z|     [95% Conf. Interval]
-------------+----------------------------------------------------------------
   kids_cat3 |   1.019031   .0187027     1.03   0.304     .9830259    1.056355
        age1 |   1.043109   .0088126     5.00   0.000     1.025979    1.060526
        age2 |   .9663279   .0252596    -1.31   0.190     .9180668    1.017126
        age3 |   .9525081   .0850198    -0.55   0.586     .7996343    1.134608
      1.male |   .7327014   .0155406   -14.66   0.000     .7028668    .7638022
------------------------------------------------------------------------------
                                                             Stratified by stp

.                          
.                          
. *Demog adj
. stcox   kids_cat3 age1 age2 age3                ///
>                         i.male                                                  ///
>                         i.obese4cat                                     ///
>                         i.smoke_nomiss                                  ///
>                         i.imd                                                   ///
>                          if tot_adults_hh==2, strata(stp) vce(cluster household_id) 

         failure _d:  covid_tpp_prob
   analysis time _t:  (stime_covid_tpp_prob-origin)
             origin:  time enter_date
  enter on or after:  time enter_date
                 id:  patient_id
             weight:  [pweight=pw]

(sum of wgt is 4,932,478.8121872)
Iteration 0:   log pseudolikelihood = -111162.67
Iteration 1:   log pseudolikelihood =  -110334.3
Iteration 2:   log pseudolikelihood = -110281.85
Iteration 3:   log pseudolikelihood = -110281.26
Iteration 4:   log pseudolikelihood = -110281.26
Refining estimates:
Iteration 0:   log pseudolikelihood = -110281.26

Stratified Cox regr. -- Breslow method for ties

No. of subjects      =    4,932,479             Number of obs    =     156,781
No. of failures      =        9,079
Time at risk         =  670186504.5
                                                Wald chi2(14)    =     1601.21
Log pseudolikelihood =   -110281.26             Prob > chi2      =      0.0000

                            (Std. Err. adjusted for 154,032 clusters in household_id)
-------------------------------------------------------------------------------------
                    |               Robust
                 _t | Haz. Ratio   Std. Err.      z    P>|z|     [95% Conf. Interval]
--------------------+----------------------------------------------------------------
          kids_cat3 |   1.023442   .0189426     1.25   0.211     .9869803     1.06125
               age1 |   1.042467    .008903     4.87   0.000     1.025162    1.060063
               age2 |   .9653995   .0254461    -1.34   0.182     .9167924    1.016584
               age3 |   .9507737   .0854581    -0.56   0.574     .7972029    1.133928
             1.male |   .7783021    .016771   -11.63   0.000      .746116    .8118766
                    |
          obese4cat |
 Obese I (30-34.9)  |   1.451759   .0420292    12.88   0.000     1.371677    1.536517
Obese II (35-39.9)  |    1.73167    .068242    13.93   0.000     1.602953    1.870723
   Obese III (40+)  |   2.176982   .1031068    16.43   0.000     1.983992    2.388744
                    |
       smoke_nomiss |
            Former  |   .9902511   .0241167    -0.40   0.687     .9440937    1.038665
           Current  |   .6137519   .0219069   -13.68   0.000     .5722827    .6582261
                    |
                imd |
                 2  |   1.099851   .0400242     2.62   0.009     1.024138    1.181163
                 3  |   1.174239   .0435206     4.33   0.000     1.091964    1.262712
                 4  |   1.345449   .0499202     8.00   0.000      1.25108    1.446936
   5 most deprived  |   1.639065   .0624912    12.96   0.000     1.521049    1.766238
-------------------------------------------------------------------------------------
                                                             Stratified by stp

. 
. 
. *FULL
.  stcox  kids_cat3 age1 age2 age3                ///
>                         i.male                                                  ///
>                         i.obese4cat                                     ///
>                         i.smoke_nomiss                                  ///
>                         i.imd                                                   ///
>                         i.htdiag_or_highbp                              ///
>                         i.chronic_respiratory_disease   ///
>                         i.asthma                                                ///
>                         i.chronic_cardiac_disease               ///
>                         i.diabetes                                              ///
>                         i.cancer_exhaem_cat                             ///
>                         i.cancer_haem_cat                               ///
>                         i.chronic_liver_disease                 ///
>                         i.stroke_dementia                               ///
>                         i.other_neuro                                   ///
>                         i.reduced_kidney_function_cat   ///
>                         i.organ_trans                                   ///
>                         i.tot_adults_hh                                 ///
>                         i.asplenia                                              ///
>                         i.ra_sle_psoriasis                      ///
>                         i.other_immuno                                  ///
>                          if tot_adults_hh==2, strata(stp) vce(cluster household_id) 

         failure _d:  covid_tpp_prob
   analysis time _t:  (stime_covid_tpp_prob-origin)
             origin:  time enter_date
  enter on or after:  time enter_date
                 id:  patient_id
             weight:  [pweight=pw]

(sum of wgt is 4,932,478.8121872)
note: 2.tot_adults_hh omitted because of collinearity
Iteration 0:   log pseudolikelihood = -111162.67
Iteration 1:   log pseudolikelihood = -110199.94
Iteration 2:   log pseudolikelihood = -109705.47
Iteration 3:   log pseudolikelihood = -109638.79
Iteration 4:   log pseudolikelihood = -109630.58
Iteration 5:   log pseudolikelihood = -109630.34
Iteration 6:   log pseudolikelihood = -109630.34
Refining estimates:
Iteration 0:   log pseudolikelihood = -109630.34

Stratified Cox regr. -- Breslow method for ties

No. of subjects      =    4,932,479             Number of obs    =     156,781
No. of failures      =        9,079
Time at risk         =  670186504.5
                                                Wald chi2(34)    =     2973.00
Log pseudolikelihood =   -109630.34             Prob > chi2      =      0.0000

                                      (Std. Err. adjusted for 154,032 clusters in household_id)
-----------------------------------------------------------------------------------------------
                              |               Robust
                           _t | Haz. Ratio   Std. Err.      z    P>|z|     [95% Conf. Interval]
------------------------------+----------------------------------------------------------------
                    kids_cat3 |   1.037219   .0192757     1.97   0.049     1.000119    1.075695
                         age1 |   1.045932   .0089629     5.24   0.000     1.028511    1.063647
                         age2 |   .9417165   .0249898    -2.26   0.024     .8939894    .9919917
                         age3 |   .9682255   .0877881    -0.36   0.722     .8105856    1.156523
                       1.male |   .7475393   .0164546   -13.22   0.000     .7159747    .7804955
                              |
                    obese4cat |
           Obese I (30-34.9)  |   1.307837   .0391684     8.96   0.000     1.233278    1.386903
          Obese II (35-39.9)  |   1.445502   .0598176     8.90   0.000      1.33289    1.567628
             Obese III (40+)  |   1.671948   .0841699    10.21   0.000     1.514855    1.845331
                              |
                 smoke_nomiss |
                      Former  |   .9300001   .0231574    -2.91   0.004     .8857022    .9765135
                     Current  |   .5703902   .0207985   -15.40   0.000     .5310485    .6126465
                              |
                          imd |
                           2  |   1.090747   .0400339     2.37   0.018     1.015038    1.172103
                           3  |   1.142616   .0427205     3.57   0.000      1.06188    1.229491
                           4  |    1.28941   .0482665     6.79   0.000     1.198196    1.387567
             5 most deprived  |    1.52904   .0591311    10.98   0.000     1.417428     1.64944
                              |
           1.htdiag_or_highbp |   1.198689   .0322236     6.74   0.000     1.137167     1.26354
1.chronic_respiratory_disease |   1.857217   .1092642    10.52   0.000     1.654949    2.084207
                     1.asthma |   1.312621   .0358918     9.95   0.000     1.244126    1.384887
    1.chronic_cardiac_disease |   1.407498   .0751869     6.40   0.000     1.267586    1.562852
                   1.diabetes |   1.810383   .0656242    16.37   0.000     1.686224    1.943683
                              |
            cancer_exhaem_cat |
                   Last year  |   1.776626   .2805912     3.64   0.000     1.303652    2.421199
               2-5 years ago  |   1.222415   .1275982     1.92   0.054       .99625    1.499922
                    5+ years  |   1.148562   .0964766     1.65   0.099     .9742163    1.354108
                              |
              cancer_haem_cat |
                   Last year  |   4.060417   1.285849     4.42   0.000     2.182795    7.553154
               2-5 years ago  |   2.852022   .6341846     4.71   0.000     1.844493      4.4099
                    5+ years  |   1.743756    .299305     3.24   0.001     1.245611    2.441121
                              |
      1.chronic_liver_disease |   1.878088   .2140768     5.53   0.000     1.502071    2.348235
            1.stroke_dementia |   1.413474   .1336769     3.66   0.000     1.174321     1.70133
                1.other_neuro |   1.378531   .1506336     2.94   0.003     1.112769    1.707766
                              |
  reduced_kidney_function_cat |
Stage 3a/3b egfr 30-60        |   1.278239   .1052226     2.98   0.003     1.087784    1.502041
           Stage 4/5 egfr<30  |   4.065601   .6609312     8.63   0.000     2.956295    5.591158
                              |
                1.organ_trans |   1.871154   .3465344     3.38   0.001     1.301573     2.68999
              2.tot_adults_hh |          1  (omitted)
                   1.asplenia |   2.461343   .4792849     4.63   0.000     1.680436    3.605141
           1.ra_sle_psoriasis |   1.181454   .0542861     3.63   0.000     1.079705    1.292791
               1.other_immuno |   2.081689   .2779514     5.49   0.000     1.602365    2.704394
-----------------------------------------------------------------------------------------------
                                                             Stratified by stp

. 
. 
.                          
. ********************************************************************************
. ********************************************************************************
. ********************************************************************************
. 
. 
. 
. *Investigate non-PH
. 
. 
. *Full MV model without clustering (to see if the clustering by hh id is affecting PH test)
.  stcox  kids_cat3 age1 age2 age3                ///
>                         i.male                                                  ///
>                         i.obese4cat                                     ///
>                         i.smoke_nomiss                                  ///
>                         i.imd                                                   ///
>                         i.htdiag_or_highbp                              ///
>                         i.chronic_respiratory_disease   ///
>                         i.asthma                                                ///
>                         i.chronic_cardiac_disease               ///
>                         i.diabetes                                              ///
>                         i.cancer_exhaem_cat                             ///
>                         i.cancer_haem_cat                               ///
>                         i.chronic_liver_disease                 ///
>                         i.stroke_dementia                               ///
>                         i.other_neuro                                   ///
>                         i.reduced_kidney_function_cat   ///
>                         i.organ_trans                                   ///
>                         i.tot_adults_hh                                 ///
>                         i.asplenia                                              ///
>                         i.ra_sle_psoriasis                      ///
>                         i.other_immuno                                  ///
>                          if tot_adults_hh==2, strata(stp) 

         failure _d:  covid_tpp_prob
   analysis time _t:  (stime_covid_tpp_prob-origin)
             origin:  time enter_date
  enter on or after:  time enter_date
                 id:  patient_id
             weight:  [pweight=pw]

(sum of wgt is 4,932,478.8121872)
note: 2.tot_adults_hh omitted because of collinearity
Iteration 0:   log pseudolikelihood = -111162.67
Iteration 1:   log pseudolikelihood = -110199.94
Iteration 2:   log pseudolikelihood = -109705.47
Iteration 3:   log pseudolikelihood = -109638.79
Iteration 4:   log pseudolikelihood = -109630.58
Iteration 5:   log pseudolikelihood = -109630.34
Iteration 6:   log pseudolikelihood = -109630.34
Refining estimates:
Iteration 0:   log pseudolikelihood = -109630.34

Stratified Cox regr. -- Breslow method for ties

No. of subjects      =    4,932,479             Number of obs    =     156,781
No. of failures      =        9,079
Time at risk         =  670186504.5
                                                Wald chi2(34)    =     3020.14
Log pseudolikelihood =   -109630.34             Prob > chi2      =      0.0000

                                        (Std. Err. adjusted for 156,781 clusters in patient_id)
-----------------------------------------------------------------------------------------------
                              |               Robust
                           _t | Haz. Ratio   Std. Err.      z    P>|z|     [95% Conf. Interval]
------------------------------+----------------------------------------------------------------
                    kids_cat3 |   1.037219   .0185669     2.04   0.041      1.00146    1.074256
                         age1 |   1.045932   .0088097     5.33   0.000     1.028807    1.063342
                         age2 |   .9417165   .0245159    -2.31   0.021     .8948715    .9910138
                         age3 |   .9682255    .086043    -0.36   0.716     .8134541    1.152444
                       1.male |   .7475393   .0170534   -12.75   0.000     .7148515    .7817218
                              |
                    obese4cat |
           Obese I (30-34.9)  |   1.307837    .039108     8.97   0.000     1.233389    1.386778
          Obese II (35-39.9)  |   1.445502   .0595302     8.95   0.000     1.333409    1.567017
             Obese III (40+)  |   1.671948    .084086    10.22   0.000     1.515004    1.845149
                              |
                 smoke_nomiss |
                      Former  |   .9300001   .0229453    -2.94   0.003     .8860981    .9760771
                     Current  |   .5703902   .0206393   -15.52   0.000      .531339    .6123115
                              |
                          imd |
                           2  |   1.090747   .0384551     2.46   0.014     1.017921    1.168783
                           3  |   1.142616   .0409709     3.72   0.000     1.065072    1.225807
                           4  |    1.28941   .0463012     7.08   0.000     1.201781    1.383428
             5 most deprived  |    1.52904    .056997    11.39   0.000     1.421311    1.644934
                              |
           1.htdiag_or_highbp |   1.198689   .0321792     6.75   0.000     1.137249    1.263448
1.chronic_respiratory_disease |   1.857217   .1093232    10.52   0.000     1.654846    2.084337
                     1.asthma |   1.312621   .0358008     9.97   0.000     1.244295    1.384698
    1.chronic_cardiac_disease |   1.407498   .0750213     6.41   0.000     1.267879    1.562492
                   1.diabetes |   1.810383   .0652792    16.46   0.000     1.686854    1.942957
                              |
            cancer_exhaem_cat |
                   Last year  |   1.776626   .2805681     3.64   0.000     1.303685    2.421137
               2-5 years ago  |   1.222415   .1276581     1.92   0.054     .9961543    1.500066
                    5+ years  |   1.148562   .0965495     1.65   0.099      .974095    1.354277
                              |
              cancer_haem_cat |
                   Last year  |   4.060417   1.285762     4.43   0.000     2.182887    7.552835
               2-5 years ago  |   2.852022   .6341003     4.71   0.000       1.8446    4.409644
                    5+ years  |   1.743756   .2992603     3.24   0.001     1.245673    2.440998
                              |
      1.chronic_liver_disease |   1.878088   .2140367     5.53   0.000     1.502134    2.348136
            1.stroke_dementia |   1.413474   .1332499     3.67   0.000     1.175016    1.700323
                1.other_neuro |   1.378531   .1508696     2.93   0.003     1.112395    1.708339
                              |
  reduced_kidney_function_cat |
Stage 3a/3b egfr 30-60        |   1.278239    .105208     2.98   0.003     1.087808    1.502007
           Stage 4/5 egfr<30  |   4.065601   .6606591     8.63   0.000     2.956683    5.590425
                              |
                1.organ_trans |   1.871154   .3465242     3.38   0.001     1.301587    2.689961
              2.tot_adults_hh |          1  (omitted)
                   1.asplenia |   2.461343   .4797256     4.62   0.000     1.679846    3.606407
           1.ra_sle_psoriasis |   1.181454   .0542402     3.63   0.000     1.079788    1.292692
               1.other_immuno |   2.081689   .2790885     5.47   0.000     1.600651    2.707291
-----------------------------------------------------------------------------------------------
                                                             Stratified by stp

. 
. 
. *Plot hazards
. *Age and sex adj
. stcox   kids_cat3 age1 age2 age3                ///
>                         i.male  , strata(stp) vce(cluster household_id) 

         failure _d:  covid_tpp_prob
   analysis time _t:  (stime_covid_tpp_prob-origin)
             origin:  time enter_date
  enter on or after:  time enter_date
                 id:  patient_id
             weight:  [pweight=pw]

(sum of wgt is 12,492,921.190979)
Iteration 0:   log pseudolikelihood = -303880.32
Iteration 1:   log pseudolikelihood = -302236.16
Iteration 2:   log pseudolikelihood =  -302209.4
Iteration 3:   log pseudolikelihood = -302209.33
Iteration 4:   log pseudolikelihood = -302209.33
Refining estimates:
Iteration 0:   log pseudolikelihood = -302209.33

Stratified Cox regr. -- Breslow method for ties

No. of subjects      =   12,492,921             Number of obs    =     397,151
No. of failures      =       23,055
Time at risk         =   1697424492
                                                Wald chi2(5)     =     3085.37
Log pseudolikelihood =   -302209.33             Prob > chi2      =      0.0000

                     (Std. Err. adjusted for 387,798 clusters in household_id)
------------------------------------------------------------------------------
             |               Robust
          _t | Haz. Ratio   Std. Err.      z    P>|z|     [95% Conf. Interval]
-------------+----------------------------------------------------------------
   kids_cat3 |   1.074621    .011962     6.47   0.000      1.05143    1.098324
        age1 |   1.043292   .0048015     9.21   0.000     1.033924    1.052746
        age2 |   .9753523    .014535    -1.67   0.094     .9472763     1.00426
        age3 |   .9575574   .0503556    -0.82   0.410     .8637783    1.061518
      1.male |   .7191134   .0097013   -24.44   0.000     .7003483    .7383812
------------------------------------------------------------------------------
                                                             Stratified by stp

. estat phtest, d         

      Test of proportional-hazards assumption

      Time:  Time
      ----------------------------------------------------------------
                  |       rho            chi2       df       Prob>chi2
      ------------+---------------------------------------------------
      kids_cat3   |      0.03759        39.02        1         0.0000
      age1        |     -0.03042        20.51        1         0.0000
      age2        |      0.00705         1.16        1         0.2820
      age3        |     -0.00035         0.00        1         0.9568
      0b.male     |            .            .        1             .
      1.male      |     -0.04503        49.44        1         0.0000
      ------------+---------------------------------------------------
      global test |                    631.37        5         0.0000
      ----------------------------------------------------------------

note: robust variance-covariance matrix used.

.                          
.                          
. *Demog adj
. stcox   kids_cat3 age1 age2 age3                ///
>                         i.male                                                  ///
>                         i.obese4cat                                     ///
>                         i.smoke_nomiss                                  ///
>                         i.imd           , strata(stp) vce(cluster household_id) 

         failure _d:  covid_tpp_prob
   analysis time _t:  (stime_covid_tpp_prob-origin)
             origin:  time enter_date
  enter on or after:  time enter_date
                 id:  patient_id
             weight:  [pweight=pw]

(sum of wgt is 12,492,921.190979)
Iteration 0:   log pseudolikelihood = -303880.32
Iteration 1:   log pseudolikelihood = -300996.85
Iteration 2:   log pseudolikelihood = -300825.03
Iteration 3:   log pseudolikelihood = -300823.32
Iteration 4:   log pseudolikelihood = -300823.32
Refining estimates:
Iteration 0:   log pseudolikelihood = -300823.32

Stratified Cox regr. -- Breslow method for ties

No. of subjects      =   12,492,921             Number of obs    =     397,151
No. of failures      =       23,055
Time at risk         =   1697424492
                                                Wald chi2(14)    =     5628.85
Log pseudolikelihood =   -300823.32             Prob > chi2      =      0.0000

                            (Std. Err. adjusted for 387,798 clusters in household_id)
-------------------------------------------------------------------------------------
                    |               Robust
                 _t | Haz. Ratio   Std. Err.      z    P>|z|     [95% Conf. Interval]
--------------------+----------------------------------------------------------------
          kids_cat3 |   1.064771   .0119953     5.57   0.000     1.041518    1.088543
               age1 |   1.042464   .0048555     8.93   0.000     1.032991    1.052024
               age2 |   .9701995   .0145847    -2.01   0.044     .9420311    .9992102
               age3 |   .9751206    .051601    -0.48   0.634     .8790524    1.081688
             1.male |   .7663103   .0105036   -19.42   0.000     .7459976     .787176
                    |
          obese4cat |
 Obese I (30-34.9)  |   1.474836   .0273667    20.94   0.000     1.422162    1.529461
Obese II (35-39.9)  |   1.786843   .0442488    23.44   0.000     1.702188    1.875708
   Obese III (40+)  |   2.129084   .0640044    25.14   0.000     2.007262      2.2583
                    |
       smoke_nomiss |
            Former  |   1.022443   .0160582     1.41   0.158     .9914491    1.054406
           Current  |   .6012332   .0129818   -23.56   0.000     .5763202    .6272232
                    |
                imd |
                 2  |   1.137358   .0276312     5.30   0.000     1.084471    1.192824
                 3  |   1.202155   .0294127     7.53   0.000     1.145867    1.261207
                 4  |   1.403204   .0334569    14.21   0.000     1.339138    1.470334
   5 most deprived  |   1.655719   .0406786    20.52   0.000     1.577879    1.737398
-------------------------------------------------------------------------------------
                                                             Stratified by stp

. estat phtest, d         

      Test of proportional-hazards assumption

      Time:  Time
      ----------------------------------------------------------------
                  |       rho            chi2       df       Prob>chi2
      ------------+---------------------------------------------------
      kids_cat3   |      0.03817        41.19        1         0.0000
      age1        |     -0.02923        19.38        1         0.0000
      age2        |      0.00984         2.29        1         0.1300
      age3        |     -0.00347         0.30        1         0.5868
      0b.male     |            .            .        1             .
      1.male      |     -0.04722        55.73        1         0.0000
      1b.obese4cat|            .            .        1             .
      2.obese4cat |     -0.02478        15.90        1         0.0001
      3.obese4cat |     -0.02670        19.05        1         0.0000
      4.obese4cat |     -0.03892        41.51        1         0.0000
      1b.smoke_n~s|            .            .        1             .
      2.smoke_no~s|     -0.04113        44.12        1         0.0000
      3.smoke_no~s|     -0.00071         0.01        1         0.9092
      1b.imd      |            .            .        1             .
      2.imd       |      0.02595        18.21        1         0.0000
      3.imd       |      0.04105        46.06        1         0.0000
      4.imd       |      0.06773       128.15        1         0.0000
      5.imd       |      0.08714       219.03        1         0.0000
      ------------+---------------------------------------------------
      global test |                    981.16       14         0.0000
      ----------------------------------------------------------------

note: robust variance-covariance matrix used.

. 
. 
. *FULL
.  stcox  kids_cat3 age1 age2 age3                ///
>                         i.male                                                  ///
>                         i.obese4cat                                     ///
>                         i.smoke_nomiss                                  ///
>                         i.imd                                                   ///
>                         i.htdiag_or_highbp                              ///
>                         i.chronic_respiratory_disease   ///
>                         i.asthma                                                ///
>                         i.chronic_cardiac_disease               ///
>                         i.diabetes                                              ///
>                         i.cancer_exhaem_cat                             ///
>                         i.cancer_haem_cat                               ///
>                         i.chronic_liver_disease                 ///
>                         i.stroke_dementia                               ///
>                         i.other_neuro                                   ///
>                         i.reduced_kidney_function_cat   ///
>                         i.organ_trans                                   ///
>                         i.tot_adults_hh                                 ///
>                         i.asplenia                                              ///
>                         i.ra_sle_psoriasis                      ///
>                         i.other_immuno, strata(stp) vce(cluster household_id) 

         failure _d:  covid_tpp_prob
   analysis time _t:  (stime_covid_tpp_prob-origin)
             origin:  time enter_date
  enter on or after:  time enter_date
                 id:  patient_id
             weight:  [pweight=pw]

(sum of wgt is 12,492,921.190979)
Iteration 0:   log pseudolikelihood = -303880.32
Iteration 1:   log pseudolikelihood =  -301471.4
Iteration 2:   log pseudolikelihood = -299356.64
Iteration 3:   log pseudolikelihood = -298994.21
Iteration 4:   log pseudolikelihood = -298932.36
Iteration 5:   log pseudolikelihood = -298928.53
Iteration 6:   log pseudolikelihood = -298928.51
Refining estimates:
Iteration 0:   log pseudolikelihood = -298928.51

Stratified Cox regr. -- Breslow method for ties

No. of subjects      =   12,492,921             Number of obs    =     397,151
No. of failures      =       23,055
Time at risk         =   1697424492
                                                Wald chi2(36)    =     9584.57
Log pseudolikelihood =   -298928.51             Prob > chi2      =      0.0000

                                      (Std. Err. adjusted for 387,798 clusters in household_id)
-----------------------------------------------------------------------------------------------
                              |               Robust
                           _t | Haz. Ratio   Std. Err.      z    P>|z|     [95% Conf. Interval]
------------------------------+----------------------------------------------------------------
                    kids_cat3 |   1.066244   .0122278     5.59   0.000     1.042545    1.090481
                         age1 |   1.055779   .0050183    11.42   0.000     1.045989     1.06566
                         age2 |   .9182443   .0141244    -5.54   0.000     .8909741    .9463491
                         age3 |   1.084644   .0587861     1.50   0.134     .9753338    1.206205
                       1.male |   .7344672   .0102976   -22.01   0.000     .7145592    .7549299
                              |
                    obese4cat |
           Obese I (30-34.9)  |   1.320542   .0255517    14.37   0.000     1.271399    1.371584
          Obese II (35-39.9)  |   1.476477   .0387439    14.85   0.000      1.40246      1.5544
             Obese III (40+)  |   1.612464   .0519882    14.82   0.000     1.513722    1.717648
                              |
                 smoke_nomiss |
                      Former  |   .9640113   .0155665    -2.27   0.023     .9339793    .9950089
                     Current  |    .559448   .0123703   -26.27   0.000     .5357205    .5842264
                              |
                          imd |
                           2  |   1.125698   .0275486     4.84   0.000     1.072978    1.181008
                           3  |   1.158859   .0286203     5.97   0.000       1.1041    1.216334
                           4  |   1.318303   .0317753    11.47   0.000     1.257473    1.382076
             5 most deprived  |      1.506   .0376284    16.39   0.000     1.434026    1.581586
                              |
           1.htdiag_or_highbp |   1.189526   .0204311    10.10   0.000     1.150148    1.230252
1.chronic_respiratory_disease |   1.938284   .0693848    18.49   0.000     1.806954     2.07916
                     1.asthma |   1.300798   .0228791    14.95   0.000      1.25672    1.346422
    1.chronic_cardiac_disease |   1.408443   .0464692    10.38   0.000     1.320247     1.50253
                   1.diabetes |   1.786405   .0398865    25.99   0.000     1.709915    1.866317
                              |
            cancer_exhaem_cat |
                   Last year  |    1.94595   .1817236     7.13   0.000     1.620472      2.3368
               2-5 years ago  |   1.252751   .0864497     3.27   0.001     1.094272    1.434183
                    5+ years  |   1.109206   .0608345     1.89   0.059     .9961576    1.235084
                              |
              cancer_haem_cat |
                   Last year  |   3.358455   .7044618     5.78   0.000      2.22635    5.066238
               2-5 years ago  |   3.228207   .4479304     8.45   0.000     2.459534    4.237112
                    5+ years  |   1.872743   .1985151     5.92   0.000     1.521419    2.305194
                              |
      1.chronic_liver_disease |   1.823147   .1242365     8.81   0.000     1.595209    2.083656
            1.stroke_dementia |   1.521254   .0850042     7.51   0.000     1.363448    1.697325
                1.other_neuro |   1.668545   .1045766     8.17   0.000     1.475668    1.886632
                              |
  reduced_kidney_function_cat |
Stage 3a/3b egfr 30-60        |   1.344799   .0681577     5.85   0.000     1.217633    1.485246
           Stage 4/5 egfr<30  |    3.87212   .4068583    12.88   0.000     3.151446    4.757599
                              |
                1.organ_trans |   1.725604   .2025871     4.65   0.000     1.370911    2.172064
                              |
                tot_adults_hh |
                           2  |    1.01955   .0196036     1.01   0.314      .981843    1.058706
                           3  |   1.149417   .0224471     7.13   0.000     1.106253    1.194265
                              |
                   1.asplenia |   2.560923   .3153369     7.64   0.000     2.011799    3.259931
           1.ra_sle_psoriasis |   1.245912   .0365013     7.50   0.000     1.176386    1.319547
               1.other_immuno |   2.305567     .18746    10.27   0.000     1.965932    2.703876
-----------------------------------------------------------------------------------------------
                                                             Stratified by stp

. 
. estat phtest, d         

      Test of proportional-hazards assumption

      Time:  Time
      ----------------------------------------------------------------
                  |       rho            chi2       df       Prob>chi2
      ------------+---------------------------------------------------
      kids_cat3   |      0.03020        26.01        1         0.0000
      age1        |     -0.02190        11.02        1         0.0009
      age2        |      0.00330         0.26        1         0.6084
      age3        |      0.00444         0.50        1         0.4807
      0b.male     |            .            .        1             .
      1.male      |     -0.04788        58.42        1         0.0000
      1b.obese4cat|            .            .        1             .
      2.obese4cat |     -0.01411         5.51        1         0.0189
      3.obese4cat |     -0.01179         4.06        1         0.0438
      4.obese4cat |     -0.02083        13.21        1         0.0003
      1b.smoke_n~s|            .            .        1             .
      2.smoke_no~s|     -0.02798        21.20        1         0.0000
      3.smoke_no~s|      0.01106         3.28        1         0.0701
      1b.imd      |            .            .        1             .
      2.imd       |      0.02652        19.31        1         0.0000
      3.imd       |      0.04632        59.90        1         0.0000
      4.imd       |      0.07321       152.09        1         0.0000
      5.imd       |      0.09430       262.39        1         0.0000
      0b.htdiag_~p|            .            .        1             .
      1.htdiag_o~p|     -0.00410         0.48        1         0.4894
      0b.chronic..|            .            .        1             .
      1.~y_disease|     -0.02279        16.37        1         0.0001
      0b.asthma   |            .            .        1             .
      1.asthma    |     -0.06488       116.27        1         0.0000
      0b.chronic..|            .            .        1             .
      1.~c_disease|     -0.01260         4.93        1         0.0263
      0b.diabetes |            .            .        1             .
      1.diabetes  |     -0.00559         0.99        1         0.3203
      1b.c~exhae~t|            .            .        1             .
      2.cancer_e~t|     -0.01217         4.55        1         0.0329
      3.cancer_e~t|     -0.00419         0.54        1         0.4634
      4.cancer_e~t|     -0.01574         6.81        1         0.0091
      1b.cancer_..|            .            .        1             .
      2.cancer_h~t|     -0.01287         5.92        1         0.0149
      3.cancer_h~t|     -0.01807        11.40        1         0.0007
      4.cancer_h~t|      0.00289         0.27        1         0.6048
      0b.chronic..|            .            .        1             .
      1.~r_disease|     -0.01090         4.12        1         0.0423
      0b.stroke_~a|            .            .        1             .
      1.stroke_d~a|     -0.00369         0.46        1         0.4969
      0b.other_n~o|            .            .        1             .
      1.other_ne~o|     -0.02197        14.38        1         0.0001
      1b.reduced~t|            .            .        1             .
      2.reduced_~t|     -0.02392        17.30        1         0.0000
      3.reduced_~t|     -0.03556        67.37        1         0.0000
      0b.organ_t~s|            .            .        1             .
      1.organ_tr~s|     -0.00126         0.08        1         0.7835
      1b.tot_adu~h|            .            .        1             .
      2.tot_adul~h|      0.01917         9.73        1         0.0018
      3.tot_adul~h|      0.06022        97.60        1         0.0000
      0b.asplenia |            .            .        1             .
      1.asplenia  |     -0.00774         2.01        1         0.1561
      0b.ra_sle_~s|            .            .        1             .
      1.ra_sle_p~s|     -0.00859         2.01        1         0.1561
      0b.other_i~o|            .            .        1             .
      1.other_im~o|     -0.00786         2.23        1         0.1351
      ------------+---------------------------------------------------
      global test |                   1449.69       36         0.0000
      ----------------------------------------------------------------

note: robust variance-covariance matrix used.

. stphplot, by(kids_cat3)

         failure _d:  covid_tpp_prob
   analysis time _t:  (stime_covid_tpp_prob-origin)
             origin:  time enter_date
  enter on or after:  time enter_date
                 id:  patient_id
             weight:  [pweight=pw]

. graph export ./output/an_stphplot_kids_cat3.svg, as(svg) replace
(note: file ./output/an_stphplot_kids_cat3.svg not found)
(file ./output/an_stphplot_kids_cat3.svg written in SVG format)

. 
. estat phtest, d                                          

      Test of proportional-hazards assumption

      Time:  Time
      ----------------------------------------------------------------
                  |       rho            chi2       df       Prob>chi2
      ------------+---------------------------------------------------
      kids_cat3   |      0.03020        26.01        1         0.0000
      age1        |     -0.02190        11.02        1         0.0009
      age2        |      0.00330         0.26        1         0.6084
      age3        |      0.00444         0.50        1         0.4807
      0b.male     |            .            .        1             .
      1.male      |     -0.04788        58.42        1         0.0000
      1b.obese4cat|            .            .        1             .
      2.obese4cat |     -0.01411         5.51        1         0.0189
      3.obese4cat |     -0.01179         4.06        1         0.0438
      4.obese4cat |     -0.02083        13.21        1         0.0003
      1b.smoke_n~s|            .            .        1             .
      2.smoke_no~s|     -0.02798        21.20        1         0.0000
      3.smoke_no~s|      0.01106         3.28        1         0.0701
      1b.imd      |            .            .        1             .
      2.imd       |      0.02652        19.31        1         0.0000
      3.imd       |      0.04632        59.90        1         0.0000
      4.imd       |      0.07321       152.09        1         0.0000
      5.imd       |      0.09430       262.39        1         0.0000
      0b.htdiag_~p|            .            .        1             .
      1.htdiag_o~p|     -0.00410         0.48        1         0.4894
      0b.chronic..|            .            .        1             .
      1.~y_disease|     -0.02279        16.37        1         0.0001
      0b.asthma   |            .            .        1             .
      1.asthma    |     -0.06488       116.27        1         0.0000
      0b.chronic..|            .            .        1             .
      1.~c_disease|     -0.01260         4.93        1         0.0263
      0b.diabetes |            .            .        1             .
      1.diabetes  |     -0.00559         0.99        1         0.3203
      1b.c~exhae~t|            .            .        1             .
      2.cancer_e~t|     -0.01217         4.55        1         0.0329
      3.cancer_e~t|     -0.00419         0.54        1         0.4634
      4.cancer_e~t|     -0.01574         6.81        1         0.0091
      1b.cancer_..|            .            .        1             .
      2.cancer_h~t|     -0.01287         5.92        1         0.0149
      3.cancer_h~t|     -0.01807        11.40        1         0.0007
      4.cancer_h~t|      0.00289         0.27        1         0.6048
      0b.chronic..|            .            .        1             .
      1.~r_disease|     -0.01090         4.12        1         0.0423
      0b.stroke_~a|            .            .        1             .
      1.stroke_d~a|     -0.00369         0.46        1         0.4969
      0b.other_n~o|            .            .        1             .
      1.other_ne~o|     -0.02197        14.38        1         0.0001
      1b.reduced~t|            .            .        1             .
      2.reduced_~t|     -0.02392        17.30        1         0.0000
      3.reduced_~t|     -0.03556        67.37        1         0.0000
      0b.organ_t~s|            .            .        1             .
      1.organ_tr~s|     -0.00126         0.08        1         0.7835
      1b.tot_adu~h|            .            .        1             .
      2.tot_adul~h|      0.01917         9.73        1         0.0018
      3.tot_adul~h|      0.06022        97.60        1         0.0000
      0b.asplenia |            .            .        1             .
      1.asplenia  |     -0.00774         2.01        1         0.1561
      0b.ra_sle_~s|            .            .        1             .
      1.ra_sle_p~s|     -0.00859         2.01        1         0.1561
      0b.other_i~o|            .            .        1             .
      1.other_im~o|     -0.00786         2.23        1         0.1351
      ------------+---------------------------------------------------
      global test |                   1449.69       36         0.0000
      ----------------------------------------------------------------

note: robust variance-covariance matrix used.

. 
. *Fit time interactions
. 
. stsplit timeperiod, at(60 90)
(779,295 observations (episodes) created)

. 
. *make vars binary
. gen anyreduced_kidney_function = reduced_kidney_function_cat>=2

. gen anyobesity = obese4cat>=2

. gen highimd = imd>=3

. 
. stcox   kids_cat3 age1 age2 age3                ///
>                         i.male                                                  ///
>                         i.obese4cat                                     ///
>                         i.smoke_nomiss                                  ///
>                         i.imd                                                   ///
>                         i.tot_adults_hh                             ///
>                         i.htdiag_or_highbp                              ///
>                         i.chronic_respiratory_disease   ///
>                         i.asthma                                                ///
>                         i.chronic_cardiac_disease               ///
>                         i.diabetes                                              ///
>                         i.cancer_exhaem_cat                             ///
>                         i.cancer_haem_cat                               ///
>                         i.chronic_liver_disease                 ///
>                         i.stroke_dementia                               ///
>                         i.other_neuro                                   ///
>                         i.reduced_kidney_function_cat   ///
>                         i.organ_trans                                   ///
>                         i.asplenia                                              ///
>                         i.ra_sle_psoriasis                      ///
>                         i.other_immuno                                  ///
>             60.timeperiod#1.kids_cat3                   ///
>                         90.timeperiod#1.kids_cat3                                               ///
>                 60.timeperiod#2.kids_cat3                                                       ///
>                         90.timeperiod#2.kids_cat3                                               ///
>                 60.timeperiod#1.tot_adults_hh                                           ///
>                         90.timeperiod#1.tot_adults_hh                                   ///
>                 60.timeperiod#1.male                                                            ///
>                         90.timeperiod#1.male                                                    ///
>                 60.timeperiod#1.anyobesity                                                      ///
>                         90.timeperiod#1.anyobesity                                              ///
>                 60.timeperiod#3.smoke_nomiss                                            ///
>                         90.timeperiod#3.smoke_nomiss                                    ///
>                 60.timeperiod#1.highimd                                                         ///
>                         90.timeperiod#1.highimd                                                 ///
>                 60.timeperiod#1.htdiag_or_highbp                                        ///
>                         90.timeperiod#1.htdiag_or_highbp                                ///
>                 60.timeperiod#1.chronic_respiratory_disease                     ///                     
>                         90.timeperiod#1.chronic_respiratory_disease             ///                             ///
>                 60.timeperiod#1.asthma                                                          ///
>                         90.timeperiod#1.asthma                                                  ///
>                 60.timeperiod#1.chronic_cardiac_disease                         ///
>                         90.timeperiod#1.chronic_cardiac_disease                 ///
>                 60.timeperiod#1.diabetes                                                        ///
>                         90.timeperiod#1.diabetes                                                ///
>                 60.timeperiod#1.cancer_exhaem_cat                                       ///
>                         90.timeperiod#1.cancer_exhaem_cat                               ///
>                 60.timeperiod#1.cancer_haem_cat                                         ///
>                         90.timeperiod#1.cancer_haem_cat                                 ///
>                 60.timeperiod#1.chronic_liver_disease                           ///
>                         90.timeperiod#1.chronic_liver_disease                   ///
>                 60.timeperiod#1.stroke_dementia                                         ///
>                         90.timeperiod#1.stroke_dementia                                 ///
>                 60.timeperiod#1.other_neuro                                                     ///
>                         90.timeperiod#1.other_neuro                                             ///
>                 60.timeperiod#1.anyreduced_kidney_function                      ///
>                         90.timeperiod#1.anyreduced_kidney_function              ///
>                 60.timeperiod#1.organ_trans                                                     ///
>                         90.timeperiod#1.organ_trans                                             ///
>                 60.timeperiod#1.asplenia                                                        ///
>                         90.timeperiod#1.asplenia                                                ///
>                 60.timeperiod#1.ra_sle_psoriasis                                        ///
>                         90.timeperiod#1.ra_sle_psoriasis                                ///
>                 60.timeperiod#1.other_immuno                                            ///
>                         90.timeperiod#1.other_immuno                                    ///
> , strata(stp) vce(cluster household_id) 

         failure _d:  covid_tpp_prob
   analysis time _t:  (stime_covid_tpp_prob-origin)
             origin:  time enter_date
  enter on or after:  time enter_date
                 id:  patient_id
             weight:  [pweight=pw]

(sum of wgt is 37,454,509.239967)
Iteration 0:   log pseudolikelihood = -303880.32
Iteration 1:   log pseudolikelihood = -301997.39
Iteration 2:   log pseudolikelihood = -299168.03
Iteration 3:   log pseudolikelihood = -298674.34
Iteration 4:   log pseudolikelihood = -298577.18
Iteration 5:   log pseudolikelihood = -298567.99
Iteration 6:   log pseudolikelihood = -298567.84
Iteration 7:   log pseudolikelihood = -298567.84
Refining estimates:
Iteration 0:   log pseudolikelihood = -298567.84

Stratified Cox regr. -- Breslow method for ties

No. of subjects      =   12,492,921             Number of obs    =   1,176,446
No. of failures      =       23,055
Time at risk         =   1697424492
                                                Wald chi2(80)    =    10742.52
Log pseudolikelihood =   -298567.84             Prob > chi2      =      0.0000

                                               (Std. Err. adjusted for 387,798 clusters in household_id)
--------------------------------------------------------------------------------------------------------
                                       |               Robust
                                    _t | Haz. Ratio   Std. Err.      z    P>|z|     [95% Conf. Interval]
---------------------------------------+----------------------------------------------------------------
                             kids_cat3 |   1.025666   .0325926     0.80   0.425     .9637346    1.091578
                                  age1 |   1.055062   .0051455    10.99   0.000     1.045026    1.065196
                                  age2 |   .9211305   .0146062    -5.18   0.000     .8929431    .9502077
                                  age3 |   1.072232   .0595884     1.25   0.210     .9615763    1.195621
                                1.male |   .9873067    .040531    -0.31   0.756     .9109793    1.070029
                                       |
                             obese4cat |
                    Obese I (30-34.9)  |   1.264933   .0635432     4.68   0.000     1.146325    1.395813
                   Obese II (35-39.9)  |   1.412798   .0753016     6.48   0.000     1.272657    1.568371
                      Obese III (40+)  |    1.54158   .0873939     7.63   0.000     1.379465    1.722748
                                       |
                          smoke_nomiss |
                               Former  |   .9633171   .0155593    -2.31   0.021     .9332992    .9943006
                              Current  |   .5927925   .0363939    -8.52   0.000     .5255862    .6685924
                                       |
                                   imd |
                                    2  |   1.121763   .0275017     4.69   0.000     1.069135    1.176981
                                    3  |    .827129   .0402464    -3.90   0.000     .7518922    .9098943
                                    4  |   .9399951   .0451188    -1.29   0.197     .8555961     1.03272
                      5 most deprived  |   1.070512     .05172     1.41   0.158     .9737946    1.176836
                                       |
                         tot_adults_hh |
                                    2  |   .8675888    .041998    -2.93   0.003     .7890585    .9539347
                                    3  |     .97901   .0471142    -0.44   0.659     .8908891    1.075847
                                       |
                    1.htdiag_or_highbp |    1.11266   .0536906     2.21   0.027     1.012251    1.223028
         1.chronic_respiratory_disease |   1.989051   .1896862     7.21   0.000      1.64995    2.397843
                              1.asthma |   1.761174   .0838202    11.89   0.000     1.604319    1.933365
             1.chronic_cardiac_disease |   1.531614   .1368943     4.77   0.000     1.285493    1.824858
                            1.diabetes |   1.678046   .1036605     8.38   0.000     1.486693    1.894028
                                       |
                     cancer_exhaem_cat |
                            Last year  |   2.775345   .3589521     7.89   0.000     2.153902    3.576086
                        2-5 years ago  |   1.790291   .2004409     5.20   0.000      1.43755    2.229585
                             5+ years  |   1.584429   .1664042     4.38   0.000     1.289661     1.94657
                                       |
                       cancer_haem_cat |
                            Last year  |   4.017648   1.150437     4.86   0.000     2.292102    7.042226
                        2-5 years ago  |   3.850349   .8510701     6.10   0.000     2.496623    5.938096
                             5+ years  |   2.237546   .4301092     4.19   0.000      1.53515    3.261317
                                       |
               1.chronic_liver_disease |   1.910855   .3234647     3.83   0.000     1.371319    2.662667
                     1.stroke_dementia |   1.499165   .2259275     2.69   0.007     1.115762    2.014315
                         1.other_neuro |   2.356661   .3619624     5.58   0.000     1.744055    3.184448
                                       |
           reduced_kidney_function_cat |
         Stage 3a/3b egfr 30-60        |   1.475747   .1838464     3.12   0.002     1.156033     1.88388
                    Stage 4/5 egfr<30  |   4.257506   .6619969     9.32   0.000      3.13908    5.774415
                                       |
                         1.organ_trans |   2.002785   .4932264     2.82   0.005     1.235972    3.245338
                            1.asplenia |   3.028534   .8758073     3.83   0.000     1.718215    5.338108
                    1.ra_sle_psoriasis |   1.291665   .1078911     3.06   0.002     1.096604    1.521422
                        1.other_immuno |   2.008327   .4220388     3.32   0.001     1.330329    3.031864
                                       |
                  timeperiod#kids_cat3 |
                     60#Kids under 12  |   .9790743   .0402368    -0.51   0.607     .9033041      1.0612
                     60#Kids under 18  |   1.054575   .0759087     0.74   0.460     .9158147    1.214359
                     90#Kids under 12  |    1.12166   .0453919     2.84   0.005      1.03613    1.214249
                     90#Kids under 18  |   1.109661   .0801087     1.44   0.149     .9632526    1.278322
                                       |
              timeperiod#tot_adults_hh |
                                 60 1  |   .8859843   .0472845    -2.27   0.023     .7979907    .9836808
                                 90 1  |   .7875981   .0421169    -4.47   0.000     .7092291    .8746268
                                       |
                       timeperiod#male |
                                 60 1  |   .7597908   .0346802    -6.02   0.000     .6947706     .830896
                                 90 1  |   .6803274   .0307209    -8.53   0.000     .6227033    .7432841
                                       |
                 timeperiod#anyobesity |
                                 60 1  |   1.144291   .0621332     2.48   0.013     1.028768    1.272786
                                 90 1  |   .9692146   .0523459    -0.58   0.563      .871862    1.077438
                                       |
               timeperiod#smoke_nomiss |
                           60#Current  |   .8185743   .0563041    -2.91   0.004     .7153356    .9367127
                           90#Current  |    1.04684   .0702205     0.68   0.495     .9178741    1.193927
                                       |
                    timeperiod#highimd |
                                 60 1  |   1.282034   .0631018     5.05   0.000     1.164135    1.411873
                                 90 1  |   1.639789   .0813213     9.97   0.000     1.487903    1.807179
                                       |
           timeperiod#htdiag_or_highbp |
                                 60 1  |   1.174568   .0624741     3.03   0.002     1.058287    1.303625
                                 90 1  |   .9934911   .0525532    -0.12   0.902     .8956485    1.102022
                                       |
timeperiod#chronic_respiratory_disease |
                                 60 1  |   1.122706   .1163712     1.12   0.264     .9162983    1.375609
                                 90 1  |   .8300184   .0885889    -1.75   0.081     .6733454    1.023146
                                       |
                     timeperiod#asthma |
                                 60 1  |    .779002   .0415231    -4.69   0.000     .7017251    .8647889
                                 90 1  |   .6526761   .0348665    -7.99   0.000     .5877949    .7247188
                                       |
    timeperiod#chronic_cardiac_disease |
                                 60 1  |   .9867525   .0965745    -0.14   0.892     .8145172    1.195408
                                 90 1  |   .8227515    .082217    -1.95   0.051      .676408    1.000757
                                       |
                   timeperiod#diabetes |
                                 60 1  |    1.15088   .0782214     2.07   0.039     1.007341    1.314871
                                 90 1  |   .9918894   .0679742    -0.12   0.905     .8672222    1.134478
                                       |
          timeperiod#cancer_exhaem_cat |
                             60#Never  |   1.420011   .1563091     3.19   0.001     1.144445    1.761929
                             90#Never  |   1.594625   .1783902     4.17   0.000     1.280663    1.985556
                                       |
            timeperiod#cancer_haem_cat |
                             60#Never  |   1.176136   .2444689     0.78   0.435     .7825804     1.76761
                             90#Never  |    1.28793   .2740258     1.19   0.234     .8487637    1.954329
                                       |
      timeperiod#chronic_liver_disease |
                                 60 1  |   1.006762   .1861503     0.04   0.971     .7007122    1.446485
                                 90 1  |   .8836061   .1670738    -0.65   0.513     .6099749    1.279987
                                       |
            timeperiod#stroke_dementia |
                                 60 1  |   1.055932   .1719167     0.33   0.738     .7674526    1.452849
                                 90 1  |   .9754077   .1630387    -0.15   0.882     .7029241    1.353518
                                       |
                timeperiod#other_neuro |
                                 60 1  |   .7647369   .1314672    -1.56   0.119     .5459848    1.071133
                                 90 1  |   .5929234   .1050987    -2.95   0.003     .4189081    .8392251
                                       |
 timeperiod#anyreduced_kidney_function |
                                 60 1  |   1.082193   .1436302     0.60   0.552      .834319     1.40371
                                 90 1  |   .6903211   .0967457    -2.64   0.008     .5245159    .9085391
                                       |
                timeperiod#organ_trans |
                                 60 1  |   .8306521   .2157694    -0.71   0.475     .4992428    1.382059
                                 90 1  |   .8372166   .2312994    -0.64   0.520     .4871635    1.438801
                                       |
                   timeperiod#asplenia |
                                 60 1  |   .9262397   .2939177    -0.24   0.809     .4972985    1.725161
                                 90 1  |   .7266412   .2401661    -0.97   0.334     .3801762    1.388849
                                       |
           timeperiod#ra_sle_psoriasis |
                                 60 1  |   1.035562   .0950823     0.38   0.704     .8650103    1.239741
                                 90 1  |   .8896058   .0825456    -1.26   0.207     .7416781    1.067038
                                       |
               timeperiod#other_immuno |
                                 60 1  |   1.345183   .3039959     1.31   0.189     .8638132    2.094803
                                 90 1  |   .9772069   .2279924    -0.10   0.921     .6185752    1.543763
--------------------------------------------------------------------------------------------------------
                                                             Stratified by stp

. 
. estat phtest, d

      Test of proportional-hazards assumption

      Time:  Time
      ----------------------------------------------------------------
                  |       rho            chi2       df       Prob>chi2
      ------------+---------------------------------------------------
      kids_cat3   |     -0.00160         0.06        1         0.8045
      age1        |     -0.02552        15.05        1         0.0001
      age2        |      0.00817         1.61        1         0.2042
      age3        |     -0.00035         0.00        1         0.9557
      0b.male     |            .            .        1             .
      1.male      |     -0.00258         0.16        1         0.6874
      1b.obese4cat|            .            .        1             .
      2.obese4cat |      0.00501         0.70        1         0.4030
      3.obese4cat |      0.00503         0.71        1         0.3978
      4.obese4cat |     -0.00225         0.15        1         0.7016
      1b.smoke_n~s|            .            .        1             .
      2.smoke_no~s|     -0.02590        18.27        1         0.0000
      3.smoke_no~s|     -0.00389         0.38        1         0.5398
      1b.imd      |            .            .        1             .
      2.imd       |      0.02578        18.49        1         0.0000
      3.imd       |     -0.00806         1.74        1         0.1873
      4.imd       |      0.00531         0.74        1         0.3912
      5.imd       |      0.01887         9.22        1         0.0024
      1b.tot_adu~h|            .            .        1             .
      2.tot_adul~h|     -0.01189         3.38        1         0.0658
      3.tot_adul~h|      0.00637         0.95        1         0.3303
      0b.htdiag_~p|            .            .        1             .
      1.htdiag_o~p|      0.01035         2.77        1         0.0963
      0b.chronic..|            .            .        1             .
      1.~y_disease|      0.00152         0.06        1         0.8015
      0b.asthma   |            .            .        1             .
      1.asthma    |     -0.00312         0.25        1         0.6184
      0b.chronic..|            .            .        1             .
      1.~c_disease|      0.00189         0.11        1         0.7459
      0b.diabetes |            .            .        1             .
      1.diabetes  |      0.00377         0.38        1         0.5398
      1b.c~exhae~t|            .            .        1             .
      2.cancer_e~t|     -0.00261         0.20        1         0.6539
      3.cancer_e~t|      0.00680         1.23        1         0.2682
      4.cancer_e~t|      0.00185         0.09        1         0.7621
      1b.cancer_..|            .            .        1             .
      2.cancer_h~t|     -0.00661         1.77        1         0.1833
      3.cancer_h~t|     -0.00660         1.43        1         0.2325
      4.cancer_h~t|      0.00658         1.07        1         0.3000
      0b.chronic..|            .            .        1             .
      1.~r_disease|     -0.00126         0.04        1         0.8356
      0b.stroke_~a|            .            .        1             .
      1.stroke_d~a|     -0.00005         0.00        1         0.9925
      0b.other_n~o|            .            .        1             .
      1.other_ne~o|      0.00125         0.04        1         0.8353
      1b.reduced~t|            .            .        1             .
      2.reduced_~t|      0.00490         0.65        1         0.4215
      3.reduced_~t|     -0.00908         3.34        1         0.0678
      0b.organ_t~s|            .            .        1             .
      1.organ_tr~s|     -0.00004         0.00        1         0.9949
      0b.asplenia |            .            .        1             .
      1.asplenia  |      0.00189         0.10        1         0.7555
      0b.ra_sle_~s|            .            .        1             .
      1.ra_sle_p~s|      0.00457         0.51        1         0.4735
      0b.other_i~o|            .            .        1             .
      1.other_im~o|      0.00271         0.20        1         0.6541
      60bn.timep~3|      0.00014         0.00        1         0.9820
      60bn.timep~3|      0.00143         0.05        1         0.8244
      90.timeper~3|      0.01170         3.51        1         0.0611
      90.timeper~3|      0.01092         2.97        1         0.0851
      60bn.timep~h|     -0.00181         0.08        1         0.7825
      90.timeper~h|     -0.01225         3.53        1         0.0603
      60bn.timep~e|     -0.00034         0.00        1         0.9574
      90.timeper~e|      0.00817         1.59        1         0.2075
      60bn.timep~y|     -0.00092         0.02        1         0.8782
      90.timeper~y|     -0.00734         1.48        1         0.2239
      60bn.timep~s|      0.00000         0.00        1         0.9999
      90.timeper~s|     -0.00080         0.02        1         0.8999
      60bn.timep~d|     -0.00078         0.01        1         0.9028
      90.timeper~d|      0.01750         7.87        1         0.0050
      60bn.timep~p|     -0.00010         0.00        1         0.9879
      90.timeper~p|     -0.01231         3.81        1         0.0508
      60bn.timep~y|      0.00078         0.02        1         0.8994
      90.timeper~y|     -0.00382         0.38        1         0.5367
      60bn.timep~a|      0.00081         0.02        1         0.8982
      90.timeper~a|     -0.00484         0.59        1         0.4443
      60bn.timep~s|      0.00082         0.02        1         0.8896
      90.timeper~s|      0.00095         0.03        1         0.8737
      60bn.timep~s|     -0.00071         0.01        1         0.9076
      90.timeper~s|     -0.00308         0.25        1         0.6200
      60bn.timep~t|      0.00033         0.00        1         0.9580
      90.timeper~t|      0.00115         0.03        1         0.8542
      60bn.timep~t|      0.00001         0.00        1         0.9992
      90.timeper~t|      0.00419         0.51        1         0.4770
      60bn.timep~a|      0.00123         0.04        1         0.8430
      90.timeper~a|     -0.00250         0.16        1         0.6888
      60bn.timep~a|      0.00048         0.01        1         0.9350
      90.timeper~a|      0.00095         0.03        1         0.8718
      60bn.timep~o|     -0.00117         0.04        1         0.8500
      90.timeper~o|     -0.00345         0.31        1         0.5763
      60bn.timep~f|     -0.00212         0.12        1         0.7305
      90.timeper~f|     -0.00689         1.25        1         0.2635
      60bn.timep~s|      0.00061         0.01        1         0.9206
      90.timeper~s|      0.00157         0.07        1         0.7977
      60bn.timep~a|     -0.00265         0.17        1         0.6759
      90.timeper~a|     -0.00161         0.07        1         0.7988
      60bn.timep~s|     -0.00179         0.08        1         0.7817
      90.timeper~s|     -0.00369         0.33        1         0.5672
      60bn.timep~o|     -0.00175         0.08        1         0.7779
      90.timeper~o|     -0.00092         0.02        1         0.8829
      ------------+---------------------------------------------------
      global test |                    590.70       80         0.0000
      ----------------------------------------------------------------

note: robust variance-covariance matrix used.

. 
. log close
      name:  <unnamed>
       log:  E:\analyses\school-age-children-and-covid\analysis\log\an_multivariableFULL_cox_models_covid_tpp_prob_exploratory.log
  log type:  text
 closed on:  24 Jul 2020, 14:19:07
------------------------------------------------------------------------------------------------------------------------------------------------------------------------------------------------------------
