----------------------------------------------------------------------------------------------------------------------------------
      name:  <unnamed>
       log:  E:\analyses\school-age-children-and-covid\analysis\log\an_univariable_cox_models_covid_tpp_prob.log
  log type:  text
 opened on:  24 Jul 2020, 13:43:23

. 
. * Open dataset and fit specified model(s)
. use "$tempdir\cr_create_analysis_dataset_STSET_`outcome'.dta", clear

. 
. 
. foreach var of any `varlist' {
  2. 
.         *Special cases
.         if "`var'"=="agesplsex" local model "age1 age2 age3 i.male"
  3.         else if "`var'"=="agegroupsex" local model "ib3.agegroup i.male"
  4.         else if "`var'"=="bmicat" local model "age1 age2 age3 i.male ib2.bmicat"
  5.         *General form of model
.         else local model "age1 age2 age3 i.male i.`var'"
  6. 
.         *Fit and save model
.         cap erase ./output/an_univariable_cox_models_`outcome'_AGESEX_`var'.ster
  7.         capture stcox `model' , strata(stp) vce(cluster household_id)
  8.         if _rc==0 {
  9.                 estimates
 10.                 estimates save ./output/an_univariable_cox_models_`outcome'_AGESEX_`var'.ster, replace
 11.                 }
 12.         else di "WARNING - `var' vs `outcome' MODEL DID NOT SUCCESSFULLY FIT"
 13. 
. }

----------------------------------------------------------------------------------------------------------------------------------
active results
----------------------------------------------------------------------------------------------------------------------------------

Stratified Cox regr. -- Breslow method for ties

No. of subjects      =   12,492,921             Number of obs    =     397,151
No. of failures      =       23,055
Time at risk         =   1697424492
                                                Wald chi2(6)     =     3087.40
Log pseudolikelihood =   -302207.32             Prob > chi2      =      0.0000

                       (Std. Err. adjusted for 387,798 clusters in household_id)
--------------------------------------------------------------------------------
               |               Robust
            _t | Haz. Ratio   Std. Err.      z    P>|z|     [95% Conf. Interval]
---------------+----------------------------------------------------------------
          age1 |   1.040743   .0049657     8.37   0.000     1.031056    1.050521
          age2 |   .9836951   .0152749    -1.06   0.290     .9542078    1.014094
          age3 |   .9317519   .0506547    -1.30   0.194     .8375769    1.036516
        1.male |   .7198266   .0097294   -24.32   0.000     .7010077    .7391508
               |
     kids_cat3 |
Kids under 12  |   1.104305   .0204537     5.36   0.000     1.064936    1.145131
Kids under 18  |   1.134759   .0280372     5.12   0.000     1.081117    1.191063
--------------------------------------------------------------------------------
                                                             Stratified by stp
(note: file ./output/an_univariable_cox_models_covid_tpp_prob_AGESEX_kids_cat3.ster not found)
file ./output/an_univariable_cox_models_covid_tpp_prob_AGESEX_kids_cat3.ster saved

----------------------------------------------------------------------------------------------------------------------------------
active results
----------------------------------------------------------------------------------------------------------------------------------

Stratified Cox regr. -- Breslow method for ties

No. of subjects      =   12,492,921             Number of obs    =     397,151
No. of failures      =       23,055
Time at risk         =   1697424492
                                                Wald chi2(8)     =     3093.16
Log pseudolikelihood =   -302202.58             Prob > chi2      =      0.0000

                         (Std. Err. adjusted for 387,798 clusters in household_id)
----------------------------------------------------------------------------------
                 |               Robust
              _t | Haz. Ratio   Std. Err.      z    P>|z|     [95% Conf. Interval]
-----------------+----------------------------------------------------------------
            age1 |   1.040736   .0049829     8.34   0.000     1.031015    1.050548
            age2 |    .983929   .0153382    -1.04   0.299     .9543212    1.014455
            age3 |   .9304202   .0507731    -1.32   0.186     .8360438     1.03545
          1.male |   .7198463   .0097298   -24.32   0.000     .7010266    .7391713
                 |
  gp_number_kids |
 only >12 years  |   1.134548   .0280324     5.11   0.000     1.080915    1.190843
    1 child <12  |   1.106362   .0246423     4.54   0.000     1.059103     1.15573
 2 children <12  |   1.065898   .0290379     2.34   0.019     1.010477    1.124358
3+ children <12  |   1.218383   .0522887     4.60   0.000     1.120091    1.325301
----------------------------------------------------------------------------------
                                                             Stratified by stp
(note: file ./output/an_univariable_cox_models_covid_tpp_prob_AGESEX_gp_number_kids.ster not found)
file ./output/an_univariable_cox_models_covid_tpp_prob_AGESEX_gp_number_kids.ster saved

. 
. * Close log file
. log close
      name:  <unnamed>
       log:  E:\analyses\school-age-children-and-covid\analysis\log\an_univariable_cox_models_covid_tpp_prob.log
  log type:  text
 closed on:  24 Jul 2020, 13:44:32
----------------------------------------------------------------------------------------------------------------------------------
