----------------------------------------------------------------------------------------------------------------------------------
      name:  <unnamed>
       log:  E:\analyses\school-age-children-and-covid\analysis\log\an_univariable_cox_models_covid_death_SENSE12mo.log
  log type:  text
 opened on:  24 Jul 2020, 13:43:14

. 
. * Open dataset and fit specified model(s)
. use "$tempdir\cr_create_analysis_dataset_STSET_`outcome'.dta", clear

. 
. *SENSITIVITY ANALYSIS: 12 months FUP
. drop if has_12_m_follow_up == .
(0 observations deleted)

. foreach var of any `varlist' {
  2. 
.         *General form of model
.         else local model "age1 age2 age3 i.male i.`var'"
  3. 
.         *Fit and save model
.         cap erase ./output/an_univariable_cox_models_`outcome'_AGESEX_`var'_12mo.ster
  4.         capture stcox `model' , strata(stp) vce(cluster household_id)
  5.         if _rc==0 {
  6.                 estimates
  7.                 estimates save ./output/an_univariable_cox_models_`outcome'_AGESEX_`var'_12mo.ster, replace
  8.                 }
  9.         else di "WARNING - `var' vs `outcome' MODEL DID NOT SUCCESSFULLY FIT"
 10. 
. }

----------------------------------------------------------------------------------------------------------------------------------
active results
----------------------------------------------------------------------------------------------------------------------------------

Stratified Cox regr. -- Breslow method for ties

No. of subjects      =   12,492,080             Number of obs    =     376,101
No. of failures      =        1,380
Time at risk         =   1698315732
                                                Wald chi2(6)     =     1262.16
Log pseudolikelihood =   -17048.869             Prob > chi2      =      0.0000

                       (Std. Err. adjusted for 368,774 clusters in household_id)
--------------------------------------------------------------------------------
               |               Robust
            _t | Haz. Ratio   Std. Err.      z    P>|z|     [95% Conf. Interval]
---------------+----------------------------------------------------------------
          age1 |   1.145753   .0550492     2.83   0.005     1.042783    1.258891
          age2 |   1.013766   .1307099     0.11   0.916     .7873866    1.305231
          age3 |   .7950836   .2923319    -0.62   0.533     .3867655    1.634473
        1.male |   1.928329   .1103155    11.48   0.000     1.723796    2.157131
               |
     kids_cat3 |
Kids under 12  |   .8552613   .0849007    -1.58   0.115     .7040461    1.038954
Kids under 18  |   .9106531   .0986299    -0.86   0.388     .7364819    1.126014
--------------------------------------------------------------------------------
                                                             Stratified by stp
(note: file ./output/an_univariable_cox_models_covid_death_AGESEX_kids_cat3_12mo.ster not found)
file ./output/an_univariable_cox_models_covid_death_AGESEX_kids_cat3_12mo.ster saved

. 
. 
. * Close log file
. log close
      name:  <unnamed>
       log:  E:\analyses\school-age-children-and-covid\analysis\log\an_univariable_cox_models_covid_death_SENSE12mo.log
  log type:  text
 closed on:  24 Jul 2020, 13:44:09
----------------------------------------------------------------------------------------------------------------------------------
