----------------------------------------------------------------------------------------------------------------------------------
      name:  <unnamed>
       log:  E:\analyses\school-age-children-and-covid\analysis\log\an_univariable_cox_models_covid_tpp_prob_SENSE12mo.log
  log type:  text
 opened on:  24 Jul 2020, 13:43:29

. 
. * Open dataset and fit specified model(s)
. use "$tempdir\cr_create_analysis_dataset_STSET_`outcome'.dta", clear

. 
. *SENSITIVITY ANALYSIS: 12 months FUP
. drop if has_12_m_follow_up == .
(0 observations deleted)

. foreach var of any `varlist' {
  2. 
.         *General form of model
.         else local model "age1 age2 age3 i.male i.`var'"
  3. 
.         *Fit and save model
.         cap erase ./output/an_univariable_cox_models_`outcome'_AGESEX_`var'_12mo.ster
  4.         capture stcox `model' , strata(stp) vce(cluster household_id)
  5.         if _rc==0 {
  6.                 estimates
  7.                 estimates save ./output/an_univariable_cox_models_`outcome'_AGESEX_`var'_12mo.ster, replace
  8.                 }
  9.         else di "WARNING - `var' vs `outcome' MODEL DID NOT SUCCESSFULLY FIT"
 10. 
. }

----------------------------------------------------------------------------------------------------------------------------------
active results
----------------------------------------------------------------------------------------------------------------------------------

Stratified Cox regr. -- Breslow method for ties

No. of subjects      =   12,492,921             Number of obs    =     397,151
No. of failures      =       23,055
Time at risk         =   1697424492
                                                Wald chi2(6)     =     3087.40
Log pseudolikelihood =   -302207.32             Prob > chi2      =      0.0000

                       (Std. Err. adjusted for 387,798 clusters in household_id)
--------------------------------------------------------------------------------
               |               Robust
            _t | Haz. Ratio   Std. Err.      z    P>|z|     [95% Conf. Interval]
---------------+----------------------------------------------------------------
          age1 |   1.040743   .0049657     8.37   0.000     1.031056    1.050521
          age2 |   .9836951   .0152749    -1.06   0.290     .9542078    1.014094
          age3 |   .9317519   .0506547    -1.30   0.194     .8375769    1.036516
        1.male |   .7198266   .0097294   -24.32   0.000     .7010077    .7391508
               |
     kids_cat3 |
Kids under 12  |   1.104305   .0204537     5.36   0.000     1.064936    1.145131
Kids under 18  |   1.134759   .0280372     5.12   0.000     1.081117    1.191063
--------------------------------------------------------------------------------
                                                             Stratified by stp
(note: file ./output/an_univariable_cox_models_covid_tpp_prob_AGESEX_kids_cat3_12mo.ster not found)
file ./output/an_univariable_cox_models_covid_tpp_prob_AGESEX_kids_cat3_12mo.ster saved

. 
. 
. * Close log file
. log close
      name:  <unnamed>
       log:  E:\analyses\school-age-children-and-covid\analysis\log\an_univariable_cox_models_covid_tpp_prob_SENSE12mo.log
  log type:  text
 closed on:  24 Jul 2020, 13:44:13
----------------------------------------------------------------------------------------------------------------------------------
