----------------------------------------------------------------------------------------------------------------------------------
      name:  <unnamed>
       log:  E:\analyses\school-age-children-and-covid\analysis\log\an_univariable_cox_models_non_covid_death.log
  log type:  text
 opened on:  24 Jul 2020, 13:43:20

. 
. * Open dataset and fit specified model(s)
. use "$tempdir\cr_create_analysis_dataset_STSET_`outcome'.dta", clear

. 
. 
. foreach var of any `varlist' {
  2. 
.         *Special cases
.         if "`var'"=="agesplsex" local model "age1 age2 age3 i.male"
  3.         else if "`var'"=="agegroupsex" local model "ib3.agegroup i.male"
  4.         else if "`var'"=="bmicat" local model "age1 age2 age3 i.male ib2.bmicat"
  5.         *General form of model
.         else local model "age1 age2 age3 i.male i.`var'"
  6. 
.         *Fit and save model
.         cap erase ./output/an_univariable_cox_models_`outcome'_AGESEX_`var'.ster
  7.         capture stcox `model' , strata(stp) vce(cluster household_id)
  8.         if _rc==0 {
  9.                 estimates
 10.                 estimates save ./output/an_univariable_cox_models_`outcome'_AGESEX_`var'.ster, replace
 11.                 }
 12.         else di "WARNING - `var' vs `outcome' MODEL DID NOT SUCCESSFULLY FIT"
 13. 
. }

----------------------------------------------------------------------------------------------------------------------------------
active results
----------------------------------------------------------------------------------------------------------------------------------

Stratified Cox regr. -- Breslow method for ties

No. of subjects      =   12,492,381             Number of obs    =     381,996
No. of failures      =        7,448
Time at risk         =   1698306199
                                                Wald chi2(6)     =     6123.84
Log pseudolikelihood =   -92564.181             Prob > chi2      =      0.0000

                       (Std. Err. adjusted for 374,481 clusters in household_id)
--------------------------------------------------------------------------------
               |               Robust
            _t | Haz. Ratio   Std. Err.      z    P>|z|     [95% Conf. Interval]
---------------+----------------------------------------------------------------
          age1 |   1.178542   .0237765     8.14   0.000      1.13285    1.226076
          age2 |   .8517853   .0463361    -2.95   0.003      .765642    .9476207
          age3 |   1.442159    .224952     2.35   0.019     1.062283    1.957879
        1.male |    1.38362   .0333905    13.45   0.000     1.319699    1.450637
               |
     kids_cat3 |
Kids under 12  |   .5445312   .0261812   -12.64   0.000     .4955606     .598341
Kids under 18  |   .5815023   .0313612   -10.05   0.000     .5231727    .6463353
--------------------------------------------------------------------------------
                                                             Stratified by stp
(note: file ./output/an_univariable_cox_models_non_covid_death_AGESEX_kids_cat3.ster not found)
file ./output/an_univariable_cox_models_non_covid_death_AGESEX_kids_cat3.ster saved

----------------------------------------------------------------------------------------------------------------------------------
active results
----------------------------------------------------------------------------------------------------------------------------------

Stratified Cox regr. -- Breslow method for ties

No. of subjects      =   12,492,381             Number of obs    =     381,996
No. of failures      =        7,448
Time at risk         =   1698306199
                                                Wald chi2(8)     =     6101.08
Log pseudolikelihood =   -92559.279             Prob > chi2      =      0.0000

                         (Std. Err. adjusted for 374,481 clusters in household_id)
----------------------------------------------------------------------------------
                 |               Robust
              _t | Haz. Ratio   Std. Err.      z    P>|z|     [95% Conf. Interval]
-----------------+----------------------------------------------------------------
            age1 |   1.180756   .0237811     8.25   0.000     1.135054    1.228298
            age2 |   .8462552   .0459778    -3.07   0.002     .7607725     .941343
            age3 |   1.472866   .2295659     2.48   0.013     1.085156      1.9991
          1.male |   1.383866   .0333952    13.46   0.000     1.319936    1.450892
                 |
  gp_number_kids |
 only >12 years  |   .5811087   .0313393   -10.07   0.000     .5228197    .6458963
    1 child <12  |   .5988224   .0333817    -9.20   0.000      .536843    .6679574
 2 children <12  |   .4538171   .0375132    -9.56   0.000     .3859394    .5336328
3+ children <12  |   .5017629   .0703769    -4.92   0.000      .381162    .6605224
----------------------------------------------------------------------------------
                                                             Stratified by stp
(note: file ./output/an_univariable_cox_models_non_covid_death_AGESEX_gp_number_kids.ster not found)
file ./output/an_univariable_cox_models_non_covid_death_AGESEX_gp_number_kids.ster saved

. 
. * Close log file
. log close
      name:  <unnamed>
       log:  E:\analyses\school-age-children-and-covid\analysis\log\an_univariable_cox_models_non_covid_death.log
  log type:  text
 closed on:  24 Jul 2020, 13:45:12
----------------------------------------------------------------------------------------------------------------------------------
