----------------------------------------------------------------------------------------------------------------------------------
      name:  <unnamed>
       log:  E:\analyses\school-age-children-and-covid\analysis\log\an_univariable_cox_models_covid_tpp_prob_or_susp.log
  log type:  text
 opened on:  24 Jul 2020, 13:43:33

. 
. * Open dataset and fit specified model(s)
. use "$tempdir\cr_create_analysis_dataset_STSET_`outcome'.dta", clear

. 
. 
. foreach var of any `varlist' {
  2. 
.         *Special cases
.         if "`var'"=="agesplsex" local model "age1 age2 age3 i.male"
  3.         else if "`var'"=="agegroupsex" local model "ib3.agegroup i.male"
  4.         else if "`var'"=="bmicat" local model "age1 age2 age3 i.male ib2.bmicat"
  5.         *General form of model
.         else local model "age1 age2 age3 i.male i.`var'"
  6. 
.         *Fit and save model
.         cap erase ./output/an_univariable_cox_models_`outcome'_AGESEX_`var'.ster
  7.         capture stcox `model' , strata(stp) vce(cluster household_id)
  8.         if _rc==0 {
  9.                 estimates
 10.                 estimates save ./output/an_univariable_cox_models_`outcome'_AGESEX_`var'.ster, replace
 11.                 }
 12.         else di "WARNING - `var' vs `outcome' MODEL DID NOT SUCCESSFULLY FIT"
 13. 
. }

----------------------------------------------------------------------------------------------------------------------------------
active results
----------------------------------------------------------------------------------------------------------------------------------

Stratified Cox regr. -- Breslow method for ties

No. of subjects      =   12,495,780             Number of obs    =     771,196
No. of failures      =      408,580
Time at risk         =   1676018127
                                                Wald chi2(6)     =    17804.22
Log pseudolikelihood =   -5347063.6             Prob > chi2      =      0.0000

                       (Std. Err. adjusted for 721,558 clusters in household_id)
--------------------------------------------------------------------------------
               |               Robust
            _t | Haz. Ratio   Std. Err.      z    P>|z|     [95% Conf. Interval]
---------------+----------------------------------------------------------------
          age1 |    1.01554   .0014759    10.61   0.000     1.012651    1.018437
          age2 |   .9993666   .0048922    -0.13   0.897      .989824    1.009001
          age3 |    1.00805    .017893     0.45   0.651     .9735831    1.043736
        1.male |   .6354785   .0029167   -98.78   0.000     .6297874    .6412209
               |
     kids_cat3 |
Kids under 12  |   1.044012   .0062418     7.20   0.000      1.03185    1.056318
Kids under 18  |   .9794888   .0083749    -2.42   0.015     .9632111    .9960416
--------------------------------------------------------------------------------
                                                             Stratified by stp
(note: file ./output/an_univariable_cox_models_covid_tpp_prob_or_susp_AGESEX_kids_cat3.ster not found)
file ./output/an_univariable_cox_models_covid_tpp_prob_or_susp_AGESEX_kids_cat3.ster saved

----------------------------------------------------------------------------------------------------------------------------------
active results
----------------------------------------------------------------------------------------------------------------------------------

Stratified Cox regr. -- Breslow method for ties

No. of subjects      =   12,495,780             Number of obs    =     771,196
No. of failures      =      408,580
Time at risk         =   1676018127
                                                Wald chi2(8)     =    17822.35
Log pseudolikelihood =     -5347044             Prob > chi2      =      0.0000

                         (Std. Err. adjusted for 721,558 clusters in household_id)
----------------------------------------------------------------------------------
                 |               Robust
              _t | Haz. Ratio   Std. Err.      z    P>|z|     [95% Conf. Interval]
-----------------+----------------------------------------------------------------
            age1 |   1.015302   .0014807    10.41   0.000     1.012404    1.018209
            age2 |   1.000271   .0049151     0.06   0.956     .9906835    1.009951
            age3 |   1.004677   .0178936     0.26   0.793     .9702109    1.040367
          1.male |   .6354911   .0029169   -98.77   0.000     .6297998    .6412338
                 |
  gp_number_kids |
 only >12 years  |   .9793484   .0083739    -2.44   0.015     .9630726    .9958993
    1 child <12  |   1.037695   .0075174     5.11   0.000     1.023065    1.052534
 2 children <12  |   1.037026   .0090715     4.16   0.000     1.019397    1.054959
3+ children <12  |   1.101281   .0156336     6.80   0.000     1.071062    1.132353
----------------------------------------------------------------------------------
                                                             Stratified by stp
(note: file ./output/an_univariable_cox_models_covid_tpp_prob_or_susp_AGESEX_gp_number_kids.ster not found)
file ./output/an_univariable_cox_models_covid_tpp_prob_or_susp_AGESEX_gp_number_kids.ster saved

. 
. * Close log file
. log close
      name:  <unnamed>
       log:  E:\analyses\school-age-children-and-covid\analysis\log\an_univariable_cox_models_covid_tpp_prob_or_susp.log
  log type:  text
 closed on:  24 Jul 2020, 13:45:18
----------------------------------------------------------------------------------------------------------------------------------
