-------------------------------------------------------------------------------
      name:  <unnamed>
       log:  e:\analyses\school-age-children-and-covid\analysis\log\06a_univari
> ate_analysis_SENSE_12mocovid_tpp_prob.log
  log type:  text
 opened on:   6 Aug 2020, 21:50:10

. 
. * Open dataset and fit specified model(s)
. forvalues x=0/1 {
  2. 
. use "$tempdir\cr_create_analysis_dataset_STSET_`outcome'_ageband_`x'.dta", cl
> ear
  3. 
. *SENSITIVITY ANALYSIS: 12 months FUP
. drop if has_12_m_follow_up == .
  4. foreach var of any `varlist' {
  5. 
.         *General form of model
.         else local model "age1 age2 age3 i.male i.`var'"
  6. 
.         *Fit and save model
.         cap erase ./output/an_univariable_cox_models_`outcome'_AGESEX_`var'_1
> 2mo.ster
  7.         capture stcox `model' , strata(stp) vce(cluster household_id)
  8.         if _rc==0 {
  9.                 estimates
 10.                 estimates save ./output/an_univariable_cox_models_`outcome
> '_AGESEX_`var'_12mo_ageband_`x'.ster, replace
 11.                 }
 12.         else di "WARNING - `var' vs `outcome' MODEL DID NOT SUCCESSFULLY F
> IT"
 13. 
. }
 14. 
. }
(0 observations deleted)

-------------------------------------------------------------------------------
active results
-------------------------------------------------------------------------------

Stratified Cox regr. -- Breslow method for ties

No. of subjects      =   12,079,029             Number of obs    =  12,079,029
No. of failures      =       33,607
Time at risk         =   1990575397
                                                Wald chi2(6)     =     2530.91
Log pseudolikelihood =   -441664.59             Prob > chi2      =      0.0000

                   (Std. Err. adjusted for 6,854,273 clusters in household_id)
------------------------------------------------------------------------------
             |               Robust
          _t | Haz. Ratio   Std. Err.      z    P>|z|     [95% Conf. Interval]
-------------+----------------------------------------------------------------
        age1 |   1.016962   .0024798     6.90   0.000     1.012113    1.021834
        age2 |   1.016127   .0074806     2.17   0.030      1.00157    1.030895
        age3 |   .9304601   .0190157    -3.53   0.000     .8939265    .9684867
      1.male |   .7313562   .0077435   -29.55   0.000     .7163357    .7466917
             |
   kids_cat3 |
Kids unde..  |   1.173152   .0178288    10.51   0.000     1.138724    1.208622
Kids unde..  |   1.170424    .024179     7.62   0.000     1.123981    1.218787
------------------------------------------------------------------------------
                                                             Stratified by stp
(note: file ./output/an_univariable_cox_models_covid_tpp_prob_AGESEX_kids_cat3_
> 12mo_ageband_0.ster not found)
file ./output/an_univariable_cox_models_covid_tpp_prob_AGESEX_kids_cat3_12mo_ag
> eband_0.ster saved
(0 observations deleted)

-------------------------------------------------------------------------------
active results
-------------------------------------------------------------------------------

Stratified Cox regr. -- Breslow method for ties

No. of subjects      =    3,469,712             Number of obs    =   3,469,712
No. of failures      =       14,105
Time at risk         =    569017088
                                                Wald chi2(6)     =     2997.46
Log pseudolikelihood =   -165371.52             Prob > chi2      =      0.0000

                   (Std. Err. adjusted for 2,598,560 clusters in household_id)
------------------------------------------------------------------------------
             |               Robust
          _t | Haz. Ratio   Std. Err.      z    P>|z|     [95% Conf. Interval]
-------------+----------------------------------------------------------------
        age1 |   .9889817   .0083444    -1.31   0.189     .9727615    1.005472
        age2 |   1.273781   .0452352     6.81   0.000     1.188136    1.365598
        age3 |   .5630795   .0520672    -6.21   0.000     .4697428    .6749619
      1.male |   1.328445   .0218601    17.26   0.000     1.286283    1.371988
             |
   kids_cat3 |
Kids unde..  |   1.377419   .0738631     5.97   0.000     1.239998    1.530069
Kids unde..  |   1.206005   .0942674     2.40   0.017     1.034701     1.40567
------------------------------------------------------------------------------
                                                             Stratified by stp
(note: file ./output/an_univariable_cox_models_covid_tpp_prob_AGESEX_kids_cat3_
> 12mo_ageband_1.ster not found)
file ./output/an_univariable_cox_models_covid_tpp_prob_AGESEX_kids_cat3_12mo_ag
> eband_1.ster saved

. * Close log file
. log close
      name:  <unnamed>
       log:  e:\analyses\school-age-children-and-covid\analysis\log\06a_univari
> ate_analysis_SENSE_12mocovid_tpp_prob.log
  log type:  text
 closed on:   6 Aug 2020, 22:10:37
-------------------------------------------------------------------------------
