-------------------------------------------------------------------------------
      name:  <unnamed>
       log:  E:\caroline\school-age-children-and-covid\analysis\log\an_interact
> ion_cox_models_covid_tpp_prob.log
  log type:  text
 opened on:  16 Jul 2020, 09:58:30

. 
. 
. use "$tempdir\cr_create_analysis_dataset_STSET_`outcome'.dta", clear

. stset
-> stset stime_covid_tpp_prob, id(patient_id) failure(covid_tpp_prob)
                               enter(time enter_date) origin(time enter_date)

                id:  patient_id
     failure event:  covid_tpp_prob != 0 & covid_tpp_prob < .
obs. time interval:  (stime_covid_tpp_prob[_n-1], stime_covid_tpp_prob]
 enter on or after:  time enter_date
 exit on or before:  failure
    t for analysis:  (time-origin)
            origin:  time enter_date

------------------------------------------------------------------------------
   16074725  total observations
          0  exclusions
------------------------------------------------------------------------------
   16074725  observations remaining, representing
   16074725  subjects
     37,915  failures in single-failure-per-subject data
 2.1804e+09  total analysis time at risk and under observation
                                                at risk from t =         0
                                     earliest observed entry t =         0
                                          last observed exit t =       136

. 
. *Split data by time of study period: days to April 3rd (31 d March, 3d April)
. stsplit cat_time, at(0,34, 200)
(16,060,988 observations (episodes) created)

. recode cat_time 34=1 200=2 
(cat_time: 16060988 changes made)

. recode `outcome' .=0 
(covid_tpp_prob: 16060988 changes made)

. tab cat_time

Observation |
   interval |      Freq.     Percent        Cum.
------------+-----------------------------------
          0 | 16,074,725       50.02       50.02
          1 | 16,060,988       49.98      100.00
------------+-----------------------------------
      Total | 32,135,713      100.00

.  
. /*Overlapping time periods
> gen cat_time0=1 if cat==0
> gen cat_time1=1 if cat==0 | cat==0.25
> */
.         
. *PROG TO DEFINE THE BASIC COX MODEL WITH OPTIONS FOR HANDLING OF AGE, BMI, ET
> HNICITY:
. cap prog drop basemodel

. prog define basemodel
  1.         syntax , exposure(string)  age(string) [ethnicity(real 0) interact
> ion(string)] 
  2.         if `ethnicity'==1 local ethnicity "i.ethnicity"
  3.         else local ethnicity
  4. timer clear
  5. timer on 1
  6.  stcox  `exposure' `age'                                        ///
>                         i.male                                               
>    ///
>                         i.obese4cat                                          
>    ///
>                         i.smoke_nomiss                                  ///
>                         i.imd                                                
>    ///
>                         i.htdiag_or_highbp                              ///
>                         i.chronic_respiratory_disease   ///
>                         i.asthma                                             
>    ///
>                         i.chronic_cardiac_disease               ///
>                         i.diabetes                                           
>    ///
>                         i.cancer_exhaem_cat                             ///
>                         i.cancer_haem_cat                               ///
>                         i.chronic_liver_disease                 ///
>                         i.stroke_dementia                               ///
>                         i.other_neuro                                   ///
>                         i.reduced_kidney_function_cat   ///
>                         i.organ_trans                           ///
>                         i.asplenia                                           
>    ///
>                         i.tot_people_hh                         ///
>                         i.ra_sle_psoriasis                      ///
>                         i.other_immuno                  ///
>                         `interaction'                                        
>            ///
>                         , strata(stp) vce(cluster household_size)
  7.         timer off 1
  8. timer list
  9. end

. *****************************************************************************
> ********
. 
. foreach int_type in age66 male cat_time shield {
  2. 
. *Age interaction for 3-level exposure vars
. foreach exposure_type in kids_cat3  {
  3. 
. *Age spline model (not adj ethnicity, no interaction)
. basemodel, exposure("i.`exposure_type'") age("age1 age2 age3")  
  4. 
. *Age spline model (not adj ethnicity, interaction)
. basemodel, exposure("i.`exposure_type'") age("age1 age2 age3") interaction(1.
> `int_type'#1.`exposure_type' 1.`int_type'#2.`exposure_type')
  5. if _rc==0{
  6. testparm 1.`int_type'#i.`exposure_type'
  7. di _n "`exposure_type' <66" _n "****************"
  8. lincom 2.`exposure_type', eform
  9. di "`exposure_type' 66+" _n "****************"
 10. lincom 2.`exposure_type' + 1.`int_type'#2.`exposure_type', eform
 11. estimates save ./output/an_interaction_cox_models_`outcome'_`exposure_type
> '_`int_type'_MAINFULLYADJMODEL_agespline_bmicat_noeth, replace
 12. }
 13. else di "WARNING GROUP MODEL DID NOT FIT (OUTCOME `outcome')"
 14. 
. }
 15. 
. /*Age interactions with 4-level vars: NOT in protocol - do not run
> foreach exposure_type in gp_number_kids {
> basemodel, exposure("i.`exposure_type'") age("age1 age2 age3")  bp("i.htdiag_
> or_highbp") ethnicity(0) interaction(1.`int_type'#1.`exposure_type' 1.`int_ty
> pe'#2.`exposure_type' 1.`int_type'#3.`exposure_type' 1.`int_type'#4.`exposure
> _type')
> if _rc==0{
> testparm 1.`int_type'#i.`exposure_type'
> di _n "`exposure_type' <66" _n "****************"
> lincom 2.`exposure_type', eform
> lincom 3.`exposure_type', eform
> lincom 4.`exposure_type', eform
> di "`exposure_type' 66+" _n "****************"
> lincom 2.`exposure_type' + 1.`int_type'#2.`exposure_type', eform
> lincom 3.`exposure_type' + 1.`int_type'#3.`exposure_type', eform
> lincom 4.`exposure_type' + 1.`int_type'#4.`exposure_type', eform
> estimates save ./output/an_interaction_cox_models_`outcome'_`exposure_type'_`
> int_type'_MAINFULLYADJMODEL_agespline_bmicat_noeth, replace
> }
> else di "WARNING GROUP MODEL DID NOT FIT (OUTCOME `outcome')"
> }
> */
. 
. }

         failure _d:  covid_tpp_prob
   analysis time _t:  (stime_covid_tpp_prob-origin)
             origin:  time enter_date
  enter on or after:  time enter_date
                 id:  patient_id

Iteration 0:   log pseudolikelihood = -508139.38
Iteration 1:   log pseudolikelihood = -497726.72
Iteration 2:   log pseudolikelihood = -495386.17
Iteration 3:   log pseudolikelihood = -495226.38
Iteration 4:   log pseudolikelihood = -495221.11
Iteration 5:   log pseudolikelihood =  -495221.1
Refining estimates:
Iteration 0:   log pseudolikelihood =  -495221.1

Stratified Cox regr. -- Breslow method for ties

No. of subjects      =   16,074,725             Number of obs    =  32,135,713
No. of failures      =       37,915
Time at risk         =   2180364256
                                                Wald chi2(9)     =    10180.59
Log pseudolikelihood =    -495221.1             Prob > chi2      =      0.0000

                        (Std. Err. adjusted for 10 clusters in household_size)
------------------------------------------------------------------------------
             |               Robust
          _t | Haz. Ratio   Std. Err.      z    P>|z|     [95% Conf. Interval]
-------------+----------------------------------------------------------------
   kids_cat3 |
Kids unde..  |   .7806885   .0587088    -3.29   0.001     .6736997    .9046681
Kids unde..  |   .9361196   .0661004    -0.93   0.350     .8151305    1.075067
             |
        age1 |   1.112924   .0073932    16.11   0.000     1.098528    1.127509
        age2 |   .7690407   .0171713   -11.76   0.000     .7361113    .8034431
        age3 |   2.002514   .1110407    12.52   0.000     1.796288    2.232417
      1.male |   .8680436   .0424985    -2.89   0.004     .7886197    .9554664
             |
   obese4cat |
Obese I ..)  |   1.194141   .0376993     5.62   0.000     1.122492    1.270364
Obese II..)  |   1.386364    .018028    25.12   0.000     1.351476    1.422152
Obese II..)  |   1.649286   .0309132    26.69   0.000     1.589796    1.711001
             |
smoke_nomiss |
     Former  |   1.043792   .0280749     1.59   0.111     .9901916    1.100294
    Current  |   .6297993   .0412494    -7.06   0.000     .5539261    .7160651
             |
         imd |
          2  |   1.131903   .0142332     9.85   0.000     1.104348    1.160146
          3  |   1.168016    .026338     6.89   0.000     1.117519    1.220795
          4  |   1.354191   .0190394    21.57   0.000     1.317384    1.392026
5 most de..  |   1.530182   .0228703    28.46   0.000     1.486007     1.57567
             |
1.htdiag_o~p |   1.108635   .0192207     5.95   0.000     1.071596    1.146954
1.~y_disease |   1.943889   .0200396    64.48   0.000     1.905006    1.983565
    1.asthma |   1.256495   .0168803    17.00   0.000     1.223842     1.29002
1.~c_disease |   1.387235   .0182784    24.84   0.000     1.351869    1.423527
  1.diabetes |   1.559272   .0460361    15.05   0.000     1.471604    1.652162
             |
cancer_exh~t |
  Last year  |   1.881059   .0623661    19.06   0.000      1.76271    2.007353
2-5 years..  |   1.282746    .022357    14.29   0.000     1.239667    1.327322
   5+ years  |   1.128526   .0297456     4.59   0.000     1.071706    1.188359
             |
cancer_hae~t |
  Last year  |   3.748112   .8065738     6.14   0.000      2.45832     5.71461
2-5 years..  |   2.522935   .1384481    16.86   0.000     2.265665    2.809419
   5+ years  |   1.848763   .0644373    17.63   0.000     1.726686    1.979472
             |
1.~r_disease |   1.713698   .0919861    10.04   0.000     1.542568    1.903812
1.stroke_d~a |   1.777157   .0393037    26.00   0.000     1.701769    1.855885
1.other_ne~o |   1.917496   .1249804     9.99   0.000      1.68754    2.178788
             |
reduced_ki~t |
Stage 3a/..  |   1.181863   .0220044     8.97   0.000     1.139512    1.225787
Stage 4/5..  |   2.284581   .1212763    15.56   0.000     2.058831    2.535083
             |
1.organ_tr~s |   2.646182    .085199    30.22   0.000     2.484354     2.81855
  1.asplenia |   1.969848   .1411052     9.46   0.000     1.711823    2.266764
             |
tot_people~h |
          2  |   .9419925   .0062385    -9.02   0.000     .9298443    .9542993
          3  |   1.190219   .0576167     3.60   0.000     1.082484    1.308676
          4  |   1.357332   .1038758     3.99   0.000     1.168273    1.576987
          5  |   1.804674   .2108489     5.05   0.000      1.43532    2.269075
             |
1.ra_sle_p~s |   1.285073   .0127855    25.21   0.000     1.260257    1.310378
1.other_im~o |   2.369486   .1874572    10.90   0.000     2.029145    2.766911
------------------------------------------------------------------------------
                                                             Stratified by stp
   1:   7096.10 /        1 =    7096.1030

         failure _d:  covid_tpp_prob
   analysis time _t:  (stime_covid_tpp_prob-origin)
             origin:  time enter_date
  enter on or after:  time enter_date
                 id:  patient_id

Iteration 0:   log pseudolikelihood = -508139.38
Iteration 1:   log pseudolikelihood = -497712.86
Iteration 2:   log pseudolikelihood = -495358.49
Iteration 3:   log pseudolikelihood = -495199.23
Iteration 4:   log pseudolikelihood = -495193.99
Iteration 5:   log pseudolikelihood = -495193.98
Refining estimates:
Iteration 0:   log pseudolikelihood = -495193.98

Stratified Cox regr. -- Breslow method for ties

No. of subjects      =   16,074,725             Number of obs    =  32,135,713
No. of failures      =       37,915
Time at risk         =   2180364256
                                                Wald chi2(9)     =     4785.91
Log pseudolikelihood =   -495193.98             Prob > chi2      =      0.0000

                                         (Std. Err. adjusted for 10 clusters in household_size)
-----------------------------------------------------------------------------------------------
                              |               Robust
                           _t | Haz. Ratio   Std. Err.      z    P>|z|     [95% Conf. Interval]
------------------------------+----------------------------------------------------------------
                    kids_cat3 |
               Kids under 12  |   .7988568    .058264    -3.08   0.002     .6924481    .9216173
               Kids under 18  |   .9730394   .0591804    -0.45   0.653     .8636946    1.096227
                              |
                         age1 |   1.109929   .0087429    13.24   0.000     1.092925    1.127198
                         age2 |   .7756931   .0207581    -9.49   0.000     .7360566    .8174641
                         age3 |   1.960146   .1296599    10.17   0.000     1.721801    2.231484
                       1.male |   .8688469   .0429301    -2.85   0.004     .7886514    .9571974
                              |
                    obese4cat |
           Obese I (30-34.9)  |   1.193561   .0376972     5.60   0.000     1.121916     1.26978
          Obese II (35-39.9)  |   1.386124   .0180787    25.03   0.000      1.35114    1.422015
             Obese III (40+)  |   1.649376   .0313157    26.36   0.000     1.589126     1.71191
                              |
                 smoke_nomiss |
                      Former  |   1.042009   .0286843     1.49   0.135     .9872789    1.099774
                     Current  |   .6299946    .041083    -7.09   0.000     .5544067    .7158881
                              |
                          imd |
                           2  |   1.132611     .01437     9.81   0.000     1.104793    1.161128
                           3  |   1.169421   .0265648     6.89   0.000     1.118497    1.222664
                           4  |   1.356162   .0192202    21.50   0.000      1.31901    1.394361
             5 most deprived  |   1.532717    .022418    29.20   0.000     1.489402    1.577291
                              |
           1.htdiag_or_highbp |   1.108908   .0193405     5.93   0.000     1.071641     1.14747
1.chronic_respiratory_disease |   1.944002    .019734    65.48   0.000     1.905706    1.983067
                     1.asthma |   1.258101   .0159661    18.09   0.000     1.227194    1.289786
    1.chronic_cardiac_disease |   1.387804   .0179349    25.36   0.000     1.353093    1.423404
                   1.diabetes |   1.562757   .0470943    14.81   0.000     1.473127     1.65784
                              |
            cancer_exhaem_cat |
                   Last year  |    1.87917   .0615649    19.26   0.000     1.762297    2.003793
               2-5 years ago  |   1.281691   .0223259    14.25   0.000     1.238672    1.326205
                    5+ years  |   1.126553   .0301925     4.45   0.000     1.068904    1.187311
                              |
              cancer_haem_cat |
                   Last year  |   3.743033   .8050028     6.14   0.000     2.455604    5.705438
               2-5 years ago  |   2.521879   .1385623    16.84   0.000     2.264413    2.808618
                    5+ years  |   1.848706   .0644014    17.64   0.000     1.726695     1.97934
                              |
      1.chronic_liver_disease |   1.715674   .0907841    10.20   0.000     1.546656    1.903162
            1.stroke_dementia |   1.776976   .0388887    26.27   0.000     1.702367    1.854854
                1.other_neuro |    1.91953   .1257861     9.95   0.000     1.688169    2.182598
                              |
  reduced_kidney_function_cat |
Stage 3a/3b egfr 30-60        |   1.181542    .022039     8.94   0.000     1.139127    1.225537
           Stage 4/5 egfr<30  |   2.286013    .120936    15.63   0.000     2.060857    2.535768
                              |
                1.organ_trans |    2.65135   .0861832    30.00   0.000     2.487702    2.825763
                   1.asplenia |   1.970249   .1412961     9.46   0.000     1.711896    2.267592
                              |
                tot_people_hh |
                           2  |   .9421471   .0064328    -8.73   0.000      .929623    .9548398
                           3  |   1.194694   .0616803     3.45   0.001     1.079718    1.321913
                           4  |   1.363818   .1091908     3.88   0.000     1.165755    1.595534
                           5  |   1.831316   .2240547     4.95   0.000     1.440861     2.32758
                              |
           1.ra_sle_psoriasis |   1.284519   .0126936    25.34   0.000     1.259879     1.30964
               1.other_immuno |   2.370525   .1877372    10.90   0.000     2.029703    2.768578
                              |
              age66#kids_cat3 |
             1#Kids under 12  |   .7759325   .1030022    -1.91   0.056     .5981775    1.006509
             1#Kids under 18  |   .6235097   .1029881    -2.86   0.004     .4510723     .861867
-----------------------------------------------------------------------------------------------
                                                             Stratified by stp
   1:   7037.56 /        1 =    7037.5580

 ( 1)  1.age66#1.kids_cat3 = 0
 ( 2)  1.age66#2.kids_cat3 = 0

           chi2(  2) =    9.59
         Prob > chi2 =    0.0083

kids_cat3 <66
****************

 ( 1)  2.kids_cat3 = 0

------------------------------------------------------------------------------
          _t |     exp(b)   Std. Err.      z    P>|z|     [95% Conf. Interval]
-------------+----------------------------------------------------------------
         (1) |   .9730394   .0591804    -0.45   0.653     .8636946    1.096227
------------------------------------------------------------------------------
kids_cat3 66+
****************

 ( 1)  2.kids_cat3 + 1.age66#2.kids_cat3 = 0

------------------------------------------------------------------------------
          _t |     exp(b)   Std. Err.      z    P>|z|     [95% Conf. Interval]
-------------+----------------------------------------------------------------
         (1) |   .6066994   .1152543    -2.63   0.009     .4180916    .8803914
------------------------------------------------------------------------------
(note: file ./output/an_interaction_cox_models_covid_tpp_prob_kids_cat3_age66_MAINFULLYADJMODEL_agespline_bmicat_noeth.ster not found)
file ./output/an_interaction_cox_models_covid_tpp_prob_kids_cat3_age66_MAINFULLYADJMODEL_agespline_bmicat_noeth.ster saved

         failure _d:  covid_tpp_prob
   analysis time _t:  (stime_covid_tpp_prob-origin)
             origin:  time enter_date
  enter on or after:  time enter_date
                 id:  patient_id

Iteration 0:   log pseudolikelihood = -508139.38
Iteration 1:   log pseudolikelihood = -497726.72
Iteration 2:   log pseudolikelihood = -495386.17
Iteration 3:   log pseudolikelihood = -495226.38
Iteration 4:   log pseudolikelihood = -495221.11
Iteration 5:   log pseudolikelihood =  -495221.1
Refining estimates:
Iteration 0:   log pseudolikelihood =  -495221.1

Stratified Cox regr. -- Breslow method for ties

No. of subjects      =   16,074,725             Number of obs    =  32,135,713
No. of failures      =       37,915
Time at risk         =   2180364256
                                                Wald chi2(9)     =    10180.59
Log pseudolikelihood =    -495221.1             Prob > chi2      =      0.0000

                                         (Std. Err. adjusted for 10 clusters in household_size)
-----------------------------------------------------------------------------------------------
                              |               Robust
                           _t | Haz. Ratio   Std. Err.      z    P>|z|     [95% Conf. Interval]
------------------------------+----------------------------------------------------------------
                    kids_cat3 |
               Kids under 12  |   .7806885   .0587088    -3.29   0.001     .6736997    .9046681
               Kids under 18  |   .9361196   .0661004    -0.93   0.350     .8151305    1.075067
                              |
                         age1 |   1.112924   .0073932    16.11   0.000     1.098528    1.127509
                         age2 |   .7690407   .0171713   -11.76   0.000     .7361113    .8034431
                         age3 |   2.002514   .1110407    12.52   0.000     1.796288    2.232417
                       1.male |   .8680436   .0424985    -2.89   0.004     .7886197    .9554664
                              |
                    obese4cat |
           Obese I (30-34.9)  |   1.194141   .0376993     5.62   0.000     1.122492    1.270364
          Obese II (35-39.9)  |   1.386364    .018028    25.12   0.000     1.351476    1.422152
             Obese III (40+)  |   1.649286   .0309132    26.69   0.000     1.589796    1.711001
                              |
                 smoke_nomiss |
                      Former  |   1.043792   .0280749     1.59   0.111     .9901916    1.100294
                     Current  |   .6297993   .0412494    -7.06   0.000     .5539261    .7160651
                              |
                          imd |
                           2  |   1.131903   .0142332     9.85   0.000     1.104348    1.160146
                           3  |   1.168016    .026338     6.89   0.000     1.117519    1.220795
                           4  |   1.354191   .0190394    21.57   0.000     1.317384    1.392026
             5 most deprived  |   1.530182   .0228703    28.46   0.000     1.486007     1.57567
                              |
           1.htdiag_or_highbp |   1.108635   .0192207     5.95   0.000     1.071596    1.146954
1.chronic_respiratory_disease |   1.943889   .0200396    64.48   0.000     1.905006    1.983565
                     1.asthma |   1.256495   .0168803    17.00   0.000     1.223842     1.29002
    1.chronic_cardiac_disease |   1.387235   .0182784    24.84   0.000     1.351869    1.423527
                   1.diabetes |   1.559272   .0460361    15.05   0.000     1.471604    1.652162
                              |
            cancer_exhaem_cat |
                   Last year  |   1.881059   .0623661    19.06   0.000      1.76271    2.007353
               2-5 years ago  |   1.282746    .022357    14.29   0.000     1.239667    1.327322
                    5+ years  |   1.128526   .0297456     4.59   0.000     1.071706    1.188359
                              |
              cancer_haem_cat |
                   Last year  |   3.748112   .8065738     6.14   0.000      2.45832     5.71461
               2-5 years ago  |   2.522935   .1384481    16.86   0.000     2.265665    2.809419
                    5+ years  |   1.848763   .0644373    17.63   0.000     1.726686    1.979472
                              |
      1.chronic_liver_disease |   1.713698   .0919861    10.04   0.000     1.542568    1.903812
            1.stroke_dementia |   1.777157   .0393037    26.00   0.000     1.701769    1.855885
                1.other_neuro |   1.917496   .1249804     9.99   0.000      1.68754    2.178788
                              |
  reduced_kidney_function_cat |
Stage 3a/3b egfr 30-60        |   1.181863   .0220044     8.97   0.000     1.139512    1.225787
           Stage 4/5 egfr<30  |   2.284581   .1212763    15.56   0.000     2.058831    2.535083
                              |
                1.organ_trans |   2.646182    .085199    30.22   0.000     2.484354     2.81855
                   1.asplenia |   1.969848   .1411052     9.46   0.000     1.711823    2.266764
                              |
                tot_people_hh |
                           2  |   .9419925   .0062385    -9.02   0.000     .9298443    .9542993
                           3  |   1.190219   .0576167     3.60   0.000     1.082484    1.308676
                           4  |   1.357332   .1038758     3.99   0.000     1.168273    1.576987
                           5  |   1.804674   .2108489     5.05   0.000      1.43532    2.269075
                              |
           1.ra_sle_psoriasis |   1.285073   .0127855    25.21   0.000     1.260257    1.310378
               1.other_immuno |   2.369486   .1874572    10.90   0.000     2.029145    2.766911
-----------------------------------------------------------------------------------------------
                                                             Stratified by stp
   1:   6538.05 /        1 =    6538.0460

         failure _d:  covid_tpp_prob
   analysis time _t:  (stime_covid_tpp_prob-origin)
             origin:  time enter_date
  enter on or after:  time enter_date
                 id:  patient_id

Iteration 0:   log pseudolikelihood = -508139.38
Iteration 1:   log pseudolikelihood = -497718.02
Iteration 2:   log pseudolikelihood = -495364.86
Iteration 3:   log pseudolikelihood = -495205.31
Iteration 4:   log pseudolikelihood = -495200.08
Iteration 5:   log pseudolikelihood = -495200.07
Refining estimates:
Iteration 0:   log pseudolikelihood = -495200.07

Stratified Cox regr. -- Breslow method for ties

No. of subjects      =   16,074,725             Number of obs    =  32,135,713
No. of failures      =       37,915
Time at risk         =   2180364256
                                                Wald chi2(9)     =     9189.86
Log pseudolikelihood =   -495200.07             Prob > chi2      =      0.0000

                                         (Std. Err. adjusted for 10 clusters in household_size)
-----------------------------------------------------------------------------------------------
                              |               Robust
                           _t | Haz. Ratio   Std. Err.      z    P>|z|     [95% Conf. Interval]
------------------------------+----------------------------------------------------------------
                    kids_cat3 |
               Kids under 12  |   .8315635   .0664481    -2.31   0.021      .711014    .9725517
               Kids under 18  |   1.011571   .0652138     0.18   0.858     .8915001    1.147814
                              |
                         age1 |   1.112256   .0074559    15.87   0.000     1.097738    1.126966
                         age2 |   .7707471   .0172749   -11.62   0.000     .7376218      .80536
                         age3 |   1.990752   .1101279    12.45   0.000     1.786195    2.218735
                       1.male |   .9019159   .0451294    -2.06   0.039     .8176628    .9948506
                              |
                    obese4cat |
           Obese I (30-34.9)  |   1.192414   .0378985     5.54   0.000     1.120401    1.269056
          Obese II (35-39.9)  |   1.384217   .0179383    25.09   0.000     1.349501    1.419826
             Obese III (40+)  |    1.64683     .03141    26.15   0.000     1.586404    1.709557
                              |
                 smoke_nomiss |
                      Former  |   1.041397   .0280305     1.51   0.132     .9878826    1.097811
                     Current  |   .6299061   .0412182    -7.06   0.000     .5540858    .7161016
                              |
                          imd |
                           2  |   1.131812   .0141943     9.87   0.000      1.10433    1.159977
                           3  |   1.167889   .0263698     6.87   0.000     1.117332    1.220734
                           4  |   1.353794   .0193139    21.23   0.000     1.316464    1.392183
             5 most deprived  |   1.529042   .0233695    27.78   0.000     1.483918    1.575539
                              |
           1.htdiag_or_highbp |   1.111082   .0193648     6.04   0.000     1.073769    1.149692
1.chronic_respiratory_disease |   1.941882    .020335    63.38   0.000     1.902432     1.98215
                     1.asthma |   1.257976   .0169904    16.99   0.000     1.225112    1.291721
    1.chronic_cardiac_disease |    1.38275   .0180572    24.82   0.000     1.347808    1.418598
                   1.diabetes |   1.557096   .0460893    14.96   0.000     1.469333    1.650101
                              |
            cancer_exhaem_cat |
                   Last year  |   1.874955   .0616751    19.11   0.000     1.757888    1.999818
               2-5 years ago  |   1.278407   .0225552    13.92   0.000     1.234956    1.323388
                    5+ years  |   1.128367   .0297893     4.57   0.000     1.071466     1.18829
                              |
              cancer_haem_cat |
                   Last year  |   3.739214   .8060103     6.12   0.000     2.450748    5.705084
               2-5 years ago  |    2.51651    .138547    16.76   0.000       2.2591    2.803249
                    5+ years  |   1.846616    .064408    17.59   0.000     1.724597    1.977268
                              |
      1.chronic_liver_disease |   1.712683   .0918062    10.04   0.000     1.541876    1.902412
            1.stroke_dementia |   1.775157   .0391709    26.01   0.000     1.700019    1.853614
                1.other_neuro |   1.915529    .124433    10.01   0.000     1.686532    2.175619
                              |
  reduced_kidney_function_cat |
Stage 3a/3b egfr 30-60        |   1.183499   .0219674     9.08   0.000     1.141217    1.227347
           Stage 4/5 egfr<30  |   2.286323   .1218024    15.52   0.000     2.059635     2.53796
                              |
                1.organ_trans |   2.646634   .0848797    30.35   0.000     2.485394    2.818335
                   1.asplenia |   1.969234   .1413821     9.44   0.000     1.710744    2.266782
                              |
                tot_people_hh |
                           2  |   .9380124   .0060296    -9.96   0.000     .9262688    .9499049
                           3  |   1.186445   .0563398     3.60   0.000     1.081004    1.302171
                           4  |   1.357812   .1008497     4.12   0.000     1.173864    1.570586
                           5  |   1.808586   .2089351     5.13   0.000     1.442131    2.268158
                              |
           1.ra_sle_psoriasis |   1.285728   .0128159    25.21   0.000     1.260853    1.311093
               1.other_immuno |   2.359525   .1870859    10.83   0.000     2.019915    2.756233
                              |
               male#kids_cat3 |
             1#Kids under 12  |    .863447   .0464232    -2.73   0.006     .7770891    .9594018
             1#Kids under 18  |   .8327073   .0589232    -2.59   0.010     .7248706    .9565865
-----------------------------------------------------------------------------------------------
                                                             Stratified by stp
   1:   6898.48 /        1 =    6898.4770

 ( 1)  1.male#1.kids_cat3 = 0
 ( 2)  1.male#2.kids_cat3 = 0

           chi2(  2) =    8.60
         Prob > chi2 =    0.0135

kids_cat3 <66
****************

 ( 1)  2.kids_cat3 = 0

------------------------------------------------------------------------------
          _t |     exp(b)   Std. Err.      z    P>|z|     [95% Conf. Interval]
-------------+----------------------------------------------------------------
         (1) |   1.011571   .0652138     0.18   0.858     .8915001    1.147814
------------------------------------------------------------------------------
kids_cat3 66+
****************

 ( 1)  2.kids_cat3 + 1.male#2.kids_cat3 = 0

------------------------------------------------------------------------------
          _t |     exp(b)   Std. Err.      z    P>|z|     [95% Conf. Interval]
-------------+----------------------------------------------------------------
         (1) |   .8423429   .0773147    -1.87   0.062     .7036572    1.008363
------------------------------------------------------------------------------
(note: file ./output/an_interaction_cox_models_covid_tpp_prob_kids_cat3_male_MAINFULLYADJMODEL_agespline_bmicat_noeth.ster not found)
file ./output/an_interaction_cox_models_covid_tpp_prob_kids_cat3_male_MAINFULLYADJMODEL_agespline_bmicat_noeth.ster saved

         failure _d:  covid_tpp_prob
   analysis time _t:  (stime_covid_tpp_prob-origin)
             origin:  time enter_date
  enter on or after:  time enter_date
                 id:  patient_id

Iteration 0:   log pseudolikelihood = -508139.38
Iteration 1:   log pseudolikelihood = -497726.72
Iteration 2:   log pseudolikelihood = -495386.17
Iteration 3:   log pseudolikelihood = -495226.38
Iteration 4:   log pseudolikelihood = -495221.11
Iteration 5:   log pseudolikelihood =  -495221.1
Refining estimates:
Iteration 0:   log pseudolikelihood =  -495221.1

Stratified Cox regr. -- Breslow method for ties

No. of subjects      =   16,074,725             Number of obs    =  32,135,713
No. of failures      =       37,915
Time at risk         =   2180364256
                                                Wald chi2(9)     =    10180.59
Log pseudolikelihood =    -495221.1             Prob > chi2      =      0.0000

                                         (Std. Err. adjusted for 10 clusters in household_size)
-----------------------------------------------------------------------------------------------
                              |               Robust
                           _t | Haz. Ratio   Std. Err.      z    P>|z|     [95% Conf. Interval]
------------------------------+----------------------------------------------------------------
                    kids_cat3 |
               Kids under 12  |   .7806885   .0587088    -3.29   0.001     .6736997    .9046681
               Kids under 18  |   .9361196   .0661004    -0.93   0.350     .8151305    1.075067
                              |
                         age1 |   1.112924   .0073932    16.11   0.000     1.098528    1.127509
                         age2 |   .7690407   .0171713   -11.76   0.000     .7361113    .8034431
                         age3 |   2.002514   .1110407    12.52   0.000     1.796288    2.232417
                       1.male |   .8680436   .0424985    -2.89   0.004     .7886197    .9554664
                              |
                    obese4cat |
           Obese I (30-34.9)  |   1.194141   .0376993     5.62   0.000     1.122492    1.270364
          Obese II (35-39.9)  |   1.386364    .018028    25.12   0.000     1.351476    1.422152
             Obese III (40+)  |   1.649286   .0309132    26.69   0.000     1.589796    1.711001
                              |
                 smoke_nomiss |
                      Former  |   1.043792   .0280749     1.59   0.111     .9901916    1.100294
                     Current  |   .6297993   .0412494    -7.06   0.000     .5539261    .7160651
                              |
                          imd |
                           2  |   1.131903   .0142332     9.85   0.000     1.104348    1.160146
                           3  |   1.168016    .026338     6.89   0.000     1.117519    1.220795
                           4  |   1.354191   .0190394    21.57   0.000     1.317384    1.392026
             5 most deprived  |   1.530182   .0228703    28.46   0.000     1.486007     1.57567
                              |
           1.htdiag_or_highbp |   1.108635   .0192207     5.95   0.000     1.071596    1.146954
1.chronic_respiratory_disease |   1.943889   .0200396    64.48   0.000     1.905006    1.983565
                     1.asthma |   1.256495   .0168803    17.00   0.000     1.223842     1.29002
    1.chronic_cardiac_disease |   1.387235   .0182784    24.84   0.000     1.351869    1.423527
                   1.diabetes |   1.559272   .0460361    15.05   0.000     1.471604    1.652162
                              |
            cancer_exhaem_cat |
                   Last year  |   1.881059   .0623661    19.06   0.000      1.76271    2.007353
               2-5 years ago  |   1.282746    .022357    14.29   0.000     1.239667    1.327322
                    5+ years  |   1.128526   .0297456     4.59   0.000     1.071706    1.188359
                              |
              cancer_haem_cat |
                   Last year  |   3.748112   .8065738     6.14   0.000      2.45832     5.71461
               2-5 years ago  |   2.522935   .1384481    16.86   0.000     2.265665    2.809419
                    5+ years  |   1.848763   .0644373    17.63   0.000     1.726686    1.979472
                              |
      1.chronic_liver_disease |   1.713698   .0919861    10.04   0.000     1.542568    1.903812
            1.stroke_dementia |   1.777157   .0393037    26.00   0.000     1.701769    1.855885
                1.other_neuro |   1.917496   .1249804     9.99   0.000      1.68754    2.178788
                              |
  reduced_kidney_function_cat |
Stage 3a/3b egfr 30-60        |   1.181863   .0220044     8.97   0.000     1.139512    1.225787
           Stage 4/5 egfr<30  |   2.284581   .1212763    15.56   0.000     2.058831    2.535083
                              |
                1.organ_trans |   2.646182    .085199    30.22   0.000     2.484354     2.81855
                   1.asplenia |   1.969848   .1411052     9.46   0.000     1.711823    2.266764
                              |
                tot_people_hh |
                           2  |   .9419925   .0062385    -9.02   0.000     .9298443    .9542993
                           3  |   1.190219   .0576167     3.60   0.000     1.082484    1.308676
                           4  |   1.357332   .1038758     3.99   0.000     1.168273    1.576987
                           5  |   1.804674   .2108489     5.05   0.000      1.43532    2.269075
                              |
           1.ra_sle_psoriasis |   1.285073   .0127855    25.21   0.000     1.260257    1.310378
               1.other_immuno |   2.369486   .1874572    10.90   0.000     2.029145    2.766911
-----------------------------------------------------------------------------------------------
                                                             Stratified by stp
   1:   6742.90 /        1 =    6742.9010

         failure _d:  covid_tpp_prob
   analysis time _t:  (stime_covid_tpp_prob-origin)
             origin:  time enter_date
  enter on or after:  time enter_date
                 id:  patient_id

Iteration 0:   log pseudolikelihood = -508139.38
Iteration 1:   log pseudolikelihood = -497726.48
Iteration 2:   log pseudolikelihood = -495385.87
Iteration 3:   log pseudolikelihood = -495226.07
Iteration 4:   log pseudolikelihood =  -495220.8
Iteration 5:   log pseudolikelihood = -495220.79
Refining estimates:
Iteration 0:   log pseudolikelihood = -495220.79

Stratified Cox regr. -- Breslow method for ties

No. of subjects      =   16,074,725             Number of obs    =  32,135,713
No. of failures      =       37,915
Time at risk         =   2180364256
                                                Wald chi2(9)     =     2084.26
Log pseudolikelihood =   -495220.79             Prob > chi2      =      0.0000

                                         (Std. Err. adjusted for 10 clusters in household_size)
-----------------------------------------------------------------------------------------------
                              |               Robust
                           _t | Haz. Ratio   Std. Err.      z    P>|z|     [95% Conf. Interval]
------------------------------+----------------------------------------------------------------
                    kids_cat3 |
               Kids under 12  |   .7287681   .2192748    -1.05   0.293     .4040883    1.314324
               Kids under 18  |   1.300225   .5405998     0.63   0.528     .5755875    2.937149
                              |
                         age1 |   1.112924    .007393    16.11   0.000     1.098528    1.127509
                         age2 |   .7690405   .0171709   -11.76   0.000     .7361119     .803442
                         age3 |   2.002516   .1110375    12.52   0.000     1.796295    2.232412
                       1.male |   .8680437   .0424984    -2.89   0.004       .78862    .9554664
                              |
                    obese4cat |
           Obese I (30-34.9)  |   1.194141   .0376996     5.62   0.000     1.122491    1.270365
          Obese II (35-39.9)  |   1.386364   .0180278    25.12   0.000     1.351477    1.422152
             Obese III (40+)  |   1.649286   .0309128    26.69   0.000     1.589797       1.711
                              |
                 smoke_nomiss |
                      Former  |   1.043792   .0280755     1.59   0.111     .9901904    1.100295
                     Current  |    .629799     .04125    -7.06   0.000     .5539247    .7160661
                              |
                          imd |
                           2  |   1.131903   .0142332     9.85   0.000     1.104347    1.160146
                           3  |   1.168016   .0263376     6.89   0.000     1.117519    1.220794
                           4  |    1.35419   .0190373    21.57   0.000     1.317387    1.392022
             5 most deprived  |   1.530181   .0228688    28.46   0.000     1.486009    1.575666
                              |
           1.htdiag_or_highbp |   1.108635   .0192207     5.95   0.000     1.071596    1.146954
1.chronic_respiratory_disease |   1.943889   .0200393    64.48   0.000     1.905007    1.983565
                     1.asthma |   1.256495   .0168806    17.00   0.000     1.223842     1.29002
    1.chronic_cardiac_disease |   1.387235   .0182785    24.84   0.000     1.351868    1.423527
                   1.diabetes |   1.559272   .0460358    15.05   0.000     1.471604    1.652162
                              |
            cancer_exhaem_cat |
                   Last year  |   1.881057   .0623695    19.06   0.000     1.762702    2.007358
               2-5 years ago  |   1.282746   .0223562    14.29   0.000     1.239668     1.32732
                    5+ years  |   1.128526   .0297456     4.59   0.000     1.071706    1.188358
                              |
              cancer_haem_cat |
                   Last year  |   3.748113   .8065725     6.14   0.000     2.458323    5.714607
               2-5 years ago  |   2.522932   .1384472    16.86   0.000     2.265664    2.809414
                    5+ years  |   1.848766   .0644366    17.63   0.000     1.726689    1.979473
                              |
      1.chronic_liver_disease |   1.713697   .0919842    10.04   0.000     1.542571    1.903807
            1.stroke_dementia |   1.777158    .039304    26.00   0.000     1.701769    1.855887
                1.other_neuro |   1.917496   .1249804     9.99   0.000      1.68754    2.178788
                              |
  reduced_kidney_function_cat |
Stage 3a/3b egfr 30-60        |   1.181863   .0220043     8.97   0.000     1.139512    1.225787
           Stage 4/5 egfr<30  |   2.284583   .1212744    15.56   0.000     2.058837    2.535082
                              |
                1.organ_trans |   2.646187   .0851982    30.22   0.000     2.484361    2.818554
                   1.asplenia |    1.96985   .1411066     9.46   0.000     1.711823     2.26677
                              |
                tot_people_hh |
                           2  |   .9419919   .0062391    -9.02   0.000     .9298426       .9543
                           3  |   1.190217   .0576161     3.60   0.000     1.082483    1.308673
                           4  |   1.357332    .103874     3.99   0.000     1.168275    1.576982
                           5  |   1.804675   .2108497     5.05   0.000      1.43532    2.269078
                              |
           1.ra_sle_psoriasis |   1.285073   .0127857    25.21   0.000     1.260256    1.310378
               1.other_immuno |   2.369487   .1874629    10.90   0.000     2.029136    2.766926
                              |
           cat_time#kids_cat3 |
             1#Kids under 12  |   1.071358   .2850448     0.26   0.796     .6360107    1.804699
             1#Kids under 18  |   .7195144   .2887304    -0.82   0.412     .3276913    1.579843
-----------------------------------------------------------------------------------------------
                                                             Stratified by stp
   1:   7545.42 /        1 =    7545.4180

 ( 1)  1.cat_time#1.kids_cat3 = 0
 ( 2)  1.cat_time#2.kids_cat3 = 0

           chi2(  2) =    1.34
         Prob > chi2 =    0.5115

kids_cat3 <66
****************

 ( 1)  2.kids_cat3 = 0

------------------------------------------------------------------------------
          _t |     exp(b)   Std. Err.      z    P>|z|     [95% Conf. Interval]
-------------+----------------------------------------------------------------
         (1) |   1.300225   .5405998     0.63   0.528     .5755875    2.937149
------------------------------------------------------------------------------
kids_cat3 66+
****************

 ( 1)  2.kids_cat3 + 1.cat_time#2.kids_cat3 = 0

------------------------------------------------------------------------------
          _t |     exp(b)   Std. Err.      z    P>|z|     [95% Conf. Interval]
-------------+----------------------------------------------------------------
         (1) |    .935531   .0659906    -0.94   0.345     .8147343    1.074238
------------------------------------------------------------------------------
(note: file ./output/an_interaction_cox_models_covid_tpp_prob_kids_cat3_cat_time_MAINFULLYADJMODEL_agespline_bmicat_noeth.ster not found)
file ./output/an_interaction_cox_models_covid_tpp_prob_kids_cat3_cat_time_MAINFULLYADJMODEL_agespline_bmicat_noeth.ster saved

         failure _d:  covid_tpp_prob
   analysis time _t:  (stime_covid_tpp_prob-origin)
             origin:  time enter_date
  enter on or after:  time enter_date
                 id:  patient_id

Iteration 0:   log pseudolikelihood = -508139.38
Iteration 1:   log pseudolikelihood = -497726.72
Iteration 2:   log pseudolikelihood = -495386.17
Iteration 3:   log pseudolikelihood = -495226.38
Iteration 4:   log pseudolikelihood = -495221.11
Iteration 5:   log pseudolikelihood =  -495221.1
Refining estimates:
Iteration 0:   log pseudolikelihood =  -495221.1

Stratified Cox regr. -- Breslow method for ties

No. of subjects      =   16,074,725             Number of obs    =  32,135,713
No. of failures      =       37,915
Time at risk         =   2180364256
                                                Wald chi2(9)     =    10180.59
Log pseudolikelihood =    -495221.1             Prob > chi2      =      0.0000

                                         (Std. Err. adjusted for 10 clusters in household_size)
-----------------------------------------------------------------------------------------------
                              |               Robust
                           _t | Haz. Ratio   Std. Err.      z    P>|z|     [95% Conf. Interval]
------------------------------+----------------------------------------------------------------
                    kids_cat3 |
               Kids under 12  |   .7806885   .0587088    -3.29   0.001     .6736997    .9046681
               Kids under 18  |   .9361196   .0661004    -0.93   0.350     .8151305    1.075067
                              |
                         age1 |   1.112924   .0073932    16.11   0.000     1.098528    1.127509
                         age2 |   .7690407   .0171713   -11.76   0.000     .7361113    .8034431
                         age3 |   2.002514   .1110407    12.52   0.000     1.796288    2.232417
                       1.male |   .8680436   .0424985    -2.89   0.004     .7886197    .9554664
                              |
                    obese4cat |
           Obese I (30-34.9)  |   1.194141   .0376993     5.62   0.000     1.122492    1.270364
          Obese II (35-39.9)  |   1.386364    .018028    25.12   0.000     1.351476    1.422152
             Obese III (40+)  |   1.649286   .0309132    26.69   0.000     1.589796    1.711001
                              |
                 smoke_nomiss |
                      Former  |   1.043792   .0280749     1.59   0.111     .9901916    1.100294
                     Current  |   .6297993   .0412494    -7.06   0.000     .5539261    .7160651
                              |
                          imd |
                           2  |   1.131903   .0142332     9.85   0.000     1.104348    1.160146
                           3  |   1.168016    .026338     6.89   0.000     1.117519    1.220795
                           4  |   1.354191   .0190394    21.57   0.000     1.317384    1.392026
             5 most deprived  |   1.530182   .0228703    28.46   0.000     1.486007     1.57567
                              |
           1.htdiag_or_highbp |   1.108635   .0192207     5.95   0.000     1.071596    1.146954
1.chronic_respiratory_disease |   1.943889   .0200396    64.48   0.000     1.905006    1.983565
                     1.asthma |   1.256495   .0168803    17.00   0.000     1.223842     1.29002
    1.chronic_cardiac_disease |   1.387235   .0182784    24.84   0.000     1.351869    1.423527
                   1.diabetes |   1.559272   .0460361    15.05   0.000     1.471604    1.652162
                              |
            cancer_exhaem_cat |
                   Last year  |   1.881059   .0623661    19.06   0.000      1.76271    2.007353
               2-5 years ago  |   1.282746    .022357    14.29   0.000     1.239667    1.327322
                    5+ years  |   1.128526   .0297456     4.59   0.000     1.071706    1.188359
                              |
              cancer_haem_cat |
                   Last year  |   3.748112   .8065738     6.14   0.000      2.45832     5.71461
               2-5 years ago  |   2.522935   .1384481    16.86   0.000     2.265665    2.809419
                    5+ years  |   1.848763   .0644373    17.63   0.000     1.726686    1.979472
                              |
      1.chronic_liver_disease |   1.713698   .0919861    10.04   0.000     1.542568    1.903812
            1.stroke_dementia |   1.777157   .0393037    26.00   0.000     1.701769    1.855885
                1.other_neuro |   1.917496   .1249804     9.99   0.000      1.68754    2.178788
                              |
  reduced_kidney_function_cat |
Stage 3a/3b egfr 30-60        |   1.181863   .0220044     8.97   0.000     1.139512    1.225787
           Stage 4/5 egfr<30  |   2.284581   .1212763    15.56   0.000     2.058831    2.535083
                              |
                1.organ_trans |   2.646182    .085199    30.22   0.000     2.484354     2.81855
                   1.asplenia |   1.969848   .1411052     9.46   0.000     1.711823    2.266764
                              |
                tot_people_hh |
                           2  |   .9419925   .0062385    -9.02   0.000     .9298443    .9542993
                           3  |   1.190219   .0576167     3.60   0.000     1.082484    1.308676
                           4  |   1.357332   .1038758     3.99   0.000     1.168273    1.576987
                           5  |   1.804674   .2108489     5.05   0.000      1.43532    2.269075
                              |
           1.ra_sle_psoriasis |   1.285073   .0127855    25.21   0.000     1.260257    1.310378
               1.other_immuno |   2.369486   .1874572    10.90   0.000     2.029145    2.766911
-----------------------------------------------------------------------------------------------
                                                             Stratified by stp
   1:   7743.41 /        1 =    7743.4080

         failure _d:  covid_tpp_prob
   analysis time _t:  (stime_covid_tpp_prob-origin)
             origin:  time enter_date
  enter on or after:  time enter_date
                 id:  patient_id

Iteration 0:   log pseudolikelihood = -508139.38
Iteration 1:   log pseudolikelihood = -497729.71
Iteration 2:   log pseudolikelihood = -495383.72
Iteration 3:   log pseudolikelihood = -495223.62
Iteration 4:   log pseudolikelihood = -495218.35
Iteration 5:   log pseudolikelihood = -495218.34
Refining estimates:
Iteration 0:   log pseudolikelihood = -495218.34

Stratified Cox regr. -- Breslow method for ties

No. of subjects      =   16,074,725             Number of obs    =  32,135,713
No. of failures      =       37,915
Time at risk         =   2180364256
                                                Wald chi2(9)     =     3452.38
Log pseudolikelihood =   -495218.34             Prob > chi2      =      0.0000

                                         (Std. Err. adjusted for 10 clusters in household_size)
-----------------------------------------------------------------------------------------------
                              |               Robust
                           _t | Haz. Ratio   Std. Err.      z    P>|z|     [95% Conf. Interval]
------------------------------+----------------------------------------------------------------
                    kids_cat3 |
               Kids under 12  |   .7677244   .0570483    -3.56   0.000     .6636728    .8880893
               Kids under 18  |   .9188441   .0673236    -1.16   0.248     .7959291    1.060741
                              |
                         age1 |   1.113081   .0073839    16.15   0.000     1.098703    1.127648
                         age2 |   .7686905    .017114   -11.82   0.000      .735869     .802976
                         age3 |   2.004813   .1108186    12.58   0.000     1.798965    2.234216
                       1.male |   .8679324    .042474    -2.89   0.004     .7885526    .9553031
                              |
                    obese4cat |
           Obese I (30-34.9)  |   1.193979   .0376334     5.62   0.000     1.122451    1.270065
          Obese II (35-39.9)  |   1.385965   .0180417    25.07   0.000     1.351051    1.421781
             Obese III (40+)  |   1.648485   .0306429    26.89   0.000     1.589507    1.709652
                              |
                 smoke_nomiss |
                      Former  |   1.043434   .0281661     1.58   0.115      .989664    1.100124
                     Current  |   .6292416   .0413704    -7.05   0.000      .553164    .7157822
                              |
                          imd |
                           2  |   1.131917   .0142263     9.86   0.000     1.104375    1.160146
                           3  |   1.168155    .026356     6.89   0.000     1.117624    1.220972
                           4  |   1.354522   .0190629    21.56   0.000      1.31767    1.392404
             5 most deprived  |   1.530716   .0228287    28.55   0.000      1.48662    1.576119
                              |
           1.htdiag_or_highbp |   1.108481   .0191526     5.96   0.000     1.071572    1.146663
1.chronic_respiratory_disease |   1.941996   .0217399    59.29   0.000     1.899851    1.985076
                     1.asthma |   1.238467   .0244386    10.84   0.000     1.191482    1.287304
    1.chronic_cardiac_disease |   1.387537   .0183286    24.80   0.000     1.352074    1.423929
                   1.diabetes |   1.559458   .0461112    15.03   0.000     1.471651    1.652505
                              |
            cancer_exhaem_cat |
                   Last year  |   1.873521    .058018    20.27   0.000      1.76319    1.990756
               2-5 years ago  |   1.277647   .0234389    13.36   0.000     1.232524    1.324422
                    5+ years  |   1.125507   .0297305     4.48   0.000     1.068719    1.185312
                              |
              cancer_haem_cat |
                   Last year  |    3.73694   .8024092     6.14   0.000     2.453257    5.692318
               2-5 years ago  |   2.514722   .1367517    16.96   0.000     2.260484    2.797556
                    5+ years  |   1.842332   .0659918    17.06   0.000     1.717426    1.976322
                              |
      1.chronic_liver_disease |   1.714111   .0918294    10.06   0.000     1.543256    1.903882
            1.stroke_dementia |   1.777169   .0393051    26.00   0.000     1.701778      1.8559
                1.other_neuro |   1.917135   .1250358     9.98   0.000     1.687086    2.178553
                              |
  reduced_kidney_function_cat |
Stage 3a/3b egfr 30-60        |   1.181909    .022031     8.97   0.000     1.139508    1.225887
           Stage 4/5 egfr<30  |   2.284584   .1213183    15.56   0.000      2.05876    2.535178
                              |
                1.organ_trans |   2.625576   .0828544    30.59   0.000     2.468104    2.793095
                   1.asplenia |   1.961043   .1358093     9.72   0.000     1.712136    2.246135
                              |
                tot_people_hh |
                           2  |   .9419587   .0062292    -9.04   0.000     .9298285    .9542471
                           3  |   1.189598   .0572861     3.61   0.000     1.082455    1.307346
                           4  |   1.356559   .1032394     4.01   0.000     1.168581    1.574774
                           5  |   1.803714   .2102529     5.06   0.000     1.435311    2.266675
                              |
           1.ra_sle_psoriasis |   1.285044   .0127699    25.24   0.000     1.260258    1.310318
               1.other_immuno |   2.343919   .1685277    11.85   0.000     2.035828    2.698633
                              |
             shield#kids_cat3 |
             1#Kids under 12  |   1.062811   .0279522     2.32   0.021     1.009413    1.119032
             1#Kids under 18  |   1.064952   .0434399     1.54   0.123     .9831256    1.153588
-----------------------------------------------------------------------------------------------
                                                             Stratified by stp
   1:   7221.11 /        1 =    7221.1100

 ( 1)  1.shield#1.kids_cat3 = 0
 ( 2)  1.shield#2.kids_cat3 = 0

           chi2(  2) =    5.41
         Prob > chi2 =    0.0670

kids_cat3 <66
****************

 ( 1)  2.kids_cat3 = 0

------------------------------------------------------------------------------
          _t |     exp(b)   Std. Err.      z    P>|z|     [95% Conf. Interval]
-------------+----------------------------------------------------------------
         (1) |   .9188441   .0673236    -1.16   0.248     .7959291    1.060741
------------------------------------------------------------------------------
kids_cat3 66+
****************

 ( 1)  2.kids_cat3 + 1.shield#2.kids_cat3 = 0

------------------------------------------------------------------------------
          _t |     exp(b)   Std. Err.      z    P>|z|     [95% Conf. Interval]
-------------+----------------------------------------------------------------
         (1) |   .9785246   .0700304    -0.30   0.762     .8504592    1.125875
------------------------------------------------------------------------------
(note: file ./output/an_interaction_cox_models_covid_tpp_prob_kids_cat3_shield_MAINFULLYADJMODEL_agespline_bmicat_noeth
> .ster not found)
file ./output/an_interaction_cox_models_covid_tpp_prob_kids_cat3_shield_MAINFULLYADJMODEL_agespline_bmicat_noeth.ster s
> aved

. 
. log close
      name:  <unnamed>
       log:  E:\caroline\school-age-children-and-covid\analysis\log\an_interaction_cox_models_covid_tpp_prob.log
  log type:  text
 closed on:  17 Jul 2020, 01:54:16
-----------------------------------------------------------------------------------------------------------------------
