-------------------------------------------------------------------------------
      name:  <unnamed>
       log:  E:\caroline\school-age-children-and-covid\analysis\log\an_multivar
> iableFULL_cox_models_covid_tpp_prob.log
  log type:  text
 opened on:  16 Jul 2020, 09:58:29

. 
. use "$tempdir\cr_create_analysis_dataset_STSET_`outcome'.dta", clear

. 
. 
. ******************************
. *  Multivariable Cox models  *
. ******************************
. 
. *****************************************************************************
> ********
. *PROG TO DEFINE THE BASIC COX MODEL WITH OPTIONS FOR HANDLING OF AGE, BMI, ET
> HNICITY:
. cap prog drop basecoxmodel

. prog define basecoxmodel
  1.         syntax , exposure(string) age(string) [ethnicity(real 0) if(string
> )] bmi(string) smoking(string)
  2. 
.         if `ethnicity'==1 local ethnicity "i.ethnicity"
  3.         else local ethnicity
  4. timer clear
  5. timer on 1
  6.         capture stcox   `exposure' `age'                ///
>                         i.male                                               
>    ///
>                         `bmi'                                                
>    ///
>                         `smoking'                                            
>    ///
>                         `ethnicity'                                          
>    ///
>                         i.imd                                                
>    ///
>                         i.htdiag_or_highbp                              ///
>                         i.chronic_respiratory_disease   ///
>                         i.asthma                                             
>    ///
>                         i.chronic_cardiac_disease               ///
>                         i.diabetes                                           
>    ///
>                         i.cancer_exhaem_cat                             ///
>                         i.cancer_haem_cat                               ///
>                         i.chronic_liver_disease                 ///
>                         i.stroke_dementia                               ///
>                         i.other_neuro                                   ///
>                         i.reduced_kidney_function_cat   ///
>                         i.organ_trans                                   ///
>                         i.tot_people_hh                                 ///
>                         i.asplenia                                           
>    ///
>                         i.ra_sle_psoriasis                      ///
>                         i.other_immuno                                  ///
>                         `if'                                                 
>    ///
>                         , strata(stp) vce(cluster household_size)
  7. timer off 1
  8. timer list
  9. end

. *****************************************************************************
> ********
. 
. foreach exposure_type in        kids_cat3  ///
>                 gp_number_kids {
  2. 
. *Age spline model (not adj ethnicity)
. basecoxmodel, exposure("i.`exposure_type'") age("age1 age2 age3") ethnicity(0
> ) bmi(i.obese4cat) smoking(i.smoke_nomiss)
  3. if _rc==0{
  4. estimates
  5. estimates save ./output/an_multivariate_cox_models_`outcome'_`exposure_typ
> e'_MAINFULLYADJMODEL_noeth, replace
  6. *estat concordance /*c-statistic*/
.         /*  Proportional Hazards test  */
.         * Based on Schoenfeld residuals
.         timer clear 
  7.         timer on 1
  8.         if e(N_fail)>0 estat phtest, d
  9.         timer off 1
 10.         timer list
 11. }
 12. else di "WARNING AGE SPLINE MODEL DID NOT FIT (OUTCOME `outcome')"
 13. 
. 
. *Complete case ethnicity model
. basecoxmodel, exposure("i.`exposure_type'") age("age1 age2 age3") ethnicity(1
> ) bmi(i.obese4cat) smoking(i.smoke_nomiss)
 14. if _rc==0{
 15. estimates
 16. estimates save ./output/an_multivariate_cox_models_`outcome'_`exposure_typ
> e'_MAINFULLYADJMODEL_CCeth, replace
 17. *estat concordance /*c-statistic*/
.  }
 18.  else di "WARNING CC ETHNICITY MODEL WITH AGESPLINE DID NOT FIT (OUTCOME `
> outcome')"
 19. 
.  
. *Complete case ethnicity model
. basecoxmodel, exposure("i.`exposure_type'") age("age1 age2 age3") ethnicity(1
> ) bmi(i.bmicat) smoking(i.smoke)
 20. if _rc==0{
 21. estimates
 22. estimates save ./output/an_multivariate_cox_models_`outcome'_`exposure_typ
> e'_MAINFULLYADJMODEL_CCeth_bmi_smoke, replace
 23. *estat concordance /*c-statistic*/
.  }
 24.  else di "WARNING CC ETHN BMI SMOK MODEL WITH AGESPLINE DID NOT FIT (OUTCO
> ME `outcome')" 
 25.  
. *Complete case ethnicity model
. basecoxmodel, exposure("i.`exposure_type'") age("age1 age2 age3") ethnicity(0
> ) bmi(i.bmicat) smoking(i.smoke)
 26. if _rc==0{
 27. estimates
 28. estimates save ./output/an_multivariate_cox_models_`outcome'_`exposure_typ
> e'_MAINFULLYADJMODEL_CCnoeth_bmi_smoke, replace
 29. *estat concordance /*c-statistic*/
.  }
 30.  else di "WARNING CC BMI SMOK MODEL WITH AGESPLINE DID NOT FIT (OUTCOME `o
> utcome')" 
 31.  }
   1:   4259.11 /        1 =    4259.1070

-------------------------------------------------------------------------------
active results
-------------------------------------------------------------------------------

Stratified Cox regr. -- Breslow method for ties

No. of subjects      =   16,074,725             Number of obs    =  16,074,725
No. of failures      =       37,915
Time at risk         =   2180364256
                                                Wald chi2(9)     =    10180.59
Log pseudolikelihood =    -495221.1             Prob > chi2      =      0.0000

                        (Std. Err. adjusted for 10 clusters in household_size)
------------------------------------------------------------------------------
             |               Robust
          _t | Haz. Ratio   Std. Err.      z    P>|z|     [95% Conf. Interval]
-------------+----------------------------------------------------------------
   kids_cat3 |
Kids unde..  |   .7806885   .0587088    -3.29   0.001     .6736997    .9046681
Kids unde..  |   .9361196   .0661004    -0.93   0.350     .8151305    1.075067
             |
        age1 |   1.112924   .0073932    16.11   0.000     1.098528    1.127509
        age2 |   .7690407   .0171713   -11.76   0.000     .7361113    .8034431
        age3 |   2.002514   .1110407    12.52   0.000     1.796288    2.232417
      1.male |   .8680436   .0424985    -2.89   0.004     .7886197    .9554664
             |
   obese4cat |
Obese I ..)  |   1.194141   .0376993     5.62   0.000     1.122492    1.270364
Obese II..)  |   1.386364    .018028    25.12   0.000     1.351476    1.422152
Obese II..)  |   1.649286   .0309132    26.69   0.000     1.589796    1.711001
             |
smoke_nomiss |
     Former  |   1.043792   .0280749     1.59   0.111     .9901916    1.100294
    Current  |   .6297993   .0412494    -7.06   0.000     .5539261    .7160651
             |
         imd |
          2  |   1.131903   .0142332     9.85   0.000     1.104348    1.160146
          3  |   1.168016    .026338     6.89   0.000     1.117519    1.220795
          4  |   1.354191   .0190394    21.57   0.000     1.317384    1.392026
5 most de..  |   1.530182   .0228703    28.46   0.000     1.486007     1.57567
             |
1.htdiag_o~p |   1.108635   .0192207     5.95   0.000     1.071596    1.146954
1.~y_disease |   1.943889   .0200396    64.48   0.000     1.905006    1.983565
    1.asthma |   1.256495   .0168803    17.00   0.000     1.223842     1.29002
1.~c_disease |   1.387235   .0182784    24.84   0.000     1.351869    1.423527
  1.diabetes |   1.559272   .0460361    15.05   0.000     1.471604    1.652162
             |
cancer_exh~t |
  Last year  |   1.881059   .0623661    19.06   0.000      1.76271    2.007353
2-5 years..  |   1.282746    .022357    14.29   0.000     1.239667    1.327322
   5+ years  |   1.128526   .0297456     4.59   0.000     1.071706    1.188359
             |
cancer_hae~t |
  Last year  |   3.748112   .8065738     6.14   0.000      2.45832     5.71461
2-5 years..  |   2.522935   .1384481    16.86   0.000     2.265665    2.809419
   5+ years  |   1.848763   .0644373    17.63   0.000     1.726686    1.979472
             |
1.~r_disease |   1.713698   .0919861    10.04   0.000     1.542568    1.903812
1.stroke_d~a |   1.777157   .0393037    26.00   0.000     1.701769    1.855885
1.other_ne~o |   1.917496   .1249804     9.99   0.000      1.68754    2.178788
             |
reduced_ki~t |
Stage 3a/..  |   1.181863   .0220044     8.97   0.000     1.139512    1.225787
Stage 4/5..  |   2.284581   .1212763    15.56   0.000     2.058831    2.535083
             |
1.organ_tr~s |   2.646182    .085199    30.22   0.000     2.484354     2.81855
             |
tot_people~h |
          2  |   .9419925   .0062385    -9.02   0.000     .9298443    .9542993
          3  |   1.190219   .0576167     3.60   0.000     1.082484    1.308676
          4  |   1.357332   .1038758     3.99   0.000     1.168273    1.576987
          5  |   1.804674   .2108489     5.05   0.000      1.43532    2.269075
             |
  1.asplenia |   1.969848   .1411052     9.46   0.000     1.711823    2.266764
1.ra_sle_p~s |   1.285073   .0127855    25.21   0.000     1.260257    1.310378
1.other_im~o |   2.369486   .1874572    10.90   0.000     2.029145    2.766911
------------------------------------------------------------------------------
                                                             Stratified by stp
(note: file ./output/an_multivariate_cox_models_covid_tpp_prob_kids_cat3_MAINFU
> LLYADJMODEL_noeth.ster not found)
file ./output/an_multivariate_cox_models_covid_tpp_prob_kids_cat3_MAINFULLYADJM
> ODEL_noeth.ster saved

      Test of proportional-hazards assumption

      Time:  Time
      ----------------------------------------------------------------
                  |       rho            chi2       df       Prob>chi2
      ------------+---------------------------------------------------
      0b.kids_cat3|            .            .        1             .
      1.kids_cat3 |      0.02268       817.71        1         0.0000
      2.kids_cat3 |      0.03675      2711.31        1         0.0000
      age1        |      0.05572      5698.30        1         0.0000
      age2        |     -0.06348      8939.51        1         0.0000
      age3        |      0.06396      8401.97        1         0.0000
      0b.male     |            .            .        1             .
      1.male      |      0.00543        66.78        1         0.0000
      1b.obese4cat|            .            .        1             .
      2.obese4cat |     -0.00196         8.41        1         0.0037
      3.obese4cat |      0.07240      6116.73        1         0.0000
      4.obese4cat |      0.02736       769.40        1         0.0000
      1b.smoke_n~s|            .            .        1             .
      2.smoke_no~s|      0.06721     12128.02        1         0.0000
      3.smoke_no~s|      0.05875     10482.52        1         0.0000
      1b.imd      |            .            .        1             .
      2.imd       |     -0.04751      3390.92        1         0.0000
      3.imd       |     -0.03396       812.38        1         0.0000
      4.imd       |      0.01091        84.99        1         0.0000
      5.imd       |      0.06199      5768.73        1         0.0000
      0b.htdiag_~p|            .            .        1             .
      1.htdiag_o~p|     -0.07588     13964.12        1         0.0000
      0b.chronic..|            .            .        1             .
      1.~y_disease|      0.04951      8840.11        1         0.0000
      0b.asthma   |            .            .        1             .
      1.asthma    |      0.07181     13296.75        1         0.0000
      0b.chronic..|            .            .        1             .
      1.~c_disease|      0.03014       796.45        1         0.0000
      0b.diabetes |            .            .        1             .
      1.diabetes  |     -0.02297      1088.01        1         0.0000
      1b.c~exhae~t|            .            .        1             .
      2.cancer_e~t|     -0.06934      7355.71        1         0.0000
      3.cancer_e~t|     -0.01163       165.93        1         0.0000
      4.cancer_e~t|      0.06806     10287.50        1         0.0000
      1b.cancer_..|            .            .        1             .
      2.cancer_h~t|      0.04621      4651.62        1         0.0000
      3.cancer_h~t|      0.06185      9597.62        1         0.0000
      4.cancer_h~t|      0.00110         2.01        1         0.1562
      0b.chronic..|            .            .        1             .
      1.~r_disease|      0.05440      7276.60        1         0.0000
      0b.stroke_~a|            .            .        1             .
      1.stroke_d~a|     -0.05023      9255.39        1         0.0000
      0b.other_n~o|            .            .        1             .
      1.other_ne~o|     -0.04553      4803.61        1         0.0000
      1b.reduced~t|            .            .        1             .
      2.reduced_~t|      0.06227      6979.32        1         0.0000
      3.reduced_~t|      0.06990     17887.39        1         0.0000
      0b.organ_t~s|            .            .        1             .
      1.organ_tr~s|      0.01505       290.40        1         0.0000
      1b.tot_peo~h|            .            .        1             .
      2.tot_peop~h|     -0.05150      6207.31        1         0.0000
      3.tot_peop~h|     -0.06338     16310.54        1         0.0000
      4.tot_peop~h|     -0.06135     14907.99        1         0.0000
      5.tot_peop~h|     -0.00835       194.69        1         0.0000
      0b.asplenia |            .            .        1             .
      1.asplenia  |     -0.00397        31.47        1         0.0000
      0b.ra_sle_~s|            .            .        1             .
      1.ra_sle_p~s|     -0.02404       162.11        1         0.0000
      0b.other_i~o|            .            .        1             .
      1.other_im~o|     -0.05902      8866.18        1         0.0000
      ------------+---------------------------------------------------
      global test |                  31316.19        9         0.0000
      ----------------------------------------------------------------

note: robust variance-covariance matrix used.
   1:   6699.74 /        1 =    6699.7360
   1:   3353.37 /        1 =    3353.3670

---------------------------------------------------------------------------------------------------------------------------------------------------------------------------------
active results
---------------------------------------------------------------------------------------------------------------------------------------------------------------------------------

Stratified Cox regr. -- Breslow method for ties

No. of subjects      =   12,174,634             Number of obs    =  12,174,634
No. of failures      =       29,550
Time at risk         =   1651476131
                                                Wald chi2(9)     =     7089.38
Log pseudolikelihood =   -378455.97             Prob > chi2      =      0.0000

                                         (Std. Err. adjusted for 10 clusters in household_size)
-----------------------------------------------------------------------------------------------
                              |               Robust
                           _t | Haz. Ratio   Std. Err.      z    P>|z|     [95% Conf. Interval]
------------------------------+----------------------------------------------------------------
                    kids_cat3 |
               Kids under 12  |   .7423871   .0534769    -4.14   0.000      .644637    .8549596
               Kids under 18  |   .9346515   .0667423    -0.95   0.344     .8125806    1.075061
                              |
                         age1 |   1.112416   .0066954    17.70   0.000      1.09937    1.125617
                         age2 |   .7686699   .0160408   -12.61   0.000     .7378648     .800761
                         age3 |   2.010446    .103801    13.53   0.000     1.816955    2.224542
                       1.male |   .8824542   .0365214    -3.02   0.003     .8136998     .957018
                              |
                    obese4cat |
           Obese I (30-34.9)  |   1.202815   .0404996     5.48   0.000        1.126     1.28487
          Obese II (35-39.9)  |   1.412483   .0251183    19.42   0.000       1.3641    1.462581
             Obese III (40+)  |   1.721994   .0591331    15.83   0.000      1.60991    1.841882
                              |
                 smoke_nomiss |
                      Former  |   1.091111   .0169698     5.61   0.000     1.058353    1.124884
                     Current  |    .659768   .0333367    -8.23   0.000     .5975603    .7284516
                              |
                    ethnicity |
                       Mixed  |    1.43976   .0951311     5.52   0.000     1.264875    1.638825
      Asian or Asian British  |   1.925593   .1101519    11.45   0.000     1.721362    2.154055
                       Black  |   1.646786   .0691286    11.88   0.000     1.516721    1.788006
                       Other  |   1.335436   .1301031     2.97   0.003     1.103306    1.616406
                              |
                          imd |
                           2  |   1.113047   .0203355     5.86   0.000     1.073895    1.153626
                           3  |   1.134043   .0303298     4.70   0.000     1.076129    1.195074
                           4  |   1.273331   .0305612    10.07   0.000     1.214819    1.334661
             5 most deprived  |   1.407668   .0441282    10.91   0.000     1.323782     1.49687
                              |
           1.htdiag_or_highbp |   1.106494   .0235987     4.74   0.000     1.061195    1.153727
1.chronic_respiratory_disease |    1.90721    .017269    71.31   0.000     1.873661    1.941358
                     1.asthma |   1.264674   .0139144    21.34   0.000     1.237694    1.292242
    1.chronic_cardiac_disease |    1.39178   .0178543    25.77   0.000     1.357222    1.427217
                   1.diabetes |   1.454234   .0389601    13.98   0.000     1.379844    1.532635
                              |
            cancer_exhaem_cat |
                   Last year  |   1.919743   .0594596    21.06   0.000     1.806671    2.039891
               2-5 years ago  |   1.226931    .028009     8.96   0.000     1.173245    1.283075
                    5+ years  |   1.151236   .0199336     8.13   0.000     1.112822    1.190976
                              |
              cancer_haem_cat |
                   Last year  |   3.481668   .9409087     4.62   0.000     2.049997    5.913188
               2-5 years ago  |   2.527573   .1144405    20.48   0.000     2.312938    2.762125
                    5+ years  |   1.800203   .0852858    12.41   0.000     1.640572    1.975367
                              |
      1.chronic_liver_disease |   1.694617   .1012668     8.83   0.000      1.50732    1.905187
            1.stroke_dementia |   1.773534   .0429264    23.67   0.000     1.691364    1.859696
                1.other_neuro |   1.899858   .1033143    11.80   0.000     1.707784    2.113536
                              |
  reduced_kidney_function_cat |
Stage 3a/3b egfr 30-60        |   1.201121   .0170025    12.95   0.000     1.168255    1.234912
           Stage 4/5 egfr<30  |   2.270805   .1028515    18.11   0.000     2.077908    2.481608
                              |
                1.organ_trans |    2.42822   .0981083    21.96   0.000     2.243347    2.628327
                              |
                tot_people_hh |
                           2  |   .9263248   .0067269   -10.54   0.000     .9132338    .9396035
                           3  |   1.160525   .0557514     3.10   0.002     1.056241    1.275106
                           4  |    1.31339   .0994057     3.60   0.000     1.132321    1.523414
                           5  |   1.557194    .158365     4.35   0.000     1.275782    1.900681
                              |
                   1.asplenia |   1.960638   .1520485     8.68   0.000     1.684171    2.282488
           1.ra_sle_psoriasis |   1.267846   .0291495    10.32   0.000     1.211982    1.326285
               1.other_immuno |   2.134099   .1726703     9.37   0.000     1.821142    2.500837
-----------------------------------------------------------------------------------------------
                                                             Stratified by stp
(note: file ./output/an_multivariate_cox_models_covid_tpp_prob_kids_cat3_MAINFULLYADJMODEL_CCeth.ster not found)
file ./output/an_multivariate_cox_models_covid_tpp_prob_kids_cat3_MAINFULLYADJMODEL_CCeth.ster saved
   1:   2982.32 /        1 =    2982.3250

---------------------------------------------------------------------------------------------------------------------------------------------------------------------------------
active results
---------------------------------------------------------------------------------------------------------------------------------------------------------------------------------

Stratified Cox regr. -- Breslow method for ties

No. of subjects      =   10,271,116             Number of obs    =  10,271,116
No. of failures      =       26,957
Time at risk         =   1392943996
                                                Wald chi2(9)     =     3979.94
Log pseudolikelihood =   -341209.81             Prob > chi2      =      0.0000

                                         (Std. Err. adjusted for 10 clusters in household_size)
-----------------------------------------------------------------------------------------------
                              |               Robust
                           _t | Haz. Ratio   Std. Err.      z    P>|z|     [95% Conf. Interval]
------------------------------+----------------------------------------------------------------
                    kids_cat3 |
               Kids under 12  |   .7219975   .0496299    -4.74   0.000     .6309927    .8261275
               Kids under 18  |    .928377   .0611339    -1.13   0.259     .8159668    1.056273
                              |
                         age1 |   1.114461   .0065106    18.55   0.000     1.101774    1.127295
                         age2 |   .7608923    .015015   -13.85   0.000     .7320252    .7908977
                         age3 |   2.072645   .0988961    15.27   0.000       1.8876    2.275831
                       1.male |   .9258277   .0374931    -1.90   0.057     .8551833    1.002308
                              |
                       bmicat |
          Normal (18.5-24.9)  |   .6990024   .0314632    -7.96   0.000     .6399776     .763471
        Overweight (25-29.9)  |   .7358655   .0509242    -4.43   0.000     .6425289    .8427606
           Obese I (30-34.9)  |   .8610227   .0733457    -1.76   0.079     .7286275    1.017475
          Obese II (35-39.9)  |    1.01617   .0555176     0.29   0.769     .9129809    1.131022
             Obese III (40+)  |   1.241714   .1060121     2.54   0.011     1.050388    1.467889
                              |
                        smoke |
                      Former  |   1.079662   .0189781     4.36   0.000     1.043099    1.117507
                     Current  |   .6505216   .0322752    -8.67   0.000     .5902418    .7169576
                              |
                    ethnicity |
                       Mixed  |   1.494609   .1172106     5.12   0.000     1.281665    1.742933
      Asian or Asian British  |   1.870915   .1028319    11.40   0.000     1.679844    2.083718
                       Black  |   1.655057   .0704595    11.83   0.000     1.522564     1.79908
                       Other  |   1.369156   .1387325     3.10   0.002     1.122544    1.669947
                              |
                          imd |
                           2  |   1.114881   .0229039     5.29   0.000     1.070882    1.160688
                           3  |    1.13826   .0354525     4.16   0.000     1.070853    1.209911
                           4  |   1.287909   .0302364    10.78   0.000      1.22999    1.348556
             5 most deprived  |   1.417951   .0456723    10.84   0.000     1.331202    1.510354
                              |
           1.htdiag_or_highbp |   1.089476    .020134     4.64   0.000      1.05072    1.129661
1.chronic_respiratory_disease |   1.875382   .0195088    60.45   0.000     1.837533    1.914011
                     1.asthma |   1.253609   .0165312    17.14   0.000     1.221624    1.286432
    1.chronic_cardiac_disease |   1.374408   .0177717    24.59   0.000     1.340013    1.409685
                   1.diabetes |   1.429547   .0370448    13.79   0.000     1.358754    1.504029
                              |
            cancer_exhaem_cat |
                   Last year  |    1.89075   .0632941    19.03   0.000     1.770678    2.018964
               2-5 years ago  |   1.246035   .0347601     7.89   0.000     1.179735     1.31606
                    5+ years  |   1.162235    .020235     8.64   0.000     1.123244    1.202579
                              |
              cancer_haem_cat |
                   Last year  |   3.397541   .9875731     4.21   0.000     1.921956    6.006008
               2-5 years ago  |   2.494403   .1239917    18.39   0.000     2.262847    2.749655
                    5+ years  |   1.751403   .1011475     9.70   0.000     1.563965    1.961304
                              |
      1.chronic_liver_disease |   1.677996   .0947135     9.17   0.000      1.50226    1.874288
            1.stroke_dementia |   1.758859   .0391262    25.38   0.000      1.68382    1.837241
                1.other_neuro |   1.850607   .1068213    10.66   0.000      1.65265    2.072276
                              |
  reduced_kidney_function_cat |
Stage 3a/3b egfr 30-60        |   1.205716   .0171272    13.17   0.000     1.172611    1.239757
           Stage 4/5 egfr<30  |   2.262818   .0928477    19.90   0.000     2.087965    2.452314
                              |
                1.organ_trans |   2.439647   .1046549    20.79   0.000     2.242913    2.653636
                              |
                tot_people_hh |
                           2  |    .921229   .0067574   -11.19   0.000     .9080794     .934569
                           3  |   1.171707   .0553959     3.35   0.001     1.068011     1.28547
                           4  |   1.335024   .0996589     3.87   0.000     1.153313    1.545364
                           5  |   1.608553   .1660578     4.60   0.000       1.3139    1.969285
                              |
                   1.asplenia |   1.982062     .14769     9.18   0.000      1.71274    2.293735
           1.ra_sle_psoriasis |   1.261261   .0334309     8.76   0.000     1.197411    1.328516
               1.other_immuno |    1.99653    .198527     6.95   0.000     1.642993     2.42614
-----------------------------------------------------------------------------------------------
                                                             Stratified by stp
(note: file ./output/an_multivariate_cox_models_covid_tpp_prob_kids_cat3_MAINFULLYADJMODEL_CCeth_bmi_smoke.ster not found)
file ./output/an_multivariate_cox_models_covid_tpp_prob_kids_cat3_MAINFULLYADJMODEL_CCeth_bmi_smoke.ster saved
   1:   3439.51 /        1 =    3439.5120

---------------------------------------------------------------------------------------------------------------------------------------------------------------------------------
active results
---------------------------------------------------------------------------------------------------------------------------------------------------------------------------------

Stratified Cox regr. -- Breslow method for ties

No. of subjects      =   12,626,021             Number of obs    =  12,626,021
No. of failures      =       33,565
Time at risk         =   1711974960
                                                Wald chi2(9)     =    13042.89
Log pseudolikelihood =   -431363.02             Prob > chi2      =      0.0000

                                         (Std. Err. adjusted for 10 clusters in household_size)
-----------------------------------------------------------------------------------------------
                              |               Robust
                           _t | Haz. Ratio   Std. Err.      z    P>|z|     [95% Conf. Interval]
------------------------------+----------------------------------------------------------------
                    kids_cat3 |
               Kids under 12  |   .7400698   .0511359    -4.36   0.000     .6463355    .8473977
               Kids under 18  |   .9202512   .0581165    -1.32   0.188     .8131124    1.041507
                              |
                         age1 |   1.114482   .0080965    14.92   0.000     1.098725    1.130464
                         age2 |   .7611035   .0179202   -11.59   0.000     .7267787    .7970494
                         age3 |     2.0655   .1180961    12.69   0.000     1.846534    2.310431
                       1.male |   .9324007   .0410996    -1.59   0.112     .8552285    1.016537
                              |
                       bmicat |
          Normal (18.5-24.9)  |   .6795957   .0250435   -10.48   0.000     .6322421    .7304961
        Overweight (25-29.9)  |   .7122361   .0412088    -5.87   0.000     .6358796    .7977615
           Obese I (30-34.9)  |   .8156426   .0565509    -2.94   0.003     .7120059    .9343642
          Obese II (35-39.9)  |   .9540392   .0425599    -1.05   0.292      .874166    1.041211
             Obese III (40+)  |   1.137928   .0666689     2.21   0.027     1.014483    1.276395
                              |
                        smoke |
                      Former  |     1.0198   .0320629     0.62   0.533     .9588551    1.084619
                     Current  |   .6140901   .0400741    -7.47   0.000     .5403618     .697878
                              |
                          imd |
                           2  |   1.141053    .017485     8.61   0.000     1.107293    1.175843
                           3  |   1.174354   .0293468     6.43   0.000     1.118221    1.233304
                           4  |   1.365588   .0230884    18.43   0.000     1.321077    1.411599
             5 most deprived  |   1.544302   .0225118    29.81   0.000     1.500804    1.589061
                              |
           1.htdiag_or_highbp |   1.087444   .0156375     5.83   0.000     1.057223    1.118529
1.chronic_respiratory_disease |   1.909314   .0263403    46.88   0.000      1.85838    1.961645
                     1.asthma |   1.238279   .0195038    13.57   0.000     1.200637    1.277102
    1.chronic_cardiac_disease |   1.362593   .0194203    21.71   0.000     1.325056    1.401192
                   1.diabetes |    1.52066   .0389844    16.35   0.000      1.44614     1.59902
                              |
            cancer_exhaem_cat |
                   Last year  |   1.830382   .0500878    22.09   0.000     1.734798    1.931233
               2-5 years ago  |   1.284693   .0242373    13.28   0.000     1.238057    1.333087
                    5+ years  |    1.14125   .0350976     4.30   0.000     1.074492    1.212156
                              |
              cancer_haem_cat |
                   Last year  |   3.542382   .9601136     4.67   0.000     2.082519     6.02562
               2-5 years ago  |   2.497841   .1524329    15.00   0.000     2.216254    2.815205
                    5+ years  |   1.786192   .0847271    12.23   0.000     1.627615    1.960218
                              |
      1.chronic_liver_disease |   1.677187   .0921094     9.42   0.000     1.506032    1.867792
            1.stroke_dementia |   1.749619   .0342084    28.61   0.000      1.68384    1.817967
                1.other_neuro |   1.850791   .1244319     9.16   0.000     1.622294    2.111471
                              |
  reduced_kidney_function_cat |
Stage 3a/3b egfr 30-60        |   1.193209   .0240738     8.76   0.000     1.146946    1.241338
           Stage 4/5 egfr<30  |   2.297676   .1159255    16.49   0.000     2.081339      2.5365
                              |
                1.organ_trans |   2.622083   .0644255    39.23   0.000     2.498804    2.751444
                              |
                tot_people_hh |
                           2  |   .9414298   .0062959    -9.02   0.000     .9291705    .9538508
                           3  |   1.214707    .058002     4.07   0.000     1.106183    1.333878
                           4  |   1.418257   .1073369     4.62   0.000      1.22274    1.645037
                           5  |   1.902087   .2283283     5.36   0.000      1.50332    2.406631
                              |
                   1.asplenia |   1.964582   .1267313    10.47   0.000     1.731254    2.229356
           1.ra_sle_psoriasis |   1.275525   .0172016    18.05   0.000     1.242252    1.309689
               1.other_immuno |   2.237856   .2294637     7.86   0.000     1.830427    2.735975
-----------------------------------------------------------------------------------------------
                                                             Stratified by stp
(note: file ./output/an_multivariate_cox_models_covid_tpp_prob_kids_cat3_MAINFULLYADJMODEL_CCnoeth_bmi_smoke.ster not found)
file ./output/an_multivariate_cox_models_covid_tpp_prob_kids_cat3_MAINFULLYADJMODEL_CCnoeth_bmi_smoke.ster saved
   1:   4194.36 /        1 =    4194.3590

---------------------------------------------------------------------------------------------------------------------------------------------------------------------------------
active results
---------------------------------------------------------------------------------------------------------------------------------------------------------------------------------

Stratified Cox regr. -- Breslow method for ties

No. of subjects      =   16,074,725             Number of obs    =  16,074,725
No. of failures      =       37,915
Time at risk         =   2180364256
                                                Wald chi2(9)     =    11812.77
Log pseudolikelihood =   -495197.03             Prob > chi2      =      0.0000

                                         (Std. Err. adjusted for 10 clusters in household_size)
-----------------------------------------------------------------------------------------------
                              |               Robust
                           _t | Haz. Ratio   Std. Err.      z    P>|z|     [95% Conf. Interval]
------------------------------+----------------------------------------------------------------
               gp_number_kids |
              only >12 years  |   .9271499   .0638538    -1.10   0.272      .810078    1.061141
                 1 child <12  |   .8336384   .0553948    -2.74   0.006     .7318395    .9495975
              2 children <12  |   .7232732   .0481755    -4.86   0.000     .6347547    .8241359
             3+ children <12  |   .6612886   .0418165    -6.54   0.000     .5842052    .7485429
                              |
                         age1 |   1.114188   .0077262    15.59   0.000     1.099148    1.129435
                         age2 |   .7664058   .0175313   -11.63   0.000     .7328039    .8015485
                         age3 |   2.020541   .1147764    12.38   0.000     1.807654      2.2585
                       1.male |   .8676547   .0426781    -2.89   0.004     .7879127    .9554672
                              |
                    obese4cat |
           Obese I (30-34.9)  |    1.19486   .0378703     5.62   0.000     1.122894    1.271439
          Obese II (35-39.9)  |    1.38686   .0179078    25.33   0.000     1.352202    1.422407
             Obese III (40+)  |   1.649062   .0306482    26.91   0.000     1.590073    1.710239
                              |
                 smoke_nomiss |
                      Former  |   1.044524   .0278373     1.63   0.102      .991364    1.100534
                     Current  |   .6294682   .0413601    -7.04   0.000     .5534067    .7159837
                              |
                          imd |
                           2  |   1.131272   .0140454     9.93   0.000     1.104076    1.159138
                           3  |   1.166837   .0257517     6.99   0.000      1.11744    1.218417
                           4  |   1.352604    .018591    21.97   0.000     1.316653    1.389537
             5 most deprived  |   1.529175    .021876    29.69   0.000     1.486894    1.572658
                              |
           1.htdiag_or_highbp |   1.108267   .0190542     5.98   0.000     1.071543    1.146248
1.chronic_respiratory_disease |   1.944862   .0198369    65.22   0.000     1.906368    1.984133
                     1.asthma |   1.256721   .0167763    17.12   0.000     1.224266    1.290035
    1.chronic_cardiac_disease |   1.387456   .0182428    24.91   0.000     1.352157    1.423675
                   1.diabetes |   1.559332   .0460663    15.04   0.000     1.471608    1.652285
                              |
            cancer_exhaem_cat |
                   Last year  |   1.882049   .0626478    19.00   0.000     1.763181     2.00893
               2-5 years ago  |   1.283431   .0223613    14.32   0.000     1.240343    1.328015
                    5+ years  |    1.12902   .0298607     4.59   0.000     1.071985     1.18909
                              |
              cancer_haem_cat |
                   Last year  |   3.749762   .8071575     6.14   0.000     2.459109    5.717809
               2-5 years ago  |    2.52434   .1387419    16.85   0.000     2.266546    2.811456
                    5+ years  |   1.849385   .0642499    17.70   0.000     1.727649    1.979699
                              |
      1.chronic_liver_disease |   1.714368   .0918214    10.06   0.000     1.543525     1.90412
            1.stroke_dementia |   1.776395   .0391798    26.05   0.000     1.701241     1.85487
                1.other_neuro |   1.916627    .125156     9.96   0.000     1.686374    2.178317
                              |
  reduced_kidney_function_cat |
Stage 3a/3b egfr 30-60        |   1.181523   .0219766     8.97   0.000     1.139225    1.225391
           Stage 4/5 egfr<30  |    2.28269   .1211263    15.55   0.000     2.057215    2.532878
                              |
                1.organ_trans |   2.646176   .0854443    30.14   0.000     2.483898    2.819057
                              |
                tot_people_hh |
                           2  |   .9409786   .0063089    -9.07   0.000     .9286942    .9534254
                           3  |     1.1804   .0559701     3.50   0.000     1.075644    1.295359
                           4  |   1.365392   .0940632     4.52   0.000     1.192936    1.562779
                           5  |   1.845319   .2112721     5.35   0.000     1.474404    2.309543
                              |
                   1.asplenia |   1.970104   .1411034     9.47   0.000     1.712081    2.267014
           1.ra_sle_psoriasis |   1.285438   .0127731    25.27   0.000     1.260645    1.310718
               1.other_immuno |   2.366916   .1861033    10.96   0.000     2.028876    2.761279
-----------------------------------------------------------------------------------------------
                                                             Stratified by stp
(note: file ./output/an_multivariate_cox_models_covid_tpp_prob_gp_number_kids_MAINFULLYADJMODEL_noeth.ster not found)
file ./output/an_multivariate_cox_models_covid_tpp_prob_gp_number_kids_MAINFULLYADJMODEL_noeth.ster saved

      Test of proportional-hazards assumption

      Time:  Time
      ----------------------------------------------------------------
                  |       rho            chi2       df       Prob>chi2
      ------------+---------------------------------------------------
      0b.gp_numb~s|            .            .        1             .
      1.gp_numbe~s|      0.03030      1444.92        1         0.0000
      2.gp_numbe~s|      0.03260      1714.15        1         0.0000
      3.gp_numbe~s|     -0.04221      1504.07        1         0.0000
      4.gp_numbe~s|     -0.08886      7899.63        1         0.0000
      age1        |      0.05236      4750.04        1         0.0000
      age2        |     -0.06045      7478.64        1         0.0000
      age3        |      0.06033      6848.86        1         0.0000
      0b.male     |            .            .        1             .
      1.male      |      0.00522        61.98        1         0.0000
      1b.obese4cat|            .            .        1             .
      2.obese4cat |     -0.00182         7.21        1         0.0072
      3.obese4cat |      0.07612      6782.44        1         0.0000
      4.obese4cat |      0.03285      1145.18        1         0.0000
      1b.smoke_n~s|            .            .        1             .
      2.smoke_no~s|      0.06769     12068.73        1         0.0000
      3.smoke_no~s|      0.05891     10284.65        1         0.0000
      1b.imd      |            .            .        1             .
      2.imd       |     -0.04490      2563.28        1         0.0000
      3.imd       |     -0.02806       459.34        1         0.0000
      4.imd       |      0.01809       210.96        1         0.0000
      5.imd       |      0.06641      7116.76        1         0.0000
      0b.htdiag_~p|            .            .        1             .
      1.htdiag_o~p|     -0.07591     13486.19        1         0.0000
      0b.chronic..|            .            .        1             .
      1.~y_disease|      0.04829      7852.75        1         0.0000
      0b.asthma   |            .            .        1             .
      1.asthma    |      0.07268     12866.45        1         0.0000
      0b.chronic..|            .            .        1             .
      1.~c_disease|      0.03274       944.61        1         0.0000
      0b.diabetes |            .            .        1             .
      1.diabetes  |     -0.02292      1091.84        1         0.0000
      1b.c~exhae~t|            .            .        1             .
      2.cancer_e~t|     -0.06834      6920.21        1         0.0000
      3.cancer_e~t|     -0.01826       404.04        1         0.0000
      4.cancer_e~t|      0.06900     10440.54        1         0.0000
      1b.cancer_..|            .            .        1             .
      2.cancer_h~t|      0.04663      4689.87        1         0.0000
      3.cancer_h~t|      0.06285      9518.73        1         0.0000
      4.cancer_h~t|     -0.00007         0.01        1         0.9289
      0b.chronic..|            .            .        1             .
      1.~r_disease|      0.05289      6645.41        1         0.0000
      0b.stroke_~a|            .            .        1             .
      1.stroke_d~a|     -0.05046      8555.54        1         0.0000
      0b.other_n~o|            .            .        1             .
      1.other_ne~o|     -0.04610      4836.15        1         0.0000
      1b.reduced~t|            .            .        1             .
      2.reduced_~t|      0.06363      6593.23        1         0.0000
      3.reduced_~t|      0.07148     16928.62        1         0.0000
      0b.organ_t~s|            .            .        1             .
      1.organ_tr~s|      0.01605       329.92        1         0.0000
      1b.tot_peo~h|            .            .        1             .
      2.tot_peop~h|     -0.05731      7173.37        1         0.0000
      3.tot_peop~h|     -0.06441     15551.77        1         0.0000
      4.tot_peop~h|     -0.06042     13194.95        1         0.0000
      5.tot_peop~h|      0.00887       190.10        1         0.0000
      0b.asplenia |            .            .        1             .
      1.asplenia  |     -0.00344        23.38        1         0.0000
      0b.ra_sle_~s|            .            .        1             .
      1.ra_sle_p~s|     -0.02856       228.38        1         0.0000
      0b.other_i~o|            .            .        1             .
      1.other_im~o|     -0.05793      8186.57        1         0.0000
      ------------+---------------------------------------------------
      global test |                  31496.99        9         0.0000
      ----------------------------------------------------------------

note: robust variance-covariance matrix used.
   1:   6768.35 /        1 =    6768.3540
   1:   3585.75 /        1 =    3585.7500

---------------------------------------------------------------------------------------------------------------------------------------------------------------------------------
active results
---------------------------------------------------------------------------------------------------------------------------------------------------------------------------------

Stratified Cox regr. -- Breslow method for ties

No. of subjects      =   12,174,634             Number of obs    =  12,174,634
No. of failures      =       29,550
Time at risk         =   1651476131
                                                Wald chi2(9)     =     8470.01
Log pseudolikelihood =   -378433.74             Prob > chi2      =      0.0000

                                         (Std. Err. adjusted for 10 clusters in household_size)
-----------------------------------------------------------------------------------------------
                              |               Robust
                           _t | Haz. Ratio   Std. Err.      z    P>|z|     [95% Conf. Interval]
------------------------------+----------------------------------------------------------------
               gp_number_kids |
              only >12 years  |   .9246207   .0640851    -1.13   0.258     .8071741    1.059156
                 1 child <12  |   .7961892   .0509002    -3.57   0.000     .7024237    .9024714
              2 children <12  |   .6835971   .0391537    -6.64   0.000     .6110078    .7648102
             3+ children <12  |   .6257857   .0386773    -7.58   0.000     .5543911    .7063745
                              |
                         age1 |   1.113735   .0069207    17.33   0.000     1.100253    1.127382
                         age2 |   .7658975    .016218   -12.60   0.000     .7347614    .7983531
                         age3 |   2.029613   .1063702    13.51   0.000     1.831482    2.249179
                       1.male |   .8820794   .0366676    -3.02   0.003     .8130619    .9569555
                              |
                    obese4cat |
           Obese I (30-34.9)  |   1.203515   .0406457     5.49   0.000     1.126431    1.285875
          Obese II (35-39.9)  |   1.412928   .0249939    19.54   0.000     1.364781    1.462775
             Obese III (40+)  |   1.721614    .058854    15.89   0.000     1.610042    1.840918
                              |
                 smoke_nomiss |
                      Former  |   1.091731   .0167675     5.71   0.000     1.059357    1.125094
                     Current  |   .6591617   .0334068    -8.22   0.000     .5968324    .7280002
                              |
                    ethnicity |
                       Mixed  |   1.439265   .0949963     5.52   0.000     1.264616    1.638034
      Asian or Asian British  |    1.92242    .109053    11.52   0.000     1.720133    2.148495
                       Black  |   1.649362   .0691337    11.94   0.000     1.519279    1.790583
                       Other  |   1.334119   .1291616     2.98   0.003     1.103535    1.612883
                              |
                          imd |
                           2  |   1.112356   .0202407     5.85   0.000     1.073384    1.152743
                           3  |   1.132767   .0299995     4.71   0.000     1.075469    1.193118
                           4  |    1.27165   .0307887     9.93   0.000     1.212714    1.333449
             5 most deprived  |   1.406677   .0442385    10.85   0.000     1.322589     1.49611
                              |
           1.htdiag_or_highbp |   1.106009   .0234059     4.76   0.000     1.061072    1.152848
1.chronic_respiratory_disease |   1.908542   .0171124    72.09   0.000     1.875296    1.942379
                     1.asthma |   1.264809   .0138375    21.47   0.000     1.237977    1.292223
    1.chronic_cardiac_disease |   1.392024   .0178336    25.82   0.000     1.357506     1.42742
                   1.diabetes |    1.45434   .0387976    14.04   0.000     1.380252    1.532405
                              |
            cancer_exhaem_cat |
                   Last year  |   1.920824   .0596569    21.02   0.000     1.807386    2.041382
               2-5 years ago  |   1.227583   .0279867     8.99   0.000     1.173938     1.28368
                    5+ years  |   1.151838   .0200803     8.11   0.000     1.113146    1.191874
                              |
              cancer_haem_cat |
                   Last year  |   3.484016   .9418629     4.62   0.000      2.05101    5.918239
               2-5 years ago  |   2.528801   .1146551    20.46   0.000     2.313777    2.763808
                    5+ years  |   1.800894   .0851421    12.44   0.000     1.641517    1.975746
                              |
      1.chronic_liver_disease |   1.695698   .1010264     8.86   0.000     1.508813     1.90573
            1.stroke_dementia |   1.772736   .0428765    23.67   0.000      1.69066    1.858796
                1.other_neuro |    1.89906   .1034361    11.78   0.000     1.706775    2.113008
                              |
  reduced_kidney_function_cat |
Stage 3a/3b egfr 30-60        |   1.200655   .0169687    12.94   0.000     1.167853    1.234378
           Stage 4/5 egfr<30  |   2.268639   .1028174    18.07   0.000     2.075811    2.479379
                              |
                1.organ_trans |   2.428408   .0985777    21.86   0.000     2.242686    2.629511
                              |
                tot_people_hh |
                           2  |   .9251557   .0065927   -10.92   0.000     .9123242    .9381678
                           3  |   1.149522   .0536108     2.99   0.003     1.049106     1.25955
                           4  |   1.323498   .0886853     4.18   0.000     1.160609    1.509249
                           5  |   1.596999   .1535768     4.87   0.000     1.322659     1.92824
                              |
                   1.asplenia |   1.960922   .1520765     8.68   0.000     1.684405    2.282832
           1.ra_sle_psoriasis |   1.268349   .0291028    10.36   0.000     1.212572    1.326692
               1.other_immuno |   2.129959   .1715568     9.39   0.000     1.818911    2.494198
-----------------------------------------------------------------------------------------------
                                                             Stratified by stp
(note: file ./output/an_multivariate_cox_models_covid_tpp_prob_gp_number_kids_MAINFULLYADJMODEL_CCeth.ster not found)
file ./output/an_multivariate_cox_models_covid_tpp_prob_gp_number_kids_MAINFULLYADJMODEL_CCeth.ster saved
   1:   3518.76 /        1 =    3518.7640

---------------------------------------------------------------------------------------------------------------------------------------------------------------------------------
active results
---------------------------------------------------------------------------------------------------------------------------------------------------------------------------------

Stratified Cox regr. -- Breslow method for ties

No. of subjects      =   10,271,116             Number of obs    =  10,271,116
No. of failures      =       26,957
Time at risk         =   1392943996
                                                Wald chi2(9)     =     1320.19
Log pseudolikelihood =   -341182.97             Prob > chi2      =      0.0000

                                         (Std. Err. adjusted for 10 clusters in household_size)
-----------------------------------------------------------------------------------------------
                              |               Robust
                           _t | Haz. Ratio   Std. Err.      z    P>|z|     [95% Conf. Interval]
------------------------------+----------------------------------------------------------------
               gp_number_kids |
              only >12 years  |   .9167897   .0585879    -1.36   0.174     .8088598    1.039121
                 1 child <12  |   .7806027    .046473    -4.16   0.000     .6946308    .8772151
              2 children <12  |   .6641613   .0349144    -7.78   0.000     .5991376     .736242
             3+ children <12  |   .5792779   .0358301    -8.83   0.000     .5131419    .6539377
                              |
                         age1 |   1.115568   .0067643    18.04   0.000     1.102389    1.128905
                         age2 |   .7583505   .0152666   -13.74   0.000     .7290111    .7888707
                         age3 |   2.091585    .102146    15.11   0.000     1.900666    2.301683
                       1.male |   .9253568   .0376266    -1.91   0.056     .8544721    1.002122
                              |
                       bmicat |
          Normal (18.5-24.9)  |   .7002764   .0320247    -7.79   0.000     .6402399    .7659427
        Overweight (25-29.9)  |   .7378371   .0517411    -4.34   0.000     .6430869    .8465476
           Obese I (30-34.9)  |   .8633435   .0742324    -1.71   0.087     .7294495    1.021814
          Obese II (35-39.9)  |   1.018633   .0561711     0.33   0.738     .9142806    1.134896
             Obese III (40+)  |   1.243974   .1068035     2.54   0.011     1.051308    1.471949
                              |
                        smoke |
                      Former  |   1.080223   .0187836     4.44   0.000     1.044028    1.117673
                     Current  |   .6498136   .0323544    -8.66   0.000      .589396    .7164244
                              |
                    ethnicity |
                       Mixed  |   1.494164   .1171162     5.12   0.000     1.281383    1.742279
      Asian or Asian British  |   1.867593   .1017558    11.46   0.000     1.678435    2.078069
                       Black  |   1.658861   .0710082    11.82   0.000     1.525366    1.804039
                       Other  |   1.367915   .1378535     3.11   0.002     1.122737    1.666633
                              |
                          imd |
                           2  |   1.114193   .0227821     5.29   0.000     1.070424    1.159752
                           3  |   1.136945   .0350622     4.16   0.000      1.07026    1.207785
                           4  |   1.286224   .0301731    10.73   0.000     1.228424    1.346742
             5 most deprived  |   1.417522   .0455215    10.86   0.000     1.331052     1.50961
                              |
           1.htdiag_or_highbp |   1.088716   .0198751     4.66   0.000      1.05045    1.128375
1.chronic_respiratory_disease |   1.877031   .0191245    61.80   0.000     1.839919    1.914891
                     1.asthma |   1.253543   .0165179    17.15   0.000     1.221583    1.286339
    1.chronic_cardiac_disease |   1.374611    .017739    24.66   0.000     1.340279    1.409822
                   1.diabetes |   1.429371    .036835    13.86   0.000     1.358968     1.50342
                              |
            cancer_exhaem_cat |
                   Last year  |   1.892103   .0634969    19.00   0.000     1.771656    2.020739
               2-5 years ago  |   1.246836   .0346817     7.93   0.000     1.180681    1.316698
                    5+ years  |   1.162983     .02037     8.62   0.000     1.123736    1.203601
                              |
              cancer_haem_cat |
                   Last year  |   3.400215   .9887346     4.21   0.000     1.923043    6.012067
               2-5 years ago  |   2.495282   .1240078    18.40   0.000     2.263693    2.750564
                    5+ years  |   1.752106    .100979     9.73   0.000      1.56496    1.961632
                              |
      1.chronic_liver_disease |   1.679292    .094487     9.21   0.000     1.503947    1.875081
            1.stroke_dementia |   1.757941   .0390578    25.39   0.000     1.683032    1.836184
                1.other_neuro |   1.849722   .1069222    10.64   0.000     1.651593    2.071618
                              |
  reduced_kidney_function_cat |
Stage 3a/3b egfr 30-60        |   1.205141   .0170447    13.19   0.000     1.172192    1.239015
           Stage 4/5 egfr<30  |   2.260158   .0928521    19.85   0.000     2.085305    2.449672
                              |
                1.organ_trans |   2.439514   .1052111    20.68   0.000     2.241779     2.65469
                              |
                tot_people_hh |
                           2  |   .9199788   .0066769   -11.49   0.000     .9069849    .9331588
                           3  |   1.159113   .0528344     3.24   0.001      1.06005    1.267433
                           4  |   1.344849   .0870465     4.58   0.000      1.18462    1.526752
                           5  |   1.658781     .16311     5.15   0.000      1.36801    2.011355
                              |
                   1.asplenia |   1.982193   .1474723     9.20   0.000     1.713238     2.29337
           1.ra_sle_psoriasis |   1.261836   .0333807     8.79   0.000     1.198079    1.328987
               1.other_immuno |   1.991615   .1971041     6.96   0.000     1.640456    2.417944
-----------------------------------------------------------------------------------------------
                                                             Stratified by stp
(note: file ./output/an_multivariate_cox_models_covid_tpp_prob_gp_number_kids_MAINFULLYADJMODEL_CCeth_bmi_smoke.ster not found)
file ./output/an_multivariate_cox_models_covid_tpp_prob_gp_number_kids_MAINFULLYADJMODEL_CCeth_bmi_smoke.ster saved
   1:   3959.82 /        1 =    3959.8180

---------------------------------------------------------------------------------------------------------------------------------------------------------------------------------
active results
---------------------------------------------------------------------------------------------------------------------------------------------------------------------------------

Stratified Cox regr. -- Breslow method for ties

No. of subjects      =   12,626,021             Number of obs    =  12,626,021
No. of failures      =       33,565
Time at risk         =   1711974960
                                                Wald chi2(9)     =     3740.95
Log pseudolikelihood =   -431330.93             Prob > chi2      =      0.0000

                                         (Std. Err. adjusted for 10 clusters in household_size)
-----------------------------------------------------------------------------------------------
                              |               Robust
                           _t | Haz. Ratio   Std. Err.      z    P>|z|     [95% Conf. Interval]
------------------------------+----------------------------------------------------------------
               gp_number_kids |
              only >12 years  |   .9091872   .0559855    -1.55   0.122     .8058207    1.025813
                 1 child <12  |   .8012396   .0465229    -3.82   0.000     .7150535    .8978138
              2 children <12  |   .6788833   .0405883    -6.48   0.000     .6038158    .7632834
             3+ children <12  |   .5938898   .0379231    -8.16   0.000      .524025    .6730693
                              |
                         age1 |   1.115646   .0084022    14.53   0.000     1.099299    1.132236
                         age2 |   .7584715    .018218   -11.51   0.000     .7235922     .795032
                         age3 |   2.084882   .1217972    12.58   0.000     1.859324    2.337804
                       1.male |   .9319418     .04122    -1.59   0.111     .8545549    1.016337
                              |
                       bmicat |
          Normal (18.5-24.9)  |    .680822   .0254401   -10.29   0.000     .6327423    .7325551
        Overweight (25-29.9)  |   .7140942   .0418746    -5.74   0.000     .6365624    .8010693
           Obese I (30-34.9)  |   .8177553   .0572547    -2.87   0.004     .7128972    .9380366
          Obese II (35-39.9)  |   .9562402   .0430883    -0.99   0.321     .8754104    1.044533
             Obese III (40+)  |   1.139858   .0672012     2.22   0.026     1.015471    1.279481
                              |
                        smoke |
                      Former  |   1.020488   .0318375     0.65   0.516     .9599573    1.084836
                     Current  |   .6135938   .0402061    -7.45   0.000     .5396416    .6976804
                              |
                          imd |
                           2  |   1.140344   .0172601     8.68   0.000     1.107012     1.17468
                           3  |   1.172978   .0286343     6.54   0.000     1.118177    1.230464
                           4  |   1.363794   .0223039    18.97   0.000     1.320772    1.408217
             5 most deprived  |   1.543631   .0214714    31.21   0.000     1.502116    1.586293
                              |
           1.htdiag_or_highbp |   1.086781   .0153937     5.88   0.000     1.057025    1.117375
1.chronic_respiratory_disease |   1.910662    .025994    47.59   0.000     1.860388    1.962294
                     1.asthma |   1.238316   .0194769    13.59   0.000     1.200724    1.277085
    1.chronic_cardiac_disease |   1.362796   .0193685    21.78   0.000     1.325358    1.401291
                   1.diabetes |   1.520469   .0389275    16.37   0.000     1.446055    1.598712
                              |
            cancer_exhaem_cat |
                   Last year  |   1.831732   .0503637    22.01   0.000     1.735633    1.933151
               2-5 years ago  |   1.285556   .0241135    13.39   0.000     1.239152    1.333697
                    5+ years  |   1.141897   .0352176     4.30   0.000     1.074916    1.213051
                              |
              cancer_haem_cat |
                   Last year  |   3.544209   .9608837     4.67   0.000     2.083276    6.029645
               2-5 years ago  |   2.499147    .152621    15.00   0.000     2.217224    2.816917
                    5+ years  |   1.786766   .0845947    12.26   0.000     1.628423    1.960505
                              |
      1.chronic_liver_disease |   1.678045   .0919244     9.45   0.000     1.507212    1.868242
            1.stroke_dementia |   1.748679   .0339899    28.75   0.000     1.683313    1.816583
                1.other_neuro |   1.849689   .1246224     9.13   0.000     1.620873    2.110805
                              |
  reduced_kidney_function_cat |
Stage 3a/3b egfr 30-60        |   1.192792   .0240123     8.76   0.000     1.146645    1.240796
           Stage 4/5 egfr<30  |   2.295335   .1157473    16.48   0.000     2.079325    2.533785
                              |
                1.organ_trans |   2.621676   .0650538    38.84   0.000     2.497224    2.752331
                              |
                tot_people_hh |
                           2  |   .9402214   .0064197    -9.03   0.000     .9277229    .9528883
                           3  |   1.202302   .0556448     3.98   0.000     1.098041    1.316464
                           4  |   1.427602   .0946879     5.37   0.000     1.253574     1.62579
                           5  |   1.957294   .2323172     5.66   0.000     1.551044    2.469947
                              |
                   1.asplenia |   1.964715   .1264967    10.49   0.000     1.731791    2.228966
           1.ra_sle_psoriasis |   1.275959   .0171631    18.12   0.000     1.242759    1.310045
               1.other_immuno |    2.23464   .2277059     7.89   0.000     1.830086    2.728623
-----------------------------------------------------------------------------------------------
                                                             Stratified by stp
(note: file ./output/an_multivariate_cox_models_covid_tpp_prob_gp_number_kids_MAINFULLYADJMODEL_CCnoeth_bmi_smoke.ster not found)
file ./output/an_multivariate_cox_models_covid_tpp_prob_gp_number_kids_MAINFULLYADJMODEL_CCnoeth_bmi_smoke.ster saved

. 
. 
. 
. 
. *SENSITIVITY ANALYSIS: 12 months FUP
. drop if has_12_m_follow_up == .
(0 observations deleted)

. 
. foreach exposure_type in kids_cat3  {
  2. *Age spline model (not adj ethnicity)
. basecoxmodel, exposure("i.`exposure_type'") age("age1 age2 age3") ethnicity(0) bmi(i.obese4cat) smoking(i.smoke_nomiss)
  3. if _rc==0{
  4. estimates
  5. estimates save ./output/an_multivariate_cox_models_`outcome'_`exposure_type'_MAINFULLYADJMODEL_noeth_12mo, replace
  6. *estat concordance /*c-statistic*/
. }
  7. else di "WARNING 12 MO FUP MODEL W/ AGE SPLINE  DID NOT FIT (OUTCOME `outcome')"
  8. 
. }
   1:   4692.19 /        1 =    4692.1890

---------------------------------------------------------------------------------------------------------------------
active results
---------------------------------------------------------------------------------------------------------------------

Stratified Cox regr. -- Breslow method for ties

No. of subjects      =   16,074,725             Number of obs    =  16,074,725
No. of failures      =       37,915
Time at risk         =   2180364256
                                                Wald chi2(9)     =    10180.59
Log pseudolikelihood =    -495221.1             Prob > chi2      =      0.0000

                                         (Std. Err. adjusted for 10 clusters in household_size)
-----------------------------------------------------------------------------------------------
                              |               Robust
                           _t | Haz. Ratio   Std. Err.      z    P>|z|     [95% Conf. Interval]
------------------------------+----------------------------------------------------------------
                    kids_cat3 |
               Kids under 12  |   .7806885   .0587088    -3.29   0.001     .6736997    .9046681
               Kids under 18  |   .9361196   .0661004    -0.93   0.350     .8151305    1.075067
                              |
                         age1 |   1.112924   .0073932    16.11   0.000     1.098528    1.127509
                         age2 |   .7690407   .0171713   -11.76   0.000     .7361113    .8034431
                         age3 |   2.002514   .1110407    12.52   0.000     1.796288    2.232417
                       1.male |   .8680436   .0424985    -2.89   0.004     .7886197    .9554664
                              |
                    obese4cat |
           Obese I (30-34.9)  |   1.194141   .0376993     5.62   0.000     1.122492    1.270364
          Obese II (35-39.9)  |   1.386364    .018028    25.12   0.000     1.351476    1.422152
             Obese III (40+)  |   1.649286   .0309132    26.69   0.000     1.589796    1.711001
                              |
                 smoke_nomiss |
                      Former  |   1.043792   .0280749     1.59   0.111     .9901916    1.100294
                     Current  |   .6297993   .0412494    -7.06   0.000     .5539261    .7160651
                              |
                          imd |
                           2  |   1.131903   .0142332     9.85   0.000     1.104348    1.160146
                           3  |   1.168016    .026338     6.89   0.000     1.117519    1.220795
                           4  |   1.354191   .0190394    21.57   0.000     1.317384    1.392026
             5 most deprived  |   1.530182   .0228703    28.46   0.000     1.486007     1.57567
                              |
           1.htdiag_or_highbp |   1.108635   .0192207     5.95   0.000     1.071596    1.146954
1.chronic_respiratory_disease |   1.943889   .0200396    64.48   0.000     1.905006    1.983565
                     1.asthma |   1.256495   .0168803    17.00   0.000     1.223842     1.29002
    1.chronic_cardiac_disease |   1.387235   .0182784    24.84   0.000     1.351869    1.423527
                   1.diabetes |   1.559272   .0460361    15.05   0.000     1.471604    1.652162
                              |
            cancer_exhaem_cat |
                   Last year  |   1.881059   .0623661    19.06   0.000      1.76271    2.007353
               2-5 years ago  |   1.282746    .022357    14.29   0.000     1.239667    1.327322
                    5+ years  |   1.128526   .0297456     4.59   0.000     1.071706    1.188359
                              |
              cancer_haem_cat |
                   Last year  |   3.748112   .8065738     6.14   0.000      2.45832     5.71461
               2-5 years ago  |   2.522935   .1384481    16.86   0.000     2.265665    2.809419
                    5+ years  |   1.848763   .0644373    17.63   0.000     1.726686    1.979472
                              |
      1.chronic_liver_disease |   1.713698   .0919861    10.04   0.000     1.542568    1.903812
            1.stroke_dementia |   1.777157   .0393037    26.00   0.000     1.701769    1.855885
                1.other_neuro |   1.917496   .1249804     9.99   0.000      1.68754    2.178788
                              |
  reduced_kidney_function_cat |
Stage 3a/3b egfr 30-60        |   1.181863   .0220044     8.97   0.000     1.139512    1.225787
           Stage 4/5 egfr<30  |   2.284581   .1212763    15.56   0.000     2.058831    2.535083
                              |
                1.organ_trans |   2.646182    .085199    30.22   0.000     2.484354     2.81855
                              |
                tot_people_hh |
                           2  |   .9419925   .0062385    -9.02   0.000     .9298443    .9542993
                           3  |   1.190219   .0576167     3.60   0.000     1.082484    1.308676
                           4  |   1.357332   .1038758     3.99   0.000     1.168273    1.576987
                           5  |   1.804674   .2108489     5.05   0.000      1.43532    2.269075
                              |
                   1.asplenia |   1.969848   .1411052     9.46   0.000     1.711823    2.266764
           1.ra_sle_psoriasis |   1.285073   .0127855    25.21   0.000     1.260257    1.310378
               1.other_immuno |   2.369486   .1874572    10.90   0.000     2.029145    2.766911
-----------------------------------------------------------------------------------------------
                                                             Stratified by stp
(note: file ./output/an_multivariate_cox_models_covid_tpp_prob_kids_cat3_MAINFULLYADJMODEL_noeth_12mo.ster not found)
file ./output/an_multivariate_cox_models_covid_tpp_prob_kids_cat3_MAINFULLYADJMODEL_noeth_12mo.ster saved

. 
. 
. 
. 
. 
. log close
      name:  <unnamed>
       log:  E:\caroline\school-age-children-and-covid\analysis\log\an_multivariableFULL_cox_models_covid_tpp_prob.lo
> g
  log type:  text
 closed on:  16 Jul 2020, 23:10:17
---------------------------------------------------------------------------------------------------------------------
