-------------------------------------------------------------------------------
      name:  <unnamed>
       log:  E:\caroline\school-age-children-and-covid\analysis\log\an_univaria
> ble_cox_models_covid_tpp_prob_or_susp_SENSE12mo.log
  log type:  text
 opened on:  16 Jul 2020, 09:58:30

. 
. * Open dataset and fit specified model(s)
. use "$tempdir\cr_create_analysis_dataset_STSET_`outcome'.dta", clear

. 
. *SENSITIVITY ANALYSIS: 12 months FUP
. drop if has_12_m_follow_up == .
(0 observations deleted)

. foreach var of any `varlist' {
  2. 
.         *General form of model
.         else local model "age1 age2 age3 i.male i.`var'"
  3. 
.         *Fit and save model
.         cap erase ./output/an_univariable_cox_models_`outcome'_AGESEX_`var'_1
> 2mo.ster
  4.         capture stcox `model' , strata(stp) vce(cluster household_size)
  5.         if _rc==0 {
  6.                 estimates
  7.                 estimates save ./output/an_univariable_cox_models_`outcome
> '_AGESEX_`var'_12mo.ster, replace
  8.                 }
  9.         else di "WARNING - `var' vs `outcome' MODEL DID NOT SUCCESSFULLY F
> IT"
 10. 
. }

-------------------------------------------------------------------------------
active results
-------------------------------------------------------------------------------

Stratified Cox regr. -- Breslow method for ties

No. of subjects      =   16,074,725             Number of obs    =  16,074,725
No. of failures      =      629,074
Time at risk         =   2147775808
                                                Wald chi2(6)     =   337699.49
Log pseudolikelihood =   -8367056.6             Prob > chi2      =      0.0000

                        (Std. Err. adjusted for 10 clusters in household_size)
------------------------------------------------------------------------------
             |               Robust
          _t | Haz. Ratio   Std. Err.      z    P>|z|     [95% Conf. Interval]
-------------+----------------------------------------------------------------
        age1 |   1.019466   .0040588     4.84   0.000     1.011542    1.027452
        age2 |   .9828522   .0147567    -1.15   0.249     .9543511    1.012205
        age3 |   1.079142    .050047     1.64   0.101     .9853773    1.181828
      1.male |   .7552391   .0402319    -5.27   0.000     .6803629    .8383556
             |
   kids_cat3 |
Kids unde..  |   1.051898   .0284717     1.87   0.062     .9975486    1.109208
Kids unde..  |   1.008046   .0386817     0.21   0.835     .9350122    1.086785
------------------------------------------------------------------------------
                                                             Stratified by stp
(note: file ./output/an_univariable_cox_models_covid_tpp_prob_or_susp_AGESEX_ki
> ds_cat3_12mo.ster not found)
file ./output/an_univariable_cox_models_covid_tpp_prob_or_susp_AGESEX_kids_cat3
> _12mo.ster saved

. 
. 
. * Close log file
. log close
      name:  <unnamed>
       log:  E:\caroline\school-age-children-and-covid\analysis\log\an_univaria
> ble_cox_models_covid_tpp_prob_or_susp_SENSE12mo.log
  log type:  text
 closed on:  16 Jul 2020, 10:21:20
-------------------------------------------------------------------------------
