-------------------------------------------------------------------------------
      name:  <unnamed>
       log:  E:\caroline\school-age-children-and-covid\analysis\log\an_univaria
> ble_cox_models_covid_tpp_prob_SENSE12mo.log
  log type:  text
 opened on:  16 Jul 2020, 09:58:29

. 
. * Open dataset and fit specified model(s)
. use "$tempdir\cr_create_analysis_dataset_STSET_`outcome'.dta", clear

. 
. *SENSITIVITY ANALYSIS: 12 months FUP
. drop if has_12_m_follow_up == .
(0 observations deleted)

. foreach var of any `varlist' {
  2. 
.         *General form of model
.         else local model "age1 age2 age3 i.male i.`var'"
  3. 
.         *Fit and save model
.         cap erase ./output/an_univariable_cox_models_`outcome'_AGESEX_`var'_1
> 2mo.ster
  4.         capture stcox `model' , strata(stp) vce(cluster household_size)
  5.         if _rc==0 {
  6.                 estimates
  7.                 estimates save ./output/an_univariable_cox_models_`outcome
> '_AGESEX_`var'_12mo.ster, replace
  8.                 }
  9.         else di "WARNING - `var' vs `outcome' MODEL DID NOT SUCCESSFULLY F
> IT"
 10. 
. }

-------------------------------------------------------------------------------
active results
-------------------------------------------------------------------------------

Stratified Cox regr. -- Breslow method for ties

No. of subjects      =   16,074,725             Number of obs    =  16,074,725
No. of failures      =       37,915
Time at risk         =   2180364256
                                                Wald chi2(6)     =     8877.80
Log pseudolikelihood =   -501868.88             Prob > chi2      =      0.0000

                        (Std. Err. adjusted for 10 clusters in household_size)
------------------------------------------------------------------------------
             |               Robust
          _t | Haz. Ratio   Std. Err.      z    P>|z|     [95% Conf. Interval]
-------------+----------------------------------------------------------------
        age1 |    1.09165   .0120545     7.94   0.000     1.068278    1.115534
        age2 |   .8282635   .0306574    -5.09   0.000     .7703039    .8905842
        age3 |   1.698277   .1655595     5.43   0.000     1.402903     2.05584
      1.male |   .9053537   .0550593    -1.63   0.102     .8036228    1.019963
             |
   kids_cat3 |
Kids unde..  |   1.104607   .0597574     1.84   0.066     .9934801    1.228164
Kids unde..  |   1.225061   .0646092     3.85   0.000     1.104754    1.358469
------------------------------------------------------------------------------
                                                             Stratified by stp
(note: file ./output/an_univariable_cox_models_covid_tpp_prob_AGESEX_kids_cat3_
> 12mo.ster not found)
file ./output/an_univariable_cox_models_covid_tpp_prob_AGESEX_kids_cat3_12mo.st
> er saved

. 
. 
. * Close log file
. log close
      name:  <unnamed>
       log:  E:\caroline\school-age-children-and-covid\analysis\log\an_univaria
> ble_cox_models_covid_tpp_prob_SENSE12mo.log
  log type:  text
 closed on:  16 Jul 2020, 10:19:41
-------------------------------------------------------------------------------
