-------------------------------------------------------------------------------
      name:  <unnamed>
       log:  E:\caroline\school-age-children-and-covid\analysis\log\an_univaria
> ble_cox_models_covid_tpp_prob.log
  log type:  text
 opened on:  16 Jul 2020, 09:58:29

. 
. * Open dataset and fit specified model(s)
. use "$tempdir\cr_create_analysis_dataset_STSET_`outcome'.dta", clear

. 
. 
. foreach var of any `varlist' {
  2. 
.         *Special cases
.         if "`var'"=="agesplsex" local model "age1 age2 age3 i.male"
  3.         else if "`var'"=="agegroupsex" local model "ib3.agegroup i.male"
  4.         else if "`var'"=="bmicat" local model "age1 age2 age3 i.male ib2.b
> micat"
  5.         *General form of model
.         else local model "age1 age2 age3 i.male i.`var'"
  6. 
.         *Fit and save model
.         cap erase ./output/an_univariable_cox_models_`outcome'_AGESEX_`var'.s
> ter
  7.         capture stcox `model' , strata(stp) vce(cluster household_size)
  8.         if _rc==0 {
  9.                 estimates
 10.                 estimates save ./output/an_univariable_cox_models_`outcome
> '_AGESEX_`var'.ster, replace
 11.                 }
 12.         else di "WARNING - `var' vs `outcome' MODEL DID NOT SUCCESSFULLY F
> IT"
 13. 
. }

-------------------------------------------------------------------------------
active results
-------------------------------------------------------------------------------

Stratified Cox regr. -- Breslow method for ties

No. of subjects      =   16,074,725             Number of obs    =  16,074,725
No. of failures      =       37,915
Time at risk         =   2180364256
                                                Wald chi2(6)     =     8877.80
Log pseudolikelihood =   -501868.88             Prob > chi2      =      0.0000

                        (Std. Err. adjusted for 10 clusters in household_size)
------------------------------------------------------------------------------
             |               Robust
          _t | Haz. Ratio   Std. Err.      z    P>|z|     [95% Conf. Interval]
-------------+----------------------------------------------------------------
        age1 |    1.09165   .0120545     7.94   0.000     1.068278    1.115534
        age2 |   .8282635   .0306574    -5.09   0.000     .7703039    .8905842
        age3 |   1.698277   .1655595     5.43   0.000     1.402903     2.05584
      1.male |   .9053537   .0550593    -1.63   0.102     .8036228    1.019963
             |
   kids_cat3 |
Kids unde..  |   1.104607   .0597574     1.84   0.066     .9934801    1.228164
Kids unde..  |   1.225061   .0646092     3.85   0.000     1.104754    1.358469
------------------------------------------------------------------------------
                                                             Stratified by stp
(note: file ./output/an_univariable_cox_models_covid_tpp_prob_AGESEX_kids_cat3.
> ster not found)
file ./output/an_univariable_cox_models_covid_tpp_prob_AGESEX_kids_cat3.ster sa
> ved

-------------------------------------------------------------------------------
active results
-------------------------------------------------------------------------------

Stratified Cox regr. -- Breslow method for ties

No. of subjects      =   16,074,725             Number of obs    =  16,074,725
No. of failures      =       37,915
Time at risk         =   2180364256
                                                Wald chi2(8)     =   178861.65
Log pseudolikelihood =   -501865.25             Prob > chi2      =      0.0000

                        (Std. Err. adjusted for 10 clusters in household_size)
------------------------------------------------------------------------------
             |               Robust
          _t | Haz. Ratio   Std. Err.      z    P>|z|     [95% Conf. Interval]
-------------+----------------------------------------------------------------
        age1 |   1.091852   .0121707     7.88   0.000     1.068256    1.115968
        age2 |   .8278668   .0307947    -5.08   0.000     .7696581    .8904779
        age3 |   1.700259   .1663991     5.42   0.000     1.403494    2.059773
      1.male |    .905388    .055044    -1.63   0.102     .8036836    1.019963
             |
gp_number_~s |
only >12 ..  |   1.224869   .0651592     3.81   0.000     1.103591    1.359474
1 child <12  |   1.113369   .0545729     2.19   0.028     1.011385    1.225637
2 childre..  |   1.063932   .0889776     0.74   0.459     .9030816    1.253431
3+ childr..  |   1.184236   .0889242     2.25   0.024     1.022166    1.372002
------------------------------------------------------------------------------
                                                             Stratified by stp
(note: file ./output/an_univariable_cox_models_covid_tpp_prob_AGESEX_gp_number_
> kids.ster not found)
file ./output/an_univariable_cox_models_covid_tpp_prob_AGESEX_gp_number_kids.st
> er saved

. 
. * Close log file
. log close
      name:  <unnamed>
       log:  E:\caroline\school-age-children-and-covid\analysis\log\an_univaria
> ble_cox_models_covid_tpp_prob.log
  log type:  text
 closed on:  16 Jul 2020, 10:38:51
-------------------------------------------------------------------------------
