----------------------------------------------------------------------------------------------------------------------------------
      name:  <unnamed>
       log:  e:\analyses\school-age-children-and-covid\analysis\log\WORMS_03a_an_descriptive_safetables.log
  log type:  text
 opened on:  23 Aug 2020, 17:12:45

. 
. forvalues x=0/1 {
  2. 
. use $tempdir\analysis_dataset_worms_ageband_`x', clear
  3. 
. 
. **********************************
. *  Distribution in whole cohort  *
. **********************************
. 
. 
. * Demographics
. summ age
  4. safetab agegroup
  5. safetab age66
  6. safetab male
  7. safetab bmicat
  8. safetab bmicat, m
  9. safetab obese4cat
 10. safetab smoke
 11. safetab smoke, m
 12. safetab bpcat
 13. safetab bpcat, m
 14. safetab htdiag_or_highbp
 15. ta shield
 16. 
. * Comorbidities
. foreach var in chronic_respiratory_disease ///
>                                                 asthma  ///
>                                                 chronic_cardiac_disease  ///
>                                                 diabcat ///
>                                                 cancer_exhaem_cat                                               ///
>                                                 cancer_haem_cat                                                 ///
>                                                 other_immuno    ///
>                                                 other_transplant                        /// 
>                                                 asplenia                        /// 
>                                                 chronic_liver_disease  ///
>                                                 other_neuro  ///
>                                                 stroke_dementia                         ///
>                                                 egfr_cat  ///
>                                                 reduced_kidney_function ///
>                                                 hypertension  ///
>                                                 ra_sle_psoriasis  ///
>                                                 {
 17.                                                 
. safetab `var'
 18. }
 19. 
. safetab imd 
 20. safetab imd, m
 21. safetab ethnicity
 22. safetab ethnicity, m
 23. safetab stp
 24. 
. 
. * Outcomes
. safetab worms
 25. 
. 
. 
. 
. 
. **********************************
. *  Number (%) with each exposure  *
. **********************************
. 
. *** Repeat for each expose
. 
.         * Demographics
.         safetab agegroup                                                        kids_cat3, col
 26.         safetab male                                                            kids_cat3, col
 27.         safetab bmicat                                                          kids_cat3, col m 
 28.         safetab smoke                                                           kids_cat3, col m
 29.         safetab obese4cat                                                       kids_cat3, col m 
 30.         safetab shield                                                          kids_cat3, col m 
 31. 
.         * Comorbidities
.         foreach var in chronic_respiratory_disease ///
>                                                 asthma  ///
>                                                 chronic_cardiac_disease  ///
>                                                 diabcat  ///
>                                                 cancer_exhaem_cat                                               ///
>                                                 cancer_haem_cat                                                 ///
>                                                 other_immuno    ///
>                                                 other_transplant                        /// 
>                                                 asplenia                        /// 
>                                                 chronic_liver_disease  ///
>                                                 other_neuro  ///
>                                                 stroke_dementia                         ///
>                                                 egfr_cat  ///
>                                                 reduced_kidney_function ///
>                                                 hypertension  ///
>                                                 ra_sle_psoriasis  ///
>                                                 {
 32.         safetab `var'           kids_cat3, col
 33. }
 34.         
.         safetab imd                                                             kids_cat3, col m
 35.         safetab ethnicity                                                       kids_cat3, col m
 36.         *safetab urban                                                          kids_cat3, col
.         safetab stp                                                             kids_cat3, col
 37. 
. ********************************************
. *  Cumulative incidence of worms.*
. ********************************************
. 
. use "$tempdir\cr_create_analysis_dataset_STSET_worms_ageband_`x'.dta", clear
 38. 
. sts list , at(0 80) by(agegroup male) fail
 39. 
. 
. 
. }

    Variable |        Obs        Mean    Std. Dev.       Min        Max
-------------+---------------------------------------------------------
         age | 11,758,564    42.00939    13.62003         18         66
0

Grouped age |      Freq.     Percent        Cum.
------------+-----------------------------------
     18-<30 |  2,690,079       22.88       22.88
     30-<40 |  2,626,088       22.33       45.21
     40-<50 |  2,426,420       20.64       65.85
     50-<60 |  2,549,194       21.68       87.53
     60-<70 |  1,466,783       12.47      100.00
------------+-----------------------------------
      Total | 11,758,564      100.00
0

   66 years |
  and older |      Freq.     Percent        Cum.
------------+-----------------------------------
          0 | 11,758,564      100.00      100.00
------------+-----------------------------------
      Total | 11,758,564      100.00
0

       Male |      Freq.     Percent        Cum.
------------+-----------------------------------
          0 |  5,861,808       49.85       49.85
          1 |  5,896,756       50.15      100.00
------------+-----------------------------------
      Total | 11,758,564      100.00
0

         Grouped BMI |      Freq.     Percent        Cum.
---------------------+-----------------------------------
 Underweight (<18.5) |    206,831        2.28        2.28
  Normal (18.5-24.9) |  3,288,594       36.24       38.51
Overweight (25-29.9) |  3,018,083       33.26       71.77
   Obese I (30-34.9) |  1,567,828       17.28       89.05
  Obese II (35-39.9) |    645,654        7.11       96.16
     Obese III (40+) |    348,572        3.84      100.00
---------------------+-----------------------------------
               Total |  9,075,562      100.00
7

         Grouped BMI |      Freq.     Percent        Cum.
---------------------+-----------------------------------
 Underweight (<18.5) |    206,831        1.76        1.76
  Normal (18.5-24.9) |  3,288,594       27.97       29.73
Overweight (25-29.9) |  3,018,083       25.67       55.39
   Obese I (30-34.9) |  1,567,828       13.33       68.73
  Obese II (35-39.9) |    645,654        5.49       74.22
     Obese III (40+) |    348,572        2.96       77.18
        Unknown (.u) |  2,683,002       22.82      100.00
---------------------+-----------------------------------
               Total | 11,758,564      100.00
0

 Evidence of obesity |
      (4 categories) |      Freq.     Percent        Cum.
---------------------+-----------------------------------
No record of obesity |  9,196,510       78.21       78.21
   Obese I (30-34.9) |  1,567,828       13.33       91.54
  Obese II (35-39.9) |    645,654        5.49       97.04
     Obese III (40+) |    348,572        2.96      100.00
---------------------+-----------------------------------
               Total | 11,758,564      100.00
0

     Smoking |
      status |      Freq.     Percent        Cum.
-------------+-----------------------------------
       Never |  5,589,012       49.67       49.67
      Former |  3,276,141       29.12       78.78
     Current |  2,387,188       21.22      100.00
-------------+-----------------------------------
       Total | 11,252,341      100.00
6

     Smoking |
      status |      Freq.     Percent        Cum.
-------------+-----------------------------------
       Never |  5,589,012       47.53       47.53
      Former |  3,276,141       27.86       75.39
     Current |  2,387,188       20.30       95.69
Unknown (.u) |    506,223        4.31      100.00
-------------+-----------------------------------
       Total | 11,758,564      100.00
0

Blood pressure |
  four levels, |
   non-missing |      Freq.     Percent        Cum.
---------------+-----------------------------------
        Normal |  2,987,260       28.91       28.91
      Elevated |  1,675,279       16.22       45.13
 High, stage I |  3,603,933       34.88       80.01
High, stage II |  2,064,987       19.99      100.00
---------------+-----------------------------------
         Total | 10,331,459      100.00
6

Blood pressure |
  four levels, |
   non-missing |      Freq.     Percent        Cum.
---------------+-----------------------------------
        Normal |  2,987,260       25.40       25.40
      Elevated |  1,675,279       14.25       39.65
 High, stage I |  3,603,933       30.65       70.30
High, stage II |  2,064,987       17.56       87.86
       Unknown |  1,427,105       12.14      100.00
---------------+-----------------------------------
         Total | 11,758,564      100.00
0

 High blood |
pressure or |
hypertensio |
n diagnosis |      Freq.     Percent        Cum.
------------+-----------------------------------
          0 |  8,858,166       75.33       75.33
          1 |  2,900,398       24.67      100.00
------------+-----------------------------------
      Total | 11,758,564      100.00

   Probable |
  shielding |      Freq.     Percent        Cum.
------------+-----------------------------------
          0 |  9,258,858       78.74       78.74
          1 |  2,499,706       21.26      100.00
------------+-----------------------------------
      Total | 11,758,564      100.00
0

    Chronic |
Respiratory |
   Diseases |      Freq.     Percent        Cum.
------------+-----------------------------------
          0 | 11,499,851       97.80       97.80
          1 |    258,713        2.20      100.00
------------+-----------------------------------
      Total | 11,758,564      100.00
0

     Asthma |
   category |      Freq.     Percent        Cum.
------------+-----------------------------------
          0 |  9,759,118       83.00       83.00
          1 |  1,999,446       17.00      100.00
------------+-----------------------------------
      Total | 11,758,564      100.00
0

    Chronic |
    Cardiac |
   Diseases |      Freq.     Percent        Cum.
------------+-----------------------------------
          0 | 11,384,896       96.82       96.82
          1 |    373,668        3.18      100.00
------------+-----------------------------------
      Total | 11,758,564      100.00
0

          Diabetes |      Freq.     Percent        Cum.
-------------------+-----------------------------------
       No diabetes | 10,957,500       94.74       94.74
  T1DM, controlled |     16,337        0.14       94.88
T1DM, uncontrolled |     48,598        0.42       95.30
  T2DM, controlled |    304,980        2.64       97.94
T2DM, uncontrolled |    233,310        2.02       99.96
Diabetes, no HbA1c |      4,912        0.04      100.00
-------------------+-----------------------------------
             Total | 11,565,637      100.00
0

Non-haematolo |
 gical cancer |      Freq.     Percent        Cum.
--------------+-----------------------------------
        Never | 11,468,891       97.54       97.54
    Last year |     31,561        0.27       97.80
2-5 years ago |     92,146        0.78       98.59
     5+ years |    165,966        1.41      100.00
--------------+-----------------------------------
        Total | 11,758,564      100.00
0

Haematologica |
     l cancer |      Freq.     Percent        Cum.
--------------+-----------------------------------
        Never | 11,717,994       99.65       99.65
    Last year |      3,271        0.03       99.68
2-5 years ago |     10,356        0.09       99.77
     5+ years |     26,943        0.23      100.00
--------------+-----------------------------------
        Total | 11,758,564      100.00
0

Immunosuppr |
      essed |
(combinatio |
          n |
 algorithm) |      Freq.     Percent        Cum.
------------+-----------------------------------
          0 | 11,721,818       99.69       99.69
          1 |     36,746        0.31      100.00
------------+-----------------------------------
      Total | 11,758,564      100.00
0

Other solid |
      organ |
 transplant |      Freq.     Percent        Cum.
------------+-----------------------------------
          0 | 11,755,584       99.97       99.97
          1 |      2,980        0.03      100.00
------------+-----------------------------------
      Total | 11,758,564      100.00
0

   Asplenia |      Freq.     Percent        Cum.
------------+-----------------------------------
          0 | 11,744,104       99.88       99.88
          1 |     14,460        0.12      100.00
------------+-----------------------------------
      Total | 11,758,564      100.00
0

    Chronic |
      liver |
    disease |      Freq.     Percent        Cum.
------------+-----------------------------------
          0 | 11,692,967       99.44       99.44
          1 |     65,597        0.56      100.00
------------+-----------------------------------
      Total | 11,758,564      100.00
0

Neurologica |
  l disease |      Freq.     Percent        Cum.
------------+-----------------------------------
          0 | 11,672,598       99.27       99.27
          1 |     85,966        0.73      100.00
------------+-----------------------------------
      Total | 11,758,564      100.00
0

  Stroke or |
   dementia |      Freq.     Percent        Cum.
------------+-----------------------------------
          0 | 11,656,017       99.13       99.13
          1 |    102,547        0.87      100.00
------------+-----------------------------------
      Total | 11,758,564      100.00
0

 Calculated |
       eGFR |      Freq.     Percent        Cum.
------------+-----------------------------------
          0 |      4,686        0.06        0.06
         15 |      6,763        0.08        0.14
         30 |     17,448        0.22        0.36
         45 |    115,396        1.44        1.80
         60 |  7,864,309       98.20      100.00
------------+-----------------------------------
      Total |  8,008,602      100.00
0

     Reduced kidney function |      Freq.     Percent        Cum.
-----------------------------+-----------------------------------
                        None | 11,614,271       98.77       98.77
Stage 3a/3b egfr 30-60       |    132,844        1.13       99.90
           Stage 4/5 egfr<30 |     11,449        0.10      100.00
-----------------------------+-----------------------------------
                       Total | 11,758,564      100.00
0

  Diagnosed |
hypertensio |
          n |      Freq.     Percent        Cum.
------------+-----------------------------------
          0 | 10,282,504       87.45       87.45
          1 |  1,476,060       12.55      100.00
------------+-----------------------------------
      Total | 11,758,564      100.00
0

 Autoimmune |
    disease |      Freq.     Percent        Cum.
------------+-----------------------------------
          0 | 11,216,794       95.39       95.39
          1 |    541,770        4.61      100.00
------------+-----------------------------------
      Total | 11,758,564      100.00
0

        Index of |
        Multiple |
     Deprivation |
           (IMD) |      Freq.     Percent        Cum.
-----------------+-----------------------------------
1 least deprived |  2,273,938       19.34       19.34
               2 |  2,321,363       19.74       39.08
               3 |  2,407,990       20.48       59.56
               4 |  2,464,172       20.96       80.52
 5 most deprived |  2,291,101       19.48      100.00
-----------------+-----------------------------------
           Total | 11,758,564      100.00
4

        Index of |
        Multiple |
     Deprivation |
           (IMD) |      Freq.     Percent        Cum.
-----------------+-----------------------------------
1 least deprived |  2,273,938       19.34       19.34
               2 |  2,321,363       19.74       39.08
               3 |  2,407,990       20.48       59.56
               4 |  2,464,172       20.96       80.52
 5 most deprived |  2,291,101       19.48      100.00
-----------------+-----------------------------------
           Total | 11,758,564      100.00
0

             Ethnicity |      Freq.     Percent        Cum.
-----------------------+-----------------------------------
                 White |  7,465,211       83.64       83.64
                 Mixed |    143,599        1.61       85.25
Asian or Asian British |    778,697        8.72       93.97
                 Black |    281,512        3.15       97.13
                 Other |    256,572        2.87      100.00
-----------------------+-----------------------------------
                 Total |  8,925,591      100.00
10

             Ethnicity |      Freq.     Percent        Cum.
-----------------------+-----------------------------------
                 White |  7,465,211       63.49       63.49
                 Mixed |    143,599        1.22       64.71
Asian or Asian British |    778,697        6.62       71.33
                 Black |    281,512        2.39       73.73
                 Other |    256,572        2.18       75.91
               Unknown |  2,832,973       24.09      100.00
-----------------------+-----------------------------------
                 Total | 11,758,564      100.00
0

Sustainabil |
    ity and |
Transformat |
        ion |
Partnership |      Freq.     Percent        Cum.
------------+-----------------------------------
          1 |      2,293        0.02        0.02
          2 |  1,137,341        9.67        9.69
          3 |    518,722        4.41       14.10
          4 |    117,233        1.00       15.10
          5 |     82,713        0.70       15.80
          6 |    559,379        4.76       20.56
          7 |     31,210        0.27       20.83
          8 |    440,961        3.75       24.58
          9 |    338,934        2.88       27.46
         10 |    477,392        4.06       31.52
         11 |    526,052        4.47       35.99
         12 |    177,162        1.51       37.50
         13 |    257,716        2.19       39.69
         14 |    327,511        2.79       42.48
         15 |    420,548        3.58       46.05
         16 |    423,430        3.60       49.65
         17 |    362,131        3.08       52.73
         18 |    522,945        4.45       57.18
         19 |    404,636        3.44       60.62
         20 |    590,784        5.02       65.65
         21 |    870,020        7.40       73.05
         22 |     57,633        0.49       73.54
         23 |    443,325        3.77       77.31
         24 |     21,628        0.18       77.49
         25 |    105,199        0.89       78.38
         26 |    366,182        3.11       81.50
         27 |    451,714        3.84       85.34
         28 |    366,781        3.12       88.46
         29 |    301,378        2.56       91.02
         30 |    218,066        1.85       92.88
         31 |     13,793        0.12       92.99
         32 |    823,752        7.01      100.00
------------+-----------------------------------
      Total | 11,758,564      100.00
0

Failure/cen |
     soring |
  indicator |
        for |
   outcome: |
      worms |      Freq.     Percent        Cum.
------------+-----------------------------------
          0 | 11,557,578       98.29       98.29
          1 |    200,986        1.71      100.00
------------+-----------------------------------
      Total | 11,758,564      100.00
19

+-------------------+
| Key               |
|-------------------|
|     frequency     |
| column percentage |
+-------------------+

           |  Presence of children or young
   Grouped |     people in the household
       age |   No kids  Kids unde  Kids unde |     Total
-----------+---------------------------------+----------
    18-<30 | 1,862,344    584,200    243,535 | 2,690,079 
           |     24.37      19.31      22.35 |     22.88 
-----------+---------------------------------+----------
    30-<40 | 1,232,275  1,286,256    107,557 | 2,626,088 
           |     16.12      42.51       9.87 |     22.33 
-----------+---------------------------------+----------
    40-<50 | 1,129,515    880,659    416,246 | 2,426,420 
           |     14.78      29.11      38.19 |     20.64 
-----------+---------------------------------+----------
    50-<60 | 2,044,939    213,234    291,021 | 2,549,194 
           |     26.75       7.05      26.70 |     21.68 
-----------+---------------------------------+----------
    60-<70 | 1,374,148     61,146     31,489 | 1,466,783 
           |     17.98       2.02       2.89 |     12.47 
-----------+---------------------------------+----------
     Total | 7,643,221  3,025,495  1,089,848 |11,758,564 
           |    100.00     100.00     100.00 |    100.00 
15

+-------------------+
| Key               |
|-------------------|
|     frequency     |
| column percentage |
+-------------------+

           |  Presence of children or young
           |     people in the household
      Male |   No kids  Kids unde  Kids unde |     Total
-----------+---------------------------------+----------
         0 | 3,571,764  1,708,906    581,138 | 5,861,808 
           |     46.73      56.48      53.32 |     49.85 
-----------+---------------------------------+----------
         1 | 4,071,457  1,316,589    508,710 | 5,896,756 
           |     53.27      43.52      46.68 |     50.15 
-----------+---------------------------------+----------
     Total | 7,643,221  3,025,495  1,089,848 |11,758,564 
           |    100.00     100.00     100.00 |    100.00 
17

+-------------------+
| Key               |
|-------------------|
|     frequency     |
| column percentage |
+-------------------+

                     |  Presence of children or young
                     |     people in the household
         Grouped BMI |   No kids  Kids unde  Kids unde |     Total
---------------------+---------------------------------+----------
 Underweight (<18.5) |   140,240     50,489     16,102 |   206,831 
                     |      1.83       1.67       1.48 |      1.76 
---------------------+---------------------------------+----------
  Normal (18.5-24.9) | 2,118,393    901,206    268,995 | 3,288,594 
                     |     27.72      29.79      24.68 |     27.97 
---------------------+---------------------------------+----------
Overweight (25-29.9) | 1,936,821    807,049    274,213 | 3,018,083 
                     |     25.34      26.67      25.16 |     25.67 
---------------------+---------------------------------+----------
   Obese I (30-34.9) | 1,020,785    398,728    148,315 | 1,567,828 
                     |     13.36      13.18      13.61 |     13.33 
---------------------+---------------------------------+----------
  Obese II (35-39.9) |   421,940    162,496     61,218 |   645,654 
                     |      5.52       5.37       5.62 |      5.49 
---------------------+---------------------------------+----------
     Obese III (40+) |   229,439     85,990     33,143 |   348,572 
                     |      3.00       2.84       3.04 |      2.96 
---------------------+---------------------------------+----------
        Unknown (.u) | 1,775,603    619,537    287,862 | 2,683,002 
                     |     23.23      20.48      26.41 |     22.82 
---------------------+---------------------------------+----------
               Total | 7,643,221  3,025,495  1,089,848 |11,758,564 
                     |    100.00     100.00     100.00 |    100.00 
16

+-------------------+
| Key               |
|-------------------|
|     frequency     |
| column percentage |
+-------------------+

             |  Presence of children or young
     Smoking |     people in the household
      status |   No kids  Kids unde  Kids unde |     Total
-------------+---------------------------------+----------
       Never | 3,631,078  1,428,316    529,618 | 5,589,012 
             |     47.51      47.21      48.60 |     47.53 
-------------+---------------------------------+----------
      Former | 2,095,962    883,130    297,049 | 3,276,141 
             |     27.42      29.19      27.26 |     27.86 
-------------+---------------------------------+----------
     Current | 1,588,077    608,445    190,666 | 2,387,188 
             |     20.78      20.11      17.49 |     20.30 
-------------+---------------------------------+----------
Unknown (.u) |   328,104    105,604     72,515 |   506,223 
             |      4.29       3.49       6.65 |      4.31 
-------------+---------------------------------+----------
       Total | 7,643,221  3,025,495  1,089,848 |11,758,564 
             |    100.00     100.00     100.00 |    100.00 
20

+-------------------+
| Key               |
|-------------------|
|     frequency     |
| column percentage |
+-------------------+

                     |  Presence of children or young
 Evidence of obesity |     people in the household
      (4 categories) |   No kids  Kids unde  Kids unde |     Total
---------------------+---------------------------------+----------
No record of obesity | 5,971,057  2,378,281    847,172 | 9,196,510 
                     |     78.12      78.61      77.73 |     78.21 
---------------------+---------------------------------+----------
   Obese I (30-34.9) | 1,020,785    398,728    148,315 | 1,567,828 
                     |     13.36      13.18      13.61 |     13.33 
---------------------+---------------------------------+----------
  Obese II (35-39.9) |   421,940    162,496     61,218 |   645,654 
                     |      5.52       5.37       5.62 |      5.49 
---------------------+---------------------------------+----------
     Obese III (40+) |   229,439     85,990     33,143 |   348,572 
                     |      3.00       2.84       3.04 |      2.96 
---------------------+---------------------------------+----------
               Total | 7,643,221  3,025,495  1,089,848 |11,758,564 
                     |    100.00     100.00     100.00 |    100.00 
17

+-------------------+
| Key               |
|-------------------|
|     frequency     |
| column percentage |
+-------------------+

           |  Presence of children or young
  Probable |     people in the household
 shielding |   No kids  Kids unde  Kids unde |     Total
-----------+---------------------------------+----------
         0 | 5,968,705  2,424,959    865,194 | 9,258,858 
           |     78.09      80.15      79.39 |     78.74 
-----------+---------------------------------+----------
         1 | 1,674,516    600,536    224,654 | 2,499,706 
           |     21.91      19.85      20.61 |     21.26 
-----------+---------------------------------+----------
     Total | 7,643,221  3,025,495  1,089,848 |11,758,564 
           |    100.00     100.00     100.00 |    100.00 
38

+-------------------+
| Key               |
|-------------------|
|     frequency     |
| column percentage |
+-------------------+

   Chronic |  Presence of children or young
Respirator |     people in the household
y Diseases |   No kids  Kids unde  Kids unde |     Total
-----------+---------------------------------+----------
         0 | 7,428,338  2,998,184  1,073,329 |11,499,851 
           |     97.19      99.10      98.48 |     97.80 
-----------+---------------------------------+----------
         1 |   214,883     27,311     16,519 |   258,713 
           |      2.81       0.90       1.52 |      2.20 
-----------+---------------------------------+----------
     Total | 7,643,221  3,025,495  1,089,848 |11,758,564 
           |    100.00     100.00     100.00 |    100.00 
17

+-------------------+
| Key               |
|-------------------|
|     frequency     |
| column percentage |
+-------------------+

           |  Presence of children or young
    Asthma |     people in the household
  category |   No kids  Kids unde  Kids unde |     Total
-----------+---------------------------------+----------
         0 | 6,369,326  2,488,017    901,775 | 9,759,118 
           |     83.33      82.24      82.74 |     83.00 
-----------+---------------------------------+----------
         1 | 1,273,895    537,478    188,073 | 1,999,446 
           |     16.67      17.76      17.26 |     17.00 
-----------+---------------------------------+----------
     Total | 7,643,221  3,025,495  1,089,848 |11,758,564 
           |    100.00     100.00     100.00 |    100.00 
34

+-------------------+
| Key               |
|-------------------|
|     frequency     |
| column percentage |
+-------------------+

   Chronic |  Presence of children or young
   Cardiac |     people in the household
  Diseases |   No kids  Kids unde  Kids unde |     Total
-----------+---------------------------------+----------
         0 | 7,341,999  2,980,021  1,062,876 |11,384,896 
           |     96.06      98.50      97.53 |     96.82 
-----------+---------------------------------+----------
         1 |   301,222     45,474     26,972 |   373,668 
           |      3.94       1.50       2.47 |      3.18 
-----------+---------------------------------+----------
     Total | 7,643,221  3,025,495  1,089,848 |11,758,564 
           |    100.00     100.00     100.00 |    100.00 
18

+-------------------+
| Key               |
|-------------------|
|     frequency     |
| column percentage |
+-------------------+

                   |  Presence of children or young
                   |     people in the household
          Diabetes |   No kids  Kids unde  Kids unde |     Total
-------------------+---------------------------------+----------
       No diabetes | 7,051,277  2,885,435  1,020,788 |10,957,500 
                   |     93.86      96.80      95.21 |     94.74 
-------------------+---------------------------------+----------
  T1DM, controlled |    11,570      3,526      1,241 |    16,337 
                   |      0.15       0.12       0.12 |      0.14 
-------------------+---------------------------------+----------
T1DM, uncontrolled |    34,104     10,200      4,294 |    48,598 
                   |      0.45       0.34       0.40 |      0.42 
-------------------+---------------------------------+----------
  T2DM, controlled |   236,060     44,364     24,556 |   304,980 
                   |      3.14       1.49       2.29 |      2.64 
-------------------+---------------------------------+----------
T2DM, uncontrolled |   176,115     36,320     20,875 |   233,310 
                   |      2.34       1.22       1.95 |      2.02 
-------------------+---------------------------------+----------
Diabetes, no HbA1c |     3,405      1,119        388 |     4,912 
                   |      0.05       0.04       0.04 |      0.04 
-------------------+---------------------------------+----------
             Total | 7,512,531  2,980,964  1,072,142 |11,565,637 
                   |    100.00     100.00     100.00 |    100.00 
28

+-------------------+
| Key               |
|-------------------|
|     frequency     |
| column percentage |
+-------------------+

              |  Presence of children or young
Non-haematolo |     people in the household
 gical cancer |   No kids  Kids unde  Kids unde |     Total
--------------+---------------------------------+----------
        Never | 7,412,317  2,989,771  1,066,803 |11,468,891 
              |     96.98      98.82      97.89 |     97.54 
--------------+---------------------------------+----------
    Last year |    24,656      4,300      2,605 |    31,561 
              |      0.32       0.14       0.24 |      0.27 
--------------+---------------------------------+----------
2-5 years ago |    71,994     12,469      7,683 |    92,146 
              |      0.94       0.41       0.70 |      0.78 
--------------+---------------------------------+----------
     5+ years |   134,254     18,955     12,757 |   165,966 
              |      1.76       0.63       1.17 |      1.41 
--------------+---------------------------------+----------
        Total | 7,643,221  3,025,495  1,089,848 |11,758,564 
              |    100.00     100.00     100.00 |    100.00 
26

+-------------------+
| Key               |
|-------------------|
|     frequency     |
| column percentage |
+-------------------+

              |  Presence of children or young
Haematologica |     people in the household
     l cancer |   No kids  Kids unde  Kids unde |     Total
--------------+---------------------------------+----------
        Never | 7,612,408  3,019,003  1,086,583 |11,717,994 
              |     99.60      99.79      99.70 |     99.65 
--------------+---------------------------------+----------
    Last year |     2,524        496        251 |     3,271 
              |      0.03       0.02       0.02 |      0.03 
--------------+---------------------------------+----------
2-5 years ago |     8,025      1,501        830 |    10,356 
              |      0.10       0.05       0.08 |      0.09 
--------------+---------------------------------+----------
     5+ years |    20,264      4,495      2,184 |    26,943 
              |      0.27       0.15       0.20 |      0.23 
--------------+---------------------------------+----------
        Total | 7,643,221  3,025,495  1,089,848 |11,758,564 
              |    100.00     100.00     100.00 |    100.00 
23

+-------------------+
| Key               |
|-------------------|
|     frequency     |
| column percentage |
+-------------------+

Immunosupp |
    ressed |
(combinati |  Presence of children or young
        on |     people in the household
algorithm) |   No kids  Kids unde  Kids unde |     Total
-----------+---------------------------------+----------
         0 | 7,617,075  3,017,679  1,087,064 |11,721,818 
           |     99.66      99.74      99.74 |     99.69 
-----------+---------------------------------+----------
         1 |    26,146      7,816      2,784 |    36,746 
           |      0.34       0.26       0.26 |      0.31 
-----------+---------------------------------+----------
     Total | 7,643,221  3,025,495  1,089,848 |11,758,564 
           |    100.00     100.00     100.00 |    100.00 
27

+-------------------+
| Key               |
|-------------------|
|     frequency     |
| column percentage |
+-------------------+

     Other |
     solid |  Presence of children or young
     organ |     people in the household
transplant |   No kids  Kids unde  Kids unde |     Total
-----------+---------------------------------+----------
         0 | 7,640,907  3,025,089  1,089,588 |11,755,584 
           |     99.97      99.99      99.98 |     99.97 
-----------+---------------------------------+----------
         1 |     2,314        406        260 |     2,980 
           |      0.03       0.01       0.02 |      0.03 
-----------+---------------------------------+----------
     Total | 7,643,221  3,025,495  1,089,848 |11,758,564 
           |    100.00     100.00     100.00 |    100.00 
19

+-------------------+
| Key               |
|-------------------|
|     frequency     |
| column percentage |
+-------------------+

           |  Presence of children or young
           |     people in the household
  Asplenia |   No kids  Kids unde  Kids unde |     Total
-----------+---------------------------------+----------
         0 | 7,632,438  3,022,986  1,088,680 |11,744,104 
           |     99.86      99.92      99.89 |     99.88 
-----------+---------------------------------+----------
         1 |    10,783      2,509      1,168 |    14,460 
           |      0.14       0.08       0.11 |      0.12 
-----------+---------------------------------+----------
     Total | 7,643,221  3,025,495  1,089,848 |11,758,564 
           |    100.00     100.00     100.00 |    100.00 
32

+-------------------+
| Key               |
|-------------------|
|     frequency     |
| column percentage |
+-------------------+

   Chronic |  Presence of children or young
     liver |     people in the household
   disease |   No kids  Kids unde  Kids unde |     Total
-----------+---------------------------------+----------
         0 | 7,591,827  3,015,531  1,085,609 |11,692,967 
           |     99.33      99.67      99.61 |     99.44 
-----------+---------------------------------+----------
         1 |    51,394      9,964      4,239 |    65,597 
           |      0.67       0.33       0.39 |      0.56 
-----------+---------------------------------+----------
     Total | 7,643,221  3,025,495  1,089,848 |11,758,564 
           |    100.00     100.00     100.00 |    100.00 
22

+-------------------+
| Key               |
|-------------------|
|     frequency     |
| column percentage |
+-------------------+

           |  Presence of children or young
Neurologic |     people in the household
al disease |   No kids  Kids unde  Kids unde |     Total
-----------+---------------------------------+----------
         0 | 7,576,243  3,013,069  1,083,286 |11,672,598 
           |     99.12      99.59      99.40 |     99.27 
-----------+---------------------------------+----------
         1 |    66,978     12,426      6,562 |    85,966 
           |      0.88       0.41       0.60 |      0.73 
-----------+---------------------------------+----------
     Total | 7,643,221  3,025,495  1,089,848 |11,758,564 
           |    100.00     100.00     100.00 |    100.00 
26

+-------------------+
| Key               |
|-------------------|
|     frequency     |
| column percentage |
+-------------------+

           |  Presence of children or young
 Stroke or |     people in the household
  dementia |   No kids  Kids unde  Kids unde |     Total
-----------+---------------------------------+----------
         0 | 7,558,712  3,014,200  1,083,105 |11,656,017 
           |     98.89      99.63      99.38 |     99.13 
-----------+---------------------------------+----------
         1 |    84,509     11,295      6,743 |   102,547 
           |      1.11       0.37       0.62 |      0.87 
-----------+---------------------------------+----------
     Total | 7,643,221  3,025,495  1,089,848 |11,758,564 
           |    100.00     100.00     100.00 |    100.00 
19

+-------------------+
| Key               |
|-------------------|
|     frequency     |
| column percentage |
+-------------------+

           |  Presence of children or young
Calculated |     people in the household
      eGFR |   No kids  Kids unde  Kids unde |     Total
-----------+---------------------------------+----------
         0 |     3,720        612        354 |     4,686 
           |      0.07       0.03       0.05 |      0.06 
-----------+---------------------------------+----------
        15 |     5,445        836        482 |     6,763 
           |      0.10       0.04       0.06 |      0.08 
-----------+---------------------------------+----------
        30 |    14,779      1,690        979 |    17,448 
           |      0.28       0.08       0.13 |      0.22 
-----------+---------------------------------+----------
        45 |    99,108      9,505      6,783 |   115,396 
           |      1.89       0.48       0.88 |      1.44 
-----------+---------------------------------+----------
        60 | 5,119,286  1,985,372    759,651 | 7,864,309 
           |     97.65      99.37      98.88 |     98.20 
-----------+---------------------------------+----------
     Total | 5,242,338  1,998,015    768,249 | 8,008,602 
           |    100.00     100.00     100.00 |    100.00 
34

+-------------------+
| Key               |
|-------------------|
|     frequency     |
| column percentage |
+-------------------+

                      |  Presence of children or young
       Reduced kidney |     people in the household
             function |   No kids  Kids unde  Kids unde |     Total
----------------------+---------------------------------+----------
                 None | 7,520,169  3,012,852  1,081,250 |11,614,271 
                      |     98.39      99.58      99.21 |     98.77 
----------------------+---------------------------------+----------
Stage 3a/3b egfr 30-6 |   113,887     11,195      7,762 |   132,844 
                      |      1.49       0.37       0.71 |      1.13 
----------------------+---------------------------------+----------
    Stage 4/5 egfr<30 |     9,165      1,448        836 |    11,449 
                      |      0.12       0.05       0.08 |      0.10 
----------------------+---------------------------------+----------
                Total | 7,643,221  3,025,495  1,089,848 |11,758,564 
                      |    100.00     100.00     100.00 |    100.00 
23

+-------------------+
| Key               |
|-------------------|
|     frequency     |
| column percentage |
+-------------------+

 Diagnosed |  Presence of children or young
hypertensi |     people in the household
        on |   No kids  Kids unde  Kids unde |     Total
-----------+---------------------------------+----------
         0 | 6,479,829  2,833,901    968,774 |10,282,504 
           |     84.78      93.67      88.89 |     87.45 
-----------+---------------------------------+----------
         1 | 1,163,392    191,594    121,074 | 1,476,060 
           |     15.22       6.33      11.11 |     12.55 
-----------+---------------------------------+----------
     Total | 7,643,221  3,025,495  1,089,848 |11,758,564 
           |    100.00     100.00     100.00 |    100.00 
27

+-------------------+
| Key               |
|-------------------|
|     frequency     |
| column percentage |
+-------------------+

           |  Presence of children or young
Autoimmune |     people in the household
   disease |   No kids  Kids unde  Kids unde |     Total
-----------+---------------------------------+----------
         0 | 7,280,694  2,896,823  1,039,277 |11,216,794 
           |     95.26      95.75      95.36 |     95.39 
-----------+---------------------------------+----------
         1 |   362,527    128,672     50,571 |   541,770 
           |      4.74       4.25       4.64 |      4.61 
-----------+---------------------------------+----------
     Total | 7,643,221  3,025,495  1,089,848 |11,758,564 
           |    100.00     100.00     100.00 |    100.00 
14

+-------------------+
| Key               |
|-------------------|
|     frequency     |
| column percentage |
+-------------------+

        Index of |
        Multiple |  Presence of children or young
     Deprivation |     people in the household
           (IMD) |   No kids  Kids unde  Kids unde |     Total
-----------------+---------------------------------+----------
1 least deprived | 1,469,232    563,428    241,278 | 2,273,938 
                 |     19.22      18.62      22.14 |     19.34 
-----------------+---------------------------------+----------
               2 | 1,553,318    552,259    215,786 | 2,321,363 
                 |     20.32      18.25      19.80 |     19.74 
-----------------+---------------------------------+----------
               3 | 1,614,930    581,431    211,629 | 2,407,990 
                 |     21.13      19.22      19.42 |     20.48 
-----------------+---------------------------------+----------
               4 | 1,605,630    644,502    214,040 | 2,464,172 
                 |     21.01      21.30      19.64 |     20.96 
-----------------+---------------------------------+----------
 5 most deprived | 1,400,111    683,875    207,115 | 2,291,101 
                 |     18.32      22.60      19.00 |     19.48 
-----------------+---------------------------------+----------
           Total | 7,643,221  3,025,495  1,089,848 |11,758,564 
                 |    100.00     100.00     100.00 |    100.00 
20

+-------------------+
| Key               |
|-------------------|
|     frequency     |
| column percentage |
+-------------------+

                      |  Presence of children or young
                      |     people in the household
            Ethnicity |   No kids  Kids unde  Kids unde |     Total
----------------------+---------------------------------+----------
                White | 4,919,230  1,910,553    635,428 | 7,465,211 
                      |     64.36      63.15      58.30 |     63.49 
----------------------+---------------------------------+----------
                Mixed |    86,264     45,064     12,271 |   143,599 
                      |      1.13       1.49       1.13 |      1.22 
----------------------+---------------------------------+----------
Asian or Asian Britis |   375,315    314,707     88,675 |   778,697 
                      |      4.91      10.40       8.14 |      6.62 
----------------------+---------------------------------+----------
                Black |   155,367     97,767     28,378 |   281,512 
                      |      2.03       3.23       2.60 |      2.39 
----------------------+---------------------------------+----------
                Other |   161,498     76,239     18,835 |   256,572 
                      |      2.11       2.52       1.73 |      2.18 
----------------------+---------------------------------+----------
              Unknown | 1,945,547    581,165    306,261 | 2,832,973 
                      |     25.45      19.21      28.10 |     24.09 
----------------------+---------------------------------+----------
                Total | 7,643,221  3,025,495  1,089,848 |11,758,564 
                      |    100.00     100.00     100.00 |    100.00 
14

+-------------------+
| Key               |
|-------------------|
|     frequency     |
| column percentage |
+-------------------+

Sustainabi |
  lity and |
Transforma |
      tion |  Presence of children or young
Partnershi |     people in the household
         p |   No kids  Kids unde  Kids unde |     Total
-----------+---------------------------------+----------
         1 |     1,341        737        215 |     2,293 
           |      0.02       0.02       0.02 |      0.02 
-----------+---------------------------------+----------
         2 |   701,082    328,033    108,226 | 1,137,341 
           |      9.17      10.84       9.93 |      9.67 
-----------+---------------------------------+----------
         3 |   344,259    128,653     45,810 |   518,722 
           |      4.50       4.25       4.20 |      4.41 
-----------+---------------------------------+----------
         4 |    74,957     30,524     11,752 |   117,233 
           |      0.98       1.01       1.08 |      1.00 
-----------+---------------------------------+----------
         5 |    53,178     21,308      8,227 |    82,713 
           |      0.70       0.70       0.75 |      0.70 
-----------+---------------------------------+----------
         6 |   367,854    140,722     50,803 |   559,379 
           |      4.81       4.65       4.66 |      4.76 
-----------+---------------------------------+----------
         7 |    21,056      7,520      2,634 |    31,210 
           |      0.28       0.25       0.24 |      0.27 
-----------+---------------------------------+----------
         8 |   288,079    112,444     40,438 |   440,961 
           |      3.77       3.72       3.71 |      3.75 
-----------+---------------------------------+----------
         9 |   226,900     80,531     31,503 |   338,934 
           |      2.97       2.66       2.89 |      2.88 
-----------+---------------------------------+----------
        10 |   307,104    127,585     42,703 |   477,392 
           |      4.02       4.22       3.92 |      4.06 
-----------+---------------------------------+----------
        11 |   334,853    140,142     51,057 |   526,052 
           |      4.38       4.63       4.68 |      4.47 
-----------+---------------------------------+----------
        12 |   108,226     51,973     16,963 |   177,162 
           |      1.42       1.72       1.56 |      1.51 
-----------+---------------------------------+----------
        13 |   159,096     72,007     26,613 |   257,716 
           |      2.08       2.38       2.44 |      2.19 
-----------+---------------------------------+----------
        14 |   202,339     93,270     31,902 |   327,511 
           |      2.65       3.08       2.93 |      2.79 
-----------+---------------------------------+----------
        15 |   262,869    118,562     39,117 |   420,548 
           |      3.44       3.92       3.59 |      3.58 
-----------+---------------------------------+----------
        16 |   282,053    103,698     37,679 |   423,430 
           |      3.69       3.43       3.46 |      3.60 
-----------+---------------------------------+----------
        17 |   237,348     90,911     33,872 |   362,131 
           |      3.11       3.00       3.11 |      3.08 
-----------+---------------------------------+----------
        18 |   308,723    160,841     53,381 |   522,945 
           |      4.04       5.32       4.90 |      4.45 
-----------+---------------------------------+----------
        19 |   254,487    110,892     39,257 |   404,636 
           |      3.33       3.67       3.60 |      3.44 
-----------+---------------------------------+----------
        20 |   363,329    165,214     62,241 |   590,784 
           |      4.75       5.46       5.71 |      5.02 
-----------+---------------------------------+----------
        21 |   611,521    192,635     65,864 |   870,020 
           |      8.00       6.37       6.04 |      7.40 
-----------+---------------------------------+----------
        22 |    34,351     17,490      5,792 |    57,633 
           |      0.45       0.58       0.53 |      0.49 
-----------+---------------------------------+----------
        23 |   293,933    107,819     41,573 |   443,325 
           |      3.85       3.56       3.81 |      3.77 
-----------+---------------------------------+----------
        24 |    14,769      4,788      2,071 |    21,628 
           |      0.19       0.16       0.19 |      0.18 
-----------+---------------------------------+----------
        25 |    74,228     21,862      9,109 |   105,199 
           |      0.97       0.72       0.84 |      0.89 
-----------+---------------------------------+----------
        26 |   250,483     82,807     32,892 |   366,182 
           |      3.28       2.74       3.02 |      3.11 
-----------+---------------------------------+----------
        27 |   296,601    111,368     43,745 |   451,714 
           |      3.88       3.68       4.01 |      3.84 
-----------+---------------------------------+----------
        28 |   252,811     81,773     32,197 |   366,781 
           |      3.31       2.70       2.95 |      3.12 
-----------+---------------------------------+----------
        29 |   209,061     67,525     24,792 |   301,378 
           |      2.74       2.23       2.27 |      2.56 
-----------+---------------------------------+----------
        30 |   146,911     50,900     20,255 |   218,066 
           |      1.92       1.68       1.86 |      1.85 
-----------+---------------------------------+----------
        31 |     9,209      3,183      1,401 |    13,793 
           |      0.12       0.11       0.13 |      0.12 
-----------+---------------------------------+----------
        32 |   550,210    197,778     75,764 |   823,752 
           |      7.20       6.54       6.95 |      7.01 
-----------+---------------------------------+----------
     Total | 7,643,221  3,025,495  1,089,848 |11,758,564 
           |    100.00     100.00     100.00 |    100.00 

         failure _d:  worms
   analysis time _t:  (stime_worms-origin)
             origin:  time enter_date
  enter on or after:  time enter_date
                 id:  patient_id
             weight:  [pweight=pw]

              Beg.                      Failure
    Time     Total     Fail             Function 
------------------------------------------------
18-<30 male=0 
       0         0        0              0.0000 
      80   1.3e+06       75              0.0001 
18-<30 male=1 
       0         0        0              0.0000 
      80   1.3e+06       31              0.0000 
30-<40 male=0 
       0         0        0              0.0000 
      80   1.3e+06       96              0.0001 
30-<40 male=1 
       0         0        0              0.0000 
      80   1.3e+06       32              0.0000 
40-<50 male=0 
       0         0        0              0.0000 
      80   1.2e+06       40              0.0000 
40-<50 male=1 
       0         0        0              0.0000 
      80   1.2e+06       32              0.0000 
50-<60 male=0 
       0         0        0              0.0000 
      80   1.2e+06       27              0.0000 
50-<60 male=1 
       0         0        0              0.0000 
      80   1.3e+06       25              0.0000 
60-<70 male=0 
       0         0        0              0.0000 
      80    747769       14              0.0000 
60-<70 male=1 
       0         0        0              0.0000 
      80    716692       11              0.0000 
------------------------------------------------
Note: Failure function is calculated over full
      data and evaluated at indicated times; it
      is not calculated from aggregates shown at
      left.

    Variable |        Obs        Mean    Std. Dev.       Min        Max
-------------+---------------------------------------------------------
         age |  3,035,846    75.69269     6.65558         67        110
0

Grouped age |      Freq.     Percent        Cum.
------------+-----------------------------------
     60-<70 |    585,936       19.30       19.30
     70-<80 |  1,623,159       53.47       72.77
        80+ |    826,751       27.23      100.00
------------+-----------------------------------
      Total |  3,035,846      100.00
0

   66 years |
  and older |      Freq.     Percent        Cum.
------------+-----------------------------------
          1 |  3,035,846      100.00      100.00
------------+-----------------------------------
      Total |  3,035,846      100.00
0

       Male |      Freq.     Percent        Cum.
------------+-----------------------------------
          0 |  1,636,648       53.91       53.91
          1 |  1,399,198       46.09      100.00
------------+-----------------------------------
      Total |  3,035,846      100.00
0

         Grouped BMI |      Freq.     Percent        Cum.
---------------------+-----------------------------------
 Underweight (<18.5) |     52,482        1.89        1.89
  Normal (18.5-24.9) |    872,232       31.49       33.38
Overweight (25-29.9) |  1,086,105       39.21       72.58
   Obese I (30-34.9) |    526,295       19.00       91.58
  Obese II (35-39.9) |    169,367        6.11       97.70
     Obese III (40+) |     63,815        2.30      100.00
---------------------+-----------------------------------
               Total |  2,770,296      100.00
7

         Grouped BMI |      Freq.     Percent        Cum.
---------------------+-----------------------------------
 Underweight (<18.5) |     52,482        1.73        1.73
  Normal (18.5-24.9) |    872,232       28.73       30.46
Overweight (25-29.9) |  1,086,105       35.78       66.24
   Obese I (30-34.9) |    526,295       17.34       83.57
  Obese II (35-39.9) |    169,367        5.58       89.15
     Obese III (40+) |     63,815        2.10       91.25
        Unknown (.u) |    265,550        8.75      100.00
---------------------+-----------------------------------
               Total |  3,035,846      100.00
0

 Evidence of obesity |
      (4 categories) |      Freq.     Percent        Cum.
---------------------+-----------------------------------
No record of obesity |  2,276,369       74.98       74.98
   Obese I (30-34.9) |    526,295       17.34       92.32
  Obese II (35-39.9) |    169,367        5.58       97.90
     Obese III (40+) |     63,815        2.10      100.00
---------------------+-----------------------------------
               Total |  3,035,846      100.00
0

     Smoking |
      status |      Freq.     Percent        Cum.
-------------+-----------------------------------
       Never |  1,217,058       40.33       40.33
      Former |  1,557,894       51.62       91.95
     Current |    242,988        8.05      100.00
-------------+-----------------------------------
       Total |  3,017,940      100.00
6

     Smoking |
      status |      Freq.     Percent        Cum.
-------------+-----------------------------------
       Never |  1,217,058       40.09       40.09
      Former |  1,557,894       51.32       91.41
     Current |    242,988        8.00       99.41
Unknown (.u) |     17,906        0.59      100.00
-------------+-----------------------------------
       Total |  3,035,846      100.00
0

Blood pressure |
  four levels, |
   non-missing |      Freq.     Percent        Cum.
---------------+-----------------------------------
        Normal |    322,324       10.70       10.70
      Elevated |    455,992       15.14       25.85
 High, stage I |  1,081,357       35.91       61.76
High, stage II |  1,151,585       38.24      100.00
---------------+-----------------------------------
         Total |  3,011,258      100.00
6

Blood pressure |
  four levels, |
   non-missing |      Freq.     Percent        Cum.
---------------+-----------------------------------
        Normal |    322,324       10.62       10.62
      Elevated |    455,992       15.02       25.64
 High, stage I |  1,081,357       35.62       61.26
High, stage II |  1,151,585       37.93       99.19
       Unknown |     24,588        0.81      100.00
---------------+-----------------------------------
         Total |  3,035,846      100.00
0

 High blood |
pressure or |
hypertensio |
n diagnosis |      Freq.     Percent        Cum.
------------+-----------------------------------
          0 |    870,896       28.69       28.69
          1 |  2,164,950       71.31      100.00
------------+-----------------------------------
      Total |  3,035,846      100.00

   Probable |
  shielding |      Freq.     Percent        Cum.
------------+-----------------------------------
          0 |  1,968,291       64.84       64.84
          1 |  1,067,555       35.16      100.00
------------+-----------------------------------
      Total |  3,035,846      100.00
0

    Chronic |
Respiratory |
   Diseases |      Freq.     Percent        Cum.
------------+-----------------------------------
          0 |  2,664,091       87.75       87.75
          1 |    371,755       12.25      100.00
------------+-----------------------------------
      Total |  3,035,846      100.00
0

     Asthma |
   category |      Freq.     Percent        Cum.
------------+-----------------------------------
          0 |  2,654,281       87.43       87.43
          1 |    381,565       12.57      100.00
------------+-----------------------------------
      Total |  3,035,846      100.00
0

    Chronic |
    Cardiac |
   Diseases |      Freq.     Percent        Cum.
------------+-----------------------------------
          0 |  2,369,707       78.06       78.06
          1 |    666,139       21.94      100.00
------------+-----------------------------------
      Total |  3,035,846      100.00
0

          Diabetes |      Freq.     Percent        Cum.
-------------------+-----------------------------------
       No diabetes |  2,340,991       80.91       80.91
  T1DM, controlled |      3,862        0.13       81.05
T1DM, uncontrolled |      7,898        0.27       81.32
  T2DM, controlled |    374,404       12.94       94.26
T2DM, uncontrolled |    164,052        5.67       99.93
Diabetes, no HbA1c |      2,025        0.07      100.00
-------------------+-----------------------------------
             Total |  2,893,232      100.00
0

Non-haematolo |
 gical cancer |      Freq.     Percent        Cum.
--------------+-----------------------------------
        Never |  2,581,784       85.04       85.04
    Last year |     36,881        1.21       86.26
2-5 years ago |    111,320        3.67       89.93
     5+ years |    305,861       10.07      100.00
--------------+-----------------------------------
        Total |  3,035,846      100.00
0

Haematologica |
     l cancer |      Freq.     Percent        Cum.
--------------+-----------------------------------
        Never |  2,989,092       98.46       98.46
    Last year |      4,434        0.15       98.61
2-5 years ago |     14,022        0.46       99.07
     5+ years |     28,298        0.93      100.00
--------------+-----------------------------------
        Total |  3,035,846      100.00
0

Immunosuppr |
      essed |
(combinatio |
          n |
 algorithm) |      Freq.     Percent        Cum.
------------+-----------------------------------
          0 |  3,030,553       99.83       99.83
          1 |      5,293        0.17      100.00
------------+-----------------------------------
      Total |  3,035,846      100.00
0

Other solid |
      organ |
 transplant |      Freq.     Percent        Cum.
------------+-----------------------------------
          0 |  3,034,948       99.97       99.97
          1 |        898        0.03      100.00
------------+-----------------------------------
      Total |  3,035,846      100.00
0

   Asplenia |      Freq.     Percent        Cum.
------------+-----------------------------------
          0 |  3,028,341       99.75       99.75
          1 |      7,505        0.25      100.00
------------+-----------------------------------
      Total |  3,035,846      100.00
0

    Chronic |
      liver |
    disease |      Freq.     Percent        Cum.
------------+-----------------------------------
          0 |  3,009,009       99.12       99.12
          1 |     26,837        0.88      100.00
------------+-----------------------------------
      Total |  3,035,846      100.00
0

Neurologica |
  l disease |      Freq.     Percent        Cum.
------------+-----------------------------------
          0 |  2,975,208       98.00       98.00
          1 |     60,638        2.00      100.00
------------+-----------------------------------
      Total |  3,035,846      100.00
0

  Stroke or |
   dementia |      Freq.     Percent        Cum.
------------+-----------------------------------
          0 |  2,799,745       92.22       92.22
          1 |    236,101        7.78      100.00
------------+-----------------------------------
      Total |  3,035,846      100.00
0

 Calculated |
       eGFR |      Freq.     Percent        Cum.
------------+-----------------------------------
          0 |      5,689        0.20        0.20
         15 |     36,880        1.29        1.49
         30 |    174,993        6.11        7.60
         45 |    496,168       17.33       24.92
         60 |  2,149,849       75.08      100.00
------------+-----------------------------------
      Total |  2,863,579      100.00
0

     Reduced kidney function |      Freq.     Percent        Cum.
-----------------------------+-----------------------------------
                        None |  2,322,116       76.49       76.49
Stage 3a/3b egfr 30-60       |    671,161       22.11       98.60
           Stage 4/5 egfr<30 |     42,569        1.40      100.00
-----------------------------+-----------------------------------
                       Total |  3,035,846      100.00
0

  Diagnosed |
hypertensio |
          n |      Freq.     Percent        Cum.
------------+-----------------------------------
          0 |  1,289,227       42.47       42.47
          1 |  1,746,619       57.53      100.00
------------+-----------------------------------
      Total |  3,035,846      100.00
0

 Autoimmune |
    disease |      Freq.     Percent        Cum.
------------+-----------------------------------
          0 |  2,803,226       92.34       92.34
          1 |    232,620        7.66      100.00
------------+-----------------------------------
      Total |  3,035,846      100.00
0

        Index of |
        Multiple |
     Deprivation |
           (IMD) |      Freq.     Percent        Cum.
-----------------+-----------------------------------
1 least deprived |    768,138       25.30       25.30
               2 |    709,685       23.38       48.68
               3 |    653,905       21.54       70.22
               4 |    525,790       17.32       87.54
 5 most deprived |    378,328       12.46      100.00
-----------------+-----------------------------------
           Total |  3,035,846      100.00
4

        Index of |
        Multiple |
     Deprivation |
           (IMD) |      Freq.     Percent        Cum.
-----------------+-----------------------------------
1 least deprived |    768,138       25.30       25.30
               2 |    709,685       23.38       48.68
               3 |    653,905       21.54       70.22
               4 |    525,790       17.32       87.54
 5 most deprived |    378,328       12.46      100.00
-----------------+-----------------------------------
           Total |  3,035,846      100.00
0

             Ethnicity |      Freq.     Percent        Cum.
-----------------------+-----------------------------------
                 White |  2,097,159       94.54       94.54
                 Mixed |      7,963        0.36       94.90
Asian or Asian British |     73,276        3.30       98.21
                 Black |     22,659        1.02       99.23
                 Other |     17,137        0.77      100.00
-----------------------+-----------------------------------
                 Total |  2,218,194      100.00
10

             Ethnicity |      Freq.     Percent        Cum.
-----------------------+-----------------------------------
                 White |  2,097,159       69.08       69.08
                 Mixed |      7,963        0.26       69.34
Asian or Asian British |     73,276        2.41       71.76
                 Black |     22,659        0.75       72.50
                 Other |     17,137        0.56       73.07
               Unknown |    817,652       26.93      100.00
-----------------------+-----------------------------------
                 Total |  3,035,846      100.00
0

Sustainabil |
    ity and |
Transformat |
        ion |
Partnership |      Freq.     Percent        Cum.
------------+-----------------------------------
          1 |        159        0.01        0.01
          2 |    251,340        8.28        8.28
          3 |    136,158        4.49       12.77
          4 |     29,633        0.98       13.75
          5 |     20,662        0.68       14.43
          6 |    141,914        4.67       19.10
          7 |      7,896        0.26       19.36
          8 |    120,206        3.96       23.32
          9 |    112,846        3.72       27.04
         10 |    124,360        4.10       31.13
         11 |    124,222        4.09       35.23
         12 |     33,784        1.11       36.34
         13 |     58,886        1.94       38.28
         14 |     73,870        2.43       40.71
         15 |     97,621        3.22       43.93
         16 |    145,880        4.81       48.73
         17 |    108,496        3.57       52.31
         18 |    108,496        3.57       55.88
         19 |     96,528        3.18       59.06
         20 |    159,093        5.24       64.30
         21 |    114,829        3.78       68.08
         22 |      8,029        0.26       68.35
         23 |    131,469        4.33       72.68
         24 |      7,115        0.23       72.91
         25 |     37,408        1.23       74.14
         26 |    133,213        4.39       78.53
         27 |    128,769        4.24       82.77
         28 |    132,502        4.36       87.14
         29 |     85,663        2.82       89.96
         30 |     67,054        2.21       92.17
         31 |      4,332        0.14       92.31
         32 |    233,413        7.69      100.00
------------+-----------------------------------
      Total |  3,035,846      100.00
0

Failure/cen |
     soring |
  indicator |
        for |
   outcome: |
      worms |      Freq.     Percent        Cum.
------------+-----------------------------------
          0 |  3,026,205       99.68       99.68
          1 |      9,641        0.32      100.00
------------+-----------------------------------
      Total |  3,035,846      100.00
19

+-------------------+
| Key               |
|-------------------|
|     frequency     |
| column percentage |
+-------------------+

           |  Presence of children or young
   Grouped |     people in the household
       age |   No kids  Kids unde  Kids unde |     Total
-----------+---------------------------------+----------
    60-<70 |   560,267     18,028      7,641 |   585,936 
           |     19.00      31.65      25.36 |     19.30 
-----------+---------------------------------+----------
    70-<80 | 1,576,661     30,138     16,360 | 1,623,159 
           |     53.47      52.91      54.31 |     53.47 
-----------+---------------------------------+----------
       80+ |   811,837      8,790      6,124 |   826,751 
           |     27.53      15.43      20.33 |     27.23 
-----------+---------------------------------+----------
     Total | 2,948,765     56,956     30,125 | 3,035,846 
           |    100.00     100.00     100.00 |    100.00 
15

+-------------------+
| Key               |
|-------------------|
|     frequency     |
| column percentage |
+-------------------+

           |  Presence of children or young
           |     people in the household
      Male |   No kids  Kids unde  Kids unde |     Total
-----------+---------------------------------+----------
         0 | 1,590,407     30,327     15,914 | 1,636,648 
           |     53.93      53.25      52.83 |     53.91 
-----------+---------------------------------+----------
         1 | 1,358,358     26,629     14,211 | 1,399,198 
           |     46.07      46.75      47.17 |     46.09 
-----------+---------------------------------+----------
     Total | 2,948,765     56,956     30,125 | 3,035,846 
           |    100.00     100.00     100.00 |    100.00 
17

+-------------------+
| Key               |
|-------------------|
|     frequency     |
| column percentage |
+-------------------+

                     |  Presence of children or young
                     |     people in the household
         Grouped BMI |   No kids  Kids unde  Kids unde |     Total
---------------------+---------------------------------+----------
 Underweight (<18.5) |    51,213        786        483 |    52,482 
                     |      1.74       1.38       1.60 |      1.73 
---------------------+---------------------------------+----------
  Normal (18.5-24.9) |   850,887     14,066      7,279 |   872,232 
                     |     28.86      24.70      24.16 |     28.73 
---------------------+---------------------------------+----------
Overweight (25-29.9) | 1,056,398     19,334     10,373 | 1,086,105 
                     |     35.83      33.95      34.43 |     35.78 
---------------------+---------------------------------+----------
   Obese I (30-34.9) |   510,120     10,600      5,575 |   526,295 
                     |     17.30      18.61      18.51 |     17.34 
---------------------+---------------------------------+----------
  Obese II (35-39.9) |   163,675      3,635      2,057 |   169,367 
                     |      5.55       6.38       6.83 |      5.58 
---------------------+---------------------------------+----------
     Obese III (40+) |    61,469      1,500        846 |    63,815 
                     |      2.08       2.63       2.81 |      2.10 
---------------------+---------------------------------+----------
        Unknown (.u) |   255,003      7,035      3,512 |   265,550 
                     |      8.65      12.35      11.66 |      8.75 
---------------------+---------------------------------+----------
               Total | 2,948,765     56,956     30,125 | 3,035,846 
                     |    100.00     100.00     100.00 |    100.00 
16

+-------------------+
| Key               |
|-------------------|
|     frequency     |
| column percentage |
+-------------------+

             |  Presence of children or young
     Smoking |     people in the household
      status |   No kids  Kids unde  Kids unde |     Total
-------------+---------------------------------+----------
       Never | 1,175,785     27,877     13,396 | 1,217,058 
             |     39.87      48.94      44.47 |     40.09 
-------------+---------------------------------+----------
      Former | 1,522,514     22,270     13,110 | 1,557,894 
             |     51.63      39.10      43.52 |     51.32 
-------------+---------------------------------+----------
     Current |   234,570      5,313      3,105 |   242,988 
             |      7.95       9.33      10.31 |      8.00 
-------------+---------------------------------+----------
Unknown (.u) |    15,896      1,496        514 |    17,906 
             |      0.54       2.63       1.71 |      0.59 
-------------+---------------------------------+----------
       Total | 2,948,765     56,956     30,125 | 3,035,846 
             |    100.00     100.00     100.00 |    100.00 
20

+-------------------+
| Key               |
|-------------------|
|     frequency     |
| column percentage |
+-------------------+

                     |  Presence of children or young
 Evidence of obesity |     people in the household
      (4 categories) |   No kids  Kids unde  Kids unde |     Total
---------------------+---------------------------------+----------
No record of obesity | 2,213,501     41,221     21,647 | 2,276,369 
                     |     75.07      72.37      71.86 |     74.98 
---------------------+---------------------------------+----------
   Obese I (30-34.9) |   510,120     10,600      5,575 |   526,295 
                     |     17.30      18.61      18.51 |     17.34 
---------------------+---------------------------------+----------
  Obese II (35-39.9) |   163,675      3,635      2,057 |   169,367 
                     |      5.55       6.38       6.83 |      5.58 
---------------------+---------------------------------+----------
     Obese III (40+) |    61,469      1,500        846 |    63,815 
                     |      2.08       2.63       2.81 |      2.10 
---------------------+---------------------------------+----------
               Total | 2,948,765     56,956     30,125 | 3,035,846 
                     |    100.00     100.00     100.00 |    100.00 
17

+-------------------+
| Key               |
|-------------------|
|     frequency     |
| column percentage |
+-------------------+

           |  Presence of children or young
  Probable |     people in the household
 shielding |   No kids  Kids unde  Kids unde |     Total
-----------+---------------------------------+----------
         0 | 1,908,914     39,308     20,069 | 1,968,291 
           |     64.74      69.01      66.62 |     64.84 
-----------+---------------------------------+----------
         1 | 1,039,851     17,648     10,056 | 1,067,555 
           |     35.26      30.99      33.38 |     35.16 
-----------+---------------------------------+----------
     Total | 2,948,765     56,956     30,125 | 3,035,846 
           |    100.00     100.00     100.00 |    100.00 
38

+-------------------+
| Key               |
|-------------------|
|     frequency     |
| column percentage |
+-------------------+

   Chronic |  Presence of children or young
Respirator |     people in the household
y Diseases |   No kids  Kids unde  Kids unde |     Total
-----------+---------------------------------+----------
         0 | 2,586,837     50,838     26,416 | 2,664,091 
           |     87.73      89.26      87.69 |     87.75 
-----------+---------------------------------+----------
         1 |   361,928      6,118      3,709 |   371,755 
           |     12.27      10.74      12.31 |     12.25 
-----------+---------------------------------+----------
     Total | 2,948,765     56,956     30,125 | 3,035,846 
           |    100.00     100.00     100.00 |    100.00 
17

+-------------------+
| Key               |
|-------------------|
|     frequency     |
| column percentage |
+-------------------+

           |  Presence of children or young
    Asthma |     people in the household
  category |   No kids  Kids unde  Kids unde |     Total
-----------+---------------------------------+----------
         0 | 2,579,077     49,171     26,033 | 2,654,281 
           |     87.46      86.33      86.42 |     87.43 
-----------+---------------------------------+----------
         1 |   369,688      7,785      4,092 |   381,565 
           |     12.54      13.67      13.58 |     12.57 
-----------+---------------------------------+----------
     Total | 2,948,765     56,956     30,125 | 3,035,846 
           |    100.00     100.00     100.00 |    100.00 
34

+-------------------+
| Key               |
|-------------------|
|     frequency     |
| column percentage |
+-------------------+

   Chronic |  Presence of children or young
   Cardiac |     people in the household
  Diseases |   No kids  Kids unde  Kids unde |     Total
-----------+---------------------------------+----------
         0 | 2,300,867     45,253     23,587 | 2,369,707 
           |     78.03      79.45      78.30 |     78.06 
-----------+---------------------------------+----------
         1 |   647,898     11,703      6,538 |   666,139 
           |     21.97      20.55      21.70 |     21.94 
-----------+---------------------------------+----------
     Total | 2,948,765     56,956     30,125 | 3,035,846 
           |    100.00     100.00     100.00 |    100.00 
18

+-------------------+
| Key               |
|-------------------|
|     frequency     |
| column percentage |
+-------------------+

                   |  Presence of children or young
                   |     people in the household
          Diabetes |   No kids  Kids unde  Kids unde |     Total
-------------------+---------------------------------+----------
       No diabetes | 2,281,692     38,151     21,148 | 2,340,991 
                   |     81.16      71.36      74.42 |     80.91 
-------------------+---------------------------------+----------
  T1DM, controlled |     3,758         74         30 |     3,862 
                   |      0.13       0.14       0.11 |      0.13 
-------------------+---------------------------------+----------
T1DM, uncontrolled |     7,699        120         79 |     7,898 
                   |      0.27       0.22       0.28 |      0.27 
-------------------+---------------------------------+----------
  T2DM, controlled |   360,233      9,496      4,675 |   374,404 
                   |     12.81      17.76      16.45 |     12.94 
-------------------+---------------------------------+----------
T2DM, uncontrolled |   156,102      5,509      2,441 |   164,052 
                   |      5.55      10.30       8.59 |      5.67 
-------------------+---------------------------------+----------
Diabetes, no HbA1c |     1,867        113         45 |     2,025 
                   |      0.07       0.21       0.16 |      0.07 
-------------------+---------------------------------+----------
             Total | 2,811,351     53,463     28,418 | 2,893,232 
                   |    100.00     100.00     100.00 |    100.00 
28

+-------------------+
| Key               |
|-------------------|
|     frequency     |
| column percentage |
+-------------------+

              |  Presence of children or young
Non-haematolo |     people in the household
 gical cancer |   No kids  Kids unde  Kids unde |     Total
--------------+---------------------------------+----------
        Never | 2,504,215     50,983     26,586 | 2,581,784 
              |     84.92      89.51      88.25 |     85.04 
--------------+---------------------------------+----------
    Last year |    36,000        594        287 |    36,881 
              |      1.22       1.04       0.95 |      1.21 
--------------+---------------------------------+----------
2-5 years ago |   108,716      1,654        950 |   111,320 
              |      3.69       2.90       3.15 |      3.67 
--------------+---------------------------------+----------
     5+ years |   299,834      3,725      2,302 |   305,861 
              |     10.17       6.54       7.64 |     10.07 
--------------+---------------------------------+----------
        Total | 2,948,765     56,956     30,125 | 3,035,846 
              |    100.00     100.00     100.00 |    100.00 
26

+-------------------+
| Key               |
|-------------------|
|     frequency     |
| column percentage |
+-------------------+

              |  Presence of children or young
Haematologica |     people in the household
     l cancer |   No kids  Kids unde  Kids unde |     Total
--------------+---------------------------------+----------
        Never | 2,903,086     56,285     29,721 | 2,989,092 
              |     98.45      98.82      98.66 |     98.46 
--------------+---------------------------------+----------
    Last year |     4,342         58         34 |     4,434 
              |      0.15       0.10       0.11 |      0.15 
--------------+---------------------------------+----------
2-5 years ago |    13,685        205        132 |    14,022 
              |      0.46       0.36       0.44 |      0.46 
--------------+---------------------------------+----------
     5+ years |    27,652        408        238 |    28,298 
              |      0.94       0.72       0.79 |      0.93 
--------------+---------------------------------+----------
        Total | 2,948,765     56,956     30,125 | 3,035,846 
              |    100.00     100.00     100.00 |    100.00 
23

+-------------------+
| Key               |
|-------------------|
|     frequency     |
| column percentage |
+-------------------+

Immunosupp |
    ressed |
(combinati |  Presence of children or young
        on |     people in the household
algorithm) |   No kids  Kids unde  Kids unde |     Total
-----------+---------------------------------+----------
         0 | 2,943,643     56,843     30,067 | 3,030,553 
           |     99.83      99.80      99.81 |     99.83 
-----------+---------------------------------+----------
         1 |     5,122        113         58 |     5,293 
           |      0.17       0.20       0.19 |      0.17 
-----------+---------------------------------+----------
     Total | 2,948,765     56,956     30,125 | 3,035,846 
           |    100.00     100.00     100.00 |    100.00 
27

+-------------------+
| Key               |
|-------------------|
|     frequency     |
| column percentage |
+-------------------+

     Other |
     solid |  Presence of children or young
     organ |     people in the household
transplant |   No kids  Kids unde  Kids unde |     Total
-----------+---------------------------------+----------
         0 | 2,947,908     56,928     30,112 | 3,034,948 
           |     99.97      99.95      99.96 |     99.97 
-----------+---------------------------------+----------
         1 |       857         28         13 |       898 
           |      0.03       0.05       0.04 |      0.03 
-----------+---------------------------------+----------
     Total | 2,948,765     56,956     30,125 | 3,035,846 
           |    100.00     100.00     100.00 |    100.00 
19

+-------------------+
| Key               |
|-------------------|
|     frequency     |
| column percentage |
+-------------------+

           |  Presence of children or young
           |     people in the household
  Asplenia |   No kids  Kids unde  Kids unde |     Total
-----------+---------------------------------+----------
         0 | 2,941,432     56,856     30,053 | 3,028,341 
           |     99.75      99.82      99.76 |     99.75 
-----------+---------------------------------+----------
         1 |     7,333        100         72 |     7,505 
           |      0.25       0.18       0.24 |      0.25 
-----------+---------------------------------+----------
     Total | 2,948,765     56,956     30,125 | 3,035,846 
           |    100.00     100.00     100.00 |    100.00 
32

+-------------------+
| Key               |
|-------------------|
|     frequency     |
| column percentage |
+-------------------+

   Chronic |  Presence of children or young
     liver |     people in the household
   disease |   No kids  Kids unde  Kids unde |     Total
-----------+---------------------------------+----------
         0 | 2,922,744     56,445     29,820 | 3,009,009 
           |     99.12      99.10      98.99 |     99.12 
-----------+---------------------------------+----------
         1 |    26,021        511        305 |    26,837 
           |      0.88       0.90       1.01 |      0.88 
-----------+---------------------------------+----------
     Total | 2,948,765     56,956     30,125 | 3,035,846 
           |    100.00     100.00     100.00 |    100.00 
22

+-------------------+
| Key               |
|-------------------|
|     frequency     |
| column percentage |
+-------------------+

           |  Presence of children or young
Neurologic |     people in the household
al disease |   No kids  Kids unde  Kids unde |     Total
-----------+---------------------------------+----------
         0 | 2,889,733     55,897     29,578 | 2,975,208 
           |     98.00      98.14      98.18 |     98.00 
-----------+---------------------------------+----------
         1 |    59,032      1,059        547 |    60,638 
           |      2.00       1.86       1.82 |      2.00 
-----------+---------------------------------+----------
     Total | 2,948,765     56,956     30,125 | 3,035,846 
           |    100.00     100.00     100.00 |    100.00 
26

+-------------------+
| Key               |
|-------------------|
|     frequency     |
| column percentage |
+-------------------+

           |  Presence of children or young
 Stroke or |     people in the household
  dementia |   No kids  Kids unde  Kids unde |     Total
-----------+---------------------------------+----------
         0 | 2,718,906     52,977     27,862 | 2,799,745 
           |     92.20      93.01      92.49 |     92.22 
-----------+---------------------------------+----------
         1 |   229,859      3,979      2,263 |   236,101 
           |      7.80       6.99       7.51 |      7.78 
-----------+---------------------------------+----------
     Total | 2,948,765     56,956     30,125 | 3,035,846 
           |    100.00     100.00     100.00 |    100.00 
19

+-------------------+
| Key               |
|-------------------|
|     frequency     |
| column percentage |
+-------------------+

           |  Presence of children or young
Calculated |     people in the household
      eGFR |   No kids  Kids unde  Kids unde |     Total
-----------+---------------------------------+----------
         0 |     5,417        172        100 |     5,689 
           |      0.19       0.34       0.36 |      0.20 
-----------+---------------------------------+----------
        15 |    35,858        663        359 |    36,880 
           |      1.29       1.30       1.30 |      1.29 
-----------+---------------------------------+----------
        30 |   171,143      2,395      1,455 |   174,993 
           |      6.14       4.70       5.27 |      6.11 
-----------+---------------------------------+----------
        45 |   484,427      7,224      4,517 |   496,168 
           |     17.39      14.19      16.38 |     17.33 
-----------+---------------------------------+----------
        60 | 2,088,234     40,462     21,153 | 2,149,849 
           |     74.98      79.47      76.69 |     75.08 
-----------+---------------------------------+----------
     Total | 2,785,079     50,916     27,584 | 2,863,579 
           |    100.00     100.00     100.00 |    100.00 
34

+-------------------+
| Key               |
|-------------------|
|     frequency     |
| column percentage |
+-------------------+

                      |  Presence of children or young
       Reduced kidney |     people in the household
             function |   No kids  Kids unde  Kids unde |     Total
----------------------+---------------------------------+----------
                 None | 2,251,920     46,502     23,694 | 2,322,116 
                      |     76.37      81.65      78.65 |     76.49 
----------------------+---------------------------------+----------
Stage 3a/3b egfr 30-6 |   655,570      9,619      5,972 |   671,161 
                      |     22.23      16.89      19.82 |     22.11 
----------------------+---------------------------------+----------
    Stage 4/5 egfr<30 |    41,275        835        459 |    42,569 
                      |      1.40       1.47       1.52 |      1.40 
----------------------+---------------------------------+----------
                Total | 2,948,765     56,956     30,125 | 3,035,846 
                      |    100.00     100.00     100.00 |    100.00 
23

+-------------------+
| Key               |
|-------------------|
|     frequency     |
| column percentage |
+-------------------+

 Diagnosed |  Presence of children or young
hypertensi |     people in the household
        on |   No kids  Kids unde  Kids unde |     Total
-----------+---------------------------------+----------
         0 | 1,250,282     25,842     13,103 | 1,289,227 
           |     42.40      45.37      43.50 |     42.47 
-----------+---------------------------------+----------
         1 | 1,698,483     31,114     17,022 | 1,746,619 
           |     57.60      54.63      56.50 |     57.53 
-----------+---------------------------------+----------
     Total | 2,948,765     56,956     30,125 | 3,035,846 
           |    100.00     100.00     100.00 |    100.00 
27

+-------------------+
| Key               |
|-------------------|
|     frequency     |
| column percentage |
+-------------------+

           |  Presence of children or young
Autoimmune |     people in the household
   disease |   No kids  Kids unde  Kids unde |     Total
-----------+---------------------------------+----------
         0 | 2,721,934     53,349     27,943 | 2,803,226 
           |     92.31      93.67      92.76 |     92.34 
-----------+---------------------------------+----------
         1 |   226,831      3,607      2,182 |   232,620 
           |      7.69       6.33       7.24 |      7.66 
-----------+---------------------------------+----------
     Total | 2,948,765     56,956     30,125 | 3,035,846 
           |    100.00     100.00     100.00 |    100.00 
14

+-------------------+
| Key               |
|-------------------|
|     frequency     |
| column percentage |
+-------------------+

        Index of |
        Multiple |  Presence of children or young
     Deprivation |     people in the household
           (IMD) |   No kids  Kids unde  Kids unde |     Total
-----------------+---------------------------------+----------
1 least deprived |   751,664     10,453      6,021 |   768,138 
                 |     25.49      18.35      19.99 |     25.30 
-----------------+---------------------------------+----------
               2 |   692,952     10,753      5,980 |   709,685 
                 |     23.50      18.88      19.85 |     23.38 
-----------------+---------------------------------+----------
               3 |   635,593     11,923      6,389 |   653,905 
                 |     21.55      20.93      21.21 |     21.54 
-----------------+---------------------------------+----------
               4 |   507,087     12,384      6,319 |   525,790 
                 |     17.20      21.74      20.98 |     17.32 
-----------------+---------------------------------+----------
 5 most deprived |   361,469     11,443      5,416 |   378,328 
                 |     12.26      20.09      17.98 |     12.46 
-----------------+---------------------------------+----------
           Total | 2,948,765     56,956     30,125 | 3,035,846 
                 |    100.00     100.00     100.00 |    100.00 
20

+-------------------+
| Key               |
|-------------------|
|     frequency     |
| column percentage |
+-------------------+

                      |  Presence of children or young
                      |     people in the household
            Ethnicity |   No kids  Kids unde  Kids unde |     Total
----------------------+---------------------------------+----------
                White | 2,052,097     28,227     16,835 | 2,097,159 
                      |     69.59      49.56      55.88 |     69.08 
----------------------+---------------------------------+----------
                Mixed |     7,110        577        276 |     7,963 
                      |      0.24       1.01       0.92 |      0.26 
----------------------+---------------------------------+----------
Asian or Asian Britis |    56,138     12,770      4,368 |    73,276 
                      |      1.90      22.42      14.50 |      2.41 
----------------------+---------------------------------+----------
                Black |    19,847      1,940        872 |    22,659 
                      |      0.67       3.41       2.89 |      0.75 
----------------------+---------------------------------+----------
                Other |    14,998      1,556        583 |    17,137 
                      |      0.51       2.73       1.94 |      0.56 
----------------------+---------------------------------+----------
              Unknown |   798,575     11,886      7,191 |   817,652 
                      |     27.08      20.87      23.87 |     26.93 
----------------------+---------------------------------+----------
                Total | 2,948,765     56,956     30,125 | 3,035,846 
                      |    100.00     100.00     100.00 |    100.00 
14

**TABLE OF stp kids_cat3 REDACTED DUE TO SMALL N**


         failure _d:  worms
   analysis time _t:  (stime_worms-origin)
             origin:  time enter_date
  enter on or after:  time enter_date
                 id:  patient_id
             weight:  [pweight=pw]

              Beg.                      Failure
    Time     Total     Fail             Function 
------------------------------------------------
60-<70 male=0 
       0         0        0              0.0000 
      80    299912        1              0.0000 
60-<70 male=1 
       0         0        0              0.0000 
      80    285975        2              0.0000 
70-<80 male=0 
       0         0        0              0.0000 
      80    844341        7              0.0000 
70-<80 male=1 
       0         0        0              0.0000 
      80    767953        5              0.0000 
80+ male=0 
       0         0        0              0.0000 
      80    487878        1              0.0000 
80+ male=1 
       0         0        0              0.0000 
      80    341737        2              0.0000 
------------------------------------------------
Note: Failure function is calculated over full
      data and evaluated at indicated times; it
      is not calculated from aggregates shown at
      left.

. * Close the log file
. log close
      name:  <unnamed>
       log:  e:\analyses\school-age-children-and-covid\analysis\log\WORMS_03a_an_descriptive_safetables.log
  log type:  text
 closed on:  23 Aug 2020, 17:19:57
----------------------------------------------------------------------------------------------------------------------------------
