--------------------------------------------------------------------------------------------------------------------------------------------------------------------------------------------------------------------------------------
      name:  <unnamed>
       log:  E:\caroline\school-age-children-and-covid\analysis\log\an_multivariableFULL_cox_models_covid_tpp_prob.log
  log type:  text
 opened on:  15 Jul 2020, 06:12:26

. 
. use "$tempdir\cr_create_analysis_dataset_STSET_`outcome'.dta", clear

. 
. 
. ******************************
. *  Multivariable Cox models  *
. ******************************
. 
. *************************************************************************************
. *PROG TO DEFINE THE BASIC COX MODEL WITH OPTIONS FOR HANDLING OF AGE, BMI, ETHNICITY:
. cap prog drop basecoxmodel

. prog define basecoxmodel
  1.         syntax , exposure(string) age(string) [ethnicity(real 0) if(string)] bmi(string) smoking(string)
  2. 
.         if `ethnicity'==1 local ethnicity "i.ethnicity"
  3.         else local ethnicity
  4. timer clear
  5. timer on 1
  6.         capture stcox   `exposure' `age'                ///
>                         i.male                                                  ///
>                         `bmi'                                                   ///
>                         `smoking'                                               ///
>                         `ethnicity'                                             ///
>                         i.imd                                                   ///
>                         i.htdiag_or_highbp                              ///
>                         i.chronic_respiratory_disease   ///
>                         i.asthma                                                ///
>                         i.chronic_cardiac_disease               ///
>                         i.diabetes                                              ///
>                         i.cancer_exhaem_cat                             ///
>                         i.cancer_haem_cat                               ///
>                         i.chronic_liver_disease                 ///
>                         i.stroke_dementia                               ///
>                         i.other_neuro                                   ///
>                         i.reduced_kidney_function_cat   ///
>                         i.organ_trans                                   ///
>                         i.tot_people_hh                                 ///
>                         i.asplenia                                              ///
>                         i.ra_sle_psoriasis                      ///
>                         i.other_immuno                                  ///
>                         `if'                                                    ///
>                         , strata(stp) vce(cluster household_size)
  7. timer off 1
  8. timer list
  9. end

. *************************************************************************************
. 
. foreach exposure_type in        kids_cat3  ///
>                 gp_number_kids {
  2. 
. *Age spline model (not adj ethnicity)
. basecoxmodel, exposure("i.`exposure_type'") age("age1 age2 age3") ethnicity(0) bmi(i.obese4cat) smoking(i.smoke_nomiss)
  3. if _rc==0{
  4. estimates
  5. estimates save ./output/an_multivariate_cox_models_`outcome'_`exposure_type'_MAINFULLYADJMODEL_noeth, replace
  6. *estat concordance /*c-statistic*/
.         /*  Proportional Hazards test  */
.         * Based on Schoenfeld residuals
.         timer clear 
  7.         timer on 1
  8.         if e(N_fail)>0 estat phtest, d
  9.         timer off 1
 10.         timer list
 11. }
 12. else di "WARNING AGE SPLINE MODEL DID NOT FIT (OUTCOME `outcome')"
 13. 
. 
. *Complete case ethnicity model
. basecoxmodel, exposure("i.`exposure_type'") age("age1 age2 age3") ethnicity(1) bmi(i.obese4cat) smoking(i.smoke_nomiss)
 14. if _rc==0{
 15. estimates
 16. estimates save ./output/an_multivariate_cox_models_`outcome'_`exposure_type'_MAINFULLYADJMODEL_CCeth, replace
 17. *estat concordance /*c-statistic*/
.  }
 18.  else di "WARNING CC ETHNICITY MODEL WITH AGESPLINE DID NOT FIT (OUTCOME `outcome')"
 19. 
.  
. *Complete case ethnicity model
. basecoxmodel, exposure("i.`exposure_type'") age("age1 age2 age3") ethnicity(1) bmi(i.bmicat) smoking(i.smoke)
 20. if _rc==0{
 21. estimates
 22. estimates save ./output/an_multivariate_cox_models_`outcome'_`exposure_type'_MAINFULLYADJMODEL_CCeth_bmi_smoke, replace
 23. *estat concordance /*c-statistic*/
.  }
 24.  else di "WARNING CC ETHN BMI SMOK MODEL WITH AGESPLINE DID NOT FIT (OUTCOME `outcome')" 
 25.  
. *Complete case ethnicity model
. basecoxmodel, exposure("i.`exposure_type'") age("age1 age2 age3") ethnicity(0) bmi(i.bmicat) smoking(i.smoke)
 26. if _rc==0{
 27. estimates
 28. estimates save ./output/an_multivariate_cox_models_`outcome'_`exposure_type'_MAINFULLYADJMODEL_CCnoeth_bmi_smoke, replace
 29. *estat concordance /*c-statistic*/
.  }
 30.  else di "WARNING CC BMI SMOK MODEL WITH AGESPLINE DID NOT FIT (OUTCOME `outcome')" 
 31.  }
   1:   4329.42 /        1 =    4329.4160

--------------------------------------------------------------------------------------------------------------------------------------------------------------------------------------------------------------------------------------
active results
--------------------------------------------------------------------------------------------------------------------------------------------------------------------------------------------------------------------------------------

Stratified Cox regr. -- Breslow method for ties

No. of subjects      =   16,340,834             Number of obs    =  16,340,834
No. of failures      =       45,657
Time at risk         =   2214894017
                                                Wald chi2(39)    =  1644920.17
Log pseudolikelihood =   -585107.62             Prob > chi2      =      0.0000

                                        (Std. Err. adjusted for 173 clusters in household_size)
-----------------------------------------------------------------------------------------------
                              |               Robust
                           _t | Haz. Ratio   Std. Err.      z    P>|z|     [95% Conf. Interval]
------------------------------+----------------------------------------------------------------
                    kids_cat3 |
               Kids under 12  |   .5012425   .0915007    -3.78   0.000     .3504797    .7168575
               Kids under 18  |     .63674    .110965    -2.59   0.010     .4525045    .8959864
                              |
                         age1 |   1.115124   .0139092     8.74   0.000     1.088193    1.142721
                         age2 |   .7758011   .0336622    -5.85   0.000     .7125521    .8446644
                         age3 |   1.989973   .2198069     6.23   0.000     1.602603    2.470976
                       1.male |   .8844801     .04412    -2.46   0.014     .8020991    .9753221
                              |
                    obese4cat |
           Obese I (30-34.9)  |   1.169693   .0299982     6.11   0.000      1.11235    1.229991
          Obese II (35-39.9)  |   1.361908   .0236803    17.76   0.000     1.316277     1.40912
             Obese III (40+)  |   1.662795   .0297156    28.45   0.000     1.605562    1.722069
                              |
                 smoke_nomiss |
                      Former  |   1.095715   .0231907     4.32   0.000     1.051192    1.142124
                     Current  |   .6703198   .0356478    -7.52   0.000     .6039694    .7439593
                              |
                          imd |
                           2  |   1.113431   .0199592     5.99   0.000     1.074991    1.153246
                           3  |   1.128155   .0280292     4.85   0.000     1.074535    1.184451
                           4  |   1.282265   .0383986     8.30   0.000     1.209171    1.359777
             5 most deprived  |   1.424896   .0548855     9.19   0.000     1.321282    1.536634
                              |
           1.htdiag_or_highbp |   1.077572   .0154653     5.21   0.000     1.047683    1.108314
1.chronic_respiratory_disease |   1.802435   .0632577    16.79   0.000      1.68262    1.930781
                     1.asthma |    1.23389   .0244265    10.62   0.000     1.186932    1.282706
    1.chronic_cardiac_disease |   1.303663   .0369641     9.35   0.000     1.233191    1.378162
                   1.diabetes |   1.450462   .0381528    14.14   0.000     1.377579    1.527202
                              |
            cancer_exhaem_cat |
                   Last year  |   1.693513   .0784889    11.37   0.000     1.546457    1.854552
               2-5 years ago  |   1.210991   .0319251     7.26   0.000     1.150008    1.275208
                    5+ years  |   1.107117   .0214634     5.25   0.000     1.065839    1.149994
                              |
              cancer_haem_cat |
                   Last year  |   3.365122   .6342384     6.44   0.000     2.325794    4.868893
               2-5 years ago  |   2.177037   .1817735     9.32   0.000     1.848391    2.564115
                    5+ years  |   1.701916   .0959663     9.43   0.000     1.523846    1.900793
                              |
      1.chronic_liver_disease |   1.723084   .0762491    12.30   0.000     1.579936    1.879202
            1.stroke_dementia |   1.785001   .0553183    18.70   0.000     1.679806    1.896783
                1.other_neuro |   1.984685   .0856682    15.88   0.000     1.823685    2.159899
                              |
  reduced_kidney_function_cat |
Stage 3a/3b egfr 30-60        |   1.141454   .0192959     7.83   0.000     1.104254    1.179907
           Stage 4/5 egfr<30  |   1.839154   .1818436     6.16   0.000     1.515155    2.232438
                              |
                1.organ_trans |   2.729239   .1155243    23.72   0.000     2.511954     2.96532
                              |
                tot_people_hh |
                           2  |   .9696412    .014034    -2.13   0.033     .9425216    .9975411
                           3  |   1.466919   .0888556     6.33   0.000     1.302706    1.651832
                           4  |   1.959014   .2111089     6.24   0.000     1.586024    2.419722
                           5  |   4.336377    .833497     7.63   0.000     2.975207    6.320288
                              |
                   1.asplenia |   1.837494   .1170579     9.55   0.000      1.62181    2.081862
           1.ra_sle_psoriasis |   1.250795   .0194986    14.35   0.000     1.213156    1.289601
               1.other_immuno |   2.374537   .1641803    12.51   0.000     2.073601    2.719147
-----------------------------------------------------------------------------------------------
                                                             Stratified by stp
(note: file ./output/an_multivariate_cox_models_covid_tpp_prob_kids_cat3_MAINFULLYADJMODEL_noeth.ster not found)
file ./output/an_multivariate_cox_models_covid_tpp_prob_kids_cat3_MAINFULLYADJMODEL_noeth.ster saved

      Test of proportional-hazards assumption

      Time:  Time
      ----------------------------------------------------------------
                  |       rho            chi2       df       Prob>chi2
      ------------+---------------------------------------------------
      0b.kids_cat3|            .            .        1             .
      1.kids_cat3 |      0.01279      1787.53        1         0.0000
      2.kids_cat3 |      0.04423     22944.39        1         0.0000
      age1        |      0.03716     18077.93        1         0.0000
      age2        |     -0.03713     19847.59        1         0.0000
      age3        |      0.03192     14873.34        1         0.0000
      0b.male     |            .            .        1             .
      1.male      |     -0.01572      2282.38        1         0.0000
      1b.obese4cat|            .            .        1             .
      2.obese4cat |      0.03719     11363.33        1         0.0000
      3.obese4cat |      0.04874     13964.61        1         0.0000
      4.obese4cat |      0.10876     58561.98        1         0.0000
      1b.smoke_n~s|            .            .        1             .
      2.smoke_no~s|      0.02305      6503.48        1         0.0000
      3.smoke_no~s|      0.05205     26776.25        1         0.0000
      1b.imd      |            .            .        1             .
      2.imd       |     -0.03942      2397.47        1         0.0000
      3.imd       |     -0.02459      2263.33        1         0.0000
      4.imd       |     -0.01191      1531.17        1         0.0000
      5.imd       |      0.00425       213.60        1         0.0000
      0b.htdiag_~p|            .            .        1             .
      1.htdiag_o~p|     -0.01783      2573.12        1         0.0000
      0b.chronic..|            .            .        1             .
      1.~y_disease|      0.02719     10227.18        1         0.0000
      0b.asthma   |            .            .        1             .
      1.asthma    |      0.08007     74285.99        1         0.0000
      0b.chronic..|            .            .        1             .
      1.~c_disease|      0.03752     15603.02        1         0.0000
      0b.diabetes |            .            .        1             .
      1.diabetes  |      0.00579       506.16        1         0.0000
      1b.c~exhae~t|            .            .        1             .
      2.cancer_e~t|      0.02259      5093.78        1         0.0000
      3.cancer_e~t|      0.01160      1524.26        1         0.0000
      4.cancer_e~t|      0.04491      7425.40        1         0.0000
      1b.cancer_..|            .            .        1             .
      2.cancer_h~t|      0.04897     13562.17        1         0.0000
      3.cancer_h~t|      0.05433     42914.80        1         0.0000
      4.cancer_h~t|      0.02751      7013.09        1         0.0000
      0b.chronic..|            .            .        1             .
      1.~r_disease|      0.01742      1627.61        1         0.0000
      0b.stroke_~a|            .            .        1             .
      1.stroke_d~a|     -0.05861     45689.25        1         0.0000
      0b.other_n~o|            .            .        1             .
      1.other_ne~o|     -0.12465     48109.12        1         0.0000
      1b.reduced~t|            .            .        1             .
      2.reduced_~t|      0.07851     54574.23        1         0.0000
      3.reduced_~t|      0.04203     25822.67        1         0.0000
      0b.organ_t~s|            .            .        1             .
      1.organ_tr~s|      0.02383      1876.33        1         0.0000
      1b.tot_peo~h|            .            .        1             .
      2.tot_peop~h|     -0.06484     48853.51        1         0.0000
      3.tot_peop~h|     -0.07918     95555.28        1         0.0000
      4.tot_peop~h|     -0.06743     74632.26        1         0.0000
      5.tot_peop~h|      0.05699     51569.99        1         0.0000
      0b.asplenia |            .            .        1             .
      1.asplenia  |      0.04131     16553.32        1         0.0000
      0b.ra_sle_~s|            .            .        1             .
      1.ra_sle_p~s|      0.01586      1922.03        1         0.0000
      0b.other_i~o|            .            .        1             .
      1.other_im~o|     -0.03029      5145.22        1         0.0000
      ------------+---------------------------------------------------
      global test |                 175864.70       39         0.0000
      ----------------------------------------------------------------

note: robust variance-covariance matrix used.
   1:   6971.06 /        1 =    6971.0560
   1:   3726.14 /        1 =    3726.1430

--------------------------------------------------------------------------------------------------------------------------------------------------------------------------------------------------------------------------------------
active results
--------------------------------------------------------------------------------------------------------------------------------------------------------------------------------------------------------------------------------------

Stratified Cox regr. -- Breslow method for ties

No. of subjects      =   12,387,566             Number of obs    =  12,387,566
No. of failures      =       35,544
Time at risk         =   1679191147
                                                Wald chi2(43)    =  1297929.11
Log pseudolikelihood =   -447002.96             Prob > chi2      =      0.0000

                                        (Std. Err. adjusted for 173 clusters in household_size)
-----------------------------------------------------------------------------------------------
                              |               Robust
                           _t | Haz. Ratio   Std. Err.      z    P>|z|     [95% Conf. Interval]
------------------------------+----------------------------------------------------------------
                    kids_cat3 |
               Kids under 12  |   .4717751   .0819901    -4.32   0.000     .3355862    .6632328
               Kids under 18  |   .6287616   .1073888    -2.72   0.007     .4498894    .8787519
                              |
                         age1 |   1.117899    .013598     9.16   0.000     1.091563    1.144871
                         age2 |   .7676861   .0326275    -6.22   0.000     .7063284    .8343738
                         age3 |   2.054731    .223685     6.62   0.000     1.659932     2.54343
                       1.male |   .8971688   .0414651    -2.35   0.019     .8194709    .9822336
                              |
                    obese4cat |
           Obese I (30-34.9)  |   1.172628   .0315802     5.91   0.000     1.112338    1.236187
          Obese II (35-39.9)  |   1.366976   .0342326    12.48   0.000     1.301501    1.435745
             Obese III (40+)  |   1.704507   .0457586    19.86   0.000     1.617141    1.796594
                              |
                 smoke_nomiss |
                      Former  |    1.11524   .0162224     7.50   0.000     1.083893    1.147492
                     Current  |   .6824908   .0308092    -8.46   0.000     .6247003    .7456276
                              |
                    ethnicity |
                       Mixed  |   1.320991   .0679839     5.41   0.000     1.194245    1.461189
      Asian or Asian British  |     1.4816   .1211142     4.81   0.000      1.26226    1.739053
                       Black  |   1.460383   .0744431     7.43   0.000     1.321529    1.613827
                       Other  |   1.140081   .1000155     1.49   0.135      .959981    1.353969
                              |
                          imd |
                           2  |   1.103193   .0230596     4.70   0.000     1.058911    1.149328
                           3  |   1.121472   .0294164     4.37   0.000     1.065274    1.180635
                           4  |   1.235147   .0384248     6.79   0.000     1.162086    1.312802
             5 most deprived  |   1.360221   .0549909     7.61   0.000       1.2566    1.472386
                              |
           1.htdiag_or_highbp |   1.070372   .0186549     3.90   0.000     1.034427    1.107567
1.chronic_respiratory_disease |   1.771619    .056587    17.90   0.000     1.664111    1.886073
                     1.asthma |   1.233032   .0232073    11.13   0.000     1.188376    1.279367
    1.chronic_cardiac_disease |   1.302655   .0390153     8.83   0.000     1.228388    1.381413
                   1.diabetes |   1.389937   .0400853    11.42   0.000      1.31355    1.470765
                              |
            cancer_exhaem_cat |
                   Last year  |   1.700653   .0885351    10.20   0.000     1.535686     1.88334
               2-5 years ago  |   1.163199   .0338837     5.19   0.000     1.098648    1.231542
                    5+ years  |   1.128838   .0185891     7.36   0.000     1.092986    1.165866
                              |
              cancer_haem_cat |
                   Last year  |   3.172439   .7166825     5.11   0.000     2.037507     4.93955
               2-5 years ago  |    2.20592   .1587309    10.99   0.000     1.915755    2.540034
                    5+ years  |   1.657723   .0995223     8.42   0.000     1.473702    1.864723
                              |
      1.chronic_liver_disease |   1.710484   .0813447    11.29   0.000     1.558256    1.877584
            1.stroke_dementia |   1.826315   .0506211    21.73   0.000     1.729747    1.928275
                1.other_neuro |   2.010205   .0768143    18.27   0.000     1.865151    2.166539
                              |
  reduced_kidney_function_cat |
Stage 3a/3b egfr 30-60        |   1.156206   .0191187     8.78   0.000     1.119334    1.194291
           Stage 4/5 egfr<30  |   1.843398   .1720735     6.55   0.000     1.535193    2.213478
                              |
                1.organ_trans |   2.526157   .1224123    19.12   0.000     2.297275    2.777844
                              |
                tot_people_hh |
                           2  |   .9558845   .0117868    -3.66   0.000     .9330598    .9792676
                           3  |   1.461189   .0859584     6.45   0.000     1.302064    1.639761
                           4  |   1.965059   .2165017     6.13   0.000     1.583412    2.438694
                           5  |    4.02505   .7979733     7.02   0.000     2.729098    5.936405
                              |
                   1.asplenia |    1.79572   .1284242     8.19   0.000     1.560858    2.065922
           1.ra_sle_psoriasis |   1.226069   .0299031     8.36   0.000     1.168839    1.286102
               1.other_immuno |   2.188987   .1609079    10.66   0.000     1.895279    2.528211
-----------------------------------------------------------------------------------------------
                                                             Stratified by stp
(note: file ./output/an_multivariate_cox_models_covid_tpp_prob_kids_cat3_MAINFULLYADJMODEL_CCeth.ster not found)
file ./output/an_multivariate_cox_models_covid_tpp_prob_kids_cat3_MAINFULLYADJMODEL_CCeth.ster saved
   1:   3152.18 /        1 =    3152.1750

--------------------------------------------------------------------------------------------------------------------------------------------------------------------------------------------------------------------------------------
active results
--------------------------------------------------------------------------------------------------------------------------------------------------------------------------------------------------------------------------------------

Stratified Cox regr. -- Breslow method for ties

No. of subjects      =   10,438,702             Number of obs    =  10,438,702
No. of failures      =       32,484
Time at risk         =   1414608407
                                                Wald chi2(45)    =  1295468.58
Log pseudolikelihood =    -403548.8             Prob > chi2      =      0.0000

                                        (Std. Err. adjusted for 171 clusters in household_size)
-----------------------------------------------------------------------------------------------
                              |               Robust
                           _t | Haz. Ratio   Std. Err.      z    P>|z|     [95% Conf. Interval]
------------------------------+----------------------------------------------------------------
                    kids_cat3 |
               Kids under 12  |    .460532   .0778162    -4.59   0.000     .3306983    .6413389
               Kids under 18  |   .6274027   .1049609    -2.79   0.005     .4520071    .8708584
                              |
                         age1 |   1.116456   .0150685     8.16   0.000      1.08731    1.146384
                         age2 |   .7657842   .0345829    -5.91   0.000     .7009161    .8366557
                         age3 |   2.074385   .2398555     6.31   0.000      1.65374    2.602025
                       1.male |   .9463653   .0425224    -1.23   0.220     .8665874    1.033488
                              |
                       bmicat |
          Normal (18.5-24.9)  |   .7187856   .0381618    -6.22   0.000       .64775    .7976114
        Overweight (25-29.9)  |   .7136636   .0402744    -5.98   0.000     .6389362    .7971309
           Obese I (30-34.9)  |   .8343928   .0526562    -2.87   0.004     .7373158    .9442512
          Obese II (35-39.9)  |   .9759254   .0452275    -0.53   0.599     .8911878     1.06872
             Obese III (40+)  |   1.216864   .0820246     2.91   0.004     1.066266    1.388733
                              |
                        smoke |
                      Former  |   1.102214   .0171329     6.26   0.000     1.069141    1.136311
                     Current  |    .668935    .029833    -9.02   0.000     .6129461    .7300382
                              |
                    ethnicity |
                       Mixed  |   1.371722   .0829987     5.22   0.000     1.218324    1.544436
      Asian or Asian British  |   1.429207   .1175666     4.34   0.000     1.216397    1.679248
                       Black  |   1.467118    .077994     7.21   0.000     1.321946    1.628231
                       Other  |   1.179541   .1071036     1.82   0.069     .9872404    1.409298
                              |
                          imd |
                           2  |     1.1065    .024533     4.56   0.000     1.059446    1.155644
                           3  |   1.123302   .0328744     3.97   0.000     1.060683    1.189619
                           4  |   1.249289   .0378221     7.35   0.000     1.177316    1.325663
             5 most deprived  |   1.372568   .0553456     7.85   0.000     1.268268    1.485445
                              |
           1.htdiag_or_highbp |   1.060301    .016231     3.83   0.000     1.028961    1.092595
1.chronic_respiratory_disease |   1.734906   .0592609    16.13   0.000     1.622559    1.855031
                     1.asthma |   1.220886   .0259671     9.38   0.000     1.171037    1.272856
    1.chronic_cardiac_disease |   1.291481   .0376017     8.79   0.000     1.219847    1.367323
                   1.diabetes |    1.37149   .0397089    10.91   0.000     1.295829    1.451568
                              |
            cancer_exhaem_cat |
                   Last year  |   1.679346   .0941111     9.25   0.000     1.504661    1.874312
               2-5 years ago  |   1.177783   .0403384     4.78   0.000     1.101316    1.259559
                    5+ years  |   1.139363   .0188643     7.88   0.000     1.102983    1.176942
                              |
              cancer_haem_cat |
                   Last year  |   3.106538   .7574859     4.65   0.000     1.926296    5.009914
               2-5 years ago  |    2.16135   .1735659     9.60   0.000     1.846587    2.529766
                    5+ years  |   1.625009   .1072575     7.36   0.000     1.427818    1.849433
                              |
      1.chronic_liver_disease |   1.682471   .0785492    11.14   0.000     1.535351    1.843688
            1.stroke_dementia |   1.802836   .0494267    21.50   0.000     1.708518     1.90236
                1.other_neuro |   1.947843    .081962    15.84   0.000     1.793646    2.115295
                              |
  reduced_kidney_function_cat |
Stage 3a/3b egfr 30-60        |   1.169731   .0169587    10.81   0.000     1.136961    1.203447
           Stage 4/5 egfr<30  |   1.851239   .1653534     6.89   0.000     1.553935    2.205424
                              |
                1.organ_trans |   2.522616   .1250693    18.66   0.000     2.289018    2.780053
                              |
                tot_people_hh |
                           2  |   .9482531   .0118347    -4.26   0.000      .925339    .9717347
                           3  |   1.462731   .0830004     6.70   0.000     1.308773      1.6348
                           4  |   1.978553   .2135017     6.32   0.000     1.601386    2.444551
                           5  |    4.14843   .8217417     7.18   0.000     2.813672    6.116373
                              |
                   1.asplenia |   1.827741    .120996     9.11   0.000     1.605334    2.080961
           1.ra_sle_psoriasis |   1.222852   .0326539     7.53   0.000     1.160498    1.288557
               1.other_immuno |   2.058685   .1853108     8.02   0.000     1.725718    2.455897
-----------------------------------------------------------------------------------------------
                                                             Stratified by stp
(note: file ./output/an_multivariate_cox_models_covid_tpp_prob_kids_cat3_MAINFULLYADJMODEL_CCeth_bmi_smoke.ster not found)
file ./output/an_multivariate_cox_models_covid_tpp_prob_kids_cat3_MAINFULLYADJMODEL_CCeth_bmi_smoke.ster saved
