--------------------------------------------------------------------------------------------------------------------------------------------------------------------------------------------------------------------------------------
      name:  <unnamed>
       log:  E:\caroline\school-age-children-and-covid\analysis\log\an_univariable_cox_models_covid_tpp_prob.log
  log type:  text
 opened on:  15 Jul 2020, 00:42:48

. 
. * Open dataset and fit specified model(s)
. use "$tempdir\cr_create_analysis_dataset_STSET_`outcome'.dta", clear

. 
. 
. foreach var of any `varlist' {
  2. 
.         *Special cases
.         if "`var'"=="agesplsex" local model "age1 age2 age3 i.male"
  3.         else if "`var'"=="agegroupsex" local model "ib3.agegroup i.male"
  4.         else if "`var'"=="bmicat" local model "age1 age2 age3 i.male ib2.bmicat"
  5.         *General form of model
.         else local model "age1 age2 age3 i.male i.`var'"
  6. 
.         *Fit and save model
.         cap erase ./output/an_univariable_cox_models_`outcome'_AGESEX_`var'.ster
  7.         capture stcox `model' , strata(stp) vce(cluster household_size)
  8.         if _rc==0 {
  9.                 estimates
 10.                 estimates save ./output/an_univariable_cox_models_`outcome'_AGESEX_`var'.ster, replace
 11.                 }
 12.         else di "WARNING - `var' vs `outcome' MODEL DID NOT SUCCESSFULLY FIT"
 13. 
. }

--------------------------------------------------------------------------------------------------------------------------------------------------------------------------------------------------------------------------------------
active results
--------------------------------------------------------------------------------------------------------------------------------------------------------------------------------------------------------------------------------------

Stratified Cox regr. -- Breslow method for ties

No. of subjects      =   16,340,834             Number of obs    =  16,340,834
No. of failures      =       45,657
Time at risk         =   2214894017
                                                Wald chi2(6)     =    13697.70
Log pseudolikelihood =   -597657.61             Prob > chi2      =      0.0000

                         (Std. Err. adjusted for 173 clusters in household_size)
--------------------------------------------------------------------------------
               |               Robust
            _t | Haz. Ratio   Std. Err.      z    P>|z|     [95% Conf. Interval]
---------------+----------------------------------------------------------------
          age1 |   1.102523   .0189396     5.68   0.000      1.06602    1.140276
          age2 |   .8009375   .0456242    -3.90   0.000     .7163269    .8955421
          age3 |    1.93165   .2997128     4.24   0.000     1.425138    2.618183
        1.male |   .9207075   .0615399    -1.24   0.216     .8076581    1.049581
               |
     kids_cat3 |
Kids under 12  |   1.076841    .065617     1.21   0.224     .9556169    1.213443
Kids under 18  |   1.191927   .0701886     2.98   0.003     1.062002    1.337747
--------------------------------------------------------------------------------
                                                             Stratified by stp
(note: file ./output/an_univariable_cox_models_covid_tpp_prob_AGESEX_kids_cat3.ster not found)
file ./output/an_univariable_cox_models_covid_tpp_prob_AGESEX_kids_cat3.ster saved

--------------------------------------------------------------------------------------------------------------------------------------------------------------------------------------------------------------------------------------
active results
--------------------------------------------------------------------------------------------------------------------------------------------------------------------------------------------------------------------------------------

Stratified Cox regr. -- Breslow method for ties

No. of subjects      =   16,340,834             Number of obs    =  16,340,834
No. of failures      =       45,657
Time at risk         =   2214894017
                                                Wald chi2(8)     =    22853.51
Log pseudolikelihood =   -597649.69             Prob > chi2      =      0.0000

                           (Std. Err. adjusted for 173 clusters in household_size)
----------------------------------------------------------------------------------
                 |               Robust
              _t | Haz. Ratio   Std. Err.      z    P>|z|     [95% Conf. Interval]
-----------------+----------------------------------------------------------------
            age1 |   1.102735    .019008     5.67   0.000     1.066102    1.140626
            age2 |   .8005904   .0457067    -3.90   0.000     .7158371    .8953782
            age3 |   1.933521   .3005732     4.24   0.000     1.425694    2.622234
          1.male |   .9206494    .061501    -1.24   0.216     .8076674    1.049436
                 |
  gp_number_kids |
 only >12 years  |   1.191814    .070687     2.96   0.003      1.06102    1.338732
    1 child <12  |   1.073995   .0586678     1.31   0.191     .9649496    1.195363
 2 children <12  |    1.03359   .0861884     0.40   0.692     .8777455    1.217104
3+ children <12  |   1.205123    .102373     2.20   0.028     1.020289    1.423441
----------------------------------------------------------------------------------
                                                             Stratified by stp
(note: file ./output/an_univariable_cox_models_covid_tpp_prob_AGESEX_gp_number_kids.ster not found)
file ./output/an_univariable_cox_models_covid_tpp_prob_AGESEX_gp_number_kids.ster saved

. 
. * Close log file
. log close
      name:  <unnamed>
       log:  E:\caroline\school-age-children-and-covid\analysis\log\an_univariable_cox_models_covid_tpp_prob.log
  log type:  text
 closed on:  15 Jul 2020, 01:19:48
--------------------------------------------------------------------------------------------------------------------------------------------------------------------------------------------------------------------------------------
