--------------------------------------------------------------------------------------------------------------------------------------------------------------------------------------------------------------------------------------
      name:  <unnamed>
       log:  E:\caroline\school-age-children-and-covid\analysis\log\an_univariable_cox_models_covid_tpp_prob_SENSE12mo.log
  log type:  text
 opened on:  15 Jul 2020, 01:19:48

. 
. * Open dataset and fit specified model(s)
. use "$tempdir\cr_create_analysis_dataset_STSET_`outcome'.dta", clear

. 
. *SENSITIVITY ANALYSIS: 12 months FUP
. drop if has_12_m_follow_up == .
(0 observations deleted)

. foreach var of any `varlist' {
  2. 
.         *General form of model
.         else local model "age1 age2 age3 i.male i.`var'"
  3. 
.         *Fit and save model
.         cap erase ./output/an_univariable_cox_models_`outcome'_AGESEX_`var'_12mo.ster
  4.         capture stcox `model' , strata(stp) vce(cluster household_size)
  5.         if _rc==0 {
  6.                 estimates
  7.                 estimates save ./output/an_univariable_cox_models_`outcome'_AGESEX_`var'_12mo.ster, replace
  8.                 }
  9.         else di "WARNING - `var' vs `outcome' MODEL DID NOT SUCCESSFULLY FIT"
 10. 
. }

--------------------------------------------------------------------------------------------------------------------------------------------------------------------------------------------------------------------------------------
active results
--------------------------------------------------------------------------------------------------------------------------------------------------------------------------------------------------------------------------------------

Stratified Cox regr. -- Breslow method for ties

No. of subjects      =   16,340,834             Number of obs    =  16,340,834
No. of failures      =       45,657
Time at risk         =   2214894017
                                                Wald chi2(6)     =    13697.70
Log pseudolikelihood =   -597657.61             Prob > chi2      =      0.0000

                         (Std. Err. adjusted for 173 clusters in household_size)
--------------------------------------------------------------------------------
               |               Robust
            _t | Haz. Ratio   Std. Err.      z    P>|z|     [95% Conf. Interval]
---------------+----------------------------------------------------------------
          age1 |   1.102523   .0189396     5.68   0.000      1.06602    1.140276
          age2 |   .8009375   .0456242    -3.90   0.000     .7163269    .8955421
          age3 |    1.93165   .2997128     4.24   0.000     1.425138    2.618183
        1.male |   .9207075   .0615399    -1.24   0.216     .8076581    1.049581
               |
     kids_cat3 |
Kids under 12  |   1.076841    .065617     1.21   0.224     .9556169    1.213443
Kids under 18  |   1.191927   .0701886     2.98   0.003     1.062002    1.337747
--------------------------------------------------------------------------------
                                                             Stratified by stp
(note: file ./output/an_univariable_cox_models_covid_tpp_prob_AGESEX_kids_cat3_12mo.ster not found)
file ./output/an_univariable_cox_models_covid_tpp_prob_AGESEX_kids_cat3_12mo.ster saved

. 
. 
. * Close log file
. log close
      name:  <unnamed>
       log:  E:\caroline\school-age-children-and-covid\analysis\log\an_univariable_cox_models_covid_tpp_prob_SENSE12mo.log
  log type:  text
 closed on:  15 Jul 2020, 01:37:29
--------------------------------------------------------------------------------------------------------------------------------------------------------------------------------------------------------------------------------------
