-----------------------------------------------------------------------------------
      name:  <unnamed>
       log:  C:\Users\ENCDHFOR\Documents\GitHub\school-age-children-and-covid\analy
> sis\output/an_interaction_cox_models_covid_tpp_prob_or_susp.log
  log type:  text
 opened on:   6 Jul 2020, 17:05:31

. 
. 
. use "$tempdir\cr_create_analysis_dataset_STSET_`outcome'.dta", clear

. stset
-> stset stime_covid_tpp_prob_or_susp, id(patient_id)
                                       failure(covid_tpp_prob_or_susp)
                                       enter(time enter_date) origin(time
                                       enter_date)

                id:  patient_id
     failure event:  covid_tpp_prob_or_susp != 0 & covid_tpp_prob_or_susp < .
obs. time interval:  (stime_covid_tpp_prob_or_susp[_n-1], stime_covid_tpp_prob_or_s
> usp]
 enter on or after:  time enter_date
 exit on or before:  failure
    t for analysis:  (time-origin)
            origin:  time enter_date

------------------------------------------------------------------------------
      4,767  total observations
          0  exclusions
------------------------------------------------------------------------------
      4,767  observations remaining, representing
      4,767  subjects
      1,636  failures in single-failure-per-subject data
    542,280  total analysis time at risk and under observation
                                                at risk from t =         0
                                     earliest observed entry t =         0
                                          last observed exit t =       136

. 
. *Split data by time of study period: days to April 3rd (31 d March, 3d April)
. stsplit cat_time, at(0,34, 200)
(4,424 observations (episodes) created)

. recode cat_time 34=1 200=2 
(cat_time: 4424 changes made)

. recode `outcome' .=0 
(covid_tpp_prob_or_susp: 4424 changes made)

. tab cat_time

observation |
   interval |      Freq.     Percent        Cum.
------------+-----------------------------------
          0 |      4,767       51.87       51.87
          1 |      4,424       48.13      100.00
------------+-----------------------------------
      Total |      9,191      100.00

.  
. /*Overlapping time periods
> gen cat_time0=1 if cat==0
> gen cat_time1=1 if cat==0 | cat==0.25
> */
.         
. *PROG TO DEFINE THE BASIC COX MODEL WITH OPTIONS FOR HANDLING OF AGE, BMI, ETHNIC
> ITY:
. cap prog drop basemodel

. prog define basemodel
  1.         syntax , exposure(string)  age(string) bp(string) [ethnicity(real 0) i
> nteraction(string)] 
  2. 
.         if `ethnicity'==1 local ethnicity "i.ethnicity"
  3.         else local ethnicity
  4. timer clear
  5. timer on 1
  6.  stcox  `exposure' `age'                                        ///
>                         i.male                                                  /
> //
>                         i.obese4cat                                             /
> //
>                         i.smoke_nomiss                                  ///
>                         `ethnicity'                                             /
> //
>                         i.imd                                                   /
> //
>                         `bp'                                                    /
> //
>                         i.chronic_respiratory_disease   ///
>                         i.asthma                                        ///
>                         i.chronic_cardiac_disease               ///
>                         i.diabetes                                              /
> //
>                         i.cancer_exhaem_cat                             ///
>                         i.cancer_haem_cat                               ///
>                         i.chronic_liver_disease                 ///
>                         i.stroke_dementia                               ///
>                         i.other_neuro                                   ///
>                         i.reduced_kidney_function_cat   ///
>                         i.organ_trans                           ///
>                         i.asplenia                                              /
> //
>                         i.additional_people                             ///
>                         i.ra_sle_psoriasis                      ///
>                         i.other_immuno                  ///
>                         `interaction'                                            
>        ///
>                         , strata(stp) vce(cluster household_size)
  7.         timer off 1
  8. timer list
  9. end

. *********************************************************************************
> ****
. 
. foreach int_type in age66 male cat_time shield {
  2. 
. *Age interaction for 3-level exposure vars
. foreach exposure_type in kids_cat3  {
  3. 
. *Age spline model (not adj ethnicity, no interaction)
. basemodel, exposure("i.`exposure_type'") age("age1 age2 age3")  bp("i.htdiag_or_h
> ighbp") ethnicity(0)
  4. 
. *Age spline model (not adj ethnicity, interaction)
. basemodel, exposure("i.`exposure_type'") age("age1 age2 age3")  bp("i.htdiag_or_h
> ighbp") ethnicity(0) interaction(1.`int_type'#1.`exposure_type' 1.`int_type'#2.`e
> xposure_type')
  5. if _rc==0{
  6. testparm 1.`int_type'#i.`exposure_type'
  7. di _n "`exposure_type' <66" _n "****************"
  8. lincom 2.`exposure_type', eform
  9. di "`exposure_type' 66+" _n "****************"
 10. lincom 2.`exposure_type' + 1.`int_type'#2.`exposure_type', eform
 11. estimates save ./output/an_interaction_cox_models_`outcome'_`exposure_type'_`i
> nt_type'_MAINFULLYADJMODEL_agespline_bmicat_noeth, replace
 12. }
 13. else di "WARNING GROUP MODEL DID NOT FIT (OUTCOME `outcome')"
 14. 
. }
 15. 
. *Age interactions with 4-level vars
. foreach exposure_type in gp_number_kids {
 16. basemodel, exposure("i.`exposure_type'") age("age1 age2 age3")  bp("i.htdiag_o
> r_highbp") ethnicity(0) interaction(1.`int_type'#1.`exposure_type' 1.`int_type'#2
> .`exposure_type' 1.`int_type'#3.`exposure_type' 1.`int_type'#4.`exposure_type')
 17. if _rc==0{
 18. testparm 1.`int_type'#i.`exposure_type'
 19. di _n "`exposure_type' <66" _n "****************"
 20. lincom 2.`exposure_type', eform
 21. lincom 3.`exposure_type', eform
 22. lincom 4.`exposure_type', eform
 23. di "`exposure_type' 66+" _n "****************"
 24. lincom 2.`exposure_type' + 1.`int_type'#2.`exposure_type', eform
 25. lincom 3.`exposure_type' + 1.`int_type'#3.`exposure_type', eform
 26. lincom 4.`exposure_type' + 1.`int_type'#4.`exposure_type', eform
 27. estimates save ./output/an_interaction_cox_models_`outcome'_`exposure_type'_`i
> nt_type'_MAINFULLYADJMODEL_agespline_bmicat_noeth, replace
 28. }
 29. else di "WARNING GROUP MODEL DID NOT FIT (OUTCOME `outcome')"
 30. }
 31. 
. }

         failure _d:  covid_tpp_prob_or_susp
   analysis time _t:  (stime_covid_tpp_prob_or_susp-origin)
             origin:  time enter_date
  enter on or after:  time enter_date
                 id:  patient_id

Iteration 0:   log pseudolikelihood = -9837.6847
Iteration 1:   log pseudolikelihood = -9822.7147
Iteration 2:   log pseudolikelihood = -9822.5677
Iteration 3:   log pseudolikelihood = -9822.5675
Refining estimates:
Iteration 0:   log pseudolikelihood = -9822.5675

Stratified Cox regr. -- Breslow method for ties

No. of subjects      =        4,767             Number of obs    =       9,191
No. of failures      =        1,636
Time at risk         =       542280
                                                Wald chi2(6)     =      128.90
Log pseudolikelihood =   -9822.5675             Prob > chi2      =      0.0000

                             (Std. Err. adjusted for 7 clusters in household_size)
----------------------------------------------------------------------------------
                 |               Robust
              _t | Haz. Ratio   Std. Err.      z    P>|z|     [95% Conf. Interval]
-----------------+----------------------------------------------------------------
       kids_cat3 |
  Kids under 12  |   .9860543   .0787676    -0.18   0.860     .8431512    1.153177
  Kids under 18  |   .9429509   .0545449    -1.02   0.310     .8418823    1.056153
                 |
            age1 |   .9803867   .0106557    -1.82   0.068     .9597228    1.001496
            age2 |   1.036254   .0245209     1.50   0.132     .9892914    1.085446
            age3 |   .9232631   .0522605    -1.41   0.158     .8263118     1.03159
          1.male |   1.076288   .0485787     1.63   0.103     .9851654    1.175839
                 |
       obese4cat |
Obese I (30-..)  |   .9715884   .1314421    -0.21   0.831     .7452926    1.266595
Obese II (35..)  |   .9865493    .097796    -0.14   0.891     .8123436    1.198113
Obese III (40+)  |   1.109169      .1211     0.95   0.343     .8954945    1.373829
                 |
    smoke_nomiss |
         Former  |   1.067029   .1925095     0.36   0.719     .7492138    1.519662
        Current  |   .9883083   .0399765    -0.29   0.771     .9129812     1.06985
                 |
             imd |
              4  |   1.008057   .0379354     0.21   0.831     .9363812     1.08522
5 most deprived  |   .9480752   .0747249    -0.68   0.499     .8123687    1.106451
                 |
1.htdiag_or_hi~p |   1.005178   .0665683     0.08   0.938     .8828195    1.144496
1.chronic_res~se |   .9643904   .0360354    -0.97   0.332     .8962865    1.037669
        1.asthma |   .9921938    .082876    -0.09   0.925     .8423592     1.16868
1.chronic_car~se |   .9894834   .0454119    -0.23   0.818     .9043635    1.082615
      1.diabetes |   .9400539   .0458216    -1.27   0.205     .8544017    1.034292
                 |
cancer_exhaem_~t |
      Last year  |   1.095794   .5693965     0.18   0.860     .3957557    3.034103
  2-5 years ago  |   1.046945   .2136696     0.22   0.822     .7017838    1.561869
       5+ years  |   .8837424   .0365162    -2.99   0.003     .8149933    .9582908
                 |
 cancer_haem_cat |
      Last year  |   1.581582   .3706967     1.96   0.050     .9990425    2.503798
  2-5 years ago  |    1.02491   .1913388     0.13   0.895     .7108474    1.477731
       5+ years  |   1.024646   .0583259     0.43   0.669      .916476    1.145584
                 |
1.chronic_liv~se |   .9633866    .072953    -0.49   0.622     .8305062    1.117528
1.stroke_demen~a |   .9549683   .0544827    -0.81   0.419      .853938    1.067952
   1.other_neuro |    .942439   .0450588    -1.24   0.215     .8581368    1.035023
                 |
reduced_kidney~t |
Stage 3a/3b e..  |   .9250115   .1536866    -0.47   0.639      .667919    1.281063
   1.organ_trans |   .9536366   .0813423    -0.56   0.578     .8068225    1.127166
      1.asplenia |   1.089031   .0350324     2.65   0.008     1.022488    1.159904
                 |
additional_peo~e |
              1  |   1.019705   .2155075     0.09   0.926     .6738748    1.543015
              2  |   .9922777    .122348    -0.06   0.950     .7792556    1.263533
              3  |   1.335589   .1532262     2.52   0.012     1.066641    1.672351
              4  |   .9711031   .0799627    -0.36   0.722     .8263721    1.141182
                 |
1.ra_sle_psori~s |   .9099387   .0466746    -1.84   0.066     .8229064    1.006176
  1.other_immuno |   1.058998   .0400343     1.52   0.129     .9833682    1.140444
----------------------------------------------------------------------------------
                                                             Stratified by stp
   1:      0.87 /        1 =       0.8730

         failure _d:  covid_tpp_prob_or_susp
   analysis time _t:  (stime_covid_tpp_prob_or_susp-origin)
             origin:  time enter_date
  enter on or after:  time enter_date
                 id:  patient_id

Iteration 0:   log pseudolikelihood = -9837.6847
Iteration 1:   log pseudolikelihood = -9820.2006
Iteration 2:   log pseudolikelihood = -9820.0413
Iteration 3:   log pseudolikelihood = -9820.0411
Refining estimates:
Iteration 0:   log pseudolikelihood = -9820.0411

Stratified Cox regr. -- Breslow method for ties

No. of subjects      =        4,767             Number of obs    =       9,191
No. of failures      =        1,636
Time at risk         =       542280
                                                Wald chi2(6)     =      126.88
Log pseudolikelihood =   -9820.0411             Prob > chi2      =      0.0000

                             (Std. Err. adjusted for 7 clusters in household_size)
----------------------------------------------------------------------------------
                 |               Robust
              _t | Haz. Ratio   Std. Err.      z    P>|z|     [95% Conf. Interval]
-----------------+----------------------------------------------------------------
       kids_cat3 |
  Kids under 12  |   .9517147   .0811153    -0.58   0.561     .8053011    1.124748
  Kids under 18  |   .8539605   .0487952    -2.76   0.006     .7634845    .9551583
                 |
            age1 |   .9792713   .0109396    -1.88   0.061     .9580631    1.000949
            age2 |   1.041771   .0258051     1.65   0.099     .9924024    1.093596
            age3 |   .8974854   .0543058    -1.79   0.074     .7971172    1.010491
          1.male |   1.074868   .0506059     1.53   0.125     .9801213    1.178774
                 |
       obese4cat |
Obese I (30-..)  |   .9658148   .1282333    -0.26   0.793     .7445228    1.252881
Obese II (35..)  |    .985293   .0950223    -0.15   0.878     .8155958    1.190298
Obese III (40+)  |   1.107147   .1193957     0.94   0.345     .8962127    1.367728
                 |
    smoke_nomiss |
         Former  |   1.066779   .1934704     0.36   0.722     .7476544    1.522116
        Current  |   .9895148   .0402692    -0.26   0.796     .9136542    1.071674
                 |
             imd |
              4  |   1.010237   .0365326     0.28   0.778     .9411125    1.084438
5 most deprived  |   .9464309   .0748005    -0.70   0.486     .8106152    1.105002
                 |
1.htdiag_or_hi~p |    1.00452   .0660726     0.07   0.945     .8830205    1.142738
1.chronic_res~se |   .9626866   .0347437    -1.05   0.292     .8969428    1.033249
        1.asthma |   .9949347   .0842069    -0.06   0.952     .8428545    1.174456
1.chronic_car~se |   .9922465   .0440847    -0.18   0.861     .9094973    1.082525
      1.diabetes |   .9412274   .0463992    -1.23   0.219     .8545418    1.036706
                 |
cancer_exhaem_~t |
      Last year  |   1.086993   .5544255     0.16   0.870      .400007    2.953832
  2-5 years ago  |   1.055119   .2139008     0.26   0.791     .7091531    1.569866
       5+ years  |    .882611   .0350785    -3.14   0.002      .816468    .9541123
                 |
 cancer_haem_cat |
      Last year  |   1.594133   .3778298     1.97   0.049     1.001796    2.536706
  2-5 years ago  |   1.039475   .1957258     0.21   0.837     .7186854    1.503451
       5+ years  |   1.025921    .057047     0.46   0.645     .9199888    1.144052
                 |
1.chronic_liv~se |   .9656655   .0730955    -0.46   0.644     .8325216    1.120103
1.stroke_demen~a |   .9542734   .0539593    -0.83   0.408     .8541649    1.066115
   1.other_neuro |   .9447965   .0452545    -1.19   0.236     .8601354    1.037791
                 |
reduced_kidney~t |
Stage 3a/3b e..  |   .9295375   .1526697    -0.44   0.656     .6736949    1.282539
   1.organ_trans |    .952048   .0803931    -0.58   0.561     .8068289    1.123405
      1.asplenia |   1.091479   .0353136     2.71   0.007     1.024415    1.162934
                 |
additional_peo~e |
              1  |   1.034024   .2123676     0.16   0.871     .6913704    1.546501
              2  |   .9953302    .124539    -0.04   0.970     .7788647    1.271957
              3  |   1.348903   .1477534     2.73   0.006     1.088288    1.671929
              4  |   .9714482   .0763038    -0.37   0.712     .8328385    1.133127
                 |
1.ra_sle_psori~s |   .9099148   .0463679    -1.85   0.064     .8234263    1.005488
  1.other_immuno |   1.056801   .0396788     1.47   0.141     .9818249    1.137503
                 |
 age66#kids_cat3 |
1#Kids under 12  |   1.230776   .0519356     4.92   0.000      1.13308    1.336896
1#Kids under 18  |   1.556864   .1502786     4.59   0.000     1.288508     1.88111
----------------------------------------------------------------------------------
                                                             Stratified by stp
   1:      0.81 /        1 =       0.8130

 ( 1)  1.age66#1.kids_cat3 = 0
 ( 2)  1.age66#2.kids_cat3 = 0

           chi2(  2) =   45.73
         Prob > chi2 =    0.0000

kids_cat3 <66
****************

 ( 1)  2.kids_cat3 = 0

------------------------------------------------------------------------------
          _t |     exp(b)   Std. Err.      z    P>|z|     [95% Conf. Interval]
-------------+----------------------------------------------------------------
         (1) |   .8539605   .0487952    -2.76   0.006     .7634845    .9551583
------------------------------------------------------------------------------
kids_cat3 66+
****************

 ( 1)  2.kids_cat3 + 1.age66#2.kids_cat3 = 0

------------------------------------------------------------------------------
          _t |     exp(b)   Std. Err.      z    P>|z|     [95% Conf. Interval]
-------------+----------------------------------------------------------------
         (1) |     1.3295    .137316     2.76   0.006     1.085858    1.627811
------------------------------------------------------------------------------
file ./output/an_interaction_cox_models_covid_tpp_prob_or_susp_kids_cat3_age66_MAIN
> FULLYADJMODEL_agespline_bmicat_noeth.ster saved

         failure _d:  covid_tpp_prob_or_susp
   analysis time _t:  (stime_covid_tpp_prob_or_susp-origin)
             origin:  time enter_date
  enter on or after:  time enter_date
                 id:  patient_id

Iteration 0:   log pseudolikelihood = -9837.6847
Iteration 1:   log pseudolikelihood = -9819.0771
Iteration 2:   log pseudolikelihood = -9818.9213
Iteration 3:   log pseudolikelihood =  -9818.921
Refining estimates:
Iteration 0:   log pseudolikelihood =  -9818.921

Stratified Cox regr. -- Breslow method for ties

No. of subjects      =        4,767             Number of obs    =       9,191
No. of failures      =        1,636
Time at risk         =       542280
                                                Wald chi2(6)     =       33.15
Log pseudolikelihood =    -9818.921             Prob > chi2      =      0.0000

                             (Std. Err. adjusted for 7 clusters in household_size)
----------------------------------------------------------------------------------
                 |               Robust
              _t | Haz. Ratio   Std. Err.      z    P>|z|     [95% Conf. Interval]
-----------------+----------------------------------------------------------------
  gp_number_kids |
              1  |   .9579456   .0968108    -0.43   0.671     .7858101    1.167788
              2  |   1.033956   .0913871     0.38   0.706     .8694962    1.229522
              3  |   .9069423    .099203    -0.89   0.372      .731937    1.123791
              4  |   .8719577   .1229611    -0.97   0.331     .6613956    1.149554
                 |
            age1 |   .9800278   .0103149    -1.92   0.055      .960018    1.000455
            age2 |   1.038552   .0237745     1.65   0.098     .9929851    1.086211
            age3 |   .9096866   .0486692    -1.77   0.077     .8191277    1.010257
          1.male |   1.075963   .0492459     1.60   0.110     .9836458    1.176945
                 |
       obese4cat |
Obese I (30-..)  |   .9568198   .1239779    -0.34   0.733     .7422283    1.233454
Obese II (35..)  |   .9860478   .0943664    -0.15   0.883     .8174036    1.189486
Obese III (40+)  |   1.107603    .124328     0.91   0.363     .8888678    1.380166
                 |
    smoke_nomiss |
         Former  |   1.083604   .2008044     0.43   0.665      .753586    1.558145
        Current  |   .9880296   .0415284    -0.29   0.774     .9098979     1.07287
                 |
             imd |
              4  |   1.005489   .0377291     0.15   0.884      .934195    1.082224
5 most deprived  |   .9507141   .0769904    -0.62   0.533     .8111819    1.114247
                 |
1.htdiag_or_hi~p |   .9905463   .0723206    -0.13   0.896     .8584753    1.142936
1.chronic_res~se |   .9631046   .0364835    -0.99   0.321     .8941881    1.037332
        1.asthma |    .988017   .0884357    -0.13   0.893     .8290388    1.177481
1.chronic_car~se |   .9903859   .0441632    -0.22   0.828     .9075023    1.080839
      1.diabetes |   .9359354   .0452134    -1.37   0.171     .8513847    1.028883
                 |
cancer_exhaem_~t |
      Last year  |   1.071065    .529004     0.14   0.889     .4068207    2.819864
  2-5 years ago  |   1.052628   .2057861     0.26   0.793     .7175752    1.544126
       5+ years  |   .8881687   .0384818    -2.74   0.006     .8158595    .9668866
                 |
 cancer_haem_cat |
      Last year  |   1.577672   .3686159     1.95   0.051     .9980157    2.493998
  2-5 years ago  |   1.031502   .1928421     0.17   0.868     .7150484    1.488005
       5+ years  |   1.020479   .0560527     0.37   0.712     .9163249    1.136472
                 |
1.chronic_liv~se |   .9648776   .0739171    -0.47   0.641     .8303546    1.121194
1.stroke_demen~a |   .9569321   .0555311    -0.76   0.448     .8540544    1.072202
   1.other_neuro |   .9428843   .0431839    -1.28   0.199     .8619331    1.031438
                 |
reduced_kidney~t |
Stage 3a/3b e..  |   .9293086   .1595074    -0.43   0.669     .6638331    1.300951
   1.organ_trans |    .951718   .0816167    -0.58   0.564     .8044732    1.125913
      1.asplenia |    1.09078   .0363627     2.61   0.009     1.021788    1.164429
                 |
additional_peo~e |
              1  |   1.016081   .2117286     0.08   0.939     .6753936    1.528621
              2  |   .9850598   .1224237    -0.12   0.904     .7721023    1.256754
              3  |   1.313162   .1641224     2.18   0.029     1.027858    1.677659
              4  |   .9733544   .0853425    -0.31   0.758     .8196693    1.155855
                 |
1.ra_sle_psori~s |   .9088062   .0467142    -1.86   0.063     .8217091    1.005135
  1.other_immuno |   1.060398   .0391901     1.59   0.113     .9863026    1.140059
                 |
           age66#|
  gp_number_kids |
            1 1  |   1.226854   .1080257     2.32   0.020     1.032389    1.457948
            1 2  |   1.008246   .0757736     0.11   0.913     .8701523    1.168255
            1 3  |   1.357075   .2677496     1.55   0.122      .921855    1.997768
            1 4  |   1.205307   .1993461     1.13   0.259     .8715996    1.666779
----------------------------------------------------------------------------------
                                                             Stratified by stp
   1:      0.81 /        1 =       0.8140

 ( 1)  1.age66#1.gp_number_kids = 0
 ( 2)  1.age66#2.gp_number_kids = 0
 ( 3)  1.age66#3.gp_number_kids = 0
 ( 4)  1.age66#4.gp_number_kids = 0

           chi2(  4) =   14.09
         Prob > chi2 =    0.0070

gp_number_kids <66
****************

 ( 1)  2.gp_number_kids = 0

------------------------------------------------------------------------------
          _t |     exp(b)   Std. Err.      z    P>|z|     [95% Conf. Interval]
-------------+----------------------------------------------------------------
         (1) |   1.033956   .0913871     0.38   0.706     .8694962    1.229522
------------------------------------------------------------------------------

 ( 1)  3.gp_number_kids = 0

------------------------------------------------------------------------------
          _t |     exp(b)   Std. Err.      z    P>|z|     [95% Conf. Interval]
-------------+----------------------------------------------------------------
         (1) |   .9069423    .099203    -0.89   0.372      .731937    1.123791
------------------------------------------------------------------------------

 ( 1)  4.gp_number_kids = 0

------------------------------------------------------------------------------
          _t |     exp(b)   Std. Err.      z    P>|z|     [95% Conf. Interval]
-------------+----------------------------------------------------------------
         (1) |   .8719577   .1229611    -0.97   0.331     .6613956    1.149554
------------------------------------------------------------------------------
gp_number_kids 66+
****************

 ( 1)  2.gp_number_kids + 1.age66#2.gp_number_kids = 0

------------------------------------------------------------------------------
          _t |     exp(b)   Std. Err.      z    P>|z|     [95% Conf. Interval]
-------------+----------------------------------------------------------------
         (1) |   1.042481   .1481541     0.29   0.770     .7890386    1.377331
------------------------------------------------------------------------------

 ( 1)  3.gp_number_kids + 1.age66#3.gp_number_kids = 0

------------------------------------------------------------------------------
          _t |     exp(b)   Std. Err.      z    P>|z|     [95% Conf. Interval]
-------------+----------------------------------------------------------------
         (1) |   1.230789   .2161292     1.18   0.237     .8723901    1.736426
------------------------------------------------------------------------------

 ( 1)  4.gp_number_kids + 1.age66#4.gp_number_kids = 0

------------------------------------------------------------------------------
          _t |     exp(b)   Std. Err.      z    P>|z|     [95% Conf. Interval]
-------------+----------------------------------------------------------------
         (1) |   1.050976   .2911335     0.18   0.858     .6106602    1.808783
------------------------------------------------------------------------------
file ./output/an_interaction_cox_models_covid_tpp_prob_or_susp_gp_number_kids_age66
> _MAINFULLYADJMODEL_agespline_bmicat_noeth.ster saved

         failure _d:  covid_tpp_prob_or_susp
   analysis time _t:  (stime_covid_tpp_prob_or_susp-origin)
             origin:  time enter_date
  enter on or after:  time enter_date
                 id:  patient_id

Iteration 0:   log pseudolikelihood = -9837.6847
Iteration 1:   log pseudolikelihood = -9822.7147
Iteration 2:   log pseudolikelihood = -9822.5677
Iteration 3:   log pseudolikelihood = -9822.5675
Refining estimates:
Iteration 0:   log pseudolikelihood = -9822.5675

Stratified Cox regr. -- Breslow method for ties

No. of subjects      =        4,767             Number of obs    =       9,191
No. of failures      =        1,636
Time at risk         =       542280
                                                Wald chi2(6)     =      128.90
Log pseudolikelihood =   -9822.5675             Prob > chi2      =      0.0000

                             (Std. Err. adjusted for 7 clusters in household_size)
----------------------------------------------------------------------------------
                 |               Robust
              _t | Haz. Ratio   Std. Err.      z    P>|z|     [95% Conf. Interval]
-----------------+----------------------------------------------------------------
       kids_cat3 |
  Kids under 12  |   .9860543   .0787676    -0.18   0.860     .8431512    1.153177
  Kids under 18  |   .9429509   .0545449    -1.02   0.310     .8418823    1.056153
                 |
            age1 |   .9803867   .0106557    -1.82   0.068     .9597228    1.001496
            age2 |   1.036254   .0245209     1.50   0.132     .9892914    1.085446
            age3 |   .9232631   .0522605    -1.41   0.158     .8263118     1.03159
          1.male |   1.076288   .0485787     1.63   0.103     .9851654    1.175839
                 |
       obese4cat |
Obese I (30-..)  |   .9715884   .1314421    -0.21   0.831     .7452926    1.266595
Obese II (35..)  |   .9865493    .097796    -0.14   0.891     .8123436    1.198113
Obese III (40+)  |   1.109169      .1211     0.95   0.343     .8954945    1.373829
                 |
    smoke_nomiss |
         Former  |   1.067029   .1925095     0.36   0.719     .7492138    1.519662
        Current  |   .9883083   .0399765    -0.29   0.771     .9129812     1.06985
                 |
             imd |
              4  |   1.008057   .0379354     0.21   0.831     .9363812     1.08522
5 most deprived  |   .9480752   .0747249    -0.68   0.499     .8123687    1.106451
                 |
1.htdiag_or_hi~p |   1.005178   .0665683     0.08   0.938     .8828195    1.144496
1.chronic_res~se |   .9643904   .0360354    -0.97   0.332     .8962865    1.037669
        1.asthma |   .9921938    .082876    -0.09   0.925     .8423592     1.16868
1.chronic_car~se |   .9894834   .0454119    -0.23   0.818     .9043635    1.082615
      1.diabetes |   .9400539   .0458216    -1.27   0.205     .8544017    1.034292
                 |
cancer_exhaem_~t |
      Last year  |   1.095794   .5693965     0.18   0.860     .3957557    3.034103
  2-5 years ago  |   1.046945   .2136696     0.22   0.822     .7017838    1.561869
       5+ years  |   .8837424   .0365162    -2.99   0.003     .8149933    .9582908
                 |
 cancer_haem_cat |
      Last year  |   1.581582   .3706967     1.96   0.050     .9990425    2.503798
  2-5 years ago  |    1.02491   .1913388     0.13   0.895     .7108474    1.477731
       5+ years  |   1.024646   .0583259     0.43   0.669      .916476    1.145584
                 |
1.chronic_liv~se |   .9633866    .072953    -0.49   0.622     .8305062    1.117528
1.stroke_demen~a |   .9549683   .0544827    -0.81   0.419      .853938    1.067952
   1.other_neuro |    .942439   .0450588    -1.24   0.215     .8581368    1.035023
                 |
reduced_kidney~t |
Stage 3a/3b e..  |   .9250115   .1536866    -0.47   0.639      .667919    1.281063
   1.organ_trans |   .9536366   .0813423    -0.56   0.578     .8068225    1.127166
      1.asplenia |   1.089031   .0350324     2.65   0.008     1.022488    1.159904
                 |
additional_peo~e |
              1  |   1.019705   .2155075     0.09   0.926     .6738748    1.543015
              2  |   .9922777    .122348    -0.06   0.950     .7792556    1.263533
              3  |   1.335589   .1532262     2.52   0.012     1.066641    1.672351
              4  |   .9711031   .0799627    -0.36   0.722     .8263721    1.141182
                 |
1.ra_sle_psori~s |   .9099387   .0466746    -1.84   0.066     .8229064    1.006176
  1.other_immuno |   1.058998   .0400343     1.52   0.129     .9833682    1.140444
----------------------------------------------------------------------------------
                                                             Stratified by stp
   1:      0.72 /        1 =       0.7210

         failure _d:  covid_tpp_prob_or_susp
   analysis time _t:  (stime_covid_tpp_prob_or_susp-origin)
             origin:  time enter_date
  enter on or after:  time enter_date
                 id:  patient_id

Iteration 0:   log pseudolikelihood = -9837.6847
Iteration 1:   log pseudolikelihood =  -9821.055
Iteration 2:   log pseudolikelihood =  -9820.906
Iteration 3:   log pseudolikelihood = -9820.9057
Refining estimates:
Iteration 0:   log pseudolikelihood = -9820.9057

Stratified Cox regr. -- Breslow method for ties

No. of subjects      =        4,767             Number of obs    =       9,191
No. of failures      =        1,636
Time at risk         =       542280
                                                Wald chi2(6)     =      110.58
Log pseudolikelihood =   -9820.9057             Prob > chi2      =      0.0000

                             (Std. Err. adjusted for 7 clusters in household_size)
----------------------------------------------------------------------------------
                 |               Robust
              _t | Haz. Ratio   Std. Err.      z    P>|z|     [95% Conf. Interval]
-----------------+----------------------------------------------------------------
       kids_cat3 |
  Kids under 12  |   .9038823   .0600659    -1.52   0.128     .7934997     1.02962
  Kids under 18  |   .9939078   .1031291    -0.06   0.953     .8110066    1.218058
                 |
            age1 |   .9811415   .0106172    -1.76   0.079     .9605512    1.002173
            age2 |   1.034355   .0246132     1.42   0.156     .9872213    1.083738
            age3 |    .927351   .0530626    -1.32   0.187     .8289699    1.037408
          1.male |   .9464493   .1058672    -0.49   0.623     .7601237    1.178448
                 |
       obese4cat |
Obese I (30-..)  |   .9686283   .1289196    -0.24   0.811     .7462193    1.257326
Obese II (35..)  |   .9847014   .0968117    -0.16   0.875     .8121159    1.193964
Obese III (40+)  |   1.109193   .1202221     0.96   0.339     .8969085    1.371723
                 |
    smoke_nomiss |
         Former  |   1.063886   .1863432     0.35   0.724     .7547524    1.499636
        Current  |   .9881417   .0385397    -0.31   0.760     .9154203     1.06664
                 |
             imd |
              4  |   1.005436   .0386514     0.14   0.888      .932464    1.084118
5 most deprived  |   .9466643   .0745075    -0.70   0.486     .8113382    1.104562
                 |
1.htdiag_or_hi~p |   1.007503   .0648141     0.12   0.908     .8881516    1.142892
1.chronic_res~se |   .9654147   .0360918    -0.94   0.346     .8972055    1.038809
        1.asthma |   .9923024   .0846145    -0.09   0.928     .8395786    1.172808
1.chronic_car~se |   .9893814    .046602    -0.23   0.821     .9021325    1.085068
      1.diabetes |   .9415195    .046652    -1.22   0.224     .8543829    1.037543
                 |
cancer_exhaem_~t |
      Last year  |   1.117157   .5824754     0.21   0.832     .4020736    3.104008
  2-5 years ago  |   1.040793   .2114645     0.20   0.844     .6989083    1.549916
       5+ years  |   .8853365   .0364128    -2.96   0.003     .8167695    .9596598
                 |
 cancer_haem_cat |
      Last year  |   1.561753   .3645651     1.91   0.056     .9883562    2.467806
  2-5 years ago  |   1.025686   .1945848     0.13   0.894     .7071823    1.487639
       5+ years  |   1.025043   .0586283     0.43   0.665     .9163401     1.14664
                 |
1.chronic_liv~se |   .9633222   .0721704    -0.50   0.618     .8317658    1.115686
1.stroke_demen~a |    .956142   .0553555    -0.77   0.439     .8535765    1.071032
   1.other_neuro |   .9434981   .0448028    -1.22   0.221     .8596487    1.035526
                 |
reduced_kidney~t |
Stage 3a/3b e..  |   .9217705   .1506955    -0.50   0.618     .6690587    1.269935
   1.organ_trans |   .9538714   .0816287    -0.55   0.581     .8065796    1.128061
      1.asplenia |   1.087664   .0352702     2.59   0.010     1.020687    1.159037
                 |
additional_peo~e |
              1  |   1.006464   .2053996     0.03   0.975     .6746593    1.501453
              2  |   1.004572   .1145829     0.04   0.968     .8033265    1.256234
              3  |    1.35183   .1529612     2.66   0.008     1.082948    1.687472
              4  |   .9762411   .0777224    -0.30   0.763     .8351983    1.141102
                 |
1.ra_sle_psori~s |   .9090305   .0479438    -1.81   0.071     .8197561    1.008027
  1.other_immuno |   1.062209   .0416397     1.54   0.124     .9836529    1.147038
                 |
  male#kids_cat3 |
1#Kids under 12  |   1.185329   .1154955     1.74   0.081     .9792641    1.434755
1#Kids under 18  |   .8770526   .1942971    -0.59   0.554     .5681401    1.353929
----------------------------------------------------------------------------------
                                                             Stratified by stp
   1:      0.76 /        1 =       0.7610

 ( 1)  1.male#1.kids_cat3 = 0
 ( 2)  1.male#2.kids_cat3 = 0

           chi2(  2) =    5.73
         Prob > chi2 =    0.0569

kids_cat3 <66
****************

 ( 1)  2.kids_cat3 = 0

------------------------------------------------------------------------------
          _t |     exp(b)   Std. Err.      z    P>|z|     [95% Conf. Interval]
-------------+----------------------------------------------------------------
         (1) |   .9939078   .1031291    -0.06   0.953     .8110066    1.218058
------------------------------------------------------------------------------
kids_cat3 66+
****************

 ( 1)  2.kids_cat3 + 1.male#2.kids_cat3 = 0

------------------------------------------------------------------------------
          _t |     exp(b)   Std. Err.      z    P>|z|     [95% Conf. Interval]
-------------+----------------------------------------------------------------
         (1) |   .8717094   .1241944    -0.96   0.335     .6593244    1.152509
------------------------------------------------------------------------------
file ./output/an_interaction_cox_models_covid_tpp_prob_or_susp_kids_cat3_male_MAINF
> ULLYADJMODEL_agespline_bmicat_noeth.ster saved

         failure _d:  covid_tpp_prob_or_susp
   analysis time _t:  (stime_covid_tpp_prob_or_susp-origin)
             origin:  time enter_date
  enter on or after:  time enter_date
                 id:  patient_id

Iteration 0:   log pseudolikelihood = -9837.6847
Iteration 1:   log pseudolikelihood = -9819.5916
Iteration 2:   log pseudolikelihood = -9819.4296
Iteration 3:   log pseudolikelihood = -9819.4294
Refining estimates:
Iteration 0:   log pseudolikelihood = -9819.4294

Stratified Cox regr. -- Breslow method for ties

No. of subjects      =        4,767             Number of obs    =       9,191
No. of failures      =        1,636
Time at risk         =       542280
                                                Wald chi2(6)     =      360.07
Log pseudolikelihood =   -9819.4294             Prob > chi2      =      0.0000

                             (Std. Err. adjusted for 7 clusters in household_size)
----------------------------------------------------------------------------------
                 |               Robust
              _t | Haz. Ratio   Std. Err.      z    P>|z|     [95% Conf. Interval]
-----------------+----------------------------------------------------------------
  gp_number_kids |
              1  |   .9384056   .0942999    -0.63   0.527      .770644    1.142687
              2  |    .914654   .0910612    -0.90   0.370      .752511    1.111734
              3  |   .9500397   .1320235    -0.37   0.712     .7235248     1.24747
              4  |   .8272987   .1603532    -0.98   0.328     .5658172    1.209619
                 |
            age1 |   .9808949   .0099839    -1.90   0.058     .9615208    1.000659
            age2 |   1.034471    .022986     1.53   0.127     .9903859    1.080518
            age3 |   .9275997   .0498539    -1.40   0.162     .8348581    1.030644
          1.male |   .9511116     .04467    -1.07   0.286     .8674687    1.042819
                 |
       obese4cat |
Obese I (30-..)  |   .9703368   .1293239    -0.23   0.821     .7472684    1.259994
Obese II (35..)  |   .9882877   .0966612    -0.12   0.904     .8158873    1.197117
Obese III (40+)  |   1.115819   .1214999     1.01   0.314     .9013789    1.381274
                 |
    smoke_nomiss |
         Former  |   1.073813   .1868899     0.41   0.682     .7634534    1.510339
        Current  |    .989933   .0432915    -0.23   0.817     .9086179    1.078525
                 |
             imd |
              4  |   1.004664   .0410112     0.11   0.909     .9274151    1.088348
5 most deprived  |   .9512233   .0759418    -0.63   0.531     .8134409    1.112344
                 |
1.htdiag_or_hi~p |   1.002262   .0699264     0.03   0.974     .8741664    1.149128
1.chronic_res~se |   .9676965   .0367219    -0.87   0.387     .8983344    1.042414
        1.asthma |   .9872595   .0918572    -0.14   0.890     .8226844    1.184757
1.chronic_car~se |   .9906408   .0456022    -0.20   0.838     .9051755    1.084176
      1.diabetes |   .9400642   .0457053    -1.27   0.204     .8546192    1.034052
                 |
cancer_exhaem_~t |
      Last year  |   1.096602   .5810812     0.17   0.862      .388154    3.098092
  2-5 years ago  |   1.036377   .2058826     0.18   0.857     .7021363    1.529728
       5+ years  |   .8880893   .0387234    -2.72   0.006     .8153454    .9673233
                 |
 cancer_haem_cat |
      Last year  |    1.58686   .3442774     2.13   0.033     1.037209     2.42779
  2-5 years ago  |   1.030839   .1951027     0.16   0.873     .7113572    1.493807
       5+ years  |    1.02402   .0544261     0.45   0.655     .9227153    1.136448
                 |
1.chronic_liv~se |   .9655948   .0751288    -0.45   0.653     .8290229    1.124665
1.stroke_demen~a |   .9551237   .0556153    -0.79   0.430     .8521098    1.070591
   1.other_neuro |   .9460074   .0456204    -1.15   0.250     .8606886    1.039784
                 |
reduced_kidney~t |
Stage 3a/3b e..  |   .9155361   .1599614    -0.51   0.614     .6500617    1.289426
   1.organ_trans |   .9525953   .0815478    -0.57   0.571     .8054537    1.126617
      1.asplenia |   1.088017   .0356019     2.58   0.010     1.020429    1.160082
                 |
additional_peo~e |
              1  |   .9997746   .2035166    -0.00   0.999     .6708561    1.489961
              2  |   .9950886   .1095448    -0.04   0.964     .8019676    1.234715
              3  |   1.318971   .1612135     2.27   0.024     1.037996    1.676003
              4  |   .9685752   .0830179    -0.37   0.710     .8187959    1.145753
                 |
1.ra_sle_psori~s |   .9099595   .0478865    -1.79   0.073     .8207817    1.008826
  1.other_immuno |   1.061163   .0395171     1.59   0.111     .9864702    1.141512
                 |
            male#|
  gp_number_kids |
            1 1  |   1.140835   .1134901     1.32   0.185     .9387404    1.386438
            1 2  |   1.287338   .0982055     3.31   0.001     1.108557    1.494951
            1 3  |   1.038437    .160403     0.24   0.807     .7671821      1.4056
            1 4  |   1.203748   .1143947     1.95   0.051     .9991813    1.450198
----------------------------------------------------------------------------------
                                                             Stratified by stp
   1:      1.02 /        1 =       1.0230

 ( 1)  1.male#1.gp_number_kids = 0
 ( 2)  1.male#2.gp_number_kids = 0
 ( 3)  1.male#3.gp_number_kids = 0
 ( 4)  1.male#4.gp_number_kids = 0

           chi2(  4) =  116.28
         Prob > chi2 =    0.0000

gp_number_kids <66
****************

 ( 1)  2.gp_number_kids = 0

------------------------------------------------------------------------------
          _t |     exp(b)   Std. Err.      z    P>|z|     [95% Conf. Interval]
-------------+----------------------------------------------------------------
         (1) |    .914654   .0910612    -0.90   0.370      .752511    1.111734
------------------------------------------------------------------------------

 ( 1)  3.gp_number_kids = 0

------------------------------------------------------------------------------
          _t |     exp(b)   Std. Err.      z    P>|z|     [95% Conf. Interval]
-------------+----------------------------------------------------------------
         (1) |   .9500397   .1320235    -0.37   0.712     .7235248     1.24747
------------------------------------------------------------------------------

 ( 1)  4.gp_number_kids = 0

------------------------------------------------------------------------------
          _t |     exp(b)   Std. Err.      z    P>|z|     [95% Conf. Interval]
-------------+----------------------------------------------------------------
         (1) |   .8272987   .1603532    -0.98   0.328     .5658172    1.209619
------------------------------------------------------------------------------
gp_number_kids 66+
****************

 ( 1)  2.gp_number_kids + 1.male#2.gp_number_kids = 0

------------------------------------------------------------------------------
          _t |     exp(b)   Std. Err.      z    P>|z|     [95% Conf. Interval]
-------------+----------------------------------------------------------------
         (1) |   1.177468   .1276723     1.51   0.132     .9520373    1.456279
------------------------------------------------------------------------------

 ( 1)  3.gp_number_kids + 1.male#3.gp_number_kids = 0

------------------------------------------------------------------------------
          _t |     exp(b)   Std. Err.      z    P>|z|     [95% Conf. Interval]
-------------+----------------------------------------------------------------
         (1) |   .9865561     .11032    -0.12   0.904     .7923874    1.228304
------------------------------------------------------------------------------

 ( 1)  4.gp_number_kids + 1.male#4.gp_number_kids = 0

------------------------------------------------------------------------------
          _t |     exp(b)   Std. Err.      z    P>|z|     [95% Conf. Interval]
-------------+----------------------------------------------------------------
         (1) |   .9958595   .1470498    -0.03   0.978     .7456047     1.33011
------------------------------------------------------------------------------
file ./output/an_interaction_cox_models_covid_tpp_prob_or_susp_gp_number_kids_male_
> MAINFULLYADJMODEL_agespline_bmicat_noeth.ster saved

         failure _d:  covid_tpp_prob_or_susp
   analysis time _t:  (stime_covid_tpp_prob_or_susp-origin)
             origin:  time enter_date
  enter on or after:  time enter_date
                 id:  patient_id

Iteration 0:   log pseudolikelihood = -9837.6847
Iteration 1:   log pseudolikelihood = -9822.7147
Iteration 2:   log pseudolikelihood = -9822.5677
Iteration 3:   log pseudolikelihood = -9822.5675
Refining estimates:
Iteration 0:   log pseudolikelihood = -9822.5675

Stratified Cox regr. -- Breslow method for ties

No. of subjects      =        4,767             Number of obs    =       9,191
No. of failures      =        1,636
Time at risk         =       542280
                                                Wald chi2(6)     =      128.90
Log pseudolikelihood =   -9822.5675             Prob > chi2      =      0.0000

                             (Std. Err. adjusted for 7 clusters in household_size)
----------------------------------------------------------------------------------
                 |               Robust
              _t | Haz. Ratio   Std. Err.      z    P>|z|     [95% Conf. Interval]
-----------------+----------------------------------------------------------------
       kids_cat3 |
  Kids under 12  |   .9860543   .0787676    -0.18   0.860     .8431512    1.153177
  Kids under 18  |   .9429509   .0545449    -1.02   0.310     .8418823    1.056153
                 |
            age1 |   .9803867   .0106557    -1.82   0.068     .9597228    1.001496
            age2 |   1.036254   .0245209     1.50   0.132     .9892914    1.085446
            age3 |   .9232631   .0522605    -1.41   0.158     .8263118     1.03159
          1.male |   1.076288   .0485787     1.63   0.103     .9851654    1.175839
                 |
       obese4cat |
Obese I (30-..)  |   .9715884   .1314421    -0.21   0.831     .7452926    1.266595
Obese II (35..)  |   .9865493    .097796    -0.14   0.891     .8123436    1.198113
Obese III (40+)  |   1.109169      .1211     0.95   0.343     .8954945    1.373829
                 |
    smoke_nomiss |
         Former  |   1.067029   .1925095     0.36   0.719     .7492138    1.519662
        Current  |   .9883083   .0399765    -0.29   0.771     .9129812     1.06985
                 |
             imd |
              4  |   1.008057   .0379354     0.21   0.831     .9363812     1.08522
5 most deprived  |   .9480752   .0747249    -0.68   0.499     .8123687    1.106451
                 |
1.htdiag_or_hi~p |   1.005178   .0665683     0.08   0.938     .8828195    1.144496
1.chronic_res~se |   .9643904   .0360354    -0.97   0.332     .8962865    1.037669
        1.asthma |   .9921938    .082876    -0.09   0.925     .8423592     1.16868
1.chronic_car~se |   .9894834   .0454119    -0.23   0.818     .9043635    1.082615
      1.diabetes |   .9400539   .0458216    -1.27   0.205     .8544017    1.034292
                 |
cancer_exhaem_~t |
      Last year  |   1.095794   .5693965     0.18   0.860     .3957557    3.034103
  2-5 years ago  |   1.046945   .2136696     0.22   0.822     .7017838    1.561869
       5+ years  |   .8837424   .0365162    -2.99   0.003     .8149933    .9582908
                 |
 cancer_haem_cat |
      Last year  |   1.581582   .3706967     1.96   0.050     .9990425    2.503798
  2-5 years ago  |    1.02491   .1913388     0.13   0.895     .7108474    1.477731
       5+ years  |   1.024646   .0583259     0.43   0.669      .916476    1.145584
                 |
1.chronic_liv~se |   .9633866    .072953    -0.49   0.622     .8305062    1.117528
1.stroke_demen~a |   .9549683   .0544827    -0.81   0.419      .853938    1.067952
   1.other_neuro |    .942439   .0450588    -1.24   0.215     .8581368    1.035023
                 |
reduced_kidney~t |
Stage 3a/3b e..  |   .9250115   .1536866    -0.47   0.639      .667919    1.281063
   1.organ_trans |   .9536366   .0813423    -0.56   0.578     .8068225    1.127166
      1.asplenia |   1.089031   .0350324     2.65   0.008     1.022488    1.159904
                 |
additional_peo~e |
              1  |   1.019705   .2155075     0.09   0.926     .6738748    1.543015
              2  |   .9922777    .122348    -0.06   0.950     .7792556    1.263533
              3  |   1.335589   .1532262     2.52   0.012     1.066641    1.672351
              4  |   .9711031   .0799627    -0.36   0.722     .8263721    1.141182
                 |
1.ra_sle_psori~s |   .9099387   .0466746    -1.84   0.066     .8229064    1.006176
  1.other_immuno |   1.058998   .0400343     1.52   0.129     .9833682    1.140444
----------------------------------------------------------------------------------
                                                             Stratified by stp
   1:      0.85 /        1 =       0.8540

         failure _d:  covid_tpp_prob_or_susp
   analysis time _t:  (stime_covid_tpp_prob_or_susp-origin)
             origin:  time enter_date
  enter on or after:  time enter_date
                 id:  patient_id

Iteration 0:   log pseudolikelihood = -9837.6847
Iteration 1:   log pseudolikelihood = -9821.7326
Iteration 2:   log pseudolikelihood = -9821.5781
Iteration 3:   log pseudolikelihood = -9821.5779
Refining estimates:
Iteration 0:   log pseudolikelihood = -9821.5779

Stratified Cox regr. -- Breslow method for ties

No. of subjects      =        4,767             Number of obs    =       9,191
No. of failures      =        1,636
Time at risk         =       542280
                                                Wald chi2(6)     =      519.40
Log pseudolikelihood =   -9821.5779             Prob > chi2      =      0.0000

                             (Std. Err. adjusted for 7 clusters in household_size)
----------------------------------------------------------------------------------
                 |               Robust
              _t | Haz. Ratio   Std. Err.      z    P>|z|     [95% Conf. Interval]
-----------------+----------------------------------------------------------------
       kids_cat3 |
  Kids under 12  |   1.225284   .0926698     2.69   0.007     1.056475    1.421066
  Kids under 18  |   1.222941   .4055806     0.61   0.544     .6384249    2.342616
                 |
            age1 |   .9803838   .0107022    -1.81   0.070     .9596307    1.001586
            age2 |   1.036251   .0246041     1.50   0.134     .9891327    1.085614
            age3 |   .9232777   .0524077    -1.41   0.160     .8260682    1.031927
          1.male |   1.076211   .0486899     1.62   0.104     .9848895    1.176001
                 |
       obese4cat |
Obese I (30-..)  |   .9713783   .1308588    -0.22   0.829     .7459662    1.264904
Obese II (35..)  |   .9862366   .0975025    -0.14   0.889     .8125099    1.197109
Obese III (40+)  |   1.109687   .1210965     0.95   0.340     .8960073    1.374324
                 |
    smoke_nomiss |
         Former  |   1.067111    .193118     0.36   0.720     .7484547    1.521437
        Current  |   .9879151   .0402787    -0.30   0.766     .9120421      1.0701
                 |
             imd |
              4  |   1.008347   .0381322     0.22   0.826     .9363117    1.085924
5 most deprived  |   .9481158   .0747886    -0.68   0.499     .8123021    1.106637
                 |
1.htdiag_or_hi~p |   1.005697   .0660496     0.09   0.931     .8842273    1.143853
1.chronic_res~se |   .9642919    .036101    -0.97   0.331     .8960688    1.037709
        1.asthma |   .9927004   .0826715    -0.09   0.930        .8432    1.168707
1.chronic_car~se |   .9894448   .0452546    -0.23   0.817     .9046069    1.082239
      1.diabetes |   .9405913   .0458675    -1.26   0.209      .854855    1.034926
                 |
cancer_exhaem_~t |
      Last year  |    1.09432   .5663184     0.17   0.862     .3968637    3.017499
  2-5 years ago  |   1.047396   .2134122     0.23   0.820     .7025449    1.561519
       5+ years  |   .8838538   .0368392    -2.96   0.003     .8145209    .9590884
                 |
 cancer_haem_cat |
      Last year  |   1.580144   .3716038     1.95   0.052     .9965958    2.505385
  2-5 years ago  |   1.025796   .1916917     0.14   0.892     .7112072    1.479538
       5+ years  |    1.02451   .0584154     0.42   0.671     .9161833    1.145644
                 |
1.chronic_liv~se |   .9631928   .0728832    -0.50   0.620     .8304324    1.117178
1.stroke_demen~a |   .9548646   .0545054    -0.81   0.418     .8537951    1.067898
   1.other_neuro |    .942247   .0448289    -1.25   0.211     .8583562    1.034337
                 |
reduced_kidney~t |
Stage 3a/3b e..  |   .9263855   .1533785    -0.46   0.644     .6696705    1.281511
   1.organ_trans |    .953921   .0813871    -0.55   0.580     .8070291     1.12755
      1.asplenia |    1.08917   .0352626     2.64   0.008     1.022204    1.160523
                 |
additional_peo~e |
              1  |   1.020261   .2166267     0.09   0.925     .6729457    1.546829
              2  |   .9935639   .1228233    -0.05   0.958     .7797784    1.265961
              3  |   1.335758   .1543179     2.51   0.012     1.065099    1.675197
              4  |   .9713529   .0809982    -0.35   0.727     .8248936    1.143816
                 |
1.ra_sle_psori~s |   .9096621   .0464893    -1.85   0.064     .8229595    1.005499
  1.other_immuno |   1.059117   .0398176     1.53   0.127     .9838817    1.140105
                 |
        cat_time#|
       kids_cat3 |
1#Kids under 12  |   .7642704   .1023203    -2.01   0.045     .5878796    .9935864
1#Kids under 18  |   .7233654   .2940317    -0.80   0.426     .3261096    1.604545
----------------------------------------------------------------------------------
                                                             Stratified by stp
   1:      0.74 /        1 =       0.7400

 ( 1)  1.cat_time#1.kids_cat3 = 0
 ( 2)  1.cat_time#2.kids_cat3 = 0

           chi2(  2) =    5.78
         Prob > chi2 =    0.0554

kids_cat3 <66
****************

 ( 1)  2.kids_cat3 = 0

------------------------------------------------------------------------------
          _t |     exp(b)   Std. Err.      z    P>|z|     [95% Conf. Interval]
-------------+----------------------------------------------------------------
         (1) |   1.222941   .4055806     0.61   0.544     .6384249    2.342616
------------------------------------------------------------------------------
kids_cat3 66+
****************

 ( 1)  2.kids_cat3 + 1.cat_time#2.kids_cat3 = 0

------------------------------------------------------------------------------
          _t |     exp(b)   Std. Err.      z    P>|z|     [95% Conf. Interval]
-------------+----------------------------------------------------------------
         (1) |   .8846331   .0867104    -1.25   0.211     .7300115    1.072005
------------------------------------------------------------------------------
file ./output/an_interaction_cox_models_covid_tpp_prob_or_susp_kids_cat3_cat_time_M
> AINFULLYADJMODEL_agespline_bmicat_noeth.ster saved

         failure _d:  covid_tpp_prob_or_susp
   analysis time _t:  (stime_covid_tpp_prob_or_susp-origin)
             origin:  time enter_date
  enter on or after:  time enter_date
                 id:  patient_id

Iteration 0:   log pseudolikelihood = -9837.6847
Iteration 1:   log pseudolikelihood = -9820.6447
Iteration 2:   log pseudolikelihood = -9820.4947
Iteration 3:   log pseudolikelihood = -9820.4945
Refining estimates:
Iteration 0:   log pseudolikelihood = -9820.4945

Stratified Cox regr. -- Breslow method for ties

No. of subjects      =        4,767             Number of obs    =       9,191
No. of failures      =        1,636
Time at risk         =       542280
                                                Wald chi2(6)     =       22.95
Log pseudolikelihood =   -9820.4945             Prob > chi2      =      0.0008

                             (Std. Err. adjusted for 7 clusters in household_size)
----------------------------------------------------------------------------------
                 |               Robust
              _t | Haz. Ratio   Std. Err.      z    P>|z|     [95% Conf. Interval]
-----------------+----------------------------------------------------------------
  gp_number_kids |
              1  |   1.046239   .1421052     0.33   0.739     .8017086    1.365353
              2  |   1.049843   .2351086     0.22   0.828      .676863    1.628351
              3  |   1.136973   .2029894     0.72   0.472     .8012735    1.613316
              4  |   1.002012   .1543327     0.01   0.990     .7409148    1.355119
                 |
            age1 |   .9809813     .01023    -1.84   0.066     .9611344    1.001238
            age2 |   1.034572   .0235536     1.49   0.135     .9894229    1.081782
            age3 |   .9270268   .0510763    -1.38   0.169     .8321349     1.03274
          1.male |    1.07762   .0484187     1.66   0.096       .98678    1.176823
                 |
       obese4cat |
Obese I (30-..)  |   .9702623   .1296002    -0.23   0.821     .7467791    1.260626
Obese II (35..)  |   .9898609   .0981718    -0.10   0.918     .8149937    1.202248
Obese III (40+)  |   1.110609   .1203821     0.97   0.333      .898043     1.37349
                 |
    smoke_nomiss |
         Former  |   1.074506   .1982065     0.39   0.697     .7485037    1.542496
        Current  |   .9902431   .0425308    -0.23   0.819     .9102964    1.077211
                 |
             imd |
              4  |    1.00691   .0392605     0.18   0.860     .9328273    1.086876
5 most deprived  |    .950919   .0771146    -0.62   0.535     .8111766    1.114735
                 |
1.htdiag_or_hi~p |   .9989081   .0680457    -0.02   0.987     .8740608    1.141588
1.chronic_res~se |   .9654551   .0352739    -0.96   0.336     .8987369    1.037126
        1.asthma |   .9873542   .0871613    -0.14   0.885     .8304833    1.173856
1.chronic_car~se |   .9906648   .0439653    -0.21   0.833     .9081357    1.080694
      1.diabetes |   .9381047   .0455966    -1.31   0.189     .8528617    1.031868
                 |
cancer_exhaem_~t |
      Last year  |   1.097964   .5689478     0.18   0.857     .3976571    3.031569
  2-5 years ago  |   1.046594   .2030713     0.23   0.814     .7155159    1.530867
       5+ years  |   .8884638   .0384876    -2.73   0.006     .8161431    .9671931
                 |
 cancer_haem_cat |
      Last year  |   1.576307   .3695831     1.94   0.052      .995559    2.495828
  2-5 years ago  |   1.030688   .1968641     0.16   0.874     .7088351     1.49868
       5+ years  |   1.023171    .056671     0.41   0.679     .9179145    1.140497
                 |
1.chronic_liv~se |   .9641907   .0739379    -0.48   0.634     .8296396    1.120563
1.stroke_demen~a |   .9563915   .0563367    -0.76   0.449     .8521093    1.073436
   1.other_neuro |   .9441016   .0449157    -1.21   0.227     .8600481     1.03637
                 |
reduced_kidney~t |
Stage 3a/3b e..  |    .927018   .1575413    -0.45   0.656     .6644028    1.293436
   1.organ_trans |   .9539718   .0823881    -0.55   0.585     .8054212    1.129921
      1.asplenia |   1.088807    .036257     2.56   0.011     1.020014     1.16224
                 |
additional_peo~e |
              1  |   1.010733   .2141032     0.05   0.960     .6673088    1.530898
              2  |   .9844487   .1191909    -0.13   0.897     .7764883    1.248106
              3  |   1.313045    .165391     2.16   0.031       1.0258    1.680726
              4  |   .9674734   .0866875    -0.37   0.712     .8116517     1.15321
                 |
1.ra_sle_psori~s |   .9106523   .0453269    -1.88   0.060      .826009    1.003969
  1.other_immuno |   1.058303   .0387231     1.55   0.121     .9850646    1.136986
                 |
        cat_time#|
  gp_number_kids |
            1 1  |   .9449981   .0899382    -0.59   0.552     .7841871    1.138786
            1 2  |   .9872623   .1878012    -0.07   0.946      .680007    1.433348
            1 3  |   .8128183   .0993211    -1.70   0.090     .6397085    1.032773
            1 4  |   .8817722   .1236309    -0.90   0.370     .6699027     1.16065
----------------------------------------------------------------------------------
                                                             Stratified by stp
   1:      0.99 /        1 =       0.9870

 ( 1)  1.cat_time#1.gp_number_kids = 0
 ( 2)  1.cat_time#2.gp_number_kids = 0
 ( 3)  1.cat_time#3.gp_number_kids = 0
 ( 4)  1.cat_time#4.gp_number_kids = 0

           chi2(  4) =   10.13
         Prob > chi2 =    0.0383

gp_number_kids <66
****************

 ( 1)  2.gp_number_kids = 0

------------------------------------------------------------------------------
          _t |     exp(b)   Std. Err.      z    P>|z|     [95% Conf. Interval]
-------------+----------------------------------------------------------------
         (1) |   1.049843   .2351086     0.22   0.828      .676863    1.628351
------------------------------------------------------------------------------

 ( 1)  3.gp_number_kids = 0

------------------------------------------------------------------------------
          _t |     exp(b)   Std. Err.      z    P>|z|     [95% Conf. Interval]
-------------+----------------------------------------------------------------
         (1) |   1.136973   .2029894     0.72   0.472     .8012735    1.613316
------------------------------------------------------------------------------

 ( 1)  4.gp_number_kids = 0

------------------------------------------------------------------------------
          _t |     exp(b)   Std. Err.      z    P>|z|     [95% Conf. Interval]
-------------+----------------------------------------------------------------
         (1) |   1.002012   .1543327     0.01   0.990     .7409148    1.355119
------------------------------------------------------------------------------
gp_number_kids 66+
****************

 ( 1)  2.gp_number_kids + 1.cat_time#2.gp_number_kids = 0

------------------------------------------------------------------------------
          _t |     exp(b)   Std. Err.      z    P>|z|     [95% Conf. Interval]
-------------+----------------------------------------------------------------
         (1) |    1.03647    .083054     0.45   0.655     .8858267    1.212733
------------------------------------------------------------------------------

 ( 1)  3.gp_number_kids + 1.cat_time#3.gp_number_kids = 0

------------------------------------------------------------------------------
          _t |     exp(b)   Std. Err.      z    P>|z|     [95% Conf. Interval]
-------------+----------------------------------------------------------------
         (1) |   .9241522   .0772115    -0.94   0.345     .7845614    1.088579
------------------------------------------------------------------------------

 ( 1)  4.gp_number_kids + 1.cat_time#4.gp_number_kids = 0

------------------------------------------------------------------------------
          _t |     exp(b)   Std. Err.      z    P>|z|     [95% Conf. Interval]
-------------+----------------------------------------------------------------
         (1) |   .8835461   .1593575    -0.69   0.492     .6204481     1.25821
------------------------------------------------------------------------------
file ./output/an_interaction_cox_models_covid_tpp_prob_or_susp_gp_number_kids_cat_t
> ime_MAINFULLYADJMODEL_agespline_bmicat_noeth.ster saved

         failure _d:  covid_tpp_prob_or_susp
   analysis time _t:  (stime_covid_tpp_prob_or_susp-origin)
             origin:  time enter_date
  enter on or after:  time enter_date
                 id:  patient_id

Iteration 0:   log pseudolikelihood = -9837.6847
Iteration 1:   log pseudolikelihood = -9822.7147
Iteration 2:   log pseudolikelihood = -9822.5677
Iteration 3:   log pseudolikelihood = -9822.5675
Refining estimates:
Iteration 0:   log pseudolikelihood = -9822.5675

Stratified Cox regr. -- Breslow method for ties

No. of subjects      =        4,767             Number of obs    =       9,191
No. of failures      =        1,636
Time at risk         =       542280
                                                Wald chi2(6)     =      128.90
Log pseudolikelihood =   -9822.5675             Prob > chi2      =      0.0000

                             (Std. Err. adjusted for 7 clusters in household_size)
----------------------------------------------------------------------------------
                 |               Robust
              _t | Haz. Ratio   Std. Err.      z    P>|z|     [95% Conf. Interval]
-----------------+----------------------------------------------------------------
       kids_cat3 |
  Kids under 12  |   .9860543   .0787676    -0.18   0.860     .8431512    1.153177
  Kids under 18  |   .9429509   .0545449    -1.02   0.310     .8418823    1.056153
                 |
            age1 |   .9803867   .0106557    -1.82   0.068     .9597228    1.001496
            age2 |   1.036254   .0245209     1.50   0.132     .9892914    1.085446
            age3 |   .9232631   .0522605    -1.41   0.158     .8263118     1.03159
          1.male |   1.076288   .0485787     1.63   0.103     .9851654    1.175839
                 |
       obese4cat |
Obese I (30-..)  |   .9715884   .1314421    -0.21   0.831     .7452926    1.266595
Obese II (35..)  |   .9865493    .097796    -0.14   0.891     .8123436    1.198113
Obese III (40+)  |   1.109169      .1211     0.95   0.343     .8954945    1.373829
                 |
    smoke_nomiss |
         Former  |   1.067029   .1925095     0.36   0.719     .7492138    1.519662
        Current  |   .9883083   .0399765    -0.29   0.771     .9129812     1.06985
                 |
             imd |
              4  |   1.008057   .0379354     0.21   0.831     .9363812     1.08522
5 most deprived  |   .9480752   .0747249    -0.68   0.499     .8123687    1.106451
                 |
1.htdiag_or_hi~p |   1.005178   .0665683     0.08   0.938     .8828195    1.144496
1.chronic_res~se |   .9643904   .0360354    -0.97   0.332     .8962865    1.037669
        1.asthma |   .9921938    .082876    -0.09   0.925     .8423592     1.16868
1.chronic_car~se |   .9894834   .0454119    -0.23   0.818     .9043635    1.082615
      1.diabetes |   .9400539   .0458216    -1.27   0.205     .8544017    1.034292
                 |
cancer_exhaem_~t |
      Last year  |   1.095794   .5693965     0.18   0.860     .3957557    3.034103
  2-5 years ago  |   1.046945   .2136696     0.22   0.822     .7017838    1.561869
       5+ years  |   .8837424   .0365162    -2.99   0.003     .8149933    .9582908
                 |
 cancer_haem_cat |
      Last year  |   1.581582   .3706967     1.96   0.050     .9990425    2.503798
  2-5 years ago  |    1.02491   .1913388     0.13   0.895     .7108474    1.477731
       5+ years  |   1.024646   .0583259     0.43   0.669      .916476    1.145584
                 |
1.chronic_liv~se |   .9633866    .072953    -0.49   0.622     .8305062    1.117528
1.stroke_demen~a |   .9549683   .0544827    -0.81   0.419      .853938    1.067952
   1.other_neuro |    .942439   .0450588    -1.24   0.215     .8581368    1.035023
                 |
reduced_kidney~t |
Stage 3a/3b e..  |   .9250115   .1536866    -0.47   0.639      .667919    1.281063
   1.organ_trans |   .9536366   .0813423    -0.56   0.578     .8068225    1.127166
      1.asplenia |   1.089031   .0350324     2.65   0.008     1.022488    1.159904
                 |
additional_peo~e |
              1  |   1.019705   .2155075     0.09   0.926     .6738748    1.543015
              2  |   .9922777    .122348    -0.06   0.950     .7792556    1.263533
              3  |   1.335589   .1532262     2.52   0.012     1.066641    1.672351
              4  |   .9711031   .0799627    -0.36   0.722     .8263721    1.141182
                 |
1.ra_sle_psori~s |   .9099387   .0466746    -1.84   0.066     .8229064    1.006176
  1.other_immuno |   1.058998   .0400343     1.52   0.129     .9833682    1.140444
----------------------------------------------------------------------------------
                                                             Stratified by stp
   1:      1.14 /        1 =       1.1390

         failure _d:  covid_tpp_prob_or_susp
   analysis time _t:  (stime_covid_tpp_prob_or_susp-origin)
             origin:  time enter_date
  enter on or after:  time enter_date
                 id:  patient_id

Iteration 0:   log pseudolikelihood = -9837.6847
Iteration 1:   log pseudolikelihood = -9821.7566
Iteration 2:   log pseudolikelihood = -9821.5989
Iteration 3:   log pseudolikelihood = -9821.5986
Refining estimates:
Iteration 0:   log pseudolikelihood = -9821.5986

Stratified Cox regr. -- Breslow method for ties

No. of subjects      =        4,767             Number of obs    =       9,191
No. of failures      =        1,636
Time at risk         =       542280
                                                Wald chi2(6)     =      189.12
Log pseudolikelihood =   -9821.5986             Prob > chi2      =      0.0000

                             (Std. Err. adjusted for 7 clusters in household_size)
----------------------------------------------------------------------------------
                 |               Robust
              _t | Haz. Ratio   Std. Err.      z    P>|z|     [95% Conf. Interval]
-----------------+----------------------------------------------------------------
       kids_cat3 |
  Kids under 12  |   .9501986   .0576763    -0.84   0.400     .8436205    1.070241
  Kids under 18  |   1.197254     .11321     1.90   0.057     .9947144    1.441034
                 |
            age1 |   .9806756    .010548    -1.81   0.070     .9602183    1.001569
            age2 |   1.035576   .0240364     1.51   0.132     .9895207    1.083774
            age3 |   .9246631   .0511217    -1.42   0.157     .8297041     1.03049
          1.male |   1.079093   .0490161     1.68   0.094     .9871755    1.179569
                 |
       obese4cat |
Obese I (30-..)  |   .9716933    .131034    -0.21   0.831     .7460083    1.265653
Obese II (35..)  |   .9852607   .0959958    -0.15   0.879      .813986    1.192574
Obese III (40+)  |    1.11071   .1252146     0.93   0.352     .8905157    1.385352
                 |
    smoke_nomiss |
         Former  |   1.069829    .194858     0.37   0.711     .7486474    1.528804
        Current  |   .9907442    .038224    -0.24   0.810     .9185891    1.068567
                 |
             imd |
              4  |   1.006955   .0378873     0.18   0.854     .9353691    1.084019
5 most deprived  |   .9491651   .0768135    -0.64   0.519     .8099461    1.112314
                 |
1.htdiag_or_hi~p |   1.003432    .066076     0.05   0.959     .8819346    1.141667
1.chronic_res~se |   .9621956   .0177362    -2.09   0.037     .9280538    .9975934
        1.asthma |   .9919098   .0688668    -0.12   0.907     .8657142    1.136501
1.chronic_car~se |   .9891769   .0452238    -0.24   0.812     .9043951    1.081907
      1.diabetes |   .9391852   .0462429    -1.27   0.203     .8527868    1.034337
                 |
cancer_exhaem_~t |
      Last year  |   1.092107   .5970339     0.16   0.872     .3740499    3.188605
  2-5 years ago  |     1.0439   .2364466     0.19   0.850     .6696676    1.627267
       5+ years  |   .8803034   .0518532    -2.16   0.030     .7843201    .9880328
                 |
 cancer_haem_cat |
      Last year  |   1.579304   .4189458     1.72   0.085     .9389994    2.656232
  2-5 years ago  |    1.02499   .2167959     0.12   0.907     .6771451     1.55152
       5+ years  |   1.022283   .0583624     0.39   0.699     .9140626    1.143317
                 |
1.chronic_liv~se |    .963805   .0725146    -0.49   0.624     .8316615    1.116945
1.stroke_demen~a |   .9545197   .0545191    -0.81   0.415     .8534282    1.067586
   1.other_neuro |   .9442179   .0449402    -1.21   0.228     .8601202    1.036538
                 |
reduced_kidney~t |
Stage 3a/3b e..  |   .9305136   .1506902    -0.44   0.657     .6774489    1.278112
   1.organ_trans |   .9504411   .0898176    -0.54   0.591     .7897431    1.143838
      1.asplenia |   1.086142   .0522286     1.72   0.086     .9884521    1.193488
                 |
additional_peo~e |
              1  |   1.013365   .2140137     0.06   0.950     .6698842    1.532965
              2  |   .9884046   .1325497    -0.09   0.931     .7599493    1.285538
              3  |   1.327781   .1639066     2.30   0.022     1.042439    1.691228
              4  |   .9758517   .0832235    -0.29   0.774     .8256403    1.153392
                 |
1.ra_sle_psori~s |   .9103356   .0466436    -1.83   0.067     .8233563    1.006503
  1.other_immuno |   1.055339   .0195146     2.91   0.004     1.017776    1.094289
                 |
shield#kids_cat3 |
1#Kids under 12  |    1.04134   .1434206     0.29   0.769     .7949856    1.364037
1#Kids under 18  |   .7429893   .0825283    -2.67   0.007     .5976329    .9236993
----------------------------------------------------------------------------------
                                                             Stratified by stp
   1:      0.91 /        1 =       0.9060

 ( 1)  1.shield#1.kids_cat3 = 0
 ( 2)  1.shield#2.kids_cat3 = 0

           chi2(  2) =    9.82
         Prob > chi2 =    0.0074

kids_cat3 <66
****************

 ( 1)  2.kids_cat3 = 0

------------------------------------------------------------------------------
          _t |     exp(b)   Std. Err.      z    P>|z|     [95% Conf. Interval]
-------------+----------------------------------------------------------------
         (1) |   1.197254     .11321     1.90   0.057     .9947144    1.441034
------------------------------------------------------------------------------
kids_cat3 66+
****************

 ( 1)  2.kids_cat3 + 1.shield#2.kids_cat3 = 0

------------------------------------------------------------------------------
          _t |     exp(b)   Std. Err.      z    P>|z|     [95% Conf. Interval]
-------------+----------------------------------------------------------------
         (1) |   .8895469   .0595675    -1.75   0.080     .7801339    1.014305
------------------------------------------------------------------------------
file ./output/an_interaction_cox_models_covid_tpp_prob_or_susp_kids_cat3_shield_MAI
> NFULLYADJMODEL_agespline_bmicat_noeth.ster saved

         failure _d:  covid_tpp_prob_or_susp
   analysis time _t:  (stime_covid_tpp_prob_or_susp-origin)
             origin:  time enter_date
  enter on or after:  time enter_date
                 id:  patient_id

Iteration 0:   log pseudolikelihood = -9837.6847
Iteration 1:   log pseudolikelihood = -9820.2644
Iteration 2:   log pseudolikelihood = -9820.1183
Iteration 3:   log pseudolikelihood =  -9820.118
Refining estimates:
Iteration 0:   log pseudolikelihood =  -9820.118

Stratified Cox regr. -- Breslow method for ties

No. of subjects      =        4,767             Number of obs    =       9,191
No. of failures      =        1,636
Time at risk         =       542280
                                                Wald chi2(6)     =       94.97
Log pseudolikelihood =    -9820.118             Prob > chi2      =      0.0000

                             (Std. Err. adjusted for 7 clusters in household_size)
----------------------------------------------------------------------------------
                 |               Robust
              _t | Haz. Ratio   Std. Err.      z    P>|z|     [95% Conf. Interval]
-----------------+----------------------------------------------------------------
  gp_number_kids |
              1  |   .8580981   .0531148    -2.47   0.013      .760062    .9687793
              2  |   1.067814   .0370381     1.89   0.059     .9976331    1.142932
              3  |   .9952923    .106395    -0.04   0.965     .8071582    1.227277
              4  |   .8534048    .084129    -1.61   0.108     .7034663    1.035302
                 |
            age1 |   .9800747   .0101775    -1.94   0.053     .9603288    1.000227
            age2 |   1.037018   .0233612     1.61   0.107     .9922272    1.083831
            age3 |   .9216864   .0503005    -1.49   0.135     .8281888    1.025739
          1.male |   1.078708   .0480965     1.70   0.089     .9884425    1.177218
                 |
       obese4cat |
Obese I (30-..)  |   .9732628   .1306882    -0.20   0.840     .7480526    1.266275
Obese II (35..)  |   .9907019   .0989994    -0.09   0.926     .8144862    1.205042
Obese III (40+)  |   1.115564   .1255805     0.97   0.331     .8946922    1.390963
                 |
    smoke_nomiss |
         Former  |   1.076931   .1951023     0.41   0.682     .7550576    1.536017
        Current  |    .991478   .0412921    -0.21   0.837     .9137619    1.075804
                 |
             imd |
              4  |   1.004885   .0384624     0.13   0.899     .9322585     1.08317
5 most deprived  |   .9481683   .0780018    -0.65   0.518     .8069761    1.114064
                 |
1.htdiag_or_hi~p |   1.000386   .0696497     0.01   0.996     .8727794    1.146649
1.chronic_res~se |   .9547554   .0160776    -2.75   0.006     .9237582    .9867927
        1.asthma |   .9800694   .0711582    -0.28   0.782     .8500709    1.129948
1.chronic_car~se |   .9894762   .0417479    -0.25   0.802     .9109436    1.074779
      1.diabetes |   .9360661    .047098    -1.31   0.189     .8481613    1.033081
                 |
cancer_exhaem_~t |
      Last year  |   1.078453   .5872554     0.14   0.890     .3709299    3.135525
  2-5 years ago  |   1.036025   .2195985     0.17   0.867     .6838289    1.569615
       5+ years  |   .8789043   .0536675    -2.11   0.035     .7797685    .9906437
                 |
 cancer_haem_cat |
      Last year  |   1.569595   .4119544     1.72   0.086     .9383867    2.625386
  2-5 years ago  |   1.018684   .2192569     0.09   0.931     .6680833    1.553274
       5+ years  |   1.013216   .0585083     0.23   0.820     .9047928    1.134631
                 |
1.chronic_liv~se |   .9627711   .0730501    -0.50   0.617     .8297328    1.117141
1.stroke_demen~a |   .9559751   .0565097    -0.76   0.446     .8513934    1.073403
   1.other_neuro |   .9435968   .0433475    -1.26   0.206     .8623499    1.032498
                 |
reduced_kidney~t |
Stage 3a/3b e..  |    .922631   .1501851    -0.49   0.621     .6706102    1.269363
   1.organ_trans |    .944615   .0899367    -0.60   0.550     .7838121    1.138407
      1.asplenia |   1.079966    .048342     1.72   0.086     .9892546    1.178995
                 |
additional_peo~e |
              1  |   1.012044   .2144965     0.06   0.955      .668025    1.533227
              2  |   .9871676   .1289952    -0.10   0.921     .7641219     1.27532
              3  |   1.316031   .1699499     2.13   0.033     1.021747    1.695074
              4  |   .9697261   .0868536    -0.34   0.731     .8136003    1.155811
                 |
1.ra_sle_psori~s |   .9093611   .0454054    -1.90   0.057      .824584    1.002854
  1.other_immuno |     1.0456   .0200523     2.33   0.020     1.007027    1.085649
                 |
          shield#|
  gp_number_kids |
            1 1  |   1.206242   .1946944     1.16   0.245     .8791149    1.655096
            1 2  |   .9659667   .1355349    -0.25   0.805     .7337193    1.271728
            1 3  |   .9636696   .0998885    -0.36   0.721     .7864977    1.180752
            1 4  |   1.076773   .2092751     0.38   0.704     .7356811    1.576008
----------------------------------------------------------------------------------
                                                             Stratified by stp
   1:      0.92 /        1 =       0.9210

 ( 1)  1.shield#1.gp_number_kids = 0
 ( 2)  1.shield#2.gp_number_kids = 0
 ( 3)  1.shield#3.gp_number_kids = 0
 ( 4)  1.shield#4.gp_number_kids = 0

           chi2(  4) =   15.57
         Prob > chi2 =    0.0037

gp_number_kids <66
****************

 ( 1)  2.gp_number_kids = 0

------------------------------------------------------------------------------
          _t |     exp(b)   Std. Err.      z    P>|z|     [95% Conf. Interval]
-------------+----------------------------------------------------------------
         (1) |   1.067814   .0370381     1.89   0.059     .9976331    1.142932
------------------------------------------------------------------------------

 ( 1)  3.gp_number_kids = 0

------------------------------------------------------------------------------
          _t |     exp(b)   Std. Err.      z    P>|z|     [95% Conf. Interval]
-------------+----------------------------------------------------------------
         (1) |   .9952923    .106395    -0.04   0.965     .8071582    1.227277
------------------------------------------------------------------------------

 ( 1)  4.gp_number_kids = 0

------------------------------------------------------------------------------
          _t |     exp(b)   Std. Err.      z    P>|z|     [95% Conf. Interval]
-------------+----------------------------------------------------------------
         (1) |   .8534048    .084129    -1.61   0.108     .7034663    1.035302
------------------------------------------------------------------------------
gp_number_kids 66+
****************

 ( 1)  2.gp_number_kids + 1.shield#2.gp_number_kids = 0

------------------------------------------------------------------------------
          _t |     exp(b)   Std. Err.      z    P>|z|     [95% Conf. Interval]
-------------+----------------------------------------------------------------
         (1) |   1.031473   .1263261     0.25   0.800     .8113528    1.311311
------------------------------------------------------------------------------

 ( 1)  3.gp_number_kids + 1.shield#3.gp_number_kids = 0

------------------------------------------------------------------------------
          _t |     exp(b)   Std. Err.      z    P>|z|     [95% Conf. Interval]
-------------+----------------------------------------------------------------
         (1) |   .9591329   .1031729    -0.39   0.698      .776812    1.184245
------------------------------------------------------------------------------

 ( 1)  4.gp_number_kids + 1.shield#4.gp_number_kids = 0

------------------------------------------------------------------------------
          _t |     exp(b)   Std. Err.      z    P>|z|     [95% Conf. Interval]
-------------+----------------------------------------------------------------
         (1) |    .918923   .1779743    -0.44   0.662     .6286674     1.34319
------------------------------------------------------------------------------
file ./output/an_interaction_cox_models_covid_tpp_prob_or_susp_gp_number_kids_shiel
> d_MAINFULLYADJMODEL_agespline_bmicat_noeth.ster saved

. 
. log close
      name:  <unnamed>
       log:  C:\Users\ENCDHFOR\Documents\GitHub\school-age-children-and-covid\analy
> sis\output/an_interaction_cox_models_covid_tpp_prob_or_susp.log
  log type:  text
 closed on:   6 Jul 2020, 17:05:43
-----------------------------------------------------------------------------------
