-----------------------------------------------------------------------------------
      name:  <unnamed>
       log:  C:\Users\ENCDHFOR\Documents\GitHub\school-age-children-and-covid\analy
> sis\output/an_interaction_cox_models_covid_tpp_prob.log
  log type:  text
 opened on:   6 Jul 2020, 17:04:30

. 
. 
. use "$tempdir\cr_create_analysis_dataset_STSET_`outcome'.dta", clear

. stset
-> stset stime_covid_tpp_prob, id(patient_id) failure(covid_tpp_prob)
                               enter(time enter_date) origin(time enter_date)

                id:  patient_id
     failure event:  covid_tpp_prob != 0 & covid_tpp_prob < .
obs. time interval:  (stime_covid_tpp_prob[_n-1], stime_covid_tpp_prob]
 enter on or after:  time enter_date
 exit on or before:  failure
    t for analysis:  (time-origin)
            origin:  time enter_date

------------------------------------------------------------------------------
      4,767  total observations
          0  exclusions
------------------------------------------------------------------------------
      4,767  observations remaining, representing
      4,767  subjects
        913  failures in single-failure-per-subject data
    590,186  total analysis time at risk and under observation
                                                at risk from t =         0
                                     earliest observed entry t =         0
                                          last observed exit t =       136

. 
. *Split data by time of study period: days to April 3rd (31 d March, 3d April)
. stsplit cat_time, at(0,34, 200)
(4,592 observations (episodes) created)

. recode cat_time 34=1 200=2 
(cat_time: 4592 changes made)

. recode `outcome' .=0 
(covid_tpp_prob: 4592 changes made)

. tab cat_time

observation |
   interval |      Freq.     Percent        Cum.
------------+-----------------------------------
          0 |      4,767       50.93       50.93
          1 |      4,592       49.07      100.00
------------+-----------------------------------
      Total |      9,359      100.00

.  
. /*Overlapping time periods
> gen cat_time0=1 if cat==0
> gen cat_time1=1 if cat==0 | cat==0.25
> */
.         
. *PROG TO DEFINE THE BASIC COX MODEL WITH OPTIONS FOR HANDLING OF AGE, BMI, ETHNIC
> ITY:
. cap prog drop basemodel

. prog define basemodel
  1.         syntax , exposure(string)  age(string) bp(string) [ethnicity(real 0) i
> nteraction(string)] 
  2. 
.         if `ethnicity'==1 local ethnicity "i.ethnicity"
  3.         else local ethnicity
  4. timer clear
  5. timer on 1
  6.  stcox  `exposure' `age'                                        ///
>                         i.male                                                  /
> //
>                         i.obese4cat                                             /
> //
>                         i.smoke_nomiss                                  ///
>                         `ethnicity'                                             /
> //
>                         i.imd                                                   /
> //
>                         `bp'                                                    /
> //
>                         i.chronic_respiratory_disease   ///
>                         i.asthma                                        ///
>                         i.chronic_cardiac_disease               ///
>                         i.diabetes                                              /
> //
>                         i.cancer_exhaem_cat                             ///
>                         i.cancer_haem_cat                               ///
>                         i.chronic_liver_disease                 ///
>                         i.stroke_dementia                               ///
>                         i.other_neuro                                   ///
>                         i.reduced_kidney_function_cat   ///
>                         i.organ_trans                           ///
>                         i.asplenia                                              /
> //
>                         i.additional_people                             ///
>                         i.ra_sle_psoriasis                      ///
>                         i.other_immuno                  ///
>                         `interaction'                                            
>        ///
>                         , strata(stp) vce(cluster household_size)
  7.         timer off 1
  8. timer list
  9. end

. *********************************************************************************
> ****
. 
. foreach int_type in age66 male cat_time shield {
  2. 
. *Age interaction for 3-level exposure vars
. foreach exposure_type in kids_cat3  {
  3. 
. *Age spline model (not adj ethnicity, no interaction)
. basemodel, exposure("i.`exposure_type'") age("age1 age2 age3")  bp("i.htdiag_or_h
> ighbp") ethnicity(0)
  4. 
. *Age spline model (not adj ethnicity, interaction)
. basemodel, exposure("i.`exposure_type'") age("age1 age2 age3")  bp("i.htdiag_or_h
> ighbp") ethnicity(0) interaction(1.`int_type'#1.`exposure_type' 1.`int_type'#2.`e
> xposure_type')
  5. if _rc==0{
  6. testparm 1.`int_type'#i.`exposure_type'
  7. di _n "`exposure_type' <66" _n "****************"
  8. lincom 2.`exposure_type', eform
  9. di "`exposure_type' 66+" _n "****************"
 10. lincom 2.`exposure_type' + 1.`int_type'#2.`exposure_type', eform
 11. estimates save ./output/an_interaction_cox_models_`outcome'_`exposure_type'_`i
> nt_type'_MAINFULLYADJMODEL_agespline_bmicat_noeth, replace
 12. }
 13. else di "WARNING GROUP MODEL DID NOT FIT (OUTCOME `outcome')"
 14. 
. }
 15. 
. *Age interactions with 4-level vars
. foreach exposure_type in gp_number_kids {
 16. basemodel, exposure("i.`exposure_type'") age("age1 age2 age3")  bp("i.htdiag_o
> r_highbp") ethnicity(0) interaction(1.`int_type'#1.`exposure_type' 1.`int_type'#2
> .`exposure_type' 1.`int_type'#3.`exposure_type' 1.`int_type'#4.`exposure_type')
 17. if _rc==0{
 18. testparm 1.`int_type'#i.`exposure_type'
 19. di _n "`exposure_type' <66" _n "****************"
 20. lincom 2.`exposure_type', eform
 21. lincom 3.`exposure_type', eform
 22. lincom 4.`exposure_type', eform
 23. di "`exposure_type' 66+" _n "****************"
 24. lincom 2.`exposure_type' + 1.`int_type'#2.`exposure_type', eform
 25. lincom 3.`exposure_type' + 1.`int_type'#3.`exposure_type', eform
 26. lincom 4.`exposure_type' + 1.`int_type'#4.`exposure_type', eform
 27. estimates save ./output/an_interaction_cox_models_`outcome'_`exposure_type'_`i
> nt_type'_MAINFULLYADJMODEL_agespline_bmicat_noeth, replace
 28. }
 29. else di "WARNING GROUP MODEL DID NOT FIT (OUTCOME `outcome')"
 30. }
 31. 
. }

         failure _d:  covid_tpp_prob
   analysis time _t:  (stime_covid_tpp_prob-origin)
             origin:  time enter_date
  enter on or after:  time enter_date
                 id:  patient_id

Iteration 0:   log pseudolikelihood = -5556.6394
Iteration 1:   log pseudolikelihood = -5541.9933
Iteration 2:   log pseudolikelihood = -5541.8285
Iteration 3:   log pseudolikelihood = -5541.8284
Refining estimates:
Iteration 0:   log pseudolikelihood = -5541.8284

Stratified Cox regr. -- Breslow method for ties

No. of subjects      =        4,767             Number of obs    =       9,359
No. of failures      =          913
Time at risk         =       590186
                                                Wald chi2(6)     =      138.24
Log pseudolikelihood =   -5541.8284             Prob > chi2      =      0.0000

                             (Std. Err. adjusted for 7 clusters in household_size)
----------------------------------------------------------------------------------
                 |               Robust
              _t | Haz. Ratio   Std. Err.      z    P>|z|     [95% Conf. Interval]
-----------------+----------------------------------------------------------------
       kids_cat3 |
  Kids under 12  |   1.013704    .102887     0.13   0.893     .8308399    1.236815
  Kids under 18  |   .8762548    .080928    -1.43   0.153     .7311664    1.050134
                 |
            age1 |   .9700777   .0089408    -3.30   0.001     .9527114    .9877605
            age2 |   1.054194   .0175136     3.18   0.001     1.020421    1.089085
            age3 |   .8939962   .0338874    -2.96   0.003     .8299855    .9629437
          1.male |    1.07428   .0406187     1.90   0.058     .9975467    1.156915
                 |
       obese4cat |
Obese I (30-..)  |   .7050758   .0456484    -5.40   0.000     .6210503    .8004695
Obese II (35..)  |   .9692252   .1907588    -0.16   0.874     .6590143    1.425458
Obese III (40+)  |   1.028262   .1020674     0.28   0.779     .8464708    1.249096
                 |
    smoke_nomiss |
         Former  |   1.250864   .2796103     1.00   0.317     .8071194    1.938574
        Current  |   .9705467   .0416681    -0.70   0.486     .8922204    1.055749
                 |
             imd |
              4  |   1.049492   .0479993     1.06   0.291     .9595086    1.147915
5 most deprived  |   .9932335   .1104302    -0.06   0.951     .7987532    1.235066
                 |
1.htdiag_or_hi~p |   1.022284   .1006177     0.22   0.823     .8429316    1.239797
1.chronic_res~se |   .9827944   .0321046    -0.53   0.595     .9218426    1.047776
        1.asthma |   1.051429   .1125545     0.47   0.639     .8524313    1.296881
1.chronic_car~se |    1.02811   .0669169     0.43   0.670     .9049764    1.167998
      1.diabetes |    .820677   .0511211    -3.17   0.002     .7263563    .9272456
                 |
cancer_exhaem_~t |
      Last year  |   1.022971   .7054014     0.03   0.974     .2647936     3.95202
  2-5 years ago  |   1.300743    .193596     1.77   0.077     .9716347    1.741326
       5+ years  |   .9376049   .1270638    -0.48   0.634     .7188948    1.222853
                 |
 cancer_haem_cat |
      Last year  |    1.01779   .2055603     0.09   0.930     .6850831    1.512074
  2-5 years ago  |   .9117906   .2946304    -0.29   0.775     .4839974    1.717699
       5+ years  |   .9733353   .0728417    -0.36   0.718     .8405449    1.127104
                 |
1.chronic_liv~se |    .924352   .0698285    -1.04   0.298     .7971405    1.071864
1.stroke_demen~a |   1.091914   .0730739     1.31   0.189      .957687    1.244954
   1.other_neuro |   .9875674   .0872442    -0.14   0.887     .8305571    1.174259
                 |
reduced_kidney~t |
Stage 3a/3b e..  |   .9203003     .14892    -0.51   0.608     .6701791    1.263771
   1.organ_trans |   .9916559   .0712296    -0.12   0.907     .8614302    1.141568
      1.asplenia |    1.10587   .0445972     2.50   0.013     1.021827    1.196826
                 |
additional_peo~e |
              1  |   .9784537   .2104292    -0.10   0.919     .6419162    1.491428
              2  |   .7906118   .1812354    -1.02   0.305     .5044738    1.239048
              3  |   .7742355   .1881835    -1.05   0.292     .4808199    1.246705
              4  |   .7285477   .1373923    -1.68   0.093     .5034255     1.05434
                 |
1.ra_sle_psori~s |   .9921479    .053372    -0.15   0.883     .8928664    1.102469
  1.other_immuno |   1.003942   .0573781     0.07   0.945      .897553    1.122942
----------------------------------------------------------------------------------
                                                             Stratified by stp
   1:      0.75 /        1 =       0.7540

         failure _d:  covid_tpp_prob
   analysis time _t:  (stime_covid_tpp_prob-origin)
             origin:  time enter_date
  enter on or after:  time enter_date
                 id:  patient_id

Iteration 0:   log pseudolikelihood = -5556.6394
Iteration 1:   log pseudolikelihood = -5540.3945
Iteration 2:   log pseudolikelihood = -5540.2136
Iteration 3:   log pseudolikelihood = -5540.2136
Iteration 4:   log pseudolikelihood = -5540.2136
Refining estimates:
Iteration 0:   log pseudolikelihood = -5540.2136

Stratified Cox regr. -- Breslow method for ties

No. of subjects      =        4,767             Number of obs    =       9,359
No. of failures      =          913
Time at risk         =       590186
                                                Wald chi2(6)     =      144.17
Log pseudolikelihood =   -5540.2136             Prob > chi2      =      0.0000

                             (Std. Err. adjusted for 7 clusters in household_size)
----------------------------------------------------------------------------------
                 |               Robust
              _t | Haz. Ratio   Std. Err.      z    P>|z|     [95% Conf. Interval]
-----------------+----------------------------------------------------------------
       kids_cat3 |
  Kids under 12  |   .9788172   .1097202    -0.19   0.849     .7857537    1.219317
  Kids under 18  |   .7813077   .0570313    -3.38   0.001     .6771563    .9014784
                 |
            age1 |   .9691078    .009378    -3.24   0.001     .9509005    .9876638
            age2 |   1.059473   .0197856     3.09   0.002     1.021395    1.098971
            age3 |   .8692563   .0407129    -2.99   0.003     .7930134    .9528293
          1.male |   1.073219   .0398343     1.90   0.057      .997917    1.154202
                 |
       obese4cat |
Obese I (30-..)  |   .7006807   .0450394    -5.53   0.000     .6177395    .7947581
Obese II (35..)  |   .9693398   .1891236    -0.16   0.873     .6613052    1.420856
Obese III (40+)  |   1.025876    .103418     0.25   0.800     .8419493    1.249983
                 |
    smoke_nomiss |
         Former  |   1.246264   .2807809     0.98   0.328     .8013752    1.938135
        Current  |   .9726175   .0397307    -0.68   0.497     .8977825     1.05369
                 |
             imd |
              4  |   1.052522   .0465736     1.16   0.247     .9650854     1.14788
5 most deprived  |    .992483   .1092181    -0.07   0.945     .7999306    1.231385
                 |
1.htdiag_or_hi~p |   1.023035   .0983716     0.24   0.813     .8473089    1.235205
1.chronic_res~se |   .9816023   .0322872    -0.56   0.572     .9203172    1.046968
        1.asthma |   1.055422   .1132706     0.50   0.615     .8552101    1.302504
1.chronic_car~se |   1.031223   .0669109     0.47   0.636     .9080759    1.171069
      1.diabetes |   .8217227   .0504029    -3.20   0.001      .728642    .9266939
                 |
cancer_exhaem_~t |
      Last year  |   1.012313   .6795007     0.02   0.985     .2716176    3.772869
  2-5 years ago  |   1.313158   .2014599     1.78   0.076     .9721402    1.773803
       5+ years  |   .9366483   .1239938    -0.49   0.621     .7225937    1.214112
                 |
 cancer_haem_cat |
      Last year  |    1.02651   .2130513     0.13   0.900      .683435    1.541805
  2-5 years ago  |   .9226704   .3010457    -0.25   0.805     .4867652    1.748935
       5+ years  |   .9738914   .0704435    -0.37   0.715     .8451648    1.122224
                 |
1.chronic_liv~se |   .9253048   .0683184    -1.05   0.293     .8006409     1.06938
1.stroke_demen~a |   1.091798   .0729853     1.31   0.189     .9577243    1.244641
   1.other_neuro |   .9902651   .0877342    -0.11   0.912     .8324111    1.178054
                 |
reduced_kidney~t |
Stage 3a/3b e..  |   .9295844   .1491254    -0.46   0.649     .6787936    1.273034
   1.organ_trans |   .9897975   .0687812    -0.15   0.883     .8637662    1.134218
      1.asplenia |   1.109386   .0448305     2.57   0.010     1.024909    1.200825
                 |
additional_peo~e |
              1  |   .9919489   .2069049    -0.04   0.969      .659086     1.49292
              2  |   .7896382   .1799878    -1.04   0.300     .5051353    1.234379
              3  |   .7798761   .1875856    -1.03   0.301     .4867252    1.249589
              4  |   .7263404   .1359996    -1.71   0.088     .5032244     1.04838
                 |
1.ra_sle_psori~s |   .9926526   .0537337    -0.14   0.892     .8927309    1.103758
  1.other_immuno |   1.002107   .0579005     0.04   0.971     .8948143    1.122265
                 |
 age66#kids_cat3 |
1#Kids under 12  |   1.237946   .0995153     2.66   0.008     1.057489    1.449198
1#Kids under 18  |   1.648861    .516284     1.60   0.110     .8926059     3.04585
----------------------------------------------------------------------------------
                                                             Stratified by stp
   1:      0.83 /        1 =       0.8290

 ( 1)  1.age66#1.kids_cat3 = 0
 ( 2)  1.age66#2.kids_cat3 = 0

           chi2(  2) =    7.36
         Prob > chi2 =    0.0252

kids_cat3 <66
****************

 ( 1)  2.kids_cat3 = 0

------------------------------------------------------------------------------
          _t |     exp(b)   Std. Err.      z    P>|z|     [95% Conf. Interval]
-------------+----------------------------------------------------------------
         (1) |   .7813077   .0570313    -3.38   0.001     .6771563    .9014784
------------------------------------------------------------------------------
kids_cat3 66+
****************

 ( 1)  2.kids_cat3 + 1.age66#2.kids_cat3 = 0

------------------------------------------------------------------------------
          _t |     exp(b)   Std. Err.      z    P>|z|     [95% Conf. Interval]
-------------+----------------------------------------------------------------
         (1) |   1.288268   .3808723     0.86   0.392     .7216909    2.299647
------------------------------------------------------------------------------
file ./output/an_interaction_cox_models_covid_tpp_prob_kids_cat3_age66_MAINFULLYADJ
> MODEL_agespline_bmicat_noeth.ster saved

         failure _d:  covid_tpp_prob
   analysis time _t:  (stime_covid_tpp_prob-origin)
             origin:  time enter_date
  enter on or after:  time enter_date
                 id:  patient_id

Iteration 0:   log pseudolikelihood = -5556.6394
Iteration 1:   log pseudolikelihood = -5539.5134
Iteration 2:   log pseudolikelihood = -5539.3291
Iteration 3:   log pseudolikelihood =  -5539.329
Refining estimates:
Iteration 0:   log pseudolikelihood =  -5539.329

Stratified Cox regr. -- Breslow method for ties

No. of subjects      =        4,767             Number of obs    =       9,359
No. of failures      =          913
Time at risk         =       590186
                                                Wald chi2(6)     =       38.82
Log pseudolikelihood =    -5539.329             Prob > chi2      =      0.0000

                             (Std. Err. adjusted for 7 clusters in household_size)
----------------------------------------------------------------------------------
                 |               Robust
              _t | Haz. Ratio   Std. Err.      z    P>|z|     [95% Conf. Interval]
-----------------+----------------------------------------------------------------
  gp_number_kids |
              1  |   .9815493   .1304196    -0.14   0.889     .7565052    1.273539
              2  |   1.066365   .1414004     0.48   0.628     .8223109    1.382851
              3  |   1.010306   .1534145     0.07   0.946     .7502369    1.360528
              4  |   1.087586   .2219412     0.41   0.681     .7290561    1.622432
                 |
            age1 |   .9688393   .0082168    -3.73   0.000     .9528679    .9850785
            age2 |   1.059072   .0163042     3.73   0.000     1.027594    1.091515
            age3 |   .8756349   .0307293    -3.78   0.000     .8174311    .9379829
          1.male |   1.076194    .038923     2.03   0.042     1.002548    1.155251
                 |
       obese4cat |
Obese I (30-..)  |   .6997227   .0417369    -5.99   0.000     .6225205    .7864992
Obese II (35..)  |   .9675901   .1902769    -0.17   0.867     .6581159    1.422592
Obese III (40+)  |   1.025556   .1032046     0.25   0.802     .8419777     1.24916
                 |
    smoke_nomiss |
         Former  |   1.252301   .2880334     0.98   0.328     .7978652    1.965567
        Current  |   .9726897   .0386418    -0.70   0.486     .8998266    1.051453
                 |
             imd |
              4  |   1.051901   .0502211     1.06   0.289     .9579344    1.155085
5 most deprived  |   .9946841   .1038337    -0.05   0.959     .8106425    1.220509
                 |
1.htdiag_or_hi~p |   1.007929   .1022567     0.08   0.938      .826178    1.229664
1.chronic_res~se |   .9744666   .0298898    -0.84   0.399     .9176098    1.034846
        1.asthma |   1.054178   .1182193     0.47   0.638     .8461695    1.313321
1.chronic_car~se |   1.027921   .0672859     0.42   0.674     .9041524    1.168632
      1.diabetes |   .8217906   .0479138    -3.37   0.001     .7330483    .9212761
                 |
cancer_exhaem_~t |
      Last year  |    .955011   .6340733    -0.07   0.945     .2599314    3.508796
  2-5 years ago  |   1.303597   .1799949     1.92   0.055     .9945194     1.70873
       5+ years  |    .942578   .1289228    -0.43   0.665     .7209293    1.232372
                 |
 cancer_haem_cat |
      Last year  |   1.001092   .2054214     0.01   0.996     .6695911    1.496712
  2-5 years ago  |   .9115877   .3016812    -0.28   0.780     .4765423    1.743795
       5+ years  |   .9705697   .0733496    -0.40   0.693     .8369475    1.125525
                 |
1.chronic_liv~se |   .9284385   .0675554    -1.02   0.308     .8050403    1.070751
1.stroke_demen~a |   1.087844   .0702427     1.30   0.192     .9585264    1.234608
   1.other_neuro |   .9883604   .0854152    -0.14   0.892     .8343602    1.170785
                 |
reduced_kidney~t |
Stage 3a/3b e..  |   .9458986   .1445778    -0.36   0.716     .7010371    1.276287
   1.organ_trans |   .9910296   .0708248    -0.13   0.900     .8614989    1.140036
      1.asplenia |   1.108876   .0469775     2.44   0.015     1.020521    1.204881
                 |
additional_peo~e |
              1  |   .9538657   .1927028    -0.23   0.815     .6419851     1.41726
              2  |    .771764   .1752312    -1.14   0.254     .4945575    1.204349
              3  |   .7360217   .1877438    -1.20   0.230     .4464439    1.213429
              4  |   .6936607   .1233014    -2.06   0.040     .4896008    .9827703
                 |
1.ra_sle_psori~s |   .9914114   .0536001    -0.16   0.873     .8917317    1.102234
  1.other_immuno |   1.003879   .0534454     0.07   0.942     .9044075     1.11429
                 |
           age66#|
  gp_number_kids |
            1 1  |   1.485429   .0866578     6.78   0.000     1.324933    1.665366
            1 2  |   1.072403   .1599185     0.47   0.639     .8006178     1.43645
            1 3  |    1.22485    .183938     1.35   0.177     .9125495    1.644029
            1 4  |   .8595728   .1465996    -0.89   0.375     .6153337    1.200756
----------------------------------------------------------------------------------
                                                             Stratified by stp
   1:      0.85 /        1 =       0.8500

 ( 1)  1.age66#1.gp_number_kids = 0
 ( 2)  1.age66#2.gp_number_kids = 0
 ( 3)  1.age66#3.gp_number_kids = 0
 ( 4)  1.age66#4.gp_number_kids = 0

           chi2(  4) =  137.75
         Prob > chi2 =    0.0000

gp_number_kids <66
****************

 ( 1)  2.gp_number_kids = 0

------------------------------------------------------------------------------
          _t |     exp(b)   Std. Err.      z    P>|z|     [95% Conf. Interval]
-------------+----------------------------------------------------------------
         (1) |   1.066365   .1414004     0.48   0.628     .8223109    1.382851
------------------------------------------------------------------------------

 ( 1)  3.gp_number_kids = 0

------------------------------------------------------------------------------
          _t |     exp(b)   Std. Err.      z    P>|z|     [95% Conf. Interval]
-------------+----------------------------------------------------------------
         (1) |   1.010306   .1534145     0.07   0.946     .7502369    1.360528
------------------------------------------------------------------------------

 ( 1)  4.gp_number_kids = 0

------------------------------------------------------------------------------
          _t |     exp(b)   Std. Err.      z    P>|z|     [95% Conf. Interval]
-------------+----------------------------------------------------------------
         (1) |   1.087586   .2219412     0.41   0.681     .7290561    1.622432
------------------------------------------------------------------------------
gp_number_kids 66+
****************

 ( 1)  2.gp_number_kids + 1.age66#2.gp_number_kids = 0

------------------------------------------------------------------------------
          _t |     exp(b)   Std. Err.      z    P>|z|     [95% Conf. Interval]
-------------+----------------------------------------------------------------
         (1) |   1.143572   .2021972     0.76   0.448     .8086508    1.617209
------------------------------------------------------------------------------

 ( 1)  3.gp_number_kids + 1.age66#3.gp_number_kids = 0

------------------------------------------------------------------------------
          _t |     exp(b)   Std. Err.      z    P>|z|     [95% Conf. Interval]
-------------+----------------------------------------------------------------
         (1) |   1.237473   .2035419     1.30   0.195     .8964555    1.708217
------------------------------------------------------------------------------

 ( 1)  4.gp_number_kids + 1.age66#4.gp_number_kids = 0

------------------------------------------------------------------------------
          _t |     exp(b)   Std. Err.      z    P>|z|     [95% Conf. Interval]
-------------+----------------------------------------------------------------
         (1) |   .9348595   .2435506    -0.26   0.796     .5610355    1.557766
------------------------------------------------------------------------------
file ./output/an_interaction_cox_models_covid_tpp_prob_gp_number_kids_age66_MAINFUL
> LYADJMODEL_agespline_bmicat_noeth.ster saved

         failure _d:  covid_tpp_prob
   analysis time _t:  (stime_covid_tpp_prob-origin)
             origin:  time enter_date
  enter on or after:  time enter_date
                 id:  patient_id

Iteration 0:   log pseudolikelihood = -5556.6394
Iteration 1:   log pseudolikelihood = -5541.9933
Iteration 2:   log pseudolikelihood = -5541.8285
Iteration 3:   log pseudolikelihood = -5541.8284
Refining estimates:
Iteration 0:   log pseudolikelihood = -5541.8284

Stratified Cox regr. -- Breslow method for ties

No. of subjects      =        4,767             Number of obs    =       9,359
No. of failures      =          913
Time at risk         =       590186
                                                Wald chi2(6)     =      138.24
Log pseudolikelihood =   -5541.8284             Prob > chi2      =      0.0000

                             (Std. Err. adjusted for 7 clusters in household_size)
----------------------------------------------------------------------------------
                 |               Robust
              _t | Haz. Ratio   Std. Err.      z    P>|z|     [95% Conf. Interval]
-----------------+----------------------------------------------------------------
       kids_cat3 |
  Kids under 12  |   1.013704    .102887     0.13   0.893     .8308399    1.236815
  Kids under 18  |   .8762548    .080928    -1.43   0.153     .7311664    1.050134
                 |
            age1 |   .9700777   .0089408    -3.30   0.001     .9527114    .9877605
            age2 |   1.054194   .0175136     3.18   0.001     1.020421    1.089085
            age3 |   .8939962   .0338874    -2.96   0.003     .8299855    .9629437
          1.male |    1.07428   .0406187     1.90   0.058     .9975467    1.156915
                 |
       obese4cat |
Obese I (30-..)  |   .7050758   .0456484    -5.40   0.000     .6210503    .8004695
Obese II (35..)  |   .9692252   .1907588    -0.16   0.874     .6590143    1.425458
Obese III (40+)  |   1.028262   .1020674     0.28   0.779     .8464708    1.249096
                 |
    smoke_nomiss |
         Former  |   1.250864   .2796103     1.00   0.317     .8071194    1.938574
        Current  |   .9705467   .0416681    -0.70   0.486     .8922204    1.055749
                 |
             imd |
              4  |   1.049492   .0479993     1.06   0.291     .9595086    1.147915
5 most deprived  |   .9932335   .1104302    -0.06   0.951     .7987532    1.235066
                 |
1.htdiag_or_hi~p |   1.022284   .1006177     0.22   0.823     .8429316    1.239797
1.chronic_res~se |   .9827944   .0321046    -0.53   0.595     .9218426    1.047776
        1.asthma |   1.051429   .1125545     0.47   0.639     .8524313    1.296881
1.chronic_car~se |    1.02811   .0669169     0.43   0.670     .9049764    1.167998
      1.diabetes |    .820677   .0511211    -3.17   0.002     .7263563    .9272456
                 |
cancer_exhaem_~t |
      Last year  |   1.022971   .7054014     0.03   0.974     .2647936     3.95202
  2-5 years ago  |   1.300743    .193596     1.77   0.077     .9716347    1.741326
       5+ years  |   .9376049   .1270638    -0.48   0.634     .7188948    1.222853
                 |
 cancer_haem_cat |
      Last year  |    1.01779   .2055603     0.09   0.930     .6850831    1.512074
  2-5 years ago  |   .9117906   .2946304    -0.29   0.775     .4839974    1.717699
       5+ years  |   .9733353   .0728417    -0.36   0.718     .8405449    1.127104
                 |
1.chronic_liv~se |    .924352   .0698285    -1.04   0.298     .7971405    1.071864
1.stroke_demen~a |   1.091914   .0730739     1.31   0.189      .957687    1.244954
   1.other_neuro |   .9875674   .0872442    -0.14   0.887     .8305571    1.174259
                 |
reduced_kidney~t |
Stage 3a/3b e..  |   .9203003     .14892    -0.51   0.608     .6701791    1.263771
   1.organ_trans |   .9916559   .0712296    -0.12   0.907     .8614302    1.141568
      1.asplenia |    1.10587   .0445972     2.50   0.013     1.021827    1.196826
                 |
additional_peo~e |
              1  |   .9784537   .2104292    -0.10   0.919     .6419162    1.491428
              2  |   .7906118   .1812354    -1.02   0.305     .5044738    1.239048
              3  |   .7742355   .1881835    -1.05   0.292     .4808199    1.246705
              4  |   .7285477   .1373923    -1.68   0.093     .5034255     1.05434
                 |
1.ra_sle_psori~s |   .9921479    .053372    -0.15   0.883     .8928664    1.102469
  1.other_immuno |   1.003942   .0573781     0.07   0.945      .897553    1.122942
----------------------------------------------------------------------------------
                                                             Stratified by stp
   1:      0.74 /        1 =       0.7390

         failure _d:  covid_tpp_prob
   analysis time _t:  (stime_covid_tpp_prob-origin)
             origin:  time enter_date
  enter on or after:  time enter_date
                 id:  patient_id

Iteration 0:   log pseudolikelihood = -5556.6394
Iteration 1:   log pseudolikelihood = -5541.9543
Iteration 2:   log pseudolikelihood =  -5541.789
Iteration 3:   log pseudolikelihood =  -5541.789
Refining estimates:
Iteration 0:   log pseudolikelihood =  -5541.789

Stratified Cox regr. -- Breslow method for ties

No. of subjects      =        4,767             Number of obs    =       9,359
No. of failures      =          913
Time at risk         =       590186
                                                Wald chi2(6)     =       60.87
Log pseudolikelihood =    -5541.789             Prob > chi2      =      0.0000

                             (Std. Err. adjusted for 7 clusters in household_size)
----------------------------------------------------------------------------------
                 |               Robust
              _t | Haz. Ratio   Std. Err.      z    P>|z|     [95% Conf. Interval]
-----------------+----------------------------------------------------------------
       kids_cat3 |
  Kids under 12  |   .9848187   .0793758    -0.19   0.849     .8409108    1.153354
  Kids under 18  |   .8622452    .176376    -0.72   0.469     .5774492    1.287501
                 |
            age1 |   .9701924   .0091137    -3.22   0.001     .9524934    .9882203
            age2 |   1.053922   .0186529     2.97   0.003      1.01799    1.091123
            age3 |   .8945236   .0373489    -2.67   0.008     .8242362    .9708048
          1.male |   1.024455   .2249988     0.11   0.912     .6661094     1.57558
                 |
       obese4cat |
Obese I (30-..)  |    .704399   .0446261    -5.53   0.000     .6221458    .7975267
Obese II (35..)  |   .9689582   .1893938    -0.16   0.872     .6605841    1.421288
Obese III (40+)  |   1.028418   .1034324     0.28   0.781     .8444246    1.252503
                 |
    smoke_nomiss |
         Former  |   1.249739   .2813553     0.99   0.322     .8038727    1.942904
        Current  |   .9704376    .042388    -0.69   0.492     .8908155    1.057176
                 |
             imd |
              4  |   1.048986   .0464426     1.08   0.280     .9617975    1.144078
5 most deprived  |   .9927799   .1098357    -0.07   0.948     .7992465    1.233176
                 |
1.htdiag_or_hi~p |   1.023218    .102569     0.23   0.819      .840703    1.245358
1.chronic_res~se |   .9830656    .031313    -0.54   0.592     .9235697    1.046394
        1.asthma |   1.051413   .1123754     0.47   0.639      .852701    1.296433
1.chronic_car~se |   1.028311   .0675234     0.43   0.671     .9041303    1.169549
      1.diabetes |   .8208292   .0506143    -3.20   0.001     .7273872    .9262751
                 |
cancer_exhaem_~t |
      Last year  |   1.026405   .7064433     0.04   0.970     .2663563    3.955258
  2-5 years ago  |   1.298608   .2004614     1.69   0.091     .9595803    1.757418
       5+ years  |   .9376935   .1277693    -0.47   0.637     .7179215    1.224743
                 |
 cancer_haem_cat |
      Last year  |   1.016932   .2150156     0.08   0.937     .6719203    1.539098
  2-5 years ago  |   .9110508   .2951576    -0.29   0.774     .4828081    1.719137
       5+ years  |    .973521    .073262    -0.36   0.721     .8400176    1.128242
                 |
1.chronic_liv~se |   .9243372   .0702372    -1.04   0.300     .7964354    1.072779
1.stroke_demen~a |   1.091952   .0731908     1.31   0.189     .9575237    1.245252
   1.other_neuro |   .9879997   .0863318    -0.14   0.890     .8324889     1.17256
                 |
reduced_kidney~t |
Stage 3a/3b e..  |   .9203733   .1461121    -0.52   0.601     .6742689    1.256305
   1.organ_trans |   .9918502   .0711115    -0.11   0.909     .8618239    1.141494
      1.asplenia |   1.105543   .0452773     2.45   0.014     1.020269    1.197943
                 |
additional_peo~e |
              1  |   .9763013   .2002515    -0.12   0.907     .6531183    1.459405
              2  |   .7929192   .1895657    -0.97   0.332     .4962831    1.266859
              3  |   .7765731   .1952189    -1.01   0.314     .4744636    1.271047
              4  |   .7299175   .1402566    -1.64   0.101     .5008549     1.06374
                 |
1.ra_sle_psori~s |   .9916832   .0521199    -0.16   0.874     .8946154    1.099283
  1.other_immuno |    1.00468   .0585687     0.08   0.936     .8962025    1.126288
                 |
  male#kids_cat3 |
1#Kids under 12  |   1.057497   .2526012     0.23   0.815     .6621482    1.688897
1#Kids under 18  |   1.030211   .4113226     0.07   0.941     .4710585    2.253084
----------------------------------------------------------------------------------
                                                             Stratified by stp
   1:      0.73 /        1 =       0.7350

 ( 1)  1.male#1.kids_cat3 = 0
 ( 2)  1.male#2.kids_cat3 = 0

           chi2(  2) =    0.06
         Prob > chi2 =    0.9709

kids_cat3 <66
****************

 ( 1)  2.kids_cat3 = 0

------------------------------------------------------------------------------
          _t |     exp(b)   Std. Err.      z    P>|z|     [95% Conf. Interval]
-------------+----------------------------------------------------------------
         (1) |   .8622452    .176376    -0.72   0.469     .5774492    1.287501
------------------------------------------------------------------------------
kids_cat3 66+
****************

 ( 1)  2.kids_cat3 + 1.male#2.kids_cat3 = 0

------------------------------------------------------------------------------
          _t |     exp(b)   Std. Err.      z    P>|z|     [95% Conf. Interval]
-------------+----------------------------------------------------------------
         (1) |   .8882943   .2092004    -0.50   0.615     .5598763    1.409359
------------------------------------------------------------------------------
file ./output/an_interaction_cox_models_covid_tpp_prob_kids_cat3_male_MAINFULLYADJM
> ODEL_agespline_bmicat_noeth.ster saved

         failure _d:  covid_tpp_prob
   analysis time _t:  (stime_covid_tpp_prob-origin)
             origin:  time enter_date
  enter on or after:  time enter_date
                 id:  patient_id

Iteration 0:   log pseudolikelihood = -5556.6394
Iteration 1:   log pseudolikelihood = -5540.3709
Iteration 2:   log pseudolikelihood = -5540.2102
Iteration 3:   log pseudolikelihood = -5540.2101
Refining estimates:
Iteration 0:   log pseudolikelihood = -5540.2101

Stratified Cox regr. -- Breslow method for ties

No. of subjects      =        4,767             Number of obs    =       9,359
No. of failures      =          913
Time at risk         =       590186
                                                Wald chi2(6)     =       15.70
Log pseudolikelihood =   -5540.2101             Prob > chi2      =      0.0154

                             (Std. Err. adjusted for 7 clusters in household_size)
----------------------------------------------------------------------------------
                 |               Robust
              _t | Haz. Ratio   Std. Err.      z    P>|z|     [95% Conf. Interval]
-----------------+----------------------------------------------------------------
  gp_number_kids |
              1  |   1.096724   .0684384     1.48   0.139     .9704654    1.239409
              2  |   1.018785   .1101511     0.17   0.863     .8242342    1.259257
              3  |   1.215066   .1313177     1.80   0.071       .98312    1.501734
              4  |   1.041852   .1688092     0.25   0.800     .7583815     1.43128
                 |
            age1 |   .9687058   .0089523    -3.44   0.001     .9513175    .9864119
            age2 |   1.057042   .0177158     3.31   0.001     1.022884    1.092341
            age3 |   .8888209   .0343672    -3.05   0.002     .8239516    .9587974
          1.male |   1.103481   .1828473     0.59   0.552     .7974809    1.526895
                 |
       obese4cat |
Obese I (30-..)  |   .7080567   .0480049    -5.09   0.000     .6199523    .8086821
Obese II (35..)  |   .9728772   .1902245    -0.14   0.888     .6631694    1.427222
Obese III (40+)  |   1.036113   .0946211     0.39   0.698     .8663089      1.2392
                 |
    smoke_nomiss |
         Former  |   1.259403   .2824144     1.03   0.304     .8114978    1.954529
        Current  |   .9695687   .0435561    -0.69   0.491     .8878506    1.058808
                 |
             imd |
              4  |   1.049493   .0497799     1.02   0.308     .9563243    1.151739
5 most deprived  |   .9969264   .1080342    -0.03   0.977      .806159    1.232836
                 |
1.htdiag_or_hi~p |    1.02082    .110345     0.19   0.849     .8259224     1.26171
1.chronic_res~se |   .9844456   .0314427    -0.49   0.624     .9247084    1.048042
        1.asthma |   1.049851   .1190641     0.43   0.668     .8406061    1.311182
1.chronic_car~se |   1.028626    .066951     0.43   0.665     .9054293    1.168585
      1.diabetes |   .8212821    .049652    -3.26   0.001     .7295104    .9245985
                 |
cancer_exhaem_~t |
      Last year  |   .9944473   .6935241    -0.01   0.994     .2534876    3.901277
  2-5 years ago  |   1.296856   .2088535     1.61   0.107     .9458214    1.778175
       5+ years  |   .9388867   .1279419    -0.46   0.644       .71882    1.226327
                 |
 cancer_haem_cat |
      Last year  |   1.031953   .1915663     0.17   0.865     .7172118    1.484816
  2-5 years ago  |   .9122485   .3068596    -0.27   0.785      .471833    1.763754
       5+ years  |    .972381   .0705333    -0.39   0.699     .8435156    1.120933
                 |
1.chronic_liv~se |   .9297916   .0704709    -0.96   0.337     .8014404    1.078698
1.stroke_demen~a |   1.090244   .0707368     1.33   0.183     .9600559    1.238087
   1.other_neuro |   .9903784   .0864775    -0.11   0.912     .8345959    1.175239
                 |
reduced_kidney~t |
Stage 3a/3b e..  |   .9127024   .1435803    -0.58   0.561     .6705387    1.242323
   1.organ_trans |   .9888845   .0692175    -0.16   0.873     .8621151    1.134295
      1.asplenia |   1.106124   .0468426     2.38   0.017     1.018021    1.201851
                 |
additional_peo~e |
              1  |    .956195   .1896514    -0.23   0.821     .6482156    1.410501
              2  |   .7746999     .18595    -1.06   0.288     .4839727     1.24007
              3  |   .7413203   .1942145    -1.14   0.253      .443613    1.238818
              4  |   .6897685   .1231667    -2.08   0.038     .4860834    .9788043
                 |
1.ra_sle_psori~s |   .9951107   .0535658    -0.09   0.927     .8954721    1.105836
  1.other_immuno |   1.003832   .0564355     0.07   0.946     .8990973    1.120768
                 |
            male#|
  gp_number_kids |
            1 1  |   .9504094   .2502631    -0.19   0.847     .5672457    1.592393
            1 2  |   1.124659   .2189131     0.60   0.546      .767955    1.647046
            1 3  |   .7464344   .1421435    -1.54   0.125     .5139222    1.084141
            1 4  |   1.041166      .2304     0.18   0.855     .6747724    1.606507
----------------------------------------------------------------------------------
                                                             Stratified by stp
   1:      0.82 /        1 =       0.8160

 ( 1)  1.male#1.gp_number_kids = 0
 ( 2)  1.male#2.gp_number_kids = 0
 ( 3)  1.male#3.gp_number_kids = 0
 ( 4)  1.male#4.gp_number_kids = 0

           chi2(  4) =   59.11
         Prob > chi2 =    0.0000

gp_number_kids <66
****************

 ( 1)  2.gp_number_kids = 0

------------------------------------------------------------------------------
          _t |     exp(b)   Std. Err.      z    P>|z|     [95% Conf. Interval]
-------------+----------------------------------------------------------------
         (1) |   1.018785   .1101511     0.17   0.863     .8242342    1.259257
------------------------------------------------------------------------------

 ( 1)  3.gp_number_kids = 0

------------------------------------------------------------------------------
          _t |     exp(b)   Std. Err.      z    P>|z|     [95% Conf. Interval]
-------------+----------------------------------------------------------------
         (1) |   1.215066   .1313177     1.80   0.071       .98312    1.501734
------------------------------------------------------------------------------

 ( 1)  4.gp_number_kids = 0

------------------------------------------------------------------------------
          _t |     exp(b)   Std. Err.      z    P>|z|     [95% Conf. Interval]
-------------+----------------------------------------------------------------
         (1) |   1.041852   .1688092     0.25   0.800     .7583815     1.43128
------------------------------------------------------------------------------
gp_number_kids 66+
****************

 ( 1)  2.gp_number_kids + 1.male#2.gp_number_kids = 0

------------------------------------------------------------------------------
          _t |     exp(b)   Std. Err.      z    P>|z|     [95% Conf. Interval]
-------------+----------------------------------------------------------------
         (1) |   1.145786   .2298295     0.68   0.497     .7733276    1.697631
------------------------------------------------------------------------------

 ( 1)  3.gp_number_kids + 1.male#3.gp_number_kids = 0

------------------------------------------------------------------------------
          _t |     exp(b)   Std. Err.      z    P>|z|     [95% Conf. Interval]
-------------+----------------------------------------------------------------
         (1) |   .9069668   .1997444    -0.44   0.657     .5890177    1.396543
------------------------------------------------------------------------------

 ( 1)  4.gp_number_kids + 1.male#4.gp_number_kids = 0

------------------------------------------------------------------------------
          _t |     exp(b)   Std. Err.      z    P>|z|     [95% Conf. Interval]
-------------+----------------------------------------------------------------
         (1) |   1.084741   .3110262     0.28   0.777       .61839    1.902786
------------------------------------------------------------------------------
file ./output/an_interaction_cox_models_covid_tpp_prob_gp_number_kids_male_MAINFULL
> YADJMODEL_agespline_bmicat_noeth.ster saved

         failure _d:  covid_tpp_prob
   analysis time _t:  (stime_covid_tpp_prob-origin)
             origin:  time enter_date
  enter on or after:  time enter_date
                 id:  patient_id

Iteration 0:   log pseudolikelihood = -5556.6394
Iteration 1:   log pseudolikelihood = -5541.9933
Iteration 2:   log pseudolikelihood = -5541.8285
Iteration 3:   log pseudolikelihood = -5541.8284
Refining estimates:
Iteration 0:   log pseudolikelihood = -5541.8284

Stratified Cox regr. -- Breslow method for ties

No. of subjects      =        4,767             Number of obs    =       9,359
No. of failures      =          913
Time at risk         =       590186
                                                Wald chi2(6)     =      138.24
Log pseudolikelihood =   -5541.8284             Prob > chi2      =      0.0000

                             (Std. Err. adjusted for 7 clusters in household_size)
----------------------------------------------------------------------------------
                 |               Robust
              _t | Haz. Ratio   Std. Err.      z    P>|z|     [95% Conf. Interval]
-----------------+----------------------------------------------------------------
       kids_cat3 |
  Kids under 12  |   1.013704    .102887     0.13   0.893     .8308399    1.236815
  Kids under 18  |   .8762548    .080928    -1.43   0.153     .7311664    1.050134
                 |
            age1 |   .9700777   .0089408    -3.30   0.001     .9527114    .9877605
            age2 |   1.054194   .0175136     3.18   0.001     1.020421    1.089085
            age3 |   .8939962   .0338874    -2.96   0.003     .8299855    .9629437
          1.male |    1.07428   .0406187     1.90   0.058     .9975467    1.156915
                 |
       obese4cat |
Obese I (30-..)  |   .7050758   .0456484    -5.40   0.000     .6210503    .8004695
Obese II (35..)  |   .9692252   .1907588    -0.16   0.874     .6590143    1.425458
Obese III (40+)  |   1.028262   .1020674     0.28   0.779     .8464708    1.249096
                 |
    smoke_nomiss |
         Former  |   1.250864   .2796103     1.00   0.317     .8071194    1.938574
        Current  |   .9705467   .0416681    -0.70   0.486     .8922204    1.055749
                 |
             imd |
              4  |   1.049492   .0479993     1.06   0.291     .9595086    1.147915
5 most deprived  |   .9932335   .1104302    -0.06   0.951     .7987532    1.235066
                 |
1.htdiag_or_hi~p |   1.022284   .1006177     0.22   0.823     .8429316    1.239797
1.chronic_res~se |   .9827944   .0321046    -0.53   0.595     .9218426    1.047776
        1.asthma |   1.051429   .1125545     0.47   0.639     .8524313    1.296881
1.chronic_car~se |    1.02811   .0669169     0.43   0.670     .9049764    1.167998
      1.diabetes |    .820677   .0511211    -3.17   0.002     .7263563    .9272456
                 |
cancer_exhaem_~t |
      Last year  |   1.022971   .7054014     0.03   0.974     .2647936     3.95202
  2-5 years ago  |   1.300743    .193596     1.77   0.077     .9716347    1.741326
       5+ years  |   .9376049   .1270638    -0.48   0.634     .7188948    1.222853
                 |
 cancer_haem_cat |
      Last year  |    1.01779   .2055603     0.09   0.930     .6850831    1.512074
  2-5 years ago  |   .9117906   .2946304    -0.29   0.775     .4839974    1.717699
       5+ years  |   .9733353   .0728417    -0.36   0.718     .8405449    1.127104
                 |
1.chronic_liv~se |    .924352   .0698285    -1.04   0.298     .7971405    1.071864
1.stroke_demen~a |   1.091914   .0730739     1.31   0.189      .957687    1.244954
   1.other_neuro |   .9875674   .0872442    -0.14   0.887     .8305571    1.174259
                 |
reduced_kidney~t |
Stage 3a/3b e..  |   .9203003     .14892    -0.51   0.608     .6701791    1.263771
   1.organ_trans |   .9916559   .0712296    -0.12   0.907     .8614302    1.141568
      1.asplenia |    1.10587   .0445972     2.50   0.013     1.021827    1.196826
                 |
additional_peo~e |
              1  |   .9784537   .2104292    -0.10   0.919     .6419162    1.491428
              2  |   .7906118   .1812354    -1.02   0.305     .5044738    1.239048
              3  |   .7742355   .1881835    -1.05   0.292     .4808199    1.246705
              4  |   .7285477   .1373923    -1.68   0.093     .5034255     1.05434
                 |
1.ra_sle_psori~s |   .9921479    .053372    -0.15   0.883     .8928664    1.102469
  1.other_immuno |   1.003942   .0573781     0.07   0.945      .897553    1.122942
----------------------------------------------------------------------------------
                                                             Stratified by stp
   1:      0.74 /        1 =       0.7430

         failure _d:  covid_tpp_prob
   analysis time _t:  (stime_covid_tpp_prob-origin)
             origin:  time enter_date
  enter on or after:  time enter_date
                 id:  patient_id

Iteration 0:   log pseudolikelihood = -5556.6394
Iteration 1:   log pseudolikelihood = -5541.6574
Iteration 2:   log pseudolikelihood = -5541.4846
Iteration 3:   log pseudolikelihood = -5541.4845
Refining estimates:
Iteration 0:   log pseudolikelihood = -5541.4845

Stratified Cox regr. -- Breslow method for ties

No. of subjects      =        4,767             Number of obs    =       9,359
No. of failures      =          913
Time at risk         =       590186
                                                Wald chi2(6)     =       12.07
Log pseudolikelihood =   -5541.4845             Prob > chi2      =      0.0605

                             (Std. Err. adjusted for 7 clusters in household_size)
----------------------------------------------------------------------------------
                 |               Robust
              _t | Haz. Ratio   Std. Err.      z    P>|z|     [95% Conf. Interval]
-----------------+----------------------------------------------------------------
       kids_cat3 |
  Kids under 12  |    1.16077   .2164217     0.80   0.424      .805457    1.672822
  Kids under 18  |   .8433619   .3964036    -0.36   0.717     .3356801    2.118861
                 |
            age1 |   .9701272    .008928    -3.30   0.001     .9527856    .9877845
            age2 |   1.054085   .0174775     3.18   0.001     1.020381    1.088903
            age3 |   .8942003   .0338223    -2.96   0.003     .8303075    .9630098
          1.male |   1.074407   .0405844     1.90   0.057     .9977366     1.15697
                 |
       obese4cat |
Obese I (30-..)  |   .7050554   .0457844    -5.38   0.000     .6207953     .800752
Obese II (35..)  |   .9689179   .1908484    -0.16   0.873     .6586054    1.425439
Obese III (40+)  |   1.028659    .101815     0.29   0.775     .8472686    1.248884
                 |
    smoke_nomiss |
         Former  |   1.251426   .2803111     1.00   0.317     .8067547    1.941192
        Current  |   .9705038   .0416765    -0.70   0.486     .8921624    1.055724
                 |
             imd |
              4  |   1.049717   .0480303     1.06   0.289     .9596768    1.148204
5 most deprived  |   .9932782   .1104353    -0.06   0.952     .7987889    1.235122
                 |
1.htdiag_or_hi~p |   1.022641    .100422     0.23   0.820     .8435992    1.239681
1.chronic_res~se |   .9826229    .032007    -0.54   0.590     .9218509    1.047401
        1.asthma |   1.051636   .1129509     0.47   0.639     .8520049    1.298042
1.chronic_car~se |     1.0283   .0669705     0.43   0.668     .9050721    1.168305
      1.diabetes |   .8208742   .0510246    -3.18   0.001     .7267197    .9272276
                 |
cancer_exhaem_~t |
      Last year  |   1.024702   .7084377     0.04   0.972     .2643083    3.972685
  2-5 years ago  |   1.300561   .1935022     1.77   0.077     .9715966    1.740907
       5+ years  |   .9376667   .1272168    -0.47   0.635     .7187251    1.223304
                 |
 cancer_haem_cat |
      Last year  |   1.017288    .205253     0.08   0.932     .6850171    1.510729
  2-5 years ago  |    .912008   .2954282    -0.28   0.776     .4833566    1.720797
       5+ years  |   .9734587   .0727816    -0.36   0.719     .8407688     1.12709
                 |
1.chronic_liv~se |   .9242133    .069888    -1.04   0.297     .7969027    1.071863
1.stroke_demen~a |   1.091853   .0731557     1.31   0.190     .9574856    1.245076
   1.other_neuro |    .987398   .0873691    -0.14   0.886     .8301841    1.174384
                 |
reduced_kidney~t |
Stage 3a/3b e..  |   .9204976   .1483033    -0.51   0.607     .6712492    1.262297
   1.organ_trans |   .9917601   .0711627    -0.12   0.908     .8616473    1.141521
      1.asplenia |   1.106043   .0443881     2.51   0.012     1.022378    1.196556
                 |
additional_peo~e |
              1  |   .9786401   .2108228    -0.10   0.920      .641584    1.492768
              2  |   .7899338   .1814882    -1.03   0.305     .5035309     1.23924
              3  |   .7731571   .1888156    -1.05   0.292     .4790631    1.247794
              4  |   .7278732   .1368597    -1.69   0.091     .5035087    1.052215
                 |
1.ra_sle_psori~s |   .9920943   .0530084    -0.15   0.882     .8934548    1.101624
  1.other_immuno |   1.003958    .057164     0.07   0.945     .8979444    1.122489
                 |
        cat_time#|
       kids_cat3 |
1#Kids under 12  |   .8472085   .2105838    -0.67   0.505     .5204919    1.379008
1#Kids under 18  |   1.046912   .5729266     0.08   0.933     .3581678    3.060085
----------------------------------------------------------------------------------
                                                             Stratified by stp
   1:      0.72 /        1 =       0.7200

 ( 1)  1.cat_time#1.kids_cat3 = 0
 ( 2)  1.cat_time#2.kids_cat3 = 0

           chi2(  2) =    2.39
         Prob > chi2 =    0.3034

kids_cat3 <66
****************

 ( 1)  2.kids_cat3 = 0

------------------------------------------------------------------------------
          _t |     exp(b)   Std. Err.      z    P>|z|     [95% Conf. Interval]
-------------+----------------------------------------------------------------
         (1) |   .8433619   .3964036    -0.36   0.717     .3356801    2.118861
------------------------------------------------------------------------------
kids_cat3 66+
****************

 ( 1)  2.kids_cat3 + 1.cat_time#2.kids_cat3 = 0

------------------------------------------------------------------------------
          _t |     exp(b)   Std. Err.      z    P>|z|     [95% Conf. Interval]
-------------+----------------------------------------------------------------
         (1) |   .8829254   .1123391    -0.98   0.328     .6880519    1.132992
------------------------------------------------------------------------------
file ./output/an_interaction_cox_models_covid_tpp_prob_kids_cat3_cat_time_MAINFULLY
> ADJMODEL_agespline_bmicat_noeth.ster saved

         failure _d:  covid_tpp_prob
   analysis time _t:  (stime_covid_tpp_prob-origin)
             origin:  time enter_date
  enter on or after:  time enter_date
                 id:  patient_id

Iteration 0:   log pseudolikelihood = -5556.6394
Iteration 1:   log pseudolikelihood = -5540.0926
Iteration 2:   log pseudolikelihood = -5539.9266
Iteration 3:   log pseudolikelihood = -5539.9265
Refining estimates:
Iteration 0:   log pseudolikelihood = -5539.9265

Stratified Cox regr. -- Breslow method for ties

No. of subjects      =        4,767             Number of obs    =       9,359
No. of failures      =          913
Time at risk         =       590186
                                                Wald chi2(6)     =      145.30
Log pseudolikelihood =   -5539.9265             Prob > chi2      =      0.0000

                             (Std. Err. adjusted for 7 clusters in household_size)
----------------------------------------------------------------------------------
                 |               Robust
              _t | Haz. Ratio   Std. Err.      z    P>|z|     [95% Conf. Interval]
-----------------+----------------------------------------------------------------
  gp_number_kids |
              1  |   1.371659   .2860579     1.52   0.130     .9114423    2.064255
              2  |   .9608833   .2203847    -0.17   0.862     .6129742    1.506257
              3  |   1.325943   .3781603     0.99   0.323     .7581612    2.318934
              4  |   1.197145   .1290021     1.67   0.095     .9692215    1.478668
                 |
            age1 |   .9699251    .008422    -3.52   0.000     .9535579    .9865733
            age2 |   1.054551   .0166015     3.37   0.001     1.022509    1.087596
            age3 |   .8932113   .0335541    -3.01   0.003     .8298093    .9614577
          1.male |   1.075393   .0403982     1.93   0.053     .9990583     1.15756
                 |
       obese4cat |
Obese I (30-..)  |   .7054937   .0471171    -5.22   0.000     .6189346    .8041582
Obese II (35..)  |   .9723266    .190846    -0.14   0.886     .6618207    1.428512
Obese III (40+)  |    1.03053   .1015612     0.31   0.760     .8495181    1.250111
                 |
    smoke_nomiss |
         Former  |   1.251477   .2848612     0.99   0.324     .8010732     1.95512
        Current  |   .9712775    .041675    -0.68   0.497     .8929362    1.056492
                 |
             imd |
              4  |   1.048933   .0482337     1.04   0.299     .9585314     1.14786
5 most deprived  |   .9943211   .1075421    -0.05   0.958     .8043847    1.229106
                 |
1.htdiag_or_hi~p |   1.021102   .1041732     0.20   0.838     .8360438    1.247122
1.chronic_res~se |   .9826219   .0327941    -0.53   0.599     .9204038    1.049046
        1.asthma |   1.049809    .114555     0.45   0.656      .847671     1.30015
1.chronic_car~se |   1.028141   .0666833     0.43   0.669     .9054097    1.167508
      1.diabetes |   .8209398    .049555    -3.27   0.001     .7293392    .9240449
                 |
cancer_exhaem_~t |
      Last year  |   1.021177   .7067923     0.03   0.976     .2629992    3.965039
  2-5 years ago  |   1.298799    .183076     1.85   0.064     .9852767    1.712085
       5+ years  |   .9406657   .1285161    -0.45   0.654     .7196843      1.2295
                 |
 cancer_haem_cat |
      Last year  |    1.01654   .2105068     0.08   0.937     .6774168    1.525431
  2-5 years ago  |   .9078607   .3036737    -0.29   0.773     .4713002    1.748803
       5+ years  |   .9717986   .0738181    -0.38   0.706     .8373725    1.127804
                 |
1.chronic_liv~se |   .9262763   .0694396    -1.02   0.307     .7997035    1.072882
1.stroke_demen~a |   1.091826   .0736422     1.30   0.193     .9566239    1.246138
   1.other_neuro |   .9871496   .0867403    -0.15   0.883     .8309757    1.172675
                 |
reduced_kidney~t |
Stage 3a/3b e..  |   .9250392   .1478714    -0.49   0.626     .6762262    1.265401
   1.organ_trans |   .9915504   .0719487    -0.12   0.907     .8601022    1.143088
      1.asplenia |   1.106327   .0463063     2.41   0.016     1.019191    1.200912
                 |
additional_peo~e |
              1  |   .9544785   .1970581    -0.23   0.821     .6368399    1.430547
              2  |   .7745419   .1790654    -1.11   0.269     .4923304    1.218521
              3  |   .7425043   .1896591    -1.17   0.244     .4500649    1.224962
              4  |   .6892611   .1235706    -2.08   0.038     .4850433    .9794609
                 |
1.ra_sle_psori~s |   .9924091   .0532752    -0.14   0.887     .8932971    1.102518
  1.other_immuno |   1.003564   .0566219     0.06   0.950     .8985034     1.12091
                 |
        cat_time#|
  gp_number_kids |
            1 1  |   .7337347   .1028014    -2.21   0.027     .5575448    .9656024
            1 2  |   1.157262   .1868094     0.90   0.366     .8433884    1.587946
            1 3  |   .7527278   .1826599    -1.17   0.242     .4678235    1.211139
            1 4  |   .8663778    .167463    -0.74   0.458     .5931681    1.265426
----------------------------------------------------------------------------------
                                                             Stratified by stp
   1:      0.81 /        1 =       0.8140

 ( 1)  1.cat_time#1.gp_number_kids = 0
 ( 2)  1.cat_time#2.gp_number_kids = 0
 ( 3)  1.cat_time#3.gp_number_kids = 0
 ( 4)  1.cat_time#4.gp_number_kids = 0

           chi2(  4) =   20.15
         Prob > chi2 =    0.0005

gp_number_kids <66
****************

 ( 1)  2.gp_number_kids = 0

------------------------------------------------------------------------------
          _t |     exp(b)   Std. Err.      z    P>|z|     [95% Conf. Interval]
-------------+----------------------------------------------------------------
         (1) |   .9608833   .2203847    -0.17   0.862     .6129742    1.506257
------------------------------------------------------------------------------

 ( 1)  3.gp_number_kids = 0

------------------------------------------------------------------------------
          _t |     exp(b)   Std. Err.      z    P>|z|     [95% Conf. Interval]
-------------+----------------------------------------------------------------
         (1) |   1.325943   .3781603     0.99   0.323     .7581612    2.318934
------------------------------------------------------------------------------

 ( 1)  4.gp_number_kids = 0

------------------------------------------------------------------------------
          _t |     exp(b)   Std. Err.      z    P>|z|     [95% Conf. Interval]
-------------+----------------------------------------------------------------
         (1) |   1.197145   .1290021     1.67   0.095     .9692215    1.478668
------------------------------------------------------------------------------
gp_number_kids 66+
****************

 ( 1)  2.gp_number_kids + 1.cat_time#2.gp_number_kids = 0

------------------------------------------------------------------------------
          _t |     exp(b)   Std. Err.      z    P>|z|     [95% Conf. Interval]
-------------+----------------------------------------------------------------
         (1) |   1.111994   .1343752     0.88   0.380     .8774891    1.409169
------------------------------------------------------------------------------

 ( 1)  3.gp_number_kids + 1.cat_time#3.gp_number_kids = 0

------------------------------------------------------------------------------
          _t |     exp(b)   Std. Err.      z    P>|z|     [95% Conf. Interval]
-------------+----------------------------------------------------------------
         (1) |   .9980745   .1279832    -0.02   0.988     .7762709    1.283254
------------------------------------------------------------------------------

 ( 1)  4.gp_number_kids + 1.cat_time#4.gp_number_kids = 0

------------------------------------------------------------------------------
          _t |     exp(b)   Std. Err.      z    P>|z|     [95% Conf. Interval]
-------------+----------------------------------------------------------------
         (1) |    1.03718   .2470502     0.15   0.878      .650284    1.654266
------------------------------------------------------------------------------
file ./output/an_interaction_cox_models_covid_tpp_prob_gp_number_kids_cat_time_MAIN
> FULLYADJMODEL_agespline_bmicat_noeth.ster saved

         failure _d:  covid_tpp_prob
   analysis time _t:  (stime_covid_tpp_prob-origin)
             origin:  time enter_date
  enter on or after:  time enter_date
                 id:  patient_id

Iteration 0:   log pseudolikelihood = -5556.6394
Iteration 1:   log pseudolikelihood = -5541.9933
Iteration 2:   log pseudolikelihood = -5541.8285
Iteration 3:   log pseudolikelihood = -5541.8284
Refining estimates:
Iteration 0:   log pseudolikelihood = -5541.8284

Stratified Cox regr. -- Breslow method for ties

No. of subjects      =        4,767             Number of obs    =       9,359
No. of failures      =          913
Time at risk         =       590186
                                                Wald chi2(6)     =      138.24
Log pseudolikelihood =   -5541.8284             Prob > chi2      =      0.0000

                             (Std. Err. adjusted for 7 clusters in household_size)
----------------------------------------------------------------------------------
                 |               Robust
              _t | Haz. Ratio   Std. Err.      z    P>|z|     [95% Conf. Interval]
-----------------+----------------------------------------------------------------
       kids_cat3 |
  Kids under 12  |   1.013704    .102887     0.13   0.893     .8308399    1.236815
  Kids under 18  |   .8762548    .080928    -1.43   0.153     .7311664    1.050134
                 |
            age1 |   .9700777   .0089408    -3.30   0.001     .9527114    .9877605
            age2 |   1.054194   .0175136     3.18   0.001     1.020421    1.089085
            age3 |   .8939962   .0338874    -2.96   0.003     .8299855    .9629437
          1.male |    1.07428   .0406187     1.90   0.058     .9975467    1.156915
                 |
       obese4cat |
Obese I (30-..)  |   .7050758   .0456484    -5.40   0.000     .6210503    .8004695
Obese II (35..)  |   .9692252   .1907588    -0.16   0.874     .6590143    1.425458
Obese III (40+)  |   1.028262   .1020674     0.28   0.779     .8464708    1.249096
                 |
    smoke_nomiss |
         Former  |   1.250864   .2796103     1.00   0.317     .8071194    1.938574
        Current  |   .9705467   .0416681    -0.70   0.486     .8922204    1.055749
                 |
             imd |
              4  |   1.049492   .0479993     1.06   0.291     .9595086    1.147915
5 most deprived  |   .9932335   .1104302    -0.06   0.951     .7987532    1.235066
                 |
1.htdiag_or_hi~p |   1.022284   .1006177     0.22   0.823     .8429316    1.239797
1.chronic_res~se |   .9827944   .0321046    -0.53   0.595     .9218426    1.047776
        1.asthma |   1.051429   .1125545     0.47   0.639     .8524313    1.296881
1.chronic_car~se |    1.02811   .0669169     0.43   0.670     .9049764    1.167998
      1.diabetes |    .820677   .0511211    -3.17   0.002     .7263563    .9272456
                 |
cancer_exhaem_~t |
      Last year  |   1.022971   .7054014     0.03   0.974     .2647936     3.95202
  2-5 years ago  |   1.300743    .193596     1.77   0.077     .9716347    1.741326
       5+ years  |   .9376049   .1270638    -0.48   0.634     .7188948    1.222853
                 |
 cancer_haem_cat |
      Last year  |    1.01779   .2055603     0.09   0.930     .6850831    1.512074
  2-5 years ago  |   .9117906   .2946304    -0.29   0.775     .4839974    1.717699
       5+ years  |   .9733353   .0728417    -0.36   0.718     .8405449    1.127104
                 |
1.chronic_liv~se |    .924352   .0698285    -1.04   0.298     .7971405    1.071864
1.stroke_demen~a |   1.091914   .0730739     1.31   0.189      .957687    1.244954
   1.other_neuro |   .9875674   .0872442    -0.14   0.887     .8305571    1.174259
                 |
reduced_kidney~t |
Stage 3a/3b e..  |   .9203003     .14892    -0.51   0.608     .6701791    1.263771
   1.organ_trans |   .9916559   .0712296    -0.12   0.907     .8614302    1.141568
      1.asplenia |    1.10587   .0445972     2.50   0.013     1.021827    1.196826
                 |
additional_peo~e |
              1  |   .9784537   .2104292    -0.10   0.919     .6419162    1.491428
              2  |   .7906118   .1812354    -1.02   0.305     .5044738    1.239048
              3  |   .7742355   .1881835    -1.05   0.292     .4808199    1.246705
              4  |   .7285477   .1373923    -1.68   0.093     .5034255     1.05434
                 |
1.ra_sle_psori~s |   .9921479    .053372    -0.15   0.883     .8928664    1.102469
  1.other_immuno |   1.003942   .0573781     0.07   0.945      .897553    1.122942
----------------------------------------------------------------------------------
                                                             Stratified by stp
   1:      0.75 /        1 =       0.7460

         failure _d:  covid_tpp_prob
   analysis time _t:  (stime_covid_tpp_prob-origin)
             origin:  time enter_date
  enter on or after:  time enter_date
                 id:  patient_id

Iteration 0:   log pseudolikelihood = -5556.6394
Iteration 1:   log pseudolikelihood = -5538.8784
Iteration 2:   log pseudolikelihood =   -5538.67
Iteration 3:   log pseudolikelihood = -5538.6699
Refining estimates:
Iteration 0:   log pseudolikelihood = -5538.6699

Stratified Cox regr. -- Breslow method for ties

No. of subjects      =        4,767             Number of obs    =       9,359
No. of failures      =          913
Time at risk         =       590186
                                                Wald chi2(6)     =      299.52
Log pseudolikelihood =   -5538.6699             Prob > chi2      =      0.0000

                             (Std. Err. adjusted for 7 clusters in household_size)
----------------------------------------------------------------------------------
                 |               Robust
              _t | Haz. Ratio   Std. Err.      z    P>|z|     [95% Conf. Interval]
-----------------+----------------------------------------------------------------
       kids_cat3 |
  Kids under 12  |    1.17288   .1357533     1.38   0.168     .9348297    1.471549
  Kids under 18  |   1.507752   .5102764     1.21   0.225     .7767002    2.926891
                 |
            age1 |   .9701555   .0084182    -3.49   0.000     .9537957    .9867959
            age2 |   1.053923   .0160111     3.46   0.001     1.023004    1.085776
            age3 |   .8946413   .0312802    -3.18   0.001     .8353868    .9580988
          1.male |   1.074206   .0433669     1.77   0.076     .9924838    1.162656
                 |
       obese4cat |
Obese I (30-..)  |   .7004487   .0514771    -4.84   0.000     .6064851    .8089701
Obese II (35..)  |   .9513636   .1831833    -0.26   0.796     .6523028    1.387534
Obese III (40+)  |   1.021829   .1007608     0.22   0.827     .8422529    1.239691
                 |
    smoke_nomiss |
         Former  |   1.269566   .2948923     1.03   0.304     .8052672     2.00157
        Current  |   .9765912   .0388331    -0.60   0.551     .9033701    1.055747
                 |
             imd |
              4  |   1.048117   .0476951     1.03   0.302     .9586837    1.145893
5 most deprived  |   .9983139   .1113551    -0.02   0.988     .8022717    1.242261
                 |
1.htdiag_or_hi~p |   1.019147   .1052127     0.18   0.854     .8324574    1.247704
1.chronic_res~se |   1.035488   .0643636     0.56   0.575     .9167194    1.169645
        1.asthma |   1.095503   .1234355     0.81   0.418     .8784248    1.366226
1.chronic_car~se |   1.030827   .0712233     0.44   0.660     .9002715    1.180316
      1.diabetes |   .8254141    .053788    -2.94   0.003     .7264462     .937865
                 |
cancer_exhaem_~t |
      Last year  |   1.100015   .7613544     0.14   0.890     .2833059    4.271118
  2-5 years ago  |   1.366128   .2673617     1.59   0.111     .9309036    2.004832
       5+ years  |   .9826321   .1442483    -0.12   0.905     .7369472    1.310224
                 |
 cancer_haem_cat |
      Last year  |   1.083469   .2889584     0.30   0.764     .6423964    1.827384
  2-5 years ago  |   .9583012   .3477718    -0.12   0.907     .4705406    1.951672
       5+ years  |   1.024991   .0797125     0.32   0.751     .8800818     1.19376
                 |
1.chronic_liv~se |   .9228837   .0691297    -1.07   0.284     .7968686    1.068827
1.stroke_demen~a |   1.093068   .0748396     1.30   0.194     .9558008    1.250048
   1.other_neuro |   .9918311   .0913321    -0.09   0.929     .8280477     1.18801
                 |
reduced_kidney~t |
Stage 3a/3b e..  |    .939265   .1524574    -0.39   0.699      .683321    1.291075
   1.organ_trans |   1.036873   .1012971     0.37   0.711     .8561845    1.255693
      1.asplenia |   1.158561   .0658569     2.59   0.010     1.036415    1.295103
                 |
additional_peo~e |
              1  |   .9554294   .2104669    -0.21   0.836     .6204282    1.471315
              2  |   .7706237    .196609    -1.02   0.307     .4673859    1.270601
              3  |   .7515681   .1959993    -1.10   0.273     .4508021    1.252999
              4  |   .7244721   .1345819    -1.74   0.083     .5033821    1.042667
                 |
1.ra_sle_psori~s |   .9938193   .0545599    -0.11   0.910     .8924361     1.10672
  1.other_immuno |   1.064714   .0825377     0.81   0.419     .9146337    1.239422
                 |
shield#kids_cat3 |
1#Kids under 12  |   .8308737   .1656178    -0.93   0.353     .5621669    1.228018
1#Kids under 18  |   .5030169   .2015071    -1.72   0.086     .2294001     1.10299
----------------------------------------------------------------------------------
                                                             Stratified by stp
   1:      0.74 /        1 =       0.7450

 ( 1)  1.shield#1.kids_cat3 = 0
 ( 2)  1.shield#2.kids_cat3 = 0

           chi2(  2) =    3.35
         Prob > chi2 =    0.1875

kids_cat3 <66
****************

 ( 1)  2.kids_cat3 = 0

------------------------------------------------------------------------------
          _t |     exp(b)   Std. Err.      z    P>|z|     [95% Conf. Interval]
-------------+----------------------------------------------------------------
         (1) |   1.507752   .5102764     1.21   0.225     .7767002    2.926891
------------------------------------------------------------------------------
kids_cat3 66+
****************

 ( 1)  2.kids_cat3 + 1.shield#2.kids_cat3 = 0

------------------------------------------------------------------------------
          _t |     exp(b)   Std. Err.      z    P>|z|     [95% Conf. Interval]
-------------+----------------------------------------------------------------
         (1) |   .7584248   .0933768    -2.25   0.025     .5958173    .9654104
------------------------------------------------------------------------------
file ./output/an_interaction_cox_models_covid_tpp_prob_kids_cat3_shield_MAINFULLYAD
> JMODEL_agespline_bmicat_noeth.ster saved

         failure _d:  covid_tpp_prob
   analysis time _t:  (stime_covid_tpp_prob-origin)
             origin:  time enter_date
  enter on or after:  time enter_date
                 id:  patient_id

Iteration 0:   log pseudolikelihood = -5556.6394
Iteration 1:   log pseudolikelihood = -5539.8979
Iteration 2:   log pseudolikelihood = -5539.7279
Iteration 3:   log pseudolikelihood = -5539.7278
Refining estimates:
Iteration 0:   log pseudolikelihood = -5539.7278

Stratified Cox regr. -- Breslow method for ties

No. of subjects      =        4,767             Number of obs    =       9,359
No. of failures      =          913
Time at risk         =       590186
                                                Wald chi2(6)     =      342.82
Log pseudolikelihood =   -5539.7278             Prob > chi2      =      0.0000

                             (Std. Err. adjusted for 7 clusters in household_size)
----------------------------------------------------------------------------------
                 |               Robust
              _t | Haz. Ratio   Std. Err.      z    P>|z|     [95% Conf. Interval]
-----------------+----------------------------------------------------------------
  gp_number_kids |
              1  |   .9979906   .1136068    -0.02   0.986     .7984165    1.247451
              2  |   1.390879   .2120832     2.16   0.030     1.031566    1.875348
              3  |   1.206091     .24927     0.91   0.365      .804372    1.808435
              4  |   1.324082     .08687     4.28   0.000     1.164312    1.505775
                 |
            age1 |   .9686165   .0076865    -4.02   0.000     .9536678    .9837995
            age2 |   1.057975    .015283     3.90   0.000     1.028441    1.088357
            age3 |   .8863761   .0318703    -3.35   0.001     .8260617    .9510943
          1.male |   1.073314   .0400237     1.90   0.058     .9976667    1.154697
                 |
       obese4cat |
Obese I (30-..)  |   .7054458   .0484436    -5.08   0.000     .6166105    .8070796
Obese II (35..)  |   .9673894   .1857435    -0.17   0.863     .6639975    1.409406
Obese III (40+)  |   1.027469   .1006801     0.28   0.782     .8479317    1.245021
                 |
    smoke_nomiss |
         Former  |   1.254889   .2759398     1.03   0.302      .815517    1.930979
        Current  |   .9751051    .039481    -0.62   0.534     .9007146     1.05564
                 |
             imd |
              4  |   1.043902   .0498174     0.90   0.368      .950689    1.146255
5 most deprived  |   .9930916   .1083575    -0.06   0.949     .8018879    1.229886
                 |
1.htdiag_or_hi~p |    1.02511   .1064282     0.24   0.811     .8363682    1.256444
1.chronic_res~se |    1.01403    .052913     0.27   0.789     .9154494    1.123226
        1.asthma |   1.074393   .1206906     0.64   0.523     .8620737    1.339004
1.chronic_car~se |   1.030108   .0676644     0.45   0.652     .9056708    1.171644
      1.diabetes |   .8212997   .0500617    -3.23   0.001     .7288151    .9255204
                 |
cancer_exhaem_~t |
      Last year  |   1.064067     .73445     0.09   0.928     .2750712    4.116167
  2-5 years ago  |   1.333956   .2187226     1.76   0.079     .9673279    1.839539
       5+ years  |   .9699301   .1400093    -0.21   0.832     .7309195    1.287097
                 |
 cancer_haem_cat |
      Last year  |   1.063965   .2650872     0.25   0.803      .652905    1.733822
  2-5 years ago  |   .9345574   .3407358    -0.19   0.853     .4573634    1.909636
       5+ years  |   1.004556   .0758629     0.06   0.952     .8663478    1.164812
                 |
1.chronic_liv~se |   .9237536   .0697591    -1.05   0.294     .7966654    1.071116
1.stroke_demen~a |   1.093546   .0744671     1.31   0.189     .9569143    1.249688
   1.other_neuro |   .9881972   .0855751    -0.14   0.891     .8339346    1.170996
                 |
reduced_kidney~t |
Stage 3a/3b e..  |   .9276174   .1480404    -0.47   0.638     .6784594    1.268276
   1.organ_trans |   1.018906    .094532     0.20   0.840      .849496      1.2221
      1.asplenia |   1.140751    .053261     2.82   0.005     1.040995    1.250066
                 |
additional_peo~e |
              1  |   .9476585   .1988286    -0.26   0.798     .6281465    1.429693
              2  |   .7689698     .18176    -1.11   0.266     .4838518    1.222099
              3  |   .7363244   .1910339    -1.18   0.238     .4428242    1.224354
              4  |   .6841407   .1178423    -2.20   0.028     .4881206    .9588787
                 |
1.ra_sle_psori~s |   .9888731   .0532904    -0.21   0.836     .8897526    1.099036
  1.other_immuno |   1.041313   .0719783     0.59   0.558     .9093767     1.19239
                 |
          shield#|
  gp_number_kids |
            1 1  |   1.091092   .2726309     0.35   0.727     .6686086    1.780537
            1 2  |   .7341442   .1522637    -1.49   0.136      .488922    1.102359
            1 3  |   .8474762   .1826404    -0.77   0.443     .5555002    1.292917
            1 4  |    .764165   .1589396    -1.29   0.196     .5083289    1.148761
----------------------------------------------------------------------------------
                                                             Stratified by stp
   1:      0.83 /        1 =       0.8300

 ( 1)  1.shield#1.gp_number_kids = 0
 ( 2)  1.shield#2.gp_number_kids = 0
 ( 3)  1.shield#3.gp_number_kids = 0
 ( 4)  1.shield#4.gp_number_kids = 0

           chi2(  4) =  483.75
         Prob > chi2 =    0.0000

gp_number_kids <66
****************

 ( 1)  2.gp_number_kids = 0

------------------------------------------------------------------------------
          _t |     exp(b)   Std. Err.      z    P>|z|     [95% Conf. Interval]
-------------+----------------------------------------------------------------
         (1) |   1.390879   .2120832     2.16   0.030     1.031566    1.875348
------------------------------------------------------------------------------

 ( 1)  3.gp_number_kids = 0

------------------------------------------------------------------------------
          _t |     exp(b)   Std. Err.      z    P>|z|     [95% Conf. Interval]
-------------+----------------------------------------------------------------
         (1) |   1.206091     .24927     0.91   0.365      .804372    1.808435
------------------------------------------------------------------------------

 ( 1)  4.gp_number_kids = 0

------------------------------------------------------------------------------
          _t |     exp(b)   Std. Err.      z    P>|z|     [95% Conf. Interval]
-------------+----------------------------------------------------------------
         (1) |   1.324082     .08687     4.28   0.000     1.164312    1.505775
------------------------------------------------------------------------------
gp_number_kids 66+
****************

 ( 1)  2.gp_number_kids + 1.shield#2.gp_number_kids = 0

------------------------------------------------------------------------------
          _t |     exp(b)   Std. Err.      z    P>|z|     [95% Conf. Interval]
-------------+----------------------------------------------------------------
         (1) |   1.021106   .1533101     0.14   0.889     .7607999    1.370475
------------------------------------------------------------------------------

 ( 1)  3.gp_number_kids + 1.shield#3.gp_number_kids = 0

------------------------------------------------------------------------------
          _t |     exp(b)   Std. Err.      z    P>|z|     [95% Conf. Interval]
-------------+----------------------------------------------------------------
         (1) |   1.022133   .1578138     0.14   0.887     .7552397    1.383343
------------------------------------------------------------------------------

 ( 1)  4.gp_number_kids + 1.shield#4.gp_number_kids = 0

------------------------------------------------------------------------------
          _t |     exp(b)   Std. Err.      z    P>|z|     [95% Conf. Interval]
-------------+----------------------------------------------------------------
         (1) |   1.011817     .24602     0.05   0.961     .6282536    1.629554
------------------------------------------------------------------------------
file ./output/an_interaction_cox_models_covid_tpp_prob_gp_number_kids_shield_MAINFU
> LLYADJMODEL_agespline_bmicat_noeth.ster saved

. 
. log close
      name:  <unnamed>
       log:  C:\Users\ENCDHFOR\Documents\GitHub\school-age-children-and-covid\analy
> sis\output/an_interaction_cox_models_covid_tpp_prob.log
  log type:  text
 closed on:   6 Jul 2020, 17:04:41
-----------------------------------------------------------------------------------
