-----------------------------------------------------------------------------------
      name:  <unnamed>
       log:  C:\Users\ENCDHFOR\Documents\GitHub\school-age-children-and-covid\analy
> sis\output/an_multivariable_cox_models_covid_death_itu.log
  log type:  text
 opened on:   6 Jul 2020, 17:04:11

. 
. use "$tempdir\cr_create_analysis_dataset_STSET_`outcome'.dta", clear

. 
. 
. ******************************
. *  Multivariable Cox models  *
. ******************************
. 
. *********************************************************************************
> ****
. *PROG TO DEFINE THE BASIC COX MODEL WITH OPTIONS FOR HANDLING OF AGE, BMI, ETHNIC
> ITY:
. cap prog drop basecoxmodel

. prog define basecoxmodel
  1.         syntax , exposure(string) age(string) bp(string) [ethnicity(real 0) if
> (string)] 
  2. 
.         if `ethnicity'==1 local ethnicity "i.ethnicity"
  3.         else local ethnicity
  4. timer clear
  5. timer on 1
  6.         capture stcox   `exposure' `age'                                      
>   ///
>                         i.male                                                  /
> //
>                         i.obese4cat                                             /
> //
>                         i.smoke_nomiss                                  ///
>                         `ethnicity'                                             /
> //
>                         i.imd                                                   /
> //
>                         `bp'                                                    /
> //
>                         i.chronic_respiratory_disease   ///
>                         i.asthma                                        ///
>                         i.chronic_cardiac_disease               ///
>                         i.diabetes                                              /
> //
>                         i.cancer_exhaem_cat                             ///
>                         i.cancer_haem_cat                               ///
>                         i.chronic_liver_disease                 ///
>                         i.stroke_dementia                               ///
>                         i.other_neuro                                   ///
>                         i.reduced_kidney_function_cat   ///
>                         i.organ_trans                           ///
>                         i.additional_people                             ///
>                         i.asplenia                                              /
> //
>                         i.ra_sle_psoriasis                      ///
>                         i.other_immuno                  ///
>                         `if'                                                    /
> //
>                         , strata(stp) vce(cluster household_size)
  7. timer off 1
  8. timer list
  9. end

. *********************************************************************************
> ****
. 
. foreach exposure_type in        kids_cat3  ///
>                 gp_number_kids {
  2. 
. *Age spline model (not adj ethnicity)
. basecoxmodel, exposure("i.`exposure_type'") age("age1 age2 age3")  bp("i.htdiag_o
> r_highbp") ethnicity(0)
  3. if _rc==0{
  4. estimates
  5. estimates save ./output/an_multivariate_cox_models_`outcome'_`exposure_type'_M
> AINFULLYADJMODEL_agespline_bmicat_noeth, replace
  6. *estat concordance /*c-statistic*/
. }
  7. else di "WARNING AGE SPLINE MODEL DID NOT FIT (OUTCOME `outcome')"
  8.  
. *Age group model (not adj ethnicity)
. basecoxmodel, exposure("i.`exposure_type'") age("ib3.agegroup") bp("i.htdiag_or_h
> ighbp") ethnicity(0)
  9. if _rc==0{
 10. estimates
 11. estimates save ./output/an_multivariate_cox_models_`outcome'_`exposure_type'_M
> AINFULLYADJMODEL_agegroup_bmicat_noeth, replace
 12. *estat concordance /*c-statistic*/
. }
 13. else di "WARNING GROUP MODEL DID NOT FIT (OUTCOME `outcome')"
 14. 
. *Complete case ethnicity model
. basecoxmodel, exposure("i.`exposure_type'") age("age1 age2 age3") bp("i.htdiag_or
> _highbp") ethnicity(1)
 15. if _rc==0{
 16. estimates
 17. estimates save ./output/an_multivariate_cox_models_`outcome'_`exposure_type'_M
> AINFULLYADJMODEL_agespline_bmicat_CCeth, replace
 18. *estat concordance /*c-statistic*/
.  }
 19.  else di "WARNING CC ETHNICITY MODEL WITH AGESPLINE DID NOT FIT (OUTCOME `outc
> ome')"
 20.  
. }
   1:      1.16 /        1 =       1.1580

-----------------------------------------------------------------------------------
active results
-----------------------------------------------------------------------------------

Stratified Cox regr. -- no ties

No. of subjects      =        4,767             Number of obs    =       4,767
No. of failures      =           14
Time at risk         =       647050
                                                Wald chi2(7)     =  1045669.37
Log pseudolikelihood =   -70.272946             Prob > chi2      =      0.0000

                             (Std. Err. adjusted for 7 clusters in household_size)
----------------------------------------------------------------------------------
                 |               Robust
              _t | Haz. Ratio   Std. Err.      z    P>|z|     [95% Conf. Interval]
-----------------+----------------------------------------------------------------
       kids_cat3 |
  Kids under 12  |   .4168643   .2791196    -1.31   0.191     .1122164    1.548578
  Kids under 18  |   .5156556   .4540754    -0.75   0.452      .091793    2.896743
                 |
            age1 |   1.131633   .3136849     0.45   0.656     .6572871      1.9483
            age2 |   .7437541   .4409474    -0.50   0.618     .2326912    2.377271
            age3 |   1.990248   2.745129     0.50   0.618      .133307      29.714
          1.male |   1.373675   .9067743     0.48   0.631     .3767026     5.00921
                 |
       obese4cat |
Obese I (30-..)  |   2.123178   2.716562     0.59   0.556     .1729385    26.06641
Obese II (35..)  |   2.85e-16   1.64e-16   -62.02   0.000     9.19e-17    8.83e-16
Obese III (40+)  |   4.57e-16   5.11e-16   -31.63   0.000     5.12e-17    4.08e-15
                 |
    smoke_nomiss |
         Former  |   2.76e-16   2.02e-16   -48.85   0.000     6.54e-17    1.16e-15
        Current  |    .569487   .6526483    -0.49   0.623     .0602535    5.382512
                 |
             imd |
              4  |   3.164846   3.352309     1.09   0.277     .3969464    25.23326
5 most deprived  |   3.64e-16   3.51e-16   -36.84   0.000     5.49e-17    2.41e-15
                 |
1.htdiag_or_hi~p |   .9500066   .7908218    -0.06   0.951     .1858463    4.856231
1.chronic_res~se |   .3116588   .2640783    -1.38   0.169     .0592147    1.640323
        1.asthma |   1.956797   1.538424     0.85   0.393     .4191169    9.136003
1.chronic_car~se |   .6487699   .3417971    -0.82   0.411     .2310174    1.821951
      1.diabetes |    1.64567   .4625465     1.77   0.076     .9486291    2.854887
                 |
cancer_exhaem_~t |
      Last year  |   1.24e-16   9.66e-17   -47.19   0.000     2.72e-17    5.70e-16
  2-5 years ago  |   6.00e-16   5.67e-16   -37.06   0.000     9.40e-17    3.83e-15
       5+ years  |   4.010428   1.481758     3.76   0.000     1.943981    8.273504
                 |
 cancer_haem_cat |
      Last year  |   1.59e-16   1.36e-16   -42.49   0.000     2.96e-17    8.50e-16
  2-5 years ago  |   3.84e-16   2.58e-16   -52.87   0.000     1.03e-16    1.43e-15
       5+ years  |   .6520706   .3481087    -0.80   0.423     .2290233    1.856563
                 |
1.chronic_liv~se |   .4854969   .4145496    -0.85   0.397     .0910697    2.588207
1.stroke_demen~a |   1.562442   .3865446     1.80   0.071     .9620962    2.537402
   1.other_neuro |   1.608486   .4862136     1.57   0.116     .8894385    2.908833
                 |
reduced_kidney~t |
Stage 3a/3b e..  |   2.78e-16   2.58e-16   -38.49   0.000     4.48e-17    1.72e-15
   1.organ_trans |   1.295798   .8258784     0.41   0.684     .3715547    4.519097
                 |
additional_peo~e |
              1  |   8.06e+09          .        .       .            .           .
              2  |   4.93e-07   6.16e-07   -11.63   0.000     4.26e-08    5.70e-06
              3  |   8.67e+09   1.28e+10    15.56   0.000     4.85e+08    1.55e+11
              4  |   3.62e+09   5.11e+09    15.61   0.000     2.28e+08    5.74e+10
                 |
      1.asplenia |   1.607304   .8047109     0.95   0.343     .6024714    4.288047
1.ra_sle_psori~s |   .3268106   .4029843    -0.91   0.364     .0291538     3.66351
  1.other_immuno |    .459405   .2381968    -1.50   0.134     .1662863    1.269214
----------------------------------------------------------------------------------
                                                             Stratified by stp
file ./output/an_multivariate_cox_models_covid_death_itu_kids_cat3_MAINFULLYADJMODE
> L_agespline_bmicat_noeth.ster saved
   1:      1.48 /        1 =       1.4840

-----------------------------------------------------------------------------------
active results
-----------------------------------------------------------------------------------

Stratified Cox regr. -- no ties

No. of subjects      =        4,767             Number of obs    =       4,767
No. of failures      =           14
Time at risk         =       647050
                                                Wald chi2(7)     =   297721.81
Log pseudolikelihood =   -66.956345             Prob > chi2      =      0.0000

                             (Std. Err. adjusted for 7 clusters in household_size)
----------------------------------------------------------------------------------
                 |               Robust
              _t | Haz. Ratio   Std. Err.      z    P>|z|     [95% Conf. Interval]
-----------------+----------------------------------------------------------------
       kids_cat3 |
  Kids under 12  |   .4345015   .3246441    -1.12   0.265     .1004624    1.879226
  Kids under 18  |   .5295796   .5196217    -0.65   0.517      .077399    3.623491
                 |
        agegroup |
         18-<30  |   1.256047    1.64501     0.17   0.862     .0964297    16.36066
         30-<40  |   4.404337   1.291849     5.05   0.000     2.478632    7.826166
         50-<60  |   .7289514   .9782536    -0.24   0.814     .0525273    10.11607
         60-<70  |   3.004769   1.031966     3.20   0.001     1.532753    5.890471
         70-<80  |    2.59811   1.022278     2.43   0.015     1.201533    5.617972
            80+  |   1.92e-17   1.95e-17   -37.79   0.000     2.60e-18    1.41e-16
                 |
          1.male |   1.335015   .9478878     0.41   0.684     .3319828    5.368544
                 |
       obese4cat |
Obese I (30-..)  |   2.187021   2.345454     0.73   0.466     .2672935    17.89442
Obese II (35..)  |   2.24e-17   1.60e-17   -53.51   0.000     5.49e-18    9.11e-17
Obese III (40+)  |   1.94e-17   2.32e-17   -32.25   0.000     1.87e-18    2.01e-16
                 |
    smoke_nomiss |
         Former  |   1.50e-17   1.14e-17   -50.87   0.000     3.37e-18    6.66e-17
        Current  |   .6105189    .675685    -0.45   0.656     .0697656    5.342653
                 |
             imd |
              4  |   3.264866   3.509953     1.10   0.271     .3969774    26.85127
5 most deprived  |   2.06e-17   1.89e-17   -41.92   0.000     3.42e-18    1.24e-16
                 |
1.htdiag_or_hi~p |   1.016748   .8180443     0.02   0.984     .2100694     4.92112
1.chronic_res~se |   .3175533   .2787243    -1.31   0.191     .0568455    1.773932
        1.asthma |   1.710105   1.120333     0.82   0.413     .4735646    6.175417
1.chronic_car~se |   .5838415   .2864023    -1.10   0.273     .2232235    1.527039
      1.diabetes |   1.612394   .4045722     1.90   0.057     .9860364    2.636633
                 |
cancer_exhaem_~t |
      Last year  |   9.35e-18   7.49e-18   -48.97   0.000     1.95e-18    4.49e-17
  2-5 years ago  |   2.39e-17   2.33e-17   -39.19   0.000     3.53e-18    1.62e-16
       5+ years  |   4.368572   1.419347     4.54   0.000     2.310918    8.258372
                 |
 cancer_haem_cat |
      Last year  |   9.65e-18   7.84e-18   -48.19   0.000     1.96e-18    4.75e-17
  2-5 years ago  |   1.28e-17   9.60e-18   -51.72   0.000     2.92e-18    5.57e-17
       5+ years  |    .638234   .3310202    -0.87   0.387     .2309426    1.763826
                 |
1.chronic_liv~se |   .4152372   .3370505    -1.08   0.279     .0846001    2.038082
1.stroke_demen~a |   1.501914   .3860254     1.58   0.114     .9075431    2.485552
   1.other_neuro |   1.890084   .6761186     1.78   0.075     .9375409    3.810412
                 |
reduced_kidney~t |
Stage 3a/3b e..  |   1.70e-17   1.42e-17   -46.32   0.000     3.31e-18    8.70e-17
   1.organ_trans |   1.356623     .89517     0.46   0.644     .3722136    4.944541
                 |
additional_peo~e |
              1  |   2.35e+09          .        .       .            .           .
              2  |   8.96e-09   1.11e-08   -14.93   0.000     7.86e-10    1.02e-07
              3  |   3.78e+09   5.83e+09    14.29   0.000     1.84e+08    7.78e+10
              4  |   1.31e+09   1.74e+09    15.75   0.000     9.58e+07    1.78e+10
                 |
      1.asplenia |   1.629318   .8398902     0.95   0.344     .5932306    4.474949
1.ra_sle_psori~s |   .3107463   .3845032    -0.94   0.345     .0274896    3.512721
  1.other_immuno |   .4592719   .2363572    -1.51   0.131     .1674989    1.259296
----------------------------------------------------------------------------------
                                                             Stratified by stp
file ./output/an_multivariate_cox_models_covid_death_itu_kids_cat3_MAINFULLYADJMODE
> L_agegroup_bmicat_noeth.ster saved
   1:      1.30 /        1 =       1.3020

-----------------------------------------------------------------------------------
active results
-----------------------------------------------------------------------------------

Stratified Cox regr. -- no ties

No. of subjects      =        3,565             Number of obs    =       3,565
No. of failures      =           10
Time at risk         =       484031
                                                Wald chi2(7)     =   406365.36
Log pseudolikelihood =    -44.60118             Prob > chi2      =      0.0000

                             (Std. Err. adjusted for 7 clusters in household_size)
----------------------------------------------------------------------------------
                 |               Robust
              _t | Haz. Ratio   Std. Err.      z    P>|z|     [95% Conf. Interval]
-----------------+----------------------------------------------------------------
       kids_cat3 |
  Kids under 12  |   .3105591   .2036311    -1.78   0.075     .0859049    1.122717
  Kids under 18  |   .8000292   .5957569    -0.30   0.764     .1858842    3.443255
                 |
            age1 |     .92452   .1778779    -0.41   0.683     .6340812    1.347993
            age2 |   1.205017   .5127279     0.44   0.661     .5233733    2.774435
            age3 |   .6145811   .6199457    -0.48   0.629     .0851035     4.43824
          1.male |   1.476843   1.018585     0.57   0.572     .3821703    5.707049
                 |
       obese4cat |
Obese I (30-..)  |   4.604161   4.884248     1.44   0.150     .5756616    36.82423
Obese II (35..)  |   2.28e-18   2.14e-18   -43.31   0.000     3.62e-19    1.43e-17
Obese III (40+)  |   1.70e-18   1.52e-18   -45.81   0.000     2.96e-19    9.81e-18
                 |
    smoke_nomiss |
         Former  |   2.75e-18   2.84e-18   -39.22   0.000     3.65e-19    2.08e-17
        Current  |    .722448   .7016657    -0.33   0.738     .1076691    4.847548
                 |
       ethnicity |
Asian or Asia..  |   1.543735   1.478433     0.45   0.650     .2362531    10.08713
          Other  |   1.426392   1.413951     0.36   0.720     .2043908    9.954427
                 |
             imd |
              4  |   3.935753   3.740397     1.44   0.149     .6110498    25.35006
5 most deprived  |   2.28e-18   1.84e-18   -50.47   0.000     4.72e-19    1.11e-17
                 |
1.htdiag_or_hi~p |   .5477928   .5628134    -0.59   0.558     .0731265    4.103534
1.chronic_res~se |   .5002098   .3722339    -0.93   0.352     .1163392    2.150693
        1.asthma |   3.332452   1.910414     2.10   0.036     1.083404    10.25032
1.chronic_car~se |   .3873242   .2457803    -1.49   0.135       .11167    1.343423
      1.diabetes |   2.061035   .9759775     1.53   0.127     .8147221    5.213883
                 |
cancer_exhaem_~t |
      Last year  |   1.36e-18          .        .       .            .           .
  2-5 years ago  |   3.70e-18   3.35e-18   -44.31   0.000     6.27e-19    2.18e-17
       5+ years  |   2.870389   2.002711     1.51   0.131     .7312159    11.26772
                 |
 cancer_haem_cat |
      Last year  |   8.64e-19          .        .       .            .           .
  2-5 years ago  |   1.41e-18   1.38e-18   -41.88   0.000     2.06e-19    9.65e-18
       5+ years  |   .4908552   .5657985    -0.62   0.537     .0512615    4.700191
                 |
1.chronic_liv~se |   .2779948   .2387898    -1.49   0.136     .0516271    1.496908
1.stroke_demen~a |   2.805899    .811823     3.57   0.000     1.591462    4.947067
   1.other_neuro |   1.335151   .6137245     0.63   0.529     .5423271    3.286998
                 |
reduced_kidney~t |
Stage 3a/3b e..  |   4.90e-18   6.10e-18   -32.03   0.000     4.28e-19    5.62e-17
   1.organ_trans |   .5185864   .7527997    -0.45   0.651     .0301429    8.921905
                 |
additional_peo~e |
              1  |   1.04e+10          .        .       .            .           .
              2  |   1.75e-09   2.46e-09   -14.32   0.000     1.11e-10    2.76e-08
              3  |   4.92e-09   7.78e-09   -12.09   0.000     2.21e-10    1.09e-07
              4  |   3.69e+09   5.33e+09    15.27   0.000     2.18e+08    6.25e+10
                 |
      1.asplenia |   2.083863    1.46925     1.04   0.298     .5232632    8.298854
1.ra_sle_psori~s |   .5345529   .6600682    -0.51   0.612     .0475251    6.012541
  1.other_immuno |   .4742838   .3531951    -1.00   0.316     .1101934    2.041366
----------------------------------------------------------------------------------
                                                             Stratified by stp
file ./output/an_multivariate_cox_models_covid_death_itu_kids_cat3_MAINFULLYADJMODE
> L_agespline_bmicat_CCeth.ster saved
   1:      1.58 /        1 =       1.5780

-----------------------------------------------------------------------------------
active results
-----------------------------------------------------------------------------------

Stratified Cox regr. -- no ties

No. of subjects      =        4,767             Number of obs    =       4,767
No. of failures      =           14
Time at risk         =       647050
                                                Wald chi2(7)     =    32634.15
Log pseudolikelihood =   -69.453897             Prob > chi2      =      0.0000

                             (Std. Err. adjusted for 7 clusters in household_size)
----------------------------------------------------------------------------------
                 |               Robust
              _t | Haz. Ratio   Std. Err.      z    P>|z|     [95% Conf. Interval]
-----------------+----------------------------------------------------------------
  gp_number_kids |
              1  |   .4352515   .2614551    -1.38   0.166     .1340987     1.41272
              2  |   .4615004   .2082874    -1.71   0.087      .190547    1.117743
              3  |    .663935   .5144962    -0.53   0.597     .1453827    3.032063
              4  |   1.363072   .8220719     0.51   0.608     .4179818    4.445089
                 |
            age1 |   1.149282   .3312936     0.48   0.629      .653218    2.022065
            age2 |   .7169765   .4427065    -0.54   0.590     .2137565    2.404864
            age3 |    2.16785   3.110228     0.54   0.590     .1302581    36.07892
          1.male |   1.447554   1.049239     0.51   0.610     .3496658    5.992613
                 |
       obese4cat |
Obese I (30-..)  |   1.880549    2.65444     0.45   0.655     .1182479    29.90721
Obese II (35..)  |   2.70e-19   1.72e-19   -66.99   0.000     7.73e-20    9.43e-19
Obese III (40+)  |   3.99e-19   4.80e-19   -35.21   0.000     3.77e-20    4.22e-18
                 |
    smoke_nomiss |
         Former  |   3.59e-19   2.58e-19   -59.06   0.000     8.77e-20    1.47e-18
        Current  |   .5628852   .7014756    -0.46   0.645     .0489373    6.474397
                 |
             imd |
              4  |   3.137189   3.349366     1.07   0.284     .3870526    25.42796
5 most deprived  |   3.66e-19   3.51e-19   -44.25   0.000     5.58e-20    2.40e-18
                 |
1.htdiag_or_hi~p |   1.018742   .7903325     0.02   0.981     .2226941    4.660366
1.chronic_res~se |   .2800353   .2232582    -1.60   0.110     .0586938    1.336083
        1.asthma |    1.79071   1.610962     0.65   0.517     .3070903    10.44202
1.chronic_car~se |   .6569156   .2944729    -0.94   0.349     .2728632    1.581518
      1.diabetes |   1.761708   .4345959     2.30   0.022     1.086303    2.857044
                 |
cancer_exhaem_~t |
      Last year  |   8.67e-19          .        .       .            .           .
  2-5 years ago  |   1.11e-18   1.05e-18   -43.84   0.000     1.75e-19    7.05e-18
       5+ years  |   3.967062   1.343752     4.07   0.000     2.042414    7.705381
                 |
 cancer_haem_cat |
      Last year  |   9.76e-19          .        .       .            .           .
  2-5 years ago  |   2.63e-19   1.66e-19   -67.85   0.000     7.65e-20    9.06e-19
       5+ years  |   .6400082   .3630806    -0.79   0.431     .2105202    1.945707
                 |
1.chronic_liv~se |   .5232114   .4230965    -0.80   0.423     .1072384    2.552724
1.stroke_demen~a |   1.537141   .3393316     1.95   0.051     .9972557    2.369303
   1.other_neuro |   1.610078   .4040165     1.90   0.058     .9845889    2.632926
                 |
reduced_kidney~t |
Stage 3a/3b e..  |   2.57e-19          .        .       .            .           .
   1.organ_trans |   1.298386   .7455196     0.45   0.649     .4213596    4.000873
                 |
additional_peo~e |
              1  |   2.42e+09          .        .       .            .           .
              2  |   1.10e-10          .        .       .            .           .
              3  |   2.35e+09   3.45e+09    14.71   0.000     1.33e+08    4.17e+10
              4  |   7.38e+08   1.04e+09    14.52   0.000     4.69e+07    1.16e+10
                 |
      1.asplenia |   1.684381   .7573645     1.16   0.246     .6977601    4.066065
1.ra_sle_psori~s |   .3120951   .3698554    -0.98   0.326      .030588    3.184364
  1.other_immuno |   .4431265   .2134058    -1.69   0.091     .1724236     1.13883
----------------------------------------------------------------------------------
                                                             Stratified by stp
file ./output/an_multivariate_cox_models_covid_death_itu_gp_number_kids_MAINFULLYAD
> JMODEL_agespline_bmicat_noeth.ster saved
   1:      1.39 /        1 =       1.3930

-----------------------------------------------------------------------------------
active results
-----------------------------------------------------------------------------------

Stratified Cox regr. -- no ties

No. of subjects      =        4,767             Number of obs    =       4,767
No. of failures      =           14
Time at risk         =       647050
                                                Wald chi2(7)     =  6388113.46
Log pseudolikelihood =   -65.986519             Prob > chi2      =      0.0000

                             (Std. Err. adjusted for 7 clusters in household_size)
----------------------------------------------------------------------------------
                 |               Robust
              _t | Haz. Ratio   Std. Err.      z    P>|z|     [95% Conf. Interval]
-----------------+----------------------------------------------------------------
  gp_number_kids |
              1  |   .4077441   .2556364    -1.43   0.152     .1193231     1.39332
              2  |   .4779997   .2035914    -1.73   0.083     .2074344    1.101474
              3  |   .7131908   .5439606    -0.44   0.658     .1599494    3.180014
              4  |   1.427695   .8400705     0.61   0.545     .4505877    4.523674
                 |
        agegroup |
         18-<30  |   1.293464   1.911112     0.17   0.862     .0714648    23.41082
         30-<40  |   4.833798   2.198595     3.46   0.001     1.982119    11.78819
         50-<60  |   .7551445   1.155518    -0.18   0.854     .0376293    15.15423
         60-<70  |    3.04642   1.240628     2.74   0.006     1.371341    6.767591
         70-<80  |   2.625444   1.455435     1.74   0.082     .8857937     7.78167
            80+  |   4.19e-16   4.78e-16   -31.04   0.000     4.48e-17    3.92e-15
                 |
          1.male |   1.396057    1.06276     0.44   0.661     .3139921    6.207079
                 |
       obese4cat |
Obese I (30-..)  |   1.985416   2.402007     0.57   0.571     .1853729    21.26458
Obese II (35..)  |   4.20e-16   3.18e-16   -46.79   0.000     9.53e-17    1.85e-15
Obese III (40+)  |   3.96e-16   5.12e-16   -27.45   0.000     3.15e-17    4.99e-15
                 |
    smoke_nomiss |
         Former  |   4.66e-16   3.48e-16   -47.31   0.000     1.08e-16    2.01e-15
        Current  |   .5961536    .723741    -0.43   0.670     .0552058    6.437717
                 |
             imd |
              4  |   3.264109   3.467383     1.11   0.265     .4069623    26.18033
5 most deprived  |   4.08e-16   3.52e-16   -41.16   0.000     7.55e-17    2.21e-15
                 |
1.htdiag_or_hi~p |   1.137546   .8330049     0.18   0.860     .2708002     4.77847
1.chronic_res~se |   .2704443   .2266515    -1.56   0.119     .0523252      1.3978
        1.asthma |   1.501624   1.142848     0.53   0.593     .3378572    6.674048
1.chronic_car~se |    .595707   .2531795    -1.22   0.223       .25898    1.370248
      1.diabetes |   1.696334   .3403729     2.63   0.008     1.144764    2.513661
                 |
cancer_exhaem_~t |
      Last year  |   1.88e-16   1.64e-16   -41.43   0.000     3.39e-17    1.04e-15
  2-5 years ago  |   9.96e-16   9.00e-16   -38.25   0.000     1.70e-16    5.85e-15
       5+ years  |   4.310058   1.245433     5.06   0.000     2.446359    7.593571
                 |
 cancer_haem_cat |
      Last year  |   1.70e-16   1.58e-16   -39.11   0.000     2.76e-17    1.05e-15
  2-5 years ago  |   2.23e-16   1.66e-16   -48.46   0.000     5.19e-17    9.58e-16
       5+ years  |   .6341113   .3430728    -0.84   0.400     .2196042    1.831009
                 |
1.chronic_liv~se |   .4487023   .3335766    -1.08   0.281      .104509    1.926473
1.stroke_demen~a |   1.523202    .333989     1.92   0.055     .9910974    2.340984
   1.other_neuro |   1.871994    .624179     1.88   0.060     .9738413    3.598492
                 |
reduced_kidney~t |
Stage 3a/3b e..  |   3.42e-16   3.02e-16   -40.25   0.000     6.04e-17    1.94e-15
   1.organ_trans |   1.381409   .7968086     0.56   0.575     .4460073    4.278609
                 |
additional_peo~e |
              1  |   1.83e+09          .        .       .            .           .
              2  |   1.36e-07   1.71e-07   -12.55   0.000     1.15e-08    1.60e-06
              3  |   2.98e+09   4.32e+09    15.08   0.000     1.75e+08    5.08e+10
              4  |   7.40e+08   9.44e+08    16.00   0.000     6.07e+07    9.02e+09
                 |
      1.asplenia |   1.739409   .8827633     1.09   0.275     .6432952    4.703195
1.ra_sle_psori~s |   .2869497   .3458866    -1.04   0.300     .0270256    3.046747
  1.other_immuno |   .4324513   .2061001    -1.76   0.079     .1699287    1.100544
----------------------------------------------------------------------------------
                                                             Stratified by stp
file ./output/an_multivariate_cox_models_covid_death_itu_gp_number_kids_MAINFULLYAD
> JMODEL_agegroup_bmicat_noeth.ster saved
   1:      1.09 /        1 =       1.0950

-----------------------------------------------------------------------------------
active results
-----------------------------------------------------------------------------------

Stratified Cox regr. -- no ties

No. of subjects      =        3,565             Number of obs    =       3,565
No. of failures      =           10
Time at risk         =       484031
                                                Wald chi2(7)     =   365133.69
Log pseudolikelihood =   -43.720576             Prob > chi2      =      0.0000

                             (Std. Err. adjusted for 7 clusters in household_size)
----------------------------------------------------------------------------------
                 |               Robust
              _t | Haz. Ratio   Std. Err.      z    P>|z|     [95% Conf. Interval]
-----------------+----------------------------------------------------------------
  gp_number_kids |
              1  |   .2115678   .2687179    -1.22   0.221     .0175516    2.550253
              2  |   .4077805    .121584    -3.01   0.003      .227317    .7315114
              3  |   .2467383   .2282483    -1.51   0.130     .0402552    1.512346
              4  |   .8988234   .3830092    -0.25   0.802     .3899042    2.072005
                 |
            age1 |   .9422465   .1989561    -0.28   0.778     .6229206    1.425268
            age2 |   1.148624    .548209     0.29   0.772      .450735    2.927081
            age3 |   .6934953   .7903085    -0.32   0.748     .0743041    6.472534
          1.male |   1.460661   1.105531     0.50   0.617     .3313601    6.438706
                 |
       obese4cat |
Obese I (30-..)  |   4.719206   5.308749     1.38   0.168     .5203932     42.7963
Obese II (35..)  |   1.19e-16   9.50e-17   -45.78   0.000     2.47e-17    5.70e-16
Obese III (40+)  |   7.75e-17   9.08e-17   -31.67   0.000     7.80e-18    7.70e-16
                 |
    smoke_nomiss |
         Former  |   1.41e-16   1.65e-16   -31.36   0.000     1.45e-17    1.38e-15
        Current  |    .774739     .81493    -0.24   0.808     .0985817     6.08856
                 |
       ethnicity |
Asian or Asia..  |   1.334139   1.385341     0.28   0.781     .1743141    10.21104
          Other  |    1.32588   1.115313     0.34   0.737     .2549672    6.894836
                 |
             imd |
              4  |   3.740578   3.888157     1.27   0.204     .4877019    28.68951
5 most deprived  |   1.23e-16   1.03e-16   -43.49   0.000     2.35e-17    6.39e-16
                 |
1.htdiag_or_hi~p |   .6397164   .6117818    -0.47   0.640     .0981647    4.168881
1.chronic_res~se |   .4932911   .3313905    -1.05   0.293     .1322118    1.840502
        1.asthma |   3.513262    2.60683     1.69   0.090     .8205812    15.04179
1.chronic_car~se |   .3864431   .2477437    -1.48   0.138     .1099996    1.357626
      1.diabetes |   2.307802   1.147726     1.68   0.093     .8707139    6.116765
                 |
cancer_exhaem_~t |
      Last year  |   7.07e-17   1.22e-16   -21.57   0.000     2.41e-18    2.08e-15
  2-5 years ago  |   2.52e-16   1.92e-16   -47.17   0.000     5.67e-17    1.12e-15
       5+ years  |   2.602111   1.708202     1.46   0.145     .7186868    9.421328
                 |
 cancer_haem_cat |
      Last year  |   4.57e-17   6.13e-17   -28.07   0.000     3.30e-18    6.32e-16
  2-5 years ago  |   6.10e-17   6.65e-17   -34.25   0.000     7.21e-18    5.17e-16
       5+ years  |   .5253861   .5799299    -0.58   0.560     .0603821    4.571398
                 |
1.chronic_liv~se |   .2867152   .2615476    -1.37   0.171     .0479697      1.7137
1.stroke_demen~a |   2.928572   .9535819     3.30   0.001     1.547011    5.543939
   1.other_neuro |   1.327365   .6661502     0.56   0.573     .4963722    3.549552
                 |
reduced_kidney~t |
Stage 3a/3b e..  |   2.88e-16   3.32e-16   -31.07   0.000     3.01e-17    2.75e-15
   1.organ_trans |   .5524839   .7155276    -0.46   0.647     .0436435    6.993903
                 |
additional_peo~e |
              1  |   9.33e+09          .        .       .            .           .
              2  |   8.20e-08   1.12e-07   -11.94   0.000     5.63e-09    1.19e-06
              3  |   2.38e-07   3.33e-07   -10.90   0.000     1.53e-08    3.70e-06
              4  |   2.64e+09   3.42e+09    16.71   0.000     2.07e+08    3.36e+10
                 |
      1.asplenia |   2.249355   1.369534     1.33   0.183     .6820226     7.41852
1.ra_sle_psori~s |   .4953239   .5717987    -0.61   0.543     .0515547    4.758946
  1.other_immuno |   .4416862   .3178475    -1.14   0.256     .1077878    1.809914
----------------------------------------------------------------------------------
                                                             Stratified by stp
file ./output/an_multivariate_cox_models_covid_death_itu_gp_number_kids_MAINFULLYAD
> JMODEL_agespline_bmicat_CCeth.ster saved

. 
. log close
      name:  <unnamed>
       log:  C:\Users\ENCDHFOR\Documents\GitHub\school-age-children-and-covid\analy
> sis\output/an_multivariable_cox_models_covid_death_itu.log
  log type:  text
 closed on:   6 Jul 2020, 17:04:20
-----------------------------------------------------------------------------------
