-----------------------------------------------------------------------------------
      name:  <unnamed>
       log:  C:\Users\ENCDHFOR\Documents\GitHub\school-age-children-and-covid\analy
> sis\output/an_multivariable_cox_models_covid_tpp_prob_or_susp.log
  log type:  text
 opened on:   6 Jul 2020, 17:04:21

. 
. use "$tempdir\cr_create_analysis_dataset_STSET_`outcome'.dta", clear

. 
. 
. ******************************
. *  Multivariable Cox models  *
. ******************************
. 
. *********************************************************************************
> ****
. *PROG TO DEFINE THE BASIC COX MODEL WITH OPTIONS FOR HANDLING OF AGE, BMI, ETHNIC
> ITY:
. cap prog drop basecoxmodel

. prog define basecoxmodel
  1.         syntax , exposure(string) age(string) bp(string) [ethnicity(real 0) if
> (string)] 
  2. 
.         if `ethnicity'==1 local ethnicity "i.ethnicity"
  3.         else local ethnicity
  4. timer clear
  5. timer on 1
  6.         capture stcox   `exposure' `age'                                      
>   ///
>                         i.male                                                  /
> //
>                         i.obese4cat                                             /
> //
>                         i.smoke_nomiss                                  ///
>                         `ethnicity'                                             /
> //
>                         i.imd                                                   /
> //
>                         `bp'                                                    /
> //
>                         i.chronic_respiratory_disease   ///
>                         i.asthma                                        ///
>                         i.chronic_cardiac_disease               ///
>                         i.diabetes                                              /
> //
>                         i.cancer_exhaem_cat                             ///
>                         i.cancer_haem_cat                               ///
>                         i.chronic_liver_disease                 ///
>                         i.stroke_dementia                               ///
>                         i.other_neuro                                   ///
>                         i.reduced_kidney_function_cat   ///
>                         i.organ_trans                           ///
>                         i.additional_people                             ///
>                         i.asplenia                                              /
> //
>                         i.ra_sle_psoriasis                      ///
>                         i.other_immuno                  ///
>                         `if'                                                    /
> //
>                         , strata(stp) vce(cluster household_size)
  7. timer off 1
  8. timer list
  9. end

. *********************************************************************************
> ****
. 
. foreach exposure_type in        kids_cat3  ///
>                 gp_number_kids {
  2. 
. *Age spline model (not adj ethnicity)
. basecoxmodel, exposure("i.`exposure_type'") age("age1 age2 age3")  bp("i.htdiag_o
> r_highbp") ethnicity(0)
  3. if _rc==0{
  4. estimates
  5. estimates save ./output/an_multivariate_cox_models_`outcome'_`exposure_type'_M
> AINFULLYADJMODEL_agespline_bmicat_noeth, replace
  6. *estat concordance /*c-statistic*/
. }
  7. else di "WARNING AGE SPLINE MODEL DID NOT FIT (OUTCOME `outcome')"
  8.  
. *Age group model (not adj ethnicity)
. basecoxmodel, exposure("i.`exposure_type'") age("ib3.agegroup") bp("i.htdiag_or_h
> ighbp") ethnicity(0)
  9. if _rc==0{
 10. estimates
 11. estimates save ./output/an_multivariate_cox_models_`outcome'_`exposure_type'_M
> AINFULLYADJMODEL_agegroup_bmicat_noeth, replace
 12. *estat concordance /*c-statistic*/
. }
 13. else di "WARNING GROUP MODEL DID NOT FIT (OUTCOME `outcome')"
 14. 
. *Complete case ethnicity model
. basecoxmodel, exposure("i.`exposure_type'") age("age1 age2 age3") bp("i.htdiag_or
> _highbp") ethnicity(1)
 15. if _rc==0{
 16. estimates
 17. estimates save ./output/an_multivariate_cox_models_`outcome'_`exposure_type'_M
> AINFULLYADJMODEL_agespline_bmicat_CCeth, replace
 18. *estat concordance /*c-statistic*/
.  }
 19.  else di "WARNING CC ETHNICITY MODEL WITH AGESPLINE DID NOT FIT (OUTCOME `outc
> ome')"
 20.  
. }
   1:      0.35 /        1 =       0.3460

-----------------------------------------------------------------------------------
active results
-----------------------------------------------------------------------------------

Stratified Cox regr. -- Breslow method for ties

No. of subjects      =        4,767             Number of obs    =       4,767
No. of failures      =        1,636
Time at risk         =       542280
                                                Wald chi2(6)     =      128.90
Log pseudolikelihood =   -9822.5675             Prob > chi2      =      0.0000

                             (Std. Err. adjusted for 7 clusters in household_size)
----------------------------------------------------------------------------------
                 |               Robust
              _t | Haz. Ratio   Std. Err.      z    P>|z|     [95% Conf. Interval]
-----------------+----------------------------------------------------------------
       kids_cat3 |
  Kids under 12  |   .9860543   .0787676    -0.18   0.860     .8431512    1.153177
  Kids under 18  |   .9429509   .0545449    -1.02   0.310     .8418823    1.056153
                 |
            age1 |   .9803867   .0106557    -1.82   0.068     .9597228    1.001496
            age2 |   1.036254   .0245209     1.50   0.132     .9892914    1.085446
            age3 |   .9232631   .0522605    -1.41   0.158     .8263118     1.03159
          1.male |   1.076288   .0485787     1.63   0.103     .9851654    1.175839
                 |
       obese4cat |
Obese I (30-..)  |   .9715884   .1314421    -0.21   0.831     .7452926    1.266595
Obese II (35..)  |   .9865493    .097796    -0.14   0.891     .8123436    1.198113
Obese III (40+)  |   1.109169      .1211     0.95   0.343     .8954945    1.373829
                 |
    smoke_nomiss |
         Former  |   1.067029   .1925095     0.36   0.719     .7492138    1.519662
        Current  |   .9883083   .0399765    -0.29   0.771     .9129812     1.06985
                 |
             imd |
              4  |   1.008057   .0379354     0.21   0.831     .9363812     1.08522
5 most deprived  |   .9480752   .0747249    -0.68   0.499     .8123687    1.106451
                 |
1.htdiag_or_hi~p |   1.005178   .0665683     0.08   0.938     .8828195    1.144496
1.chronic_res~se |   .9643904   .0360354    -0.97   0.332     .8962865    1.037669
        1.asthma |   .9921938    .082876    -0.09   0.925     .8423592     1.16868
1.chronic_car~se |   .9894834   .0454119    -0.23   0.818     .9043635    1.082615
      1.diabetes |   .9400539   .0458216    -1.27   0.205     .8544017    1.034292
                 |
cancer_exhaem_~t |
      Last year  |   1.095794   .5693965     0.18   0.860     .3957557    3.034103
  2-5 years ago  |   1.046945   .2136696     0.22   0.822     .7017838    1.561869
       5+ years  |   .8837424   .0365162    -2.99   0.003     .8149933    .9582908
                 |
 cancer_haem_cat |
      Last year  |   1.581582   .3706967     1.96   0.050     .9990425    2.503798
  2-5 years ago  |    1.02491   .1913388     0.13   0.895     .7108474    1.477731
       5+ years  |   1.024646   .0583259     0.43   0.669      .916476    1.145584
                 |
1.chronic_liv~se |   .9633866    .072953    -0.49   0.622     .8305062    1.117528
1.stroke_demen~a |   .9549683   .0544827    -0.81   0.419      .853938    1.067952
   1.other_neuro |    .942439   .0450588    -1.24   0.215     .8581368    1.035023
                 |
reduced_kidney~t |
Stage 3a/3b e..  |   .9250115   .1536866    -0.47   0.639      .667919    1.281063
   1.organ_trans |   .9536366   .0813423    -0.56   0.578     .8068225    1.127166
                 |
additional_peo~e |
              1  |   1.019705   .2155075     0.09   0.926     .6738748    1.543015
              2  |   .9922777    .122348    -0.06   0.950     .7792556    1.263533
              3  |   1.335589   .1532262     2.52   0.012     1.066641    1.672351
              4  |   .9711031   .0799627    -0.36   0.722     .8263721    1.141182
                 |
      1.asplenia |   1.089031   .0350324     2.65   0.008     1.022488    1.159904
1.ra_sle_psori~s |   .9099387   .0466746    -1.84   0.066     .8229064    1.006176
  1.other_immuno |   1.058998   .0400343     1.52   0.129     .9833682    1.140444
----------------------------------------------------------------------------------
                                                             Stratified by stp
file ./output/an_multivariate_cox_models_covid_tpp_prob_or_susp_kids_cat3_MAINFULLY
> ADJMODEL_agespline_bmicat_noeth.ster saved
   1:      0.38 /        1 =       0.3810

-----------------------------------------------------------------------------------
active results
-----------------------------------------------------------------------------------

Stratified Cox regr. -- Breslow method for ties

No. of subjects      =        4,767             Number of obs    =       4,767
No. of failures      =        1,636
Time at risk         =       542280
                                                Wald chi2(6)     =       50.13
Log pseudolikelihood =   -9819.8365             Prob > chi2      =      0.0000

                             (Std. Err. adjusted for 7 clusters in household_size)
----------------------------------------------------------------------------------
                 |               Robust
              _t | Haz. Ratio   Std. Err.      z    P>|z|     [95% Conf. Interval]
-----------------+----------------------------------------------------------------
       kids_cat3 |
  Kids under 12  |   .9827474   .0799576    -0.21   0.831       .83789    1.152648
  Kids under 18  |   .9404423   .0552378    -1.05   0.296     .8381774    1.055184
                 |
        agegroup |
         18-<30  |   1.108497   .1458231     0.78   0.434     .8565619    1.434532
         30-<40  |   .9402116   .0811067    -0.71   0.475     .7939576    1.113407
         50-<60  |   .8864089   .0690445    -1.55   0.122     .7609077     1.03261
         60-<70  |   .9375949   .1286267    -0.47   0.639     .7165404    1.226845
         70-<80  |   .9753474   .1122312    -0.22   0.828     .7784188    1.222096
            80+  |   .8049707    .110981    -1.57   0.116     .6143633    1.054714
                 |
          1.male |    1.07561   .0483392     1.62   0.105       .98492    1.174651
                 |
       obese4cat |
Obese I (30-..)  |   .9698273    .134812    -0.22   0.826     .7385367    1.273552
Obese II (35..)  |     .99135   .0951436    -0.09   0.928     .8213608     1.19652
Obese III (40+)  |   1.111661   .1151954     1.02   0.307     .9073334    1.362002
                 |
    smoke_nomiss |
         Former  |   1.069686   .1868297     0.39   0.700     .7596033     1.50635
        Current  |   .9813439   .0414547    -0.45   0.656     .9033668    1.066052
                 |
             imd |
              4  |   1.008649   .0373347     0.23   0.816     .9380656    1.084544
5 most deprived  |   .9456724   .0744641    -0.71   0.478     .8104298    1.103484
                 |
1.htdiag_or_hi~p |   1.005936   .0614079     0.10   0.923     .8925002    1.133789
1.chronic_res~se |   .9646939   .0334599    -1.04   0.300     .9012932    1.032554
        1.asthma |   .9905098   .0835524    -0.11   0.910      .839571    1.168584
1.chronic_car~se |   .9901841   .0436833    -0.22   0.823     .9081636    1.079612
      1.diabetes |   .9406905   .0469493    -1.23   0.221      .853029    1.037361
                 |
cancer_exhaem_~t |
      Last year  |   1.085605   .5589229     0.16   0.873     .3957596    2.977915
  2-5 years ago  |   1.059503    .214271     0.29   0.775     .7127836    1.574878
       5+ years  |   .8825606   .0378895    -2.91   0.004     .8113371    .9600366
                 |
 cancer_haem_cat |
      Last year  |   1.577532   .3702942     1.94   0.052     .9958083    2.499084
  2-5 years ago  |   1.030424   .1834643     0.17   0.866     .7268786    1.460731
       5+ years  |   1.024395   .0561175     0.44   0.660     .9201054    1.140505
                 |
1.chronic_liv~se |   .9646417   .0731851    -0.47   0.635     .8313567    1.119295
1.stroke_demen~a |    .958231   .0538751    -0.76   0.448     .8582477    1.069862
   1.other_neuro |   .9452863   .0470754    -1.13   0.259     .8573802    1.042205
                 |
reduced_kidney~t |
Stage 3a/3b e..  |   .9283384   .1471904    -0.47   0.639     .6803715    1.266679
   1.organ_trans |   .9505736   .0810939    -0.59   0.552     .8042097    1.123575
                 |
additional_peo~e |
              1  |   1.026186   .2117247     0.13   0.900     .6848646    1.537615
              2  |   1.006652    .133571     0.05   0.960     .7761302    1.305641
              3  |   1.333143   .1493019     2.57   0.010     1.070406     1.66037
              4  |   .9761377   .0806478    -0.29   0.770      .830205    1.147722
                 |
      1.asplenia |   1.092929   .0355369     2.73   0.006     1.025451    1.164847
1.ra_sle_psori~s |   .9089428   .0467537    -1.86   0.063     .8217749    1.005357
  1.other_immuno |    1.06071   .0400904     1.56   0.119     .9849745     1.14227
----------------------------------------------------------------------------------
                                                             Stratified by stp
file ./output/an_multivariate_cox_models_covid_tpp_prob_or_susp_kids_cat3_MAINFULLY
> ADJMODEL_agegroup_bmicat_noeth.ster saved
   1:      0.30 /        1 =       0.2960

-----------------------------------------------------------------------------------
active results
-----------------------------------------------------------------------------------

Stratified Cox regr. -- Breslow method for ties

No. of subjects      =        3,565             Number of obs    =       3,565
No. of failures      =        1,220
Time at risk         =       406271
                                                Wald chi2(6)     =       31.42
Log pseudolikelihood =   -6968.2739             Prob > chi2      =      0.0000

                             (Std. Err. adjusted for 7 clusters in household_size)
----------------------------------------------------------------------------------
                 |               Robust
              _t | Haz. Ratio   Std. Err.      z    P>|z|     [95% Conf. Interval]
-----------------+----------------------------------------------------------------
       kids_cat3 |
  Kids under 12  |   .9609904   .0859431    -0.44   0.656     .8064819      1.1451
  Kids under 18  |    .861955   .0753153    -1.70   0.089      .726288    1.022964
                 |
            age1 |    .994474   .0101489    -0.54   0.587     .9747801    1.014566
            age2 |    .999856   .0213739    -0.01   0.995     .9588294    1.042638
            age3 |   1.008862   .0549067     0.16   0.871     .9067879    1.122427
          1.male |   1.082298   .0513555     1.67   0.096     .9861821    1.187782
                 |
       obese4cat |
Obese I (30-..)  |   .9639859   .1098841    -0.32   0.748     .7709794     1.20531
Obese II (35..)  |    .869679   .0881521    -1.38   0.168      .712984    1.060812
Obese III (40+)  |   1.067998   .1561873     0.45   0.653     .8018404    1.422501
                 |
    smoke_nomiss |
         Former  |   1.212729   .2715876     0.86   0.389     .7818786    1.880998
        Current  |   .9958016   .0400921    -0.10   0.917     .9202429    1.077564
                 |
       ethnicity |
Asian or Asia..  |   1.005932   .0890201     0.07   0.947     .8457492    1.196454
          Other  |   .8994058   .1042878    -0.91   0.361     .7165678    1.128896
                 |
             imd |
              4  |   .9476004   .0391167    -1.30   0.192     .8739525    1.027455
5 most deprived  |   .8875986   .0907342    -1.17   0.243     .7264456    1.084502
                 |
1.htdiag_or_hi~p |   1.014447   .0783609     0.19   0.853     .8719232    1.180267
1.chronic_res~se |   .9802598   .0653404    -0.30   0.765     .8602077    1.117067
        1.asthma |   .9402363   .1000803    -0.58   0.563     .7631918    1.158351
1.chronic_car~se |   .9722117   .0826936    -0.33   0.740     .8229245    1.148581
      1.diabetes |   .9522276   .0548999    -0.85   0.396     .8504826    1.066145
                 |
cancer_exhaem_~t |
      Last year  |   .8850916   .3740472    -0.29   0.773     .3866013    2.026344
  2-5 years ago  |   .9610931   .2179607    -0.17   0.861     .6162068     1.49901
       5+ years  |   .8511972   .0565448    -2.43   0.015     .7472829    .9695614
                 |
 cancer_haem_cat |
      Last year  |   1.189414   .4706226     0.44   0.661     .5476874    2.583052
  2-5 years ago  |   1.003404   .1395614     0.02   0.981     .7639832    1.317855
       5+ years  |    1.06023   .0614132     1.01   0.313     .9464441    1.187697
                 |
1.chronic_liv~se |   .9339887   .0599533    -1.06   0.287     .8235737    1.059207
1.stroke_demen~a |   .9557082    .069975    -0.62   0.536      .827946    1.103186
   1.other_neuro |   .9398349   .0568008    -1.03   0.305     .8348481    1.058024
                 |
reduced_kidney~t |
Stage 3a/3b e..  |    .833656   .1866395    -0.81   0.416     .5375504    1.292869
   1.organ_trans |   1.002746   .0755747     0.04   0.971     .8650429    1.162369
                 |
additional_peo~e |
              1  |    .983378   .1764337    -0.09   0.926     .6918332    1.397782
              2  |   1.092776   .0964251     1.01   0.315     .9192262    1.299093
              3  |   1.555744   .1774471     3.87   0.000     1.244087    1.945475
              4  |   1.129069   .1299596     1.05   0.292     .9010411    1.414805
                 |
      1.asplenia |   1.010977   .0541307     0.20   0.838     .9102596    1.122838
1.ra_sle_psori~s |   .9544693   .0637293    -0.70   0.485       .83739    1.087918
  1.other_immuno |     1.0815   .0482433     1.76   0.079       .99096    1.180311
----------------------------------------------------------------------------------
                                                             Stratified by stp
file ./output/an_multivariate_cox_models_covid_tpp_prob_or_susp_kids_cat3_MAINFULLY
> ADJMODEL_agespline_bmicat_CCeth.ster saved
   1:      0.37 /        1 =       0.3670

-----------------------------------------------------------------------------------
active results
-----------------------------------------------------------------------------------

Stratified Cox regr. -- Breslow method for ties

No. of subjects      =        4,767             Number of obs    =       4,767
No. of failures      =        1,636
Time at risk         =       542280
                                                Wald chi2(6)     =      300.53
Log pseudolikelihood =   -9821.2336             Prob > chi2      =      0.0000

                             (Std. Err. adjusted for 7 clusters in household_size)
----------------------------------------------------------------------------------
                 |               Robust
              _t | Haz. Ratio   Std. Err.      z    P>|z|     [95% Conf. Interval]
-----------------+----------------------------------------------------------------
  gp_number_kids |
              1  |    1.00018   .0880173     0.00   0.998     .8417264    1.188461
              2  |   1.039103    .100481     0.40   0.692     .8597011    1.255942
              3  |   .9662876   .0959083    -0.35   0.730     .7954646    1.173794
              4  |   .9071007   .1497361    -0.59   0.555     .6563671    1.253615
                 |
            age1 |   .9809415   .0102562    -1.84   0.066     .9610442    1.001251
            age2 |   1.034643   .0236358     1.49   0.136     .9893392    1.082021
            age3 |   .9269155   .0512641    -1.37   0.170     .8316939    1.033039
          1.male |   1.077447    .048686     1.65   0.099     .9861272    1.177223
                 |
       obese4cat |
Obese I (30-..)  |   .9707584   .1303644    -0.22   0.825     .7461089    1.263049
Obese II (35..)  |   .9894362   .0978346    -0.11   0.914     .8151203     1.20103
Obese III (40+)  |   1.110343   .1210726     0.96   0.337     .8966881    1.374905
                 |
    smoke_nomiss |
         Former  |   1.073389   .1971602     0.39   0.700     .7488736     1.53853
        Current  |   .9902991   .0424416    -0.23   0.820      .910513    1.077077
                 |
             imd |
              4  |   1.006717   .0390515     0.17   0.863     .9330143    1.086241
5 most deprived  |   .9508431   .0767665    -0.62   0.532      .811684     1.11386
                 |
1.htdiag_or_hi~p |   .9990357   .0688457    -0.01   0.989     .8728163    1.143508
1.chronic_res~se |   .9654261   .0352249    -0.96   0.335     .8987973    1.036994
        1.asthma |   .9873581   .0869749    -0.14   0.885     .8307944    1.173426
1.chronic_car~se |   .9905416   .0439675    -0.21   0.830      .908009    1.080576
      1.diabetes |   .9382511   .0456295    -1.31   0.190      .852949    1.032084
                 |
cancer_exhaem_~t |
      Last year  |    1.09708    .569191     0.18   0.858     .3968392    3.032925
  2-5 years ago  |   1.045542   .2037386     0.23   0.819     .7136292    1.531828
       5+ years  |   .8882583   .0386832    -2.72   0.007     .8155862    .9674057
                 |
 cancer_haem_cat |
      Last year  |   1.580405   .3727342     1.94   0.052     .9954391    2.509123
  2-5 years ago  |   1.030027   .1963527     0.16   0.877     .7089006    1.496622
       5+ years  |   1.023138   .0569188     0.41   0.681     .9174458    1.141006
                 |
1.chronic_liv~se |    .964193   .0738398    -0.48   0.634     .8298073    1.120342
1.stroke_demen~a |     .95653   .0562774    -0.76   0.450     .8523503    1.073443
   1.other_neuro |   .9439751   .0450603    -1.21   0.227     .8596639    1.036555
                 |
reduced_kidney~t |
Stage 3a/3b e..  |    .927121   .1574417    -0.45   0.656     .6646411    1.293259
   1.organ_trans |   .9538686   .0823514    -0.55   0.584       .80538    1.129734
                 |
additional_peo~e |
              1  |   1.010409   .2134514     0.05   0.961     .6678496    1.528676
              2  |   .9841963   .1190028    -0.13   0.895     .7765328    1.247394
              3  |   1.312329   .1649461     2.16   0.031     1.025783     1.67892
              4  |   .9672343   .0866365    -0.37   0.710     .8114998    1.152856
                 |
      1.asplenia |   1.088755   .0363086     2.55   0.011     1.019867    1.162296
1.ra_sle_psori~s |   .9107174   .0454139    -1.88   0.061     .8259192    1.004222
  1.other_immuno |   1.058312   .0388028     1.55   0.122     .9849287    1.137164
----------------------------------------------------------------------------------
                                                             Stratified by stp
file ./output/an_multivariate_cox_models_covid_tpp_prob_or_susp_gp_number_kids_MAIN
> FULLYADJMODEL_agespline_bmicat_noeth.ster saved
   1:      0.40 /        1 =       0.3970

-----------------------------------------------------------------------------------
active results
-----------------------------------------------------------------------------------

Stratified Cox regr. -- Breslow method for ties

No. of subjects      =        4,767             Number of obs    =       4,767
No. of failures      =        1,636
Time at risk         =       542280
                                                Wald chi2(6)     =       65.50
Log pseudolikelihood =   -9818.5163             Prob > chi2      =      0.0000

                             (Std. Err. adjusted for 7 clusters in household_size)
----------------------------------------------------------------------------------
                 |               Robust
              _t | Haz. Ratio   Std. Err.      z    P>|z|     [95% Conf. Interval]
-----------------+----------------------------------------------------------------
  gp_number_kids |
              1  |   .9977704   .0876177    -0.03   0.980     .8400084    1.185162
              2  |   1.036627   .0987112     0.38   0.706     .8601377    1.249329
              3  |   .9627735   .0940878    -0.39   0.698     .7949499    1.166027
              4  |    .905989   .1484395    -0.60   0.547      .657143    1.249068
                 |
        agegroup |
         18-<30  |   1.110568   .1470869     0.79   0.428     .8566623    1.439729
         30-<40  |   .9429901   .0799042    -0.69   0.488     .7986943    1.113355
         50-<60  |   .8861087   .0696808    -1.54   0.124     .7595409    1.033767
         60-<70  |   .9377118   .1314854    -0.46   0.646     .7123845     1.23431
         70-<80  |    .974632   .1135201    -0.22   0.825     .7757059    1.224572
            80+  |   .8067383   .1121001    -1.55   0.122     .6144042    1.059281
                 |
          1.male |   1.076839   .0485112     1.64   0.100     .9858359    1.176243
                 |
       obese4cat |
Obese I (30-..)  |   .9689758   .1336028    -0.23   0.819     .7395183    1.269629
Obese II (35..)  |   .9946286   .0954883    -0.06   0.955     .8240284    1.200548
Obese III (40+)  |   1.112801   .1151007     1.03   0.301     .9086045    1.362888
                 |
    smoke_nomiss |
         Former  |   1.076371   .1911237     0.41   0.679     .7600114    1.524417
        Current  |   .9833844   .0439558    -0.37   0.708     .9008985    1.073423
                 |
             imd |
              4  |   1.007458   .0384787     0.19   0.846     .9347951     1.08577
5 most deprived  |   .9484221   .0764896    -0.66   0.511     .8097535    1.110837
                 |
1.htdiag_or_hi~p |   .9995749   .0639224    -0.01   0.995     .8818229    1.133051
1.chronic_res~se |   .9656275   .0327948    -1.03   0.303     .9034436    1.032092
        1.asthma |   .9857042   .0874201    -0.16   0.871      .828429    1.172838
1.chronic_car~se |     .99118   .0421405    -0.21   0.835     .9119337    1.077313
      1.diabetes |    .938903   .0467551    -1.27   0.206     .8515947    1.035162
                 |
cancer_exhaem_~t |
      Last year  |   1.086239   .5578099     0.16   0.872     .3970208    2.971925
  2-5 years ago  |   1.057688   .2043275     0.29   0.772     .7243017    1.544526
       5+ years  |   .8870797   .0402229    -2.64   0.008     .8116458    .9695244
                 |
 cancer_haem_cat |
      Last year  |   1.577156   .3735269     1.92   0.054     .9914701     2.50882
  2-5 years ago  |   1.035104   .1874481     0.19   0.849     .7258367    1.476145
       5+ years  |   1.022959    .054773     0.42   0.672     .9210468    1.136147
                 |
1.chronic_liv~se |   .9654486   .0742178    -0.46   0.647     .8304128    1.122443
1.stroke_demen~a |   .9597785   .0554754    -0.71   0.478     .8569814    1.074906
   1.other_neuro |   .9468942   .0472353    -1.09   0.274     .8586966    1.044151
                 |
reduced_kidney~t |
Stage 3a/3b e..  |   .9305106    .151144    -0.44   0.657     .6767989    1.279331
   1.organ_trans |   .9507481   .0822299    -0.58   0.559     .8025005    1.126382
                 |
additional_peo~e |
              1  |   1.016565   .2104674     0.08   0.937     .6774917    1.525338
              2  |    .997879   .1299796    -0.02   0.987     .7730434    1.288107
              3  |    1.30921   .1624912     2.17   0.030     1.026511    1.669765
              4  |   .9713694   .0865055    -0.33   0.744      .815794    1.156614
                 |
      1.asplenia |   1.092656   .0369351     2.62   0.009      1.02261    1.167499
1.ra_sle_psori~s |   .9098571   .0454633    -1.89   0.059     .8249749    1.003473
  1.other_immuno |   1.059973   .0387704     1.59   0.111     .9866438    1.138751
----------------------------------------------------------------------------------
                                                             Stratified by stp
file ./output/an_multivariate_cox_models_covid_tpp_prob_or_susp_gp_number_kids_MAIN
> FULLYADJMODEL_agegroup_bmicat_noeth.ster saved
   1:      0.31 /        1 =       0.3090

-----------------------------------------------------------------------------------
active results
-----------------------------------------------------------------------------------

Stratified Cox regr. -- Breslow method for ties

No. of subjects      =        3,565             Number of obs    =       3,565
No. of failures      =        1,220
Time at risk         =       406271
                                                Wald chi2(6)     =      944.20
Log pseudolikelihood =   -6967.0947             Prob > chi2      =      0.0000

                             (Std. Err. adjusted for 7 clusters in household_size)
----------------------------------------------------------------------------------
                 |               Robust
              _t | Haz. Ratio   Std. Err.      z    P>|z|     [95% Conf. Interval]
-----------------+----------------------------------------------------------------
  gp_number_kids |
              1  |   1.011081   .0696938     0.16   0.873      .883309    1.157336
              2  |   1.087076   .1244273     0.73   0.466     .8686221    1.360469
              3  |   .9541662   .0755465    -0.59   0.553     .8170145    1.114341
              4  |   .9264909   .1457841    -0.49   0.628     .6806188    1.261184
                 |
            age1 |   .9947398   .0105169    -0.50   0.618     .9743391    1.015568
            age2 |   .9989346   .0229129    -0.05   0.963     .9550206    1.044868
            age3 |   1.011394   .0601344     0.19   0.849     .9001405    1.136397
          1.male |   1.086156   .0522603     1.72   0.086     .9884089    1.193569
                 |
       obese4cat |
Obese I (30-..)  |   .9595232   .1117351    -0.35   0.723     .7637202    1.205526
Obese II (35..)  |   .8747922   .0892864    -1.31   0.190     .7161867    1.068522
Obese III (40+)  |   1.067457   .1558086     0.45   0.655     .8018759    1.420999
                 |
    smoke_nomiss |
         Former  |   1.218597   .2687662     0.90   0.370     .7909047    1.877568
        Current  |   .9972033    .041597    -0.07   0.946     .9189185    1.082157
                 |
       ethnicity |
Asian or Asia..  |   1.004039   .0870383     0.05   0.963     .8471527    1.189981
          Other  |   .9001304   .1035351    -0.91   0.360     .7184528    1.127749
                 |
             imd |
              4  |   .9450424   .0389162    -1.37   0.170     .8717651    1.024479
5 most deprived  |   .8899134    .094244    -1.10   0.271     .7231084    1.095197
                 |
1.htdiag_or_hi~p |   1.006755   .0800283     0.08   0.933     .8615102    1.176486
1.chronic_res~se |   .9811818   .0658265    -0.28   0.777     .8602867    1.119066
        1.asthma |   .9354578   .1043569    -0.60   0.550     .7517382    1.164077
1.chronic_car~se |   .9733318   .0832448    -0.32   0.752     .8231167    1.150961
      1.diabetes |   .9504531   .0531087    -0.91   0.363     .8518594    1.060458
                 |
cancer_exhaem_~t |
      Last year  |    .869945   .3643572    -0.33   0.739     .3828114    1.976964
  2-5 years ago  |   .9657115   .2080282    -0.16   0.871     .6331204     1.47302
       5+ years  |   .8585148   .0590104    -2.22   0.026     .7503089    .9823257
                 |
 cancer_haem_cat |
      Last year  |   1.183407   .4705992     0.42   0.672     .5428022    2.580043
  2-5 years ago  |   1.004495   .1415997     0.03   0.975     .7620042    1.324154
       5+ years  |   1.056087   .0606497     0.95   0.342     .9436613    1.181906
                 |
1.chronic_liv~se |   .9352406   .0621571    -1.01   0.314      .821016    1.065357
1.stroke_demen~a |   .9576292   .0706504    -0.59   0.557     .8287027    1.106613
   1.other_neuro |   .9406369   .0554746    -1.04   0.299     .8379574    1.055898
                 |
reduced_kidney~t |
Stage 3a/3b e..  |   .8441843   .1965409    -0.73   0.467     .5348877     1.33233
   1.organ_trans |   1.002335   .0773674     0.03   0.976     .8616103    1.166043
                 |
additional_peo~e |
              1  |   .9597338   .1702691    -0.23   0.817     .6778548    1.358829
              2  |    1.06954   .1014207     0.71   0.478     .8881382    1.287993
              3  |   1.490424   .1912961     3.11   0.002     1.158933    1.916734
              4  |   1.076645   .1076967     0.74   0.460     .8849667     1.30984
                 |
      1.asplenia |   1.010588   .0518815     0.21   0.837      .913851    1.117566
1.ra_sle_psori~s |   .9570676   .0618733    -0.68   0.497     .8431667    1.086355
  1.other_immuno |   1.082964   .0476741     1.81   0.070      .993442    1.180553
----------------------------------------------------------------------------------
                                                             Stratified by stp
file ./output/an_multivariate_cox_models_covid_tpp_prob_or_susp_gp_number_kids_MAIN
> FULLYADJMODEL_agespline_bmicat_CCeth.ster saved

. 
. log close
      name:  <unnamed>
       log:  C:\Users\ENCDHFOR\Documents\GitHub\school-age-children-and-covid\analy
> sis\output/an_multivariable_cox_models_covid_tpp_prob_or_susp.log
  log type:  text
 closed on:   6 Jul 2020, 17:04:24
-----------------------------------------------------------------------------------
