-------------------------------------------------------------------------------------------------------------------------------------------
      name:  <unnamed>
       log:  C:\Users\ENCDHFOR\Documents\GitHub\school-age-children-and-covid\analysis\output/an_univariable_cox_models_covid_tpp_prob_or_s
> usp_kids_cat3TOgp_number_kids.log
  log type:  text
 opened on:   7 Jul 2020, 13:30:50

. 
. * Open dataset and fit specified model(s)
. use "$tempdir\cr_create_analysis_dataset_STSET_`outcome'.dta", clear

. 
. 
. foreach var of any `varlist' {
  2. 
.         *Special cases
.         if "`var'"=="agesplsex" local model "age1 age2 age3 i.male"
  3.         else if "`var'"=="agegroupsex" local model "ib3.agegroup i.male"
  4.         else if "`var'"=="bmicat" local model "age1 age2 age3 i.male ib2.bmicat"
  5.         *General form of model
.         else local model "age1 age2 age3 i.male i.`var'"
  6. 
.         *Fit and save model
.         cap erase ./output/an_univariable_cox_models_`outcome'_AGESEX_`var'.ster
  7.         capture stcox `model' , strata(stp) vce(cluster household_size)
  8.         if _rc==0 {
  9.                 estimates
 10.                 estimates save ./output/an_univariable_cox_models_`outcome'_AGESEX_`var'.ster, replace
 11.                 }
 12.         else di "WARNING - `var' vs `outcome' MODEL DID NOT SUCCESSFULLY FIT"
 13. 
. }

-------------------------------------------------------------------------------------------------------------------------------------------
active results
-------------------------------------------------------------------------------------------------------------------------------------------

Stratified Cox regr. -- Breslow method for ties

No. of subjects      =        5,028             Number of obs    =       5,028
No. of failures      =        1,726
Time at risk         =       604865
                                                Wald chi2(6)     =      197.12
Log pseudolikelihood =   -10467.793             Prob > chi2      =      0.0000

                           (Std. Err. adjusted for 7 clusters in household_size)
--------------------------------------------------------------------------------
               |               Robust
            _t | Haz. Ratio   Std. Err.      z    P>|z|     [95% Conf. Interval]
---------------+----------------------------------------------------------------
          age1 |   .9902483    .006783    -1.43   0.153     .9770427    1.003632
          age2 |   1.025508   .0208455     1.24   0.215     .9854551     1.06719
          age3 |   .9385312      .0476    -1.25   0.211     .8497239     1.03662
        1.male |   1.072632   .0415345     1.81   0.070     .9942386    1.157207
               |
     kids_cat3 |
Kids under 12  |    .951767   .0559588    -0.84   0.400     .8481732    1.068013
Kids under 18  |   .9165744   .0555728    -1.44   0.151     .8138765    1.032231
--------------------------------------------------------------------------------
                                                             Stratified by stp
(note: file ./output/an_univariable_cox_models_covid_tpp_prob_or_susp_AGESEX_kids_cat3.ster not found)
file ./output/an_univariable_cox_models_covid_tpp_prob_or_susp_AGESEX_kids_cat3.ster saved

-------------------------------------------------------------------------------------------------------------------------------------------
active results
-------------------------------------------------------------------------------------------------------------------------------------------

Stratified Cox regr. -- Breslow method for ties

No. of subjects      =        5,028             Number of obs    =       5,028
No. of failures      =        1,726
Time at risk         =       604865
                                                Wald chi2(5)     =      169.62
Log pseudolikelihood =   -10467.876             Prob > chi2      =      0.0000

                              (Std. Err. adjusted for 7 clusters in household_size)
-----------------------------------------------------------------------------------
                  |               Robust
               _t | Haz. Ratio   Std. Err.      z    P>|z|     [95% Conf. Interval]
------------------+----------------------------------------------------------------
             age1 |   .9901934    .006807    -1.43   0.152     .9769413    1.003625
             age2 |   1.025695   .0208745     1.25   0.213     .9855874    1.067436
             age3 |   .9380611   .0475946    -1.26   0.208     .8492656    1.036141
           1.male |    1.07288    .041316     1.83   0.068     .9948831    1.156993
                  |
kids_cat2_0_18yrs |
   Kids under 18  |   .9487764   .0531704    -0.94   0.348     .8500837    1.058927
-----------------------------------------------------------------------------------
                                                             Stratified by stp
(note: file ./output/an_univariable_cox_models_covid_tpp_prob_or_susp_AGESEX_kids_cat2_0_18yrs.ster not found)
file ./output/an_univariable_cox_models_covid_tpp_prob_or_susp_AGESEX_kids_cat2_0_18yrs.ster saved

-------------------------------------------------------------------------------------------------------------------------------------------
active results
-------------------------------------------------------------------------------------------------------------------------------------------

Stratified Cox regr. -- Breslow method for ties

No. of subjects      =        5,028             Number of obs    =       5,028
No. of failures      =        1,726
Time at risk         =       604865
                                                Wald chi2(5)     =      202.74
Log pseudolikelihood =   -10467.926             Prob > chi2      =      0.0000

                                     (Std. Err. adjusted for 7 clusters in household_size)
------------------------------------------------------------------------------------------
                         |               Robust
                      _t | Haz. Ratio   Std. Err.      z    P>|z|     [95% Conf. Interval]
-------------------------+----------------------------------------------------------------
                    age1 |   .9901205    .006714    -1.46   0.143     .9770484    1.003367
                    age2 |   1.025951   .0205195     1.28   0.200     .9865119    1.066968
                    age3 |   .9374116      .0467    -1.30   0.195      .850208     1.03356
                  1.male |   1.073486   .0414967     1.83   0.067     .9951591    1.157979
                         |
       kids_cat2_1_12yrs |
Kids aged 1 to under 12  |   .9640572   .0661779    -0.53   0.594     .8426979    1.102894
------------------------------------------------------------------------------------------
                                                             Stratified by stp
(note: file ./output/an_univariable_cox_models_covid_tpp_prob_or_susp_AGESEX_kids_cat2_1_12yrs.ster not found)
file ./output/an_univariable_cox_models_covid_tpp_prob_or_susp_AGESEX_kids_cat2_1_12yrs.ster saved

-------------------------------------------------------------------------------------------------------------------------------------------
active results
-------------------------------------------------------------------------------------------------------------------------------------------

Stratified Cox regr. -- Breslow method for ties

No. of subjects      =        5,028             Number of obs    =       5,028
No. of failures      =        1,726
Time at risk         =       604865
                                                Wald chi2(6)     =      571.82
Log pseudolikelihood =   -10465.644             Prob > chi2      =      0.0000

                           (Std. Err. adjusted for 7 clusters in household_size)
--------------------------------------------------------------------------------
               |               Robust
            _t | Haz. Ratio   Std. Err.      z    P>|z|     [95% Conf. Interval]
---------------+----------------------------------------------------------------
          age1 |   .9901831   .0067343    -1.45   0.147     .9770716    1.003471
          age2 |   1.025278   .0208021     1.23   0.219     .9853066    1.066871
          age3 |   .9394326   .0480642    -1.22   0.222     .8497978    1.038522
        1.male |   1.074528   .0417536     1.85   0.064     .9957307     1.15956
               |
gp_number_kids |
            1  |   .9946471   .0579184    -0.09   0.927     .8873674    1.114897
            2  |   1.020146   .0626024     0.33   0.745     .9045395    1.150529
            3  |   .9313802   .0614608    -1.08   0.281      .818384    1.059978
            4  |   .8717099   .1168659    -1.02   0.306     .6702788    1.133675
--------------------------------------------------------------------------------
                                                             Stratified by stp
(note: file ./output/an_univariable_cox_models_covid_tpp_prob_or_susp_AGESEX_gp_number_kids.ster not found)
file ./output/an_univariable_cox_models_covid_tpp_prob_or_susp_AGESEX_gp_number_kids.ster saved

. 
. 
. * Close log file
. log close
      name:  <unnamed>
       log:  C:\Users\ENCDHFOR\Documents\GitHub\school-age-children-and-covid\analysis\output/an_univariable_cox_models_covid_tpp_prob_or_s
> usp_kids_cat3TOgp_number_kids.log
  log type:  text
 closed on:   7 Jul 2020, 13:30:51
-------------------------------------------------------------------------------------------------------------------------------------------
