-----------------------------------------------------------------------------------
      name:  <unnamed>
       log:  C:\Users\ENCDHFOR\Documents\GitHub\school-age-children-and-covid\analy
> sis\output/an_univariable_cox_models_covid_tpp_prob_kids_cat3TOgp_number_kids.log
  log type:  text
 opened on:   6 Jul 2020, 17:04:04

. 
. * Open dataset and fit specified model(s)
. use "$tempdir\cr_create_analysis_dataset_STSET_`outcome'.dta", clear

. 
. 
. foreach var of any `varlist' {
  2. 
.         *Special cases
.         if "`var'"=="agesplsex" local model "age1 age2 age3 i.male"
  3.         else if "`var'"=="agegroupsex" local model "ib3.agegroup i.male"
  4.         else if "`var'"=="bmicat" local model "age1 age2 age3 i.male ib2.bmica
> t"
  5.         *General form of model
.         else local model "age1 age2 age3 i.male i.`var'"
  6. 
.         *Fit and save model
.         cap erase ./output/an_univariable_cox_models_`outcome'_AGESEX_`var'.ster
  7.         capture stcox `model' , strata(stp) vce(cluster household_size)
  8.         if _rc==0 {
  9.                 estimates
 10.                 estimates save ./output/an_univariable_cox_models_`outcome'_AG
> ESEX_`var'.ster, replace
 11.                 }
 12.         else di "WARNING - `var' vs `outcome' MODEL DID NOT SUCCESSFULLY FIT"
 13. 
. }

-----------------------------------------------------------------------------------
active results
-----------------------------------------------------------------------------------

Stratified Cox regr. -- Breslow method for ties

No. of subjects      =        4,767             Number of obs    =       4,767
No. of failures      =          913
Time at risk         =       590186
                                                Wald chi2(6)     =     5377.70
Log pseudolikelihood =   -5551.2634             Prob > chi2      =      0.0000

                           (Std. Err. adjusted for 7 clusters in household_size)
--------------------------------------------------------------------------------
               |               Robust
            _t | Haz. Ratio   Std. Err.      z    P>|z|     [95% Conf. Interval]
---------------+----------------------------------------------------------------
          age1 |   .9685829   .0117001    -2.64   0.008     .9459204    .9917884
          age2 |   1.058556   .0231986     2.60   0.009      1.01405    1.105015
          age3 |   .8847824   .0412252    -2.63   0.009     .8075622    .9693865
        1.male |   1.073841   .0447128     1.71   0.087     .9896856    1.165151
               |
     kids_cat3 |
Kids under 12  |   .9110309   .0803331    -1.06   0.291     .7664356    1.082905
Kids under 18  |   .8049005   .0993951    -1.76   0.079     .6318727    1.025309
--------------------------------------------------------------------------------
                                                             Stratified by stp
(note: file ./output/an_univariable_cox_models_covid_tpp_prob_AGESEX_kids_cat3.ster
>  not found)
file ./output/an_univariable_cox_models_covid_tpp_prob_AGESEX_kids_cat3.ster saved

-----------------------------------------------------------------------------------
active results
-----------------------------------------------------------------------------------

Stratified Cox regr. -- Breslow method for ties

No. of subjects      =        4,767             Number of obs    =       4,767
No. of failures      =          913
Time at risk         =       590186
                                                Wald chi2(6)     =     7774.81
Log pseudolikelihood =   -5552.1613             Prob > chi2      =      0.0000

                           (Std. Err. adjusted for 7 clusters in household_size)
--------------------------------------------------------------------------------
               |               Robust
            _t | Haz. Ratio   Std. Err.      z    P>|z|     [95% Conf. Interval]
---------------+----------------------------------------------------------------
          age1 |   .9679075   .0111663    -2.83   0.005     .9462675    .9900423
          age2 |    1.06017   .0218409     2.84   0.005     1.018215    1.103853
          age3 |   .8815334    .038985    -2.85   0.004      .808342    .9613518
        1.male |   1.075417   .0441251     1.77   0.076     .9923199    1.165474
               |
gp_number_kids |
            1  |   .9902981    .092597    -0.10   0.917     .8244704    1.189479
            2  |   1.002005   .0976894     0.02   0.984     .8277186    1.212989
            3  |   .9726909   .1112895    -0.24   0.809     .7772942    1.217207
            4  |   .9856647    .165088    -0.09   0.931     .7098429    1.368662
--------------------------------------------------------------------------------
                                                             Stratified by stp
(note: file ./output/an_univariable_cox_models_covid_tpp_prob_AGESEX_gp_number_kids
> .ster not found)
file ./output/an_univariable_cox_models_covid_tpp_prob_AGESEX_gp_number_kids.ster s
> aved

. 
. 
. * Close log file
. log close
      name:  <unnamed>
       log:  C:\Users\ENCDHFOR\Documents\GitHub\school-age-children-and-covid\analy
> sis\output/an_univariable_cox_models_covid_tpp_prob_kids_cat3TOgp_number_kids.log
  log type:  text
 closed on:   6 Jul 2020, 17:04:05
-----------------------------------------------------------------------------------
