-----------------------------------------------------------------------------------------------------------
      name:  <unnamed>
       log:  E:\caroline\school-age-children-and-covid\analysis\log\an_univariable_cox_models_covid_death_i
> tu.log
  log type:  text
 opened on:  21 Jul 2020, 13:32:15

. 
. * Open dataset and fit specified model(s)
. use "$tempdir\cr_create_analysis_dataset_STSET_`outcome'.dta", clear

. 
. 
. foreach var of any `varlist' {
  2. 
.         *Special cases
.         if "`var'"=="agesplsex" local model "age1 age2 age3 i.male"
  3.         else if "`var'"=="agegroupsex" local model "ib3.agegroup i.male"
  4.         else if "`var'"=="bmicat" local model "age1 age2 age3 i.male ib2.bmicat"
  5.         *General form of model
.         else local model "age1 age2 age3 i.male i.`var'"
  6. 
.         *Fit and save model
.         cap erase ./output/an_univariable_cox_models_`outcome'_AGESEX_`var'.ster
  7.         capture stcox `model' , strata(stp) vce(cluster household_size)
  8.         if _rc==0 {
  9.                 estimates
 10.                 estimates save ./output/an_univariable_cox_models_`outcome'_AGESEX_`var'.ster, replace
 11.                 }
 12.         else di "WARNING - `var' vs `outcome' MODEL DID NOT SUCCESSFULLY FIT"
 13. 
. }

-----------------------------------------------------------------------------------------------------------
active results
-----------------------------------------------------------------------------------------------------------

Stratified Cox regr. -- Breslow method for ties

No. of subjects      =   16,074,725             Number of obs    =  16,074,725
No. of failures      =       10,713
Time at risk         =   2181876321
                                                Wald chi2(6)     =    60714.45
Log pseudolikelihood =   -129670.01             Prob > chi2      =      0.0000

                          (Std. Err. adjusted for 10 clusters in household_size)
--------------------------------------------------------------------------------
               |               Robust
            _t | Haz. Ratio   Std. Err.      z    P>|z|     [95% Conf. Interval]
---------------+----------------------------------------------------------------
          age1 |   1.239026   .0580498     4.57   0.000     1.130318    1.358189
          age2 |   .7389684   .0963473    -2.32   0.020     .5723286    .9541272
          age3 |   2.100889    .691025     2.26   0.024     1.102619    4.002953
        1.male |   1.942321   .1437099     8.97   0.000     1.680126    2.245435
               |
     kids_cat3 |
Kids under 12  |    1.00486   .1132405     0.04   0.966     .8057143    1.253227
Kids under 18  |   1.016129   .0725703     0.22   0.823     .8834002      1.1688
--------------------------------------------------------------------------------
                                                             Stratified by stp
(note: file ./output/an_univariable_cox_models_covid_death_itu_AGESEX_kids_cat3.ster not found)
file ./output/an_univariable_cox_models_covid_death_itu_AGESEX_kids_cat3.ster saved

-----------------------------------------------------------------------------------------------------------
active results
-----------------------------------------------------------------------------------------------------------

Stratified Cox regr. -- Breslow method for ties

No. of subjects      =   16,074,725             Number of obs    =  16,074,725
No. of failures      =       10,713
Time at risk         =   2181876321
                                                Wald chi2(8)     =   143694.49
Log pseudolikelihood =   -129665.22             Prob > chi2      =      0.0000

                            (Std. Err. adjusted for 10 clusters in household_size)
----------------------------------------------------------------------------------
                 |               Robust
              _t | Haz. Ratio   Std. Err.      z    P>|z|     [95% Conf. Interval]
-----------------+----------------------------------------------------------------
            age1 |   1.240205   .0581235     4.59   0.000     1.131361    1.359521
            age2 |   .7375646    .096137    -2.34   0.020     .5712829    .9522455
            age3 |   2.109436   .6936455     2.27   0.023     1.107301    4.018526
          1.male |    1.94219    .143791     8.97   0.000     1.679858    2.245488
                 |
  gp_number_kids |
 only >12 years  |   1.016086   .0735023     0.22   0.825     .8817707    1.170861
    1 child <12  |   .9797168   .0934445    -0.21   0.830      .812669    1.181102
 2 children <12  |   .9144946    .146361    -0.56   0.577     .6682669    1.251447
3+ children <12  |   1.429322   .3546295     1.44   0.150     .8788976     2.32446
----------------------------------------------------------------------------------
                                                             Stratified by stp
(note: file ./output/an_univariable_cox_models_covid_death_itu_AGESEX_gp_number_kids.ster not found)
file ./output/an_univariable_cox_models_covid_death_itu_AGESEX_gp_number_kids.ster saved

. 
. * Close log file
. log close
      name:  <unnamed>
       log:  E:\caroline\school-age-children-and-covid\analysis\log\an_univariable_cox_models_covid_death_i
> tu.log
  log type:  text
 closed on:  21 Jul 2020, 14:25:45
-----------------------------------------------------------------------------------------------------------
