-------------------------------------------------------------------------------------------------------------------------------------------
      name:  <unnamed>
       log:  C:\Users\ENCDHFOR\Documents\GitHub\school-age-children-and-covid\analysis\log\02_an_data_checks.log
  log type:  text
 opened on:   7 Jul 2020, 13:30:23

. 
. * Open Stata dataset
. use $tempdir\analysis_dataset, clear

. 
. *run ssc install - retain as it seems the server needs to reinstall each time
. ssc install datacheck 
checking datacheck consistency and verifying not already installed...
all files already exist and are up to date.

. 
. *Duplicate patient check
. datacheck _n==1, by(patient_id) nol

. 
. 
. /* CHECK INCLUSION AND EXCLUSION CRITERIA=====================================*/ 
. 
. * DATA STRUCTURE: Confirm one row per patient 
. duplicates tag patient_id, generate(dup_check)

Duplicates in terms of patient_id

. assert dup_check == 0 

. drop dup_check

. 
. * INCLUSION 1: >=18 and <=110 at 1 March 2020 
. assert age < .

. assert age >= 18 

. assert age <= 110

.  
. * INCLUSION 2: M or F gender at 1 March 2020 
. assert inlist(sex, "M", "F")

. 
. * EXCLUDE 1:  MISSING IMD
. assert inlist(imd, 1, 2, 3, 4, 5)

. 
. * EXCLUDE 2:  HH with more than 10 people
. datacheck inlist(household_size, 1, 2, 3, 4, 5,6, 7, 8, 9, 10), nol

 (116 contradictions)

. 
. /* EXPECTED VALUES============================================================*/ 
. 
. *HH
. datacheck kids_cat3<., nol

. datacheck inlist(kids_cat3, 0,1, 2), nol

. 
. datacheck kids_cat2_0_18yrs<., nol

. datacheck inlist(kids_cat2_0_18yrs, 0,1), nol

. 
. datacheck kids_cat2_1_12yrs<., nol

. datacheck inlist(kids_cat2_0_18yrs, 0,1), nol

. 
. datacheck number_kids<., nol

. datacheck inlist(number_kids, 0,1,2,3,4,5,6,7,8,9), nol

. 
. * Age
. datacheck age<., nol

. datacheck inlist(agegroup, 1, 2, 3, 4, 5, 6), nol

 (320 contradictions)

. datacheck inlist(age66, 0, 1), nol

. 
. * Sex
. datacheck inlist(male, 0, 1), nol

. 
. * BMI 
. datacheck inlist(obese4cat, 1, 2, 3, 4), nol

. datacheck inlist(bmicat, 1, 2, 3, 4, 5, 6, .u), nol

. 
. * IMD
. datacheck inlist(imd, 1, 2, 3, 4, 5), nol

. 
. * Ethnicity
. datacheck inlist(ethnicity, 1, 2, 3, 4, 5, .u), nol

. 
. * Smoking
. datacheck inlist(smoke, 1, 2, 3, .u), nol

. datacheck inlist(smoke_nomiss, 1, 2, 3), nol 

. 
. 
. * Check date ranges for all comorbidities 
. 
. foreach var of varlist  chronic_respiratory_disease     ///
>                                         chronic_cardiac_disease         ///
>                                         diabetes                                                ///
>                                         chronic_liver_disease           ///
>                                         other_neuro                     ///
>                                         stroke_dementia ///
>                                         ra_sle_psoriasis                                ///
>                                         perm_immunodef  ///
>                                         temp_immunodef  ///
>                                         organ_trans                     /// 
>                                         asplenia                        /// 
>                                         hypertension                            ///
>                                         {
  2.                                                 
.         summ `var'_date, format
  3. 
. }

    Variable |        Obs        Mean    Std. Dev.       Min        Max
-------------+---------------------------------------------------------
chronic_r~te |        979   26feb1995    5197.151  15jan1970  15jan2020

    Variable |        Obs        Mean    Std. Dev.       Min        Max
-------------+---------------------------------------------------------
chronic_c~te |      1,026   23mar1995    5314.196  15jan1970  15jan2020

    Variable |        Obs        Mean    Std. Dev.       Min        Max
-------------+---------------------------------------------------------
diabetes_d~e |        996   11dec1995    5157.183  15jan1970  15jan2020

    Variable |        Obs        Mean    Std. Dev.       Min        Max
-------------+---------------------------------------------------------
chronic_l~te |      1,006   01jun1995     5315.36  15jan1970  15jan2020

    Variable |        Obs        Mean    Std. Dev.       Min        Max
-------------+---------------------------------------------------------
other_neur~e |      1,036   25mar1995    5308.717  15jan1970  15jan2020

    Variable |        Obs        Mean    Std. Dev.       Min        Max
-------------+---------------------------------------------------------
stroke_dem~e |      1,017   26sep1994    5243.222  15jan1970  15jan2020

    Variable |        Obs        Mean    Std. Dev.       Min        Max
-------------+---------------------------------------------------------
ra_sle_pso~e |      1,000   10may1994    5294.944  15jan1970  15nov2019

    Variable |        Obs        Mean    Std. Dev.       Min        Max
-------------+---------------------------------------------------------
perm_immun~e |        992   14jul1994    5229.841  15jan1970  15jan2020

    Variable |        Obs        Mean    Std. Dev.       Min        Max
-------------+---------------------------------------------------------
temp_immun~e |      1,014   13aug2019    95.43423  15mar2019  15jan2020

    Variable |        Obs        Mean    Std. Dev.       Min        Max
-------------+---------------------------------------------------------
organ_tran~e |        960   25feb1995    5259.639  15jan1970  15dec2019

    Variable |        Obs        Mean    Std. Dev.       Min        Max
-------------+---------------------------------------------------------
asplenia_d~e |        989   19dec1993    5268.637  15jan1970  15dec2019

    Variable |        Obs        Mean    Std. Dev.       Min        Max
-------------+---------------------------------------------------------
hypertensi~e |        990   18jul1994    5321.021  15jan1970  15jun2020

. 
. foreach comorb in $varlist { 
  2. 
.         local comorb: subinstr local comorb "i." ""
  3.         tab `comorb', m
  4.         
. }

 Evidence of obesity |
      (4 categories) |      Freq.     Percent        Cum.
---------------------+-----------------------------------
No record of obesity |      4,425       88.01       88.01
   Obese I (30-34.9) |        188        3.74       91.75
  Obese II (35-39.9) |        178        3.54       95.29
     Obese III (40+) |        237        4.71      100.00
---------------------+-----------------------------------
               Total |      5,028      100.00

     Smoking |
      status |
(missing set |
     to non) |      Freq.     Percent        Cum.
-------------+-----------------------------------
       Never |      4,304       85.60       85.60
      Former |         96        1.91       87.51
     Current |        628       12.49      100.00
-------------+-----------------------------------
       Total |      5,028      100.00

        Index of |
        Multiple |
     Deprivation |
           (IMD) |      Freq.     Percent        Cum.
-----------------+-----------------------------------
1 least deprived |      3,524       70.09       70.09
               4 |      1,009       20.07       90.16
 5 most deprived |        495        9.84      100.00
-----------------+-----------------------------------
           Total |      5,028      100.00

     Asthma |
   category |      Freq.     Percent        Cum.
------------+-----------------------------------
          0 |      4,650       92.48       92.48
          1 |        378        7.52      100.00
------------+-----------------------------------
      Total |      5,028      100.00

    Chronic |
Respiratory |
   Diseases |      Freq.     Percent        Cum.
------------+-----------------------------------
          0 |      4,049       80.53       80.53
          1 |        979       19.47      100.00
------------+-----------------------------------
      Total |      5,028      100.00

    Chronic |
    Cardiac |
   Diseases |      Freq.     Percent        Cum.
------------+-----------------------------------
          0 |      4,002       79.59       79.59
          1 |      1,026       20.41      100.00
------------+-----------------------------------
      Total |      5,028      100.00

   Diabetes |      Freq.     Percent        Cum.
------------+-----------------------------------
          0 |      4,032       80.19       80.19
          1 |        996       19.81      100.00
------------+-----------------------------------
      Total |      5,028      100.00

    Chronic |
      liver |
    disease |      Freq.     Percent        Cum.
------------+-----------------------------------
          0 |      4,022       79.99       79.99
          1 |      1,006       20.01      100.00
------------+-----------------------------------
      Total |      5,028      100.00

Neurologica |
  l disease |      Freq.     Percent        Cum.
------------+-----------------------------------
          0 |      3,992       79.40       79.40
          1 |      1,036       20.60      100.00
------------+-----------------------------------
      Total |      5,028      100.00

 Autoimmune |
    disease |      Freq.     Percent        Cum.
------------+-----------------------------------
          0 |      4,028       80.11       80.11
          1 |      1,000       19.89      100.00
------------+-----------------------------------
      Total |      5,028      100.00

Immunosuppr |
      essed |
(combinatio |
          n |
 algorithm) |      Freq.     Percent        Cum.
------------+-----------------------------------
          1 |      5,028      100.00      100.00
------------+-----------------------------------
      Total |      5,028      100.00

   Asplenia |      Freq.     Percent        Cum.
------------+-----------------------------------
          0 |      4,039       80.33       80.33
          1 |        989       19.67      100.00
------------+-----------------------------------
      Total |      5,028      100.00

Solid organ |
 transplant |      Freq.     Percent        Cum.
------------+-----------------------------------
          0 |      4,068       80.91       80.91
          1 |        960       19.09      100.00
------------+-----------------------------------
      Total |      5,028      100.00

  Stroke or |
   dementia |      Freq.     Percent        Cum.
------------+-----------------------------------
          0 |      4,011       79.77       79.77
          1 |      1,017       20.23      100.00
------------+-----------------------------------
      Total |      5,028      100.00

Haematologica |
     l cancer |      Freq.     Percent        Cum.
--------------+-----------------------------------
        Never |      4,016       79.87       79.87
    Last year |         21        0.42       80.29
2-5 years ago |         70        1.39       81.68
     5+ years |        921       18.32      100.00
--------------+-----------------------------------
        Total |      5,028      100.00

Non-haematolo |
 gical cancer |      Freq.     Percent        Cum.
--------------+-----------------------------------
        Never |      4,001       79.57       79.57
    Last year |         23        0.46       80.03
2-5 years ago |         72        1.43       81.46
     5+ years |        932       18.54      100.00
--------------+-----------------------------------
        Total |      5,028      100.00

     Reduced kidney function |      Freq.     Percent        Cum.
-----------------------------+-----------------------------------
                        None |      4,963       98.71       98.71
Stage 3a/3b egfr 30-60       |         65        1.29      100.00
-----------------------------+-----------------------------------
                       Total |      5,028      100.00

  Diagnosed |
hypertensio |
          n |      Freq.     Percent        Cum.
------------+-----------------------------------
          0 |      4,038       80.31       80.31
          1 |        990       19.69      100.00
------------+-----------------------------------
      Total |      5,028      100.00

. 
. * Outcome dates
. summ  date_covid_death_itu  date_covid_tpp_prob_or_susp, format

    Variable |        Obs        Mean    Std. Dev.       Min        Max
-------------+---------------------------------------------------------
date_covid~u |         14   08apr2020    33.78308  21feb2020  30may2020
date_covid~p |      1,790   15apr2020    45.20073  15feb2020  15jul2020

. 
. /* LOGICAL RELATIONSHIPS======================================================*/ 
. 
. *HH variables
. tab kids_cat3 kids_cat2_0_18yrs

  Presence of |
  children or |
 young people | Presence of under 18s
       in the |   in the household
    household | No kids u  Kids unde |     Total
--------------+----------------------+----------
      No kids |       556          0 |       556 
Kids under 12 |         0      4,086 |     4,086 
Kids under 18 |         0        386 |       386 
--------------+----------------------+----------
        Total |       556      4,472 |     5,028 

. tab kids_cat3 kids_cat2_1_12yrs

  Presence of |
  children or | Presence of children
 young people |  aged 1-<12 years in
       in the |     the household
    household | No kids a  Kids aged |     Total
--------------+----------------------+----------
      No kids |       556          0 |       556 
Kids under 12 |       105      3,981 |     4,086 
Kids under 18 |       386          0 |       386 
--------------+----------------------+----------
        Total |     1,047      3,981 |     5,028 

. tab kids_cat2_0_18yrs kids_cat2_1_12yrs

                 | Presence of children
     Presence of |  aged 1-<12 years in
under 18s in the |     the household
       household | No kids a  Kids aged |     Total
-----------------+----------------------+----------
No kids under 18 |       556          0 |       556 
   Kids under 18 |       491      3,981 |     4,472 
-----------------+----------------------+----------
           Total |     1,047      3,981 |     5,028 

. tab number_kids

  Number of |
   children |
 aged 1-<12 |
   years in |
  household |      Freq.     Percent        Cum.
------------+-----------------------------------
          0 |      1,047       20.82       20.82
          1 |      1,252       24.90       45.72
          2 |      1,121       22.30       68.02
          3 |        815       16.21       84.23
          4 |        439        8.73       92.96
          5 |        258        5.13       98.09
          6 |         79        1.57       99.66
          7 |         10        0.20       99.86
          8 |          7        0.14      100.00
------------+-----------------------------------
      Total |      5,028      100.00

. 
. * BMI
. bysort bmicat: summ bmi

-------------------------------------------------------------------------------------------------------------------------------------------
-> bmicat = Underweight (<18.5)

    Variable |        Obs        Mean    Std. Dev.       Min        Max
-------------+---------------------------------------------------------
         bmi |         28    16.93556    .9661123   15.13177   18.45977

-------------------------------------------------------------------------------------------------------------------------------------------
-> bmicat = Normal (18.5-24.9)

    Variable |        Obs        Mean    Std. Dev.       Min        Max
-------------+---------------------------------------------------------
         bmi |        113    22.41688    1.767658   18.58771   24.90192

-------------------------------------------------------------------------------------------------------------------------------------------
-> bmicat = Overweight (25-29.9)

    Variable |        Obs        Mean    Std. Dev.       Min        Max
-------------+---------------------------------------------------------
         bmi |        159     27.4241    1.433021    25.0106   29.89441

-------------------------------------------------------------------------------------------------------------------------------------------
-> bmicat = Obese I (30-34.9)

    Variable |        Obs        Mean    Std. Dev.       Min        Max
-------------+---------------------------------------------------------
         bmi |        188     32.5294    1.338385   30.00033   34.89174

-------------------------------------------------------------------------------------------------------------------------------------------
-> bmicat = Obese II (35-39.9)

    Variable |        Obs        Mean    Std. Dev.       Min        Max
-------------+---------------------------------------------------------
         bmi |        178    37.34261    1.489501   35.00641    39.9736

-------------------------------------------------------------------------------------------------------------------------------------------
-> bmicat = Obese III (40+)

    Variable |        Obs        Mean    Std. Dev.       Min        Max
-------------+---------------------------------------------------------
         bmi |        237    44.17378     2.72484   40.00714   49.98444

-------------------------------------------------------------------------------------------------------------------------------------------
-> bmicat = Unknown (.u)

    Variable |        Obs        Mean    Std. Dev.       Min        Max
-------------+---------------------------------------------------------
         bmi |          0


. tab bmicat obese4cat, m

                     |     Evidence of obesity (4 categories)
         Grouped BMI | No record  Obese I (  Obese II   Obese III |     Total
---------------------+--------------------------------------------+----------
 Underweight (<18.5) |        28          0          0          0 |        28 
  Normal (18.5-24.9) |       113          0          0          0 |       113 
Overweight (25-29.9) |       159          0          0          0 |       159 
   Obese I (30-34.9) |         0        188          0          0 |       188 
  Obese II (35-39.9) |         0          0        178          0 |       178 
     Obese III (40+) |         0          0          0        237 |       237 
        Unknown (.u) |     4,125          0          0          0 |     4,125 
---------------------+--------------------------------------------+----------
               Total |     4,425        188        178        237 |     5,028 

. 
. * Age
. bysort agegroup: summ age

-------------------------------------------------------------------------------------------------------------------------------------------
-> agegroup = 18-<30

    Variable |        Obs        Mean    Std. Dev.       Min        Max
-------------+---------------------------------------------------------
         age |      1,009    23.73637    3.469521         18         29

-------------------------------------------------------------------------------------------------------------------------------------------
-> agegroup = 30-<40

    Variable |        Obs        Mean    Std. Dev.       Min        Max
-------------+---------------------------------------------------------
         age |        835    34.68982    2.874402         30         39

-------------------------------------------------------------------------------------------------------------------------------------------
-> agegroup = 40-<50

    Variable |        Obs        Mean    Std. Dev.       Min        Max
-------------+---------------------------------------------------------
         age |        769    44.70091    2.797229         40         49

-------------------------------------------------------------------------------------------------------------------------------------------
-> agegroup = 50-<60

    Variable |        Obs        Mean    Std. Dev.       Min        Max
-------------+---------------------------------------------------------
         age |        862    54.41647    2.829964         50         59

-------------------------------------------------------------------------------------------------------------------------------------------
-> agegroup = 60-<70

    Variable |        Obs        Mean    Std. Dev.       Min        Max
-------------+---------------------------------------------------------
         age |        732    64.55055    2.858527         60         69

-------------------------------------------------------------------------------------------------------------------------------------------
-> agegroup = 70-<80

    Variable |        Obs        Mean    Std. Dev.       Min        Max
-------------+---------------------------------------------------------
         age |        501    73.75848    2.832588         70         79

-------------------------------------------------------------------------------------------------------------------------------------------
-> agegroup = 80+

    Variable |        Obs        Mean    Std. Dev.       Min        Max
-------------+---------------------------------------------------------
         age |        320    85.33437     4.89681         80        108


. tab agegroup age66, m

   Grouped |  66 years and older
       age |         0          1 |     Total
-----------+----------------------+----------
    18-<30 |     1,009          0 |     1,009 
    30-<40 |       835          0 |       835 
    40-<50 |       769          0 |       769 
    50-<60 |       862          0 |       862 
    60-<70 |       504        228 |       732 
    70-<80 |         0        501 |       501 
       80+ |         0        320 |       320 
-----------+----------------------+----------
     Total |     3,979      1,049 |     5,028 

. 
. * Smoking
. tab smoke smoke_nomiss, m

             |  Smoking status (missing set to
     Smoking |               non)
      status |     Never     Former    Current |     Total
-------------+---------------------------------+----------
       Never |       204          0          0 |       204 
      Former |         0         96          0 |        96 
     Current |         0          0        628 |       628 
Unknown (.u) |     4,100          0          0 |     4,100 
-------------+---------------------------------+----------
       Total |     4,304         96        628 |     5,028 

. 
. * Diabetes
. *tab diabcat diabetes, m
. 
. * CKD
. tab reduced egfr_cat, m

       Reduced kidney |               Calculated eGFR
             function |        30         45         60          . |     Total
----------------------+--------------------------------------------+----------
                 None |         0          0      4,693        270 |     4,963 
Stage 3a/3b egfr 30-6 |         1         64          0          0 |        65 
----------------------+--------------------------------------------+----------
                Total |         1         64      4,693        270 |     5,028 

. 
. 
. /* EXPECTED RELATIONSHIPS=====================================================*/ 
. 
. /*  Relationships between demographic/lifestyle variables  */
. tab agegroup bmicat,    row 

+----------------+
| Key            |
|----------------|
|   frequency    |
| row percentage |
+----------------+

   Grouped |                            Grouped BMI
       age | Underweig  Normal (1  Overweigh  Obese I (  Obese II   Obese III |     Total
-----------+------------------------------------------------------------------+----------
    18-<30 |         7         26         20         31         23         34 |       141 
           |      4.96      18.44      14.18      21.99      16.31      24.11 |    100.00 
-----------+------------------------------------------------------------------+----------
    30-<40 |         8         26         28         32         40         33 |       167 
           |      4.79      15.57      16.77      19.16      23.95      19.76 |    100.00 
-----------+------------------------------------------------------------------+----------
    40-<50 |         2         12         20         29         26         27 |       116 
           |      1.72      10.34      17.24      25.00      22.41      23.28 |    100.00 
-----------+------------------------------------------------------------------+----------
    50-<60 |         6         18         29         28         33         51 |       165 
           |      3.64      10.91      17.58      16.97      20.00      30.91 |    100.00 
-----------+------------------------------------------------------------------+----------
    60-<70 |         3         19         24         29         26         41 |       142 
           |      2.11      13.38      16.90      20.42      18.31      28.87 |    100.00 
-----------+------------------------------------------------------------------+----------
    70-<80 |         2          9         26         24         14         35 |       110 
           |      1.82       8.18      23.64      21.82      12.73      31.82 |    100.00 
-----------+------------------------------------------------------------------+----------
       80+ |         0          3         12         15         16         16 |        62 
           |      0.00       4.84      19.35      24.19      25.81      25.81 |    100.00 
-----------+------------------------------------------------------------------+----------
     Total |        28        113        159        188        178        237 |       903 
           |      3.10      12.51      17.61      20.82      19.71      26.25 |    100.00 

. tab agegroup smoke,     row  

+----------------+
| Key            |
|----------------|
|   frequency    |
| row percentage |
+----------------+

   Grouped |          Smoking status
       age |     Never     Former    Current |     Total
-----------+---------------------------------+----------
    18-<30 |        39         17        140 |       196 
           |     19.90       8.67      71.43 |    100.00 
-----------+---------------------------------+----------
    30-<40 |        36         13        107 |       156 
           |     23.08       8.33      68.59 |    100.00 
-----------+---------------------------------+----------
    40-<50 |        30         16        105 |       151 
           |     19.87      10.60      69.54 |    100.00 
-----------+---------------------------------+----------
    50-<60 |        40         24        110 |       174 
           |     22.99      13.79      63.22 |    100.00 
-----------+---------------------------------+----------
    60-<70 |        23          8         80 |       111 
           |     20.72       7.21      72.07 |    100.00 
-----------+---------------------------------+----------
    70-<80 |        18         11         63 |        92 
           |     19.57      11.96      68.48 |    100.00 
-----------+---------------------------------+----------
       80+ |        18          7         23 |        48 
           |     37.50      14.58      47.92 |    100.00 
-----------+---------------------------------+----------
     Total |       204         96        628 |       928 
           |     21.98      10.34      67.67 |    100.00 

. tab agegroup ethnicity, row 

+----------------+
| Key            |
|----------------|
|   frequency    |
| row percentage |
+----------------+

   Grouped |            Ethnicity
       age |     White  Asian or       Other |     Total
-----------+---------------------------------+----------
    18-<30 |       594         73         82 |       749 
           |     79.31       9.75      10.95 |    100.00 
-----------+---------------------------------+----------
    30-<40 |       526         51         58 |       635 
           |     82.83       8.03       9.13 |    100.00 
-----------+---------------------------------+----------
    40-<50 |       469         70         41 |       580 
           |     80.86      12.07       7.07 |    100.00 
-----------+---------------------------------+----------
    50-<60 |       505         72         49 |       626 
           |     80.67      11.50       7.83 |    100.00 
-----------+---------------------------------+----------
    60-<70 |       413         57         77 |       547 
           |     75.50      10.42      14.08 |    100.00 
-----------+---------------------------------+----------
    70-<80 |       310         47         26 |       383 
           |     80.94      12.27       6.79 |    100.00 
-----------+---------------------------------+----------
       80+ |       195         28         18 |       241 
           |     80.91      11.62       7.47 |    100.00 
-----------+---------------------------------+----------
     Total |     3,012        398        351 |     3,761 
           |     80.09      10.58       9.33 |    100.00 

. tab agegroup imd,               row 

+----------------+
| Key            |
|----------------|
|   frequency    |
| row percentage |
+----------------+

           |  Index of Multiple Deprivation
   Grouped |              (IMD)
       age | 1 least d          4  5 most de |     Total
-----------+---------------------------------+----------
    18-<30 |       725        177        107 |     1,009 
           |     71.85      17.54      10.60 |    100.00 
-----------+---------------------------------+----------
    30-<40 |       589        168         78 |       835 
           |     70.54      20.12       9.34 |    100.00 
-----------+---------------------------------+----------
    40-<50 |       526        160         83 |       769 
           |     68.40      20.81      10.79 |    100.00 
-----------+---------------------------------+----------
    50-<60 |       594        189         79 |       862 
           |     68.91      21.93       9.16 |    100.00 
-----------+---------------------------------+----------
    60-<70 |       520        146         66 |       732 
           |     71.04      19.95       9.02 |    100.00 
-----------+---------------------------------+----------
    70-<80 |       344        107         50 |       501 
           |     68.66      21.36       9.98 |    100.00 
-----------+---------------------------------+----------
       80+ |       226         62         32 |       320 
           |     70.63      19.38      10.00 |    100.00 
-----------+---------------------------------+----------
     Total |     3,524      1,009        495 |     5,028 
           |     70.09      20.07       9.84 |    100.00 

. 
. tab bmicat smoke,                row   

+----------------+
| Key            |
|----------------|
|   frequency    |
| row percentage |
+----------------+

                     |          Smoking status
         Grouped BMI |     Never     Former    Current |     Total
---------------------+---------------------------------+----------
 Underweight (<18.5) |         0          0          5 |         5 
                     |      0.00       0.00     100.00 |    100.00 
---------------------+---------------------------------+----------
  Normal (18.5-24.9) |         3          3          9 |        15 
                     |     20.00      20.00      60.00 |    100.00 
---------------------+---------------------------------+----------
Overweight (25-29.9) |         8          2         19 |        29 
                     |     27.59       6.90      65.52 |    100.00 
---------------------+---------------------------------+----------
   Obese I (30-34.9) |         3          2         34 |        39 
                     |      7.69       5.13      87.18 |    100.00 
---------------------+---------------------------------+----------
  Obese II (35-39.9) |         6          7         20 |        33 
                     |     18.18      21.21      60.61 |    100.00 
---------------------+---------------------------------+----------
     Obese III (40+) |        11          4         29 |        44 
                     |     25.00       9.09      65.91 |    100.00 
---------------------+---------------------------------+----------
               Total |        31         18        116 |       165 
                     |     18.79      10.91      70.30 |    100.00 

. tab bmicat ethnicity,    row 

+----------------+
| Key            |
|----------------|
|   frequency    |
| row percentage |
+----------------+

                     |            Ethnicity
         Grouped BMI |     White  Asian or       Other |     Total
---------------------+---------------------------------+----------
 Underweight (<18.5) |        15          4          2 |        21 
                     |     71.43      19.05       9.52 |    100.00 
---------------------+---------------------------------+----------
  Normal (18.5-24.9) |        66         13          6 |        85 
                     |     77.65      15.29       7.06 |    100.00 
---------------------+---------------------------------+----------
Overweight (25-29.9) |        92         16         14 |       122 
                     |     75.41      13.11      11.48 |    100.00 
---------------------+---------------------------------+----------
   Obese I (30-34.9) |       118         16         15 |       149 
                     |     79.19      10.74      10.07 |    100.00 
---------------------+---------------------------------+----------
  Obese II (35-39.9) |       100         11         17 |       128 
                     |     78.13       8.59      13.28 |    100.00 
---------------------+---------------------------------+----------
     Obese III (40+) |       144         18         19 |       181 
                     |     79.56       9.94      10.50 |    100.00 
---------------------+---------------------------------+----------
               Total |       535         78         73 |       686 
                     |     77.99      11.37      10.64 |    100.00 

. tab bmicat imd,                  row 

+----------------+
| Key            |
|----------------|
|   frequency    |
| row percentage |
+----------------+

                     |  Index of Multiple Deprivation
                     |              (IMD)
         Grouped BMI | 1 least d          4  5 most de |     Total
---------------------+---------------------------------+----------
 Underweight (<18.5) |        14         10          4 |        28 
                     |     50.00      35.71      14.29 |    100.00 
---------------------+---------------------------------+----------
  Normal (18.5-24.9) |        82         25          6 |       113 
                     |     72.57      22.12       5.31 |    100.00 
---------------------+---------------------------------+----------
Overweight (25-29.9) |       120         27         12 |       159 
                     |     75.47      16.98       7.55 |    100.00 
---------------------+---------------------------------+----------
   Obese I (30-34.9) |       123         47         18 |       188 
                     |     65.43      25.00       9.57 |    100.00 
---------------------+---------------------------------+----------
  Obese II (35-39.9) |       129         32         17 |       178 
                     |     72.47      17.98       9.55 |    100.00 
---------------------+---------------------------------+----------
     Obese III (40+) |       170         47         20 |       237 
                     |     71.73      19.83       8.44 |    100.00 
---------------------+---------------------------------+----------
               Total |       638        188         77 |       903 
                     |     70.65      20.82       8.53 |    100.00 

. tab bmicat hypertension, row 

+----------------+
| Key            |
|----------------|
|   frequency    |
| row percentage |
+----------------+

                     |       Diagnosed
                     |     hypertension
         Grouped BMI |         0          1 |     Total
---------------------+----------------------+----------
 Underweight (<18.5) |        23          5 |        28 
                     |     82.14      17.86 |    100.00 
---------------------+----------------------+----------
  Normal (18.5-24.9) |        94         19 |       113 
                     |     83.19      16.81 |    100.00 
---------------------+----------------------+----------
Overweight (25-29.9) |       138         21 |       159 
                     |     86.79      13.21 |    100.00 
---------------------+----------------------+----------
   Obese I (30-34.9) |       149         39 |       188 
                     |     79.26      20.74 |    100.00 
---------------------+----------------------+----------
  Obese II (35-39.9) |       145         33 |       178 
                     |     81.46      18.54 |    100.00 
---------------------+----------------------+----------
     Obese III (40+) |       191         46 |       237 
                     |     80.59      19.41 |    100.00 
---------------------+----------------------+----------
               Total |       740        163 |       903 
                     |     81.95      18.05 |    100.00 

.                             
. tab smoke ethnicity,    row 

+----------------+
| Key            |
|----------------|
|   frequency    |
| row percentage |
+----------------+

     Smoking |            Ethnicity
      status |     White  Asian or       Other |     Total
-------------+---------------------------------+----------
       Never |       133         12         14 |       159 
             |     83.65       7.55       8.81 |    100.00 
-------------+---------------------------------+----------
      Former |        54          8          3 |        65 
             |     83.08      12.31       4.62 |    100.00 
-------------+---------------------------------+----------
     Current |       372         56         48 |       476 
             |     78.15      11.76      10.08 |    100.00 
-------------+---------------------------------+----------
       Total |       559         76         65 |       700 
             |     79.86      10.86       9.29 |    100.00 

. tab smoke imd,                  row 

+----------------+
| Key            |
|----------------|
|   frequency    |
| row percentage |
+----------------+

             |  Index of Multiple Deprivation
     Smoking |              (IMD)
      status | 1 least d          4  5 most de |     Total
-------------+---------------------------------+----------
       Never |       143         41         20 |       204 
             |     70.10      20.10       9.80 |    100.00 
-------------+---------------------------------+----------
      Former |        70         21          5 |        96 
             |     72.92      21.88       5.21 |    100.00 
-------------+---------------------------------+----------
     Current |       442        129         57 |       628 
             |     70.38      20.54       9.08 |    100.00 
-------------+---------------------------------+----------
       Total |       655        191         82 |       928 
             |     70.58      20.58       8.84 |    100.00 

. tab smoke hypertension, row 

+----------------+
| Key            |
|----------------|
|   frequency    |
| row percentage |
+----------------+

             |       Diagnosed
     Smoking |     hypertension
      status |         0          1 |     Total
-------------+----------------------+----------
       Never |       157         47 |       204 
             |     76.96      23.04 |    100.00 
-------------+----------------------+----------
      Former |        68         28 |        96 
             |     70.83      29.17 |    100.00 
-------------+----------------------+----------
     Current |       511        117 |       628 
             |     81.37      18.63 |    100.00 
-------------+----------------------+----------
       Total |       736        192 |       928 
             |     79.31      20.69 |    100.00 

.                             
. tab ethnicity imd,              row 

+----------------+
| Key            |
|----------------|
|   frequency    |
| row percentage |
+----------------+

                      |  Index of Multiple Deprivation
                      |              (IMD)
            Ethnicity | 1 least d          4  5 most de |     Total
----------------------+---------------------------------+----------
                White |     2,101        609        302 |     3,012 
                      |     69.75      20.22      10.03 |    100.00 
----------------------+---------------------------------+----------
Asian or Asian Britis |       290         76         32 |       398 
                      |     72.86      19.10       8.04 |    100.00 
----------------------+---------------------------------+----------
                Other |       244         71         36 |       351 
                      |     69.52      20.23      10.26 |    100.00 
----------------------+---------------------------------+----------
                Total |     2,635        756        370 |     3,761 
                      |     70.06      20.10       9.84 |    100.00 

. 
. * Relationships with age
. foreach var of varlist  asthma                                          ///
>                                         chronic_respiratory_disease     ///
>                                         chronic_cardiac_disease         ///
>                                         diabetes                                                ///
>                                         chronic_liver_disease           ///
>                                         other_neuro                     ///
>                                         stroke_dementia ///
>                                         ra_sle_psoriasis                                ///
>                                         other_immuno                            ///
>                                         organ_trans                     /// 
>                                         asplenia                        /// 
>                                         cancer_exhaem_cat                                               ///
>                                         cancer_haem_cat                                                 ///
>                                         reduced_kidney_function_cat ///
>                                         hypertension            ///             
>                                                                                 {
  2. 
.                 
.         tab agegroup `var', row 
  3.  }

+----------------+
| Key            |
|----------------|
|   frequency    |
| row percentage |
+----------------+

   Grouped |    Asthma category
       age |         0          1 |     Total
-----------+----------------------+----------
    18-<30 |       925         84 |     1,009 
           |     91.67       8.33 |    100.00 
-----------+----------------------+----------
    30-<40 |       774         61 |       835 
           |     92.69       7.31 |    100.00 
-----------+----------------------+----------
    40-<50 |       707         62 |       769 
           |     91.94       8.06 |    100.00 
-----------+----------------------+----------
    50-<60 |       802         60 |       862 
           |     93.04       6.96 |    100.00 
-----------+----------------------+----------
    60-<70 |       691         41 |       732 
           |     94.40       5.60 |    100.00 
-----------+----------------------+----------
    70-<80 |       461         40 |       501 
           |     92.02       7.98 |    100.00 
-----------+----------------------+----------
       80+ |       290         30 |       320 
           |     90.63       9.38 |    100.00 
-----------+----------------------+----------
     Total |     4,650        378 |     5,028 
           |     92.48       7.52 |    100.00 

+----------------+
| Key            |
|----------------|
|   frequency    |
| row percentage |
+----------------+

           |  Chronic Respiratory
   Grouped |       Diseases
       age |         0          1 |     Total
-----------+----------------------+----------
    18-<30 |       809        200 |     1,009 
           |     80.18      19.82 |    100.00 
-----------+----------------------+----------
    30-<40 |       674        161 |       835 
           |     80.72      19.28 |    100.00 
-----------+----------------------+----------
    40-<50 |       639        130 |       769 
           |     83.09      16.91 |    100.00 
-----------+----------------------+----------
    50-<60 |       691        171 |       862 
           |     80.16      19.84 |    100.00 
-----------+----------------------+----------
    60-<70 |       602        130 |       732 
           |     82.24      17.76 |    100.00 
-----------+----------------------+----------
    70-<80 |       387        114 |       501 
           |     77.25      22.75 |    100.00 
-----------+----------------------+----------
       80+ |       247         73 |       320 
           |     77.19      22.81 |    100.00 
-----------+----------------------+----------
     Total |     4,049        979 |     5,028 
           |     80.53      19.47 |    100.00 

+----------------+
| Key            |
|----------------|
|   frequency    |
| row percentage |
+----------------+

           |    Chronic Cardiac
   Grouped |       Diseases
       age |         0          1 |     Total
-----------+----------------------+----------
    18-<30 |       795        214 |     1,009 
           |     78.79      21.21 |    100.00 
-----------+----------------------+----------
    30-<40 |       667        168 |       835 
           |     79.88      20.12 |    100.00 
-----------+----------------------+----------
    40-<50 |       620        149 |       769 
           |     80.62      19.38 |    100.00 
-----------+----------------------+----------
    50-<60 |       684        178 |       862 
           |     79.35      20.65 |    100.00 
-----------+----------------------+----------
    60-<70 |       580        152 |       732 
           |     79.23      20.77 |    100.00 
-----------+----------------------+----------
    70-<80 |       398        103 |       501 
           |     79.44      20.56 |    100.00 
-----------+----------------------+----------
       80+ |       258         62 |       320 
           |     80.63      19.38 |    100.00 
-----------+----------------------+----------
     Total |     4,002      1,026 |     5,028 
           |     79.59      20.41 |    100.00 

+----------------+
| Key            |
|----------------|
|   frequency    |
| row percentage |
+----------------+

   Grouped |       Diabetes
       age |         0          1 |     Total
-----------+----------------------+----------
    18-<30 |       805        204 |     1,009 
           |     79.78      20.22 |    100.00 
-----------+----------------------+----------
    30-<40 |       669        166 |       835 
           |     80.12      19.88 |    100.00 
-----------+----------------------+----------
    40-<50 |       619        150 |       769 
           |     80.49      19.51 |    100.00 
-----------+----------------------+----------
    50-<60 |       670        192 |       862 
           |     77.73      22.27 |    100.00 
-----------+----------------------+----------
    60-<70 |       611        121 |       732 
           |     83.47      16.53 |    100.00 
-----------+----------------------+----------
    70-<80 |       399        102 |       501 
           |     79.64      20.36 |    100.00 
-----------+----------------------+----------
       80+ |       259         61 |       320 
           |     80.94      19.06 |    100.00 
-----------+----------------------+----------
     Total |     4,032        996 |     5,028 
           |     80.19      19.81 |    100.00 

+----------------+
| Key            |
|----------------|
|   frequency    |
| row percentage |
+----------------+

   Grouped | Chronic liver disease
       age |         0          1 |     Total
-----------+----------------------+----------
    18-<30 |       804        205 |     1,009 
           |     79.68      20.32 |    100.00 
-----------+----------------------+----------
    30-<40 |       660        175 |       835 
           |     79.04      20.96 |    100.00 
-----------+----------------------+----------
    40-<50 |       626        143 |       769 
           |     81.40      18.60 |    100.00 
-----------+----------------------+----------
    50-<60 |       684        178 |       862 
           |     79.35      20.65 |    100.00 
-----------+----------------------+----------
    60-<70 |       588        144 |       732 
           |     80.33      19.67 |    100.00 
-----------+----------------------+----------
    70-<80 |       396        105 |       501 
           |     79.04      20.96 |    100.00 
-----------+----------------------+----------
       80+ |       264         56 |       320 
           |     82.50      17.50 |    100.00 
-----------+----------------------+----------
     Total |     4,022      1,006 |     5,028 
           |     79.99      20.01 |    100.00 

+----------------+
| Key            |
|----------------|
|   frequency    |
| row percentage |
+----------------+

   Grouped | Neurological disease
       age |         0          1 |     Total
-----------+----------------------+----------
    18-<30 |       804        205 |     1,009 
           |     79.68      20.32 |    100.00 
-----------+----------------------+----------
    30-<40 |       664        171 |       835 
           |     79.52      20.48 |    100.00 
-----------+----------------------+----------
    40-<50 |       613        156 |       769 
           |     79.71      20.29 |    100.00 
-----------+----------------------+----------
    50-<60 |       671        191 |       862 
           |     77.84      22.16 |    100.00 
-----------+----------------------+----------
    60-<70 |       580        152 |       732 
           |     79.23      20.77 |    100.00 
-----------+----------------------+----------
    70-<80 |       403         98 |       501 
           |     80.44      19.56 |    100.00 
-----------+----------------------+----------
       80+ |       257         63 |       320 
           |     80.31      19.69 |    100.00 
-----------+----------------------+----------
     Total |     3,992      1,036 |     5,028 
           |     79.40      20.60 |    100.00 

+----------------+
| Key            |
|----------------|
|   frequency    |
| row percentage |
+----------------+

   Grouped |  Stroke or dementia
       age |         0          1 |     Total
-----------+----------------------+----------
    18-<30 |       834        175 |     1,009 
           |     82.66      17.34 |    100.00 
-----------+----------------------+----------
    30-<40 |       658        177 |       835 
           |     78.80      21.20 |    100.00 
-----------+----------------------+----------
    40-<50 |       615        154 |       769 
           |     79.97      20.03 |    100.00 
-----------+----------------------+----------
    50-<60 |       677        185 |       862 
           |     78.54      21.46 |    100.00 
-----------+----------------------+----------
    60-<70 |       583        149 |       732 
           |     79.64      20.36 |    100.00 
-----------+----------------------+----------
    70-<80 |       394        107 |       501 
           |     78.64      21.36 |    100.00 
-----------+----------------------+----------
       80+ |       250         70 |       320 
           |     78.13      21.88 |    100.00 
-----------+----------------------+----------
     Total |     4,011      1,017 |     5,028 
           |     79.77      20.23 |    100.00 

+----------------+
| Key            |
|----------------|
|   frequency    |
| row percentage |
+----------------+

   Grouped |  Autoimmune disease
       age |         0          1 |     Total
-----------+----------------------+----------
    18-<30 |       806        203 |     1,009 
           |     79.88      20.12 |    100.00 
-----------+----------------------+----------
    30-<40 |       681        154 |       835 
           |     81.56      18.44 |    100.00 
-----------+----------------------+----------
    40-<50 |       609        160 |       769 
           |     79.19      20.81 |    100.00 
-----------+----------------------+----------
    50-<60 |       683        179 |       862 
           |     79.23      20.77 |    100.00 
-----------+----------------------+----------
    60-<70 |       584        148 |       732 
           |     79.78      20.22 |    100.00 
-----------+----------------------+----------
    70-<80 |       407         94 |       501 
           |     81.24      18.76 |    100.00 
-----------+----------------------+----------
       80+ |       258         62 |       320 
           |     80.63      19.38 |    100.00 
-----------+----------------------+----------
     Total |     4,028      1,000 |     5,028 
           |     80.11      19.89 |    100.00 

+----------------+
| Key            |
|----------------|
|   frequency    |
| row percentage |
+----------------+

           | Immunosupp
           |   ressed
           | (combinati
           |     on
   Grouped | algorithm)
       age |         1 |     Total
-----------+-----------+----------
    18-<30 |     1,009 |     1,009 
           |    100.00 |    100.00 
-----------+-----------+----------
    30-<40 |       835 |       835 
           |    100.00 |    100.00 
-----------+-----------+----------
    40-<50 |       769 |       769 
           |    100.00 |    100.00 
-----------+-----------+----------
    50-<60 |       862 |       862 
           |    100.00 |    100.00 
-----------+-----------+----------
    60-<70 |       732 |       732 
           |    100.00 |    100.00 
-----------+-----------+----------
    70-<80 |       501 |       501 
           |    100.00 |    100.00 
-----------+-----------+----------
       80+ |       320 |       320 
           |    100.00 |    100.00 
-----------+-----------+----------
     Total |     5,028 |     5,028 
           |    100.00 |    100.00 

+----------------+
| Key            |
|----------------|
|   frequency    |
| row percentage |
+----------------+

           |      Solid organ
   Grouped |      transplant
       age |         0          1 |     Total
-----------+----------------------+----------
    18-<30 |       796        213 |     1,009 
           |     78.89      21.11 |    100.00 
-----------+----------------------+----------
    30-<40 |       672        163 |       835 
           |     80.48      19.52 |    100.00 
-----------+----------------------+----------
    40-<50 |       636        133 |       769 
           |     82.70      17.30 |    100.00 
-----------+----------------------+----------
    50-<60 |       714        148 |       862 
           |     82.83      17.17 |    100.00 
-----------+----------------------+----------
    60-<70 |       591        141 |       732 
           |     80.74      19.26 |    100.00 
-----------+----------------------+----------
    70-<80 |       398        103 |       501 
           |     79.44      20.56 |    100.00 
-----------+----------------------+----------
       80+ |       261         59 |       320 
           |     81.56      18.44 |    100.00 
-----------+----------------------+----------
     Total |     4,068        960 |     5,028 
           |     80.91      19.09 |    100.00 

+----------------+
| Key            |
|----------------|
|   frequency    |
| row percentage |
+----------------+

   Grouped |       Asplenia
       age |         0          1 |     Total
-----------+----------------------+----------
    18-<30 |       840        169 |     1,009 
           |     83.25      16.75 |    100.00 
-----------+----------------------+----------
    30-<40 |       659        176 |       835 
           |     78.92      21.08 |    100.00 
-----------+----------------------+----------
    40-<50 |       629        140 |       769 
           |     81.79      18.21 |    100.00 
-----------+----------------------+----------
    50-<60 |       679        183 |       862 
           |     78.77      21.23 |    100.00 
-----------+----------------------+----------
    60-<70 |       583        149 |       732 
           |     79.64      20.36 |    100.00 
-----------+----------------------+----------
    70-<80 |       396        105 |       501 
           |     79.04      20.96 |    100.00 
-----------+----------------------+----------
       80+ |       253         67 |       320 
           |     79.06      20.94 |    100.00 
-----------+----------------------+----------
     Total |     4,039        989 |     5,028 
           |     80.33      19.67 |    100.00 

+----------------+
| Key            |
|----------------|
|   frequency    |
| row percentage |
+----------------+

   Grouped |          Non-haematological cancer
       age |     Never  Last year  2-5 years   5+ years |     Total
-----------+--------------------------------------------+----------
    18-<30 |       797          7         10        195 |     1,009 
           |     78.99       0.69       0.99      19.33 |    100.00 
-----------+--------------------------------------------+----------
    30-<40 |       676          2         16        141 |       835 
           |     80.96       0.24       1.92      16.89 |    100.00 
-----------+--------------------------------------------+----------
    40-<50 |       609          1         13        146 |       769 
           |     79.19       0.13       1.69      18.99 |    100.00 
-----------+--------------------------------------------+----------
    50-<60 |       673          4         15        170 |       862 
           |     78.07       0.46       1.74      19.72 |    100.00 
-----------+--------------------------------------------+----------
    60-<70 |       592          4         10        126 |       732 
           |     80.87       0.55       1.37      17.21 |    100.00 
-----------+--------------------------------------------+----------
    70-<80 |       393          4          5         99 |       501 
           |     78.44       0.80       1.00      19.76 |    100.00 
-----------+--------------------------------------------+----------
       80+ |       261          1          3         55 |       320 
           |     81.56       0.31       0.94      17.19 |    100.00 
-----------+--------------------------------------------+----------
     Total |     4,001         23         72        932 |     5,028 
           |     79.57       0.46       1.43      18.54 |    100.00 

+----------------+
| Key            |
|----------------|
|   frequency    |
| row percentage |
+----------------+

   Grouped |            Haematological cancer
       age |     Never  Last year  2-5 years   5+ years |     Total
-----------+--------------------------------------------+----------
    18-<30 |       804          8         13        184 |     1,009 
           |     79.68       0.79       1.29      18.24 |    100.00 
-----------+--------------------------------------------+----------
    30-<40 |       671          3         14        147 |       835 
           |     80.36       0.36       1.68      17.60 |    100.00 
-----------+--------------------------------------------+----------
    40-<50 |       611          6         14        138 |       769 
           |     79.45       0.78       1.82      17.95 |    100.00 
-----------+--------------------------------------------+----------
    50-<60 |       680          3         16        163 |       862 
           |     78.89       0.35       1.86      18.91 |    100.00 
-----------+--------------------------------------------+----------
    60-<70 |       590          1          5        136 |       732 
           |     80.60       0.14       0.68      18.58 |    100.00 
-----------+--------------------------------------------+----------
    70-<80 |       405          0          4         92 |       501 
           |     80.84       0.00       0.80      18.36 |    100.00 
-----------+--------------------------------------------+----------
       80+ |       255          0          4         61 |       320 
           |     79.69       0.00       1.25      19.06 |    100.00 
-----------+--------------------------------------------+----------
     Total |     4,016         21         70        921 |     5,028 
           |     79.87       0.42       1.39      18.32 |    100.00 

+----------------+
| Key            |
|----------------|
|   frequency    |
| row percentage |
+----------------+

           |    Reduced kidney
   Grouped |       function
       age |      None  Stage 3a/ |     Total
-----------+----------------------+----------
    18-<30 |     1,008          1 |     1,009 
           |     99.90       0.10 |    100.00 
-----------+----------------------+----------
    30-<40 |       833          2 |       835 
           |     99.76       0.24 |    100.00 
-----------+----------------------+----------
    40-<50 |       767          2 |       769 
           |     99.74       0.26 |    100.00 
-----------+----------------------+----------
    50-<60 |       852         10 |       862 
           |     98.84       1.16 |    100.00 
-----------+----------------------+----------
    60-<70 |       722         10 |       732 
           |     98.63       1.37 |    100.00 
-----------+----------------------+----------
    70-<80 |       483         18 |       501 
           |     96.41       3.59 |    100.00 
-----------+----------------------+----------
       80+ |       298         22 |       320 
           |     93.13       6.88 |    100.00 
-----------+----------------------+----------
     Total |     4,963         65 |     5,028 
           |     98.71       1.29 |    100.00 

+----------------+
| Key            |
|----------------|
|   frequency    |
| row percentage |
+----------------+

           |       Diagnosed
   Grouped |     hypertension
       age |         0          1 |     Total
-----------+----------------------+----------
    18-<30 |       795        214 |     1,009 
           |     78.79      21.21 |    100.00 
-----------+----------------------+----------
    30-<40 |       675        160 |       835 
           |     80.84      19.16 |    100.00 
-----------+----------------------+----------
    40-<50 |       619        150 |       769 
           |     80.49      19.51 |    100.00 
-----------+----------------------+----------
    50-<60 |       704        158 |       862 
           |     81.67      18.33 |    100.00 
-----------+----------------------+----------
    60-<70 |       583        149 |       732 
           |     79.64      20.36 |    100.00 
-----------+----------------------+----------
    70-<80 |       405         96 |       501 
           |     80.84      19.16 |    100.00 
-----------+----------------------+----------
       80+ |       257         63 |       320 
           |     80.31      19.69 |    100.00 
-----------+----------------------+----------
     Total |     4,038        990 |     5,028 
           |     80.31      19.69 |    100.00 

. 
. 
.  * Relationships with sex
. foreach var of varlist asthma                                           ///
>                                         chronic_respiratory_disease     ///
>                                         chronic_cardiac_disease         ///
>                                         diabetes                                                ///
>                                         chronic_liver_disease           ///
>                                         other_neuro                     ///
>                                         stroke_dementia ///
>                                         ra_sle_psoriasis                                ///
>                                         other_immuno                            ///
>                                         organ_trans                     /// 
>                                         asplenia                        /// 
>                                         cancer_exhaem_cat                                               ///
>                                         cancer_haem_cat                                                 ///
>                                         reduced_kidney_function_cat ///
>                                         hypertension                     ///    
>                                                                                 {
  2.                                                 
.         tab male `var', row 
  3. }

+----------------+
| Key            |
|----------------|
|   frequency    |
| row percentage |
+----------------+

           |    Asthma category
      Male |         0          1 |     Total
-----------+----------------------+----------
         0 |     2,349        196 |     2,545 
           |     92.30       7.70 |    100.00 
-----------+----------------------+----------
         1 |     2,301        182 |     2,483 
           |     92.67       7.33 |    100.00 
-----------+----------------------+----------
     Total |     4,650        378 |     5,028 
           |     92.48       7.52 |    100.00 

+----------------+
| Key            |
|----------------|
|   frequency    |
| row percentage |
+----------------+

           |  Chronic Respiratory
           |       Diseases
      Male |         0          1 |     Total
-----------+----------------------+----------
         0 |     2,066        479 |     2,545 
           |     81.18      18.82 |    100.00 
-----------+----------------------+----------
         1 |     1,983        500 |     2,483 
           |     79.86      20.14 |    100.00 
-----------+----------------------+----------
     Total |     4,049        979 |     5,028 
           |     80.53      19.47 |    100.00 

+----------------+
| Key            |
|----------------|
|   frequency    |
| row percentage |
+----------------+

           |    Chronic Cardiac
           |       Diseases
      Male |         0          1 |     Total
-----------+----------------------+----------
         0 |     2,058        487 |     2,545 
           |     80.86      19.14 |    100.00 
-----------+----------------------+----------
         1 |     1,944        539 |     2,483 
           |     78.29      21.71 |    100.00 
-----------+----------------------+----------
     Total |     4,002      1,026 |     5,028 
           |     79.59      20.41 |    100.00 

+----------------+
| Key            |
|----------------|
|   frequency    |
| row percentage |
+----------------+

           |       Diabetes
      Male |         0          1 |     Total
-----------+----------------------+----------
         0 |     2,048        497 |     2,545 
           |     80.47      19.53 |    100.00 
-----------+----------------------+----------
         1 |     1,984        499 |     2,483 
           |     79.90      20.10 |    100.00 
-----------+----------------------+----------
     Total |     4,032        996 |     5,028 
           |     80.19      19.81 |    100.00 

+----------------+
| Key            |
|----------------|
|   frequency    |
| row percentage |
+----------------+

           | Chronic liver disease
      Male |         0          1 |     Total
-----------+----------------------+----------
         0 |     2,054        491 |     2,545 
           |     80.71      19.29 |    100.00 
-----------+----------------------+----------
         1 |     1,968        515 |     2,483 
           |     79.26      20.74 |    100.00 
-----------+----------------------+----------
     Total |     4,022      1,006 |     5,028 
           |     79.99      20.01 |    100.00 

+----------------+
| Key            |
|----------------|
|   frequency    |
| row percentage |
+----------------+

           | Neurological disease
      Male |         0          1 |     Total
-----------+----------------------+----------
         0 |     2,018        527 |     2,545 
           |     79.29      20.71 |    100.00 
-----------+----------------------+----------
         1 |     1,974        509 |     2,483 
           |     79.50      20.50 |    100.00 
-----------+----------------------+----------
     Total |     3,992      1,036 |     5,028 
           |     79.40      20.60 |    100.00 

+----------------+
| Key            |
|----------------|
|   frequency    |
| row percentage |
+----------------+

           |  Stroke or dementia
      Male |         0          1 |     Total
-----------+----------------------+----------
         0 |     2,044        501 |     2,545 
           |     80.31      19.69 |    100.00 
-----------+----------------------+----------
         1 |     1,967        516 |     2,483 
           |     79.22      20.78 |    100.00 
-----------+----------------------+----------
     Total |     4,011      1,017 |     5,028 
           |     79.77      20.23 |    100.00 

+----------------+
| Key            |
|----------------|
|   frequency    |
| row percentage |
+----------------+

           |  Autoimmune disease
      Male |         0          1 |     Total
-----------+----------------------+----------
         0 |     2,040        505 |     2,545 
           |     80.16      19.84 |    100.00 
-----------+----------------------+----------
         1 |     1,988        495 |     2,483 
           |     80.06      19.94 |    100.00 
-----------+----------------------+----------
     Total |     4,028      1,000 |     5,028 
           |     80.11      19.89 |    100.00 

+----------------+
| Key            |
|----------------|
|   frequency    |
| row percentage |
+----------------+

           | Immunosupp
           |   ressed
           | (combinati
           |     on
           | algorithm)
      Male |         1 |     Total
-----------+-----------+----------
         0 |     2,545 |     2,545 
           |    100.00 |    100.00 
-----------+-----------+----------
         1 |     2,483 |     2,483 
           |    100.00 |    100.00 
-----------+-----------+----------
     Total |     5,028 |     5,028 
           |    100.00 |    100.00 

+----------------+
| Key            |
|----------------|
|   frequency    |
| row percentage |
+----------------+

           |      Solid organ
           |      transplant
      Male |         0          1 |     Total
-----------+----------------------+----------
         0 |     2,040        505 |     2,545 
           |     80.16      19.84 |    100.00 
-----------+----------------------+----------
         1 |     2,028        455 |     2,483 
           |     81.68      18.32 |    100.00 
-----------+----------------------+----------
     Total |     4,068        960 |     5,028 
           |     80.91      19.09 |    100.00 

+----------------+
| Key            |
|----------------|
|   frequency    |
| row percentage |
+----------------+

           |       Asplenia
      Male |         0          1 |     Total
-----------+----------------------+----------
         0 |     2,033        512 |     2,545 
           |     79.88      20.12 |    100.00 
-----------+----------------------+----------
         1 |     2,006        477 |     2,483 
           |     80.79      19.21 |    100.00 
-----------+----------------------+----------
     Total |     4,039        989 |     5,028 
           |     80.33      19.67 |    100.00 

+----------------+
| Key            |
|----------------|
|   frequency    |
| row percentage |
+----------------+

           |          Non-haematological cancer
      Male |     Never  Last year  2-5 years   5+ years |     Total
-----------+--------------------------------------------+----------
         0 |     2,023         13         39        470 |     2,545 
           |     79.49       0.51       1.53      18.47 |    100.00 
-----------+--------------------------------------------+----------
         1 |     1,978         10         33        462 |     2,483 
           |     79.66       0.40       1.33      18.61 |    100.00 
-----------+--------------------------------------------+----------
     Total |     4,001         23         72        932 |     5,028 
           |     79.57       0.46       1.43      18.54 |    100.00 

+----------------+
| Key            |
|----------------|
|   frequency    |
| row percentage |
+----------------+

           |            Haematological cancer
      Male |     Never  Last year  2-5 years   5+ years |     Total
-----------+--------------------------------------------+----------
         0 |     2,004         14         34        493 |     2,545 
           |     78.74       0.55       1.34      19.37 |    100.00 
-----------+--------------------------------------------+----------
         1 |     2,012          7         36        428 |     2,483 
           |     81.03       0.28       1.45      17.24 |    100.00 
-----------+--------------------------------------------+----------
     Total |     4,016         21         70        921 |     5,028 
           |     79.87       0.42       1.39      18.32 |    100.00 

+----------------+
| Key            |
|----------------|
|   frequency    |
| row percentage |
+----------------+

           |    Reduced kidney
           |       function
      Male |      None  Stage 3a/ |     Total
-----------+----------------------+----------
         0 |     2,482         63 |     2,545 
           |     97.52       2.48 |    100.00 
-----------+----------------------+----------
         1 |     2,481          2 |     2,483 
           |     99.92       0.08 |    100.00 
-----------+----------------------+----------
     Total |     4,963         65 |     5,028 
           |     98.71       1.29 |    100.00 

+----------------+
| Key            |
|----------------|
|   frequency    |
| row percentage |
+----------------+

           |       Diagnosed
           |     hypertension
      Male |         0          1 |     Total
-----------+----------------------+----------
         0 |     2,031        514 |     2,545 
           |     79.80      20.20 |    100.00 
-----------+----------------------+----------
         1 |     2,007        476 |     2,483 
           |     80.83      19.17 |    100.00 
-----------+----------------------+----------
     Total |     4,038        990 |     5,028 
           |     80.31      19.69 |    100.00 

. 
.  * Relationships with smoking
. foreach var of varlist  asthma                                          ///
>                                         chronic_respiratory_disease     ///
>                                         chronic_cardiac_disease         ///
>                                         diabetes                                                ///
>                                         chronic_liver_disease           ///
>                                         other_neuro                     ///
>                                         stroke_dementia ///
>                                         ra_sle_psoriasis                                ///
>                                         other_immuno                            ///
>                                         organ_trans                     /// 
>                                         asplenia                        /// 
>                                         cancer_exhaem_cat                                               ///
>                                         cancer_haem_cat                                                 ///
>                                         reduced_kidney_function_cat ///
>                                         hypertension                            ///
>                                         {
  2.         
.         tab smoke `var', row 
  3. }

+----------------+
| Key            |
|----------------|
|   frequency    |
| row percentage |
+----------------+

     Smoking |    Asthma category
      status |         0          1 |     Total
-------------+----------------------+----------
       Never |       189         15 |       204 
             |     92.65       7.35 |    100.00 
-------------+----------------------+----------
      Former |        84         12 |        96 
             |     87.50      12.50 |    100.00 
-------------+----------------------+----------
     Current |       589         39 |       628 
             |     93.79       6.21 |    100.00 
-------------+----------------------+----------
       Total |       862         66 |       928 
             |     92.89       7.11 |    100.00 

+----------------+
| Key            |
|----------------|
|   frequency    |
| row percentage |
+----------------+

             |  Chronic Respiratory
     Smoking |       Diseases
      status |         0          1 |     Total
-------------+----------------------+----------
       Never |       161         43 |       204 
             |     78.92      21.08 |    100.00 
-------------+----------------------+----------
      Former |        80         16 |        96 
             |     83.33      16.67 |    100.00 
-------------+----------------------+----------
     Current |       515        113 |       628 
             |     82.01      17.99 |    100.00 
-------------+----------------------+----------
       Total |       756        172 |       928 
             |     81.47      18.53 |    100.00 

+----------------+
| Key            |
|----------------|
|   frequency    |
| row percentage |
+----------------+

             |    Chronic Cardiac
     Smoking |       Diseases
      status |         0          1 |     Total
-------------+----------------------+----------
       Never |       168         36 |       204 
             |     82.35      17.65 |    100.00 
-------------+----------------------+----------
      Former |        72         24 |        96 
             |     75.00      25.00 |    100.00 
-------------+----------------------+----------
     Current |       486        142 |       628 
             |     77.39      22.61 |    100.00 
-------------+----------------------+----------
       Total |       726        202 |       928 
             |     78.23      21.77 |    100.00 

+----------------+
| Key            |
|----------------|
|   frequency    |
| row percentage |
+----------------+

     Smoking |       Diabetes
      status |         0          1 |     Total
-------------+----------------------+----------
       Never |       163         41 |       204 
             |     79.90      20.10 |    100.00 
-------------+----------------------+----------
      Former |        80         16 |        96 
             |     83.33      16.67 |    100.00 
-------------+----------------------+----------
     Current |       502        126 |       628 
             |     79.94      20.06 |    100.00 
-------------+----------------------+----------
       Total |       745        183 |       928 
             |     80.28      19.72 |    100.00 

+----------------+
| Key            |
|----------------|
|   frequency    |
| row percentage |
+----------------+

     Smoking | Chronic liver disease
      status |         0          1 |     Total
-------------+----------------------+----------
       Never |       162         42 |       204 
             |     79.41      20.59 |    100.00 
-------------+----------------------+----------
      Former |        80         16 |        96 
             |     83.33      16.67 |    100.00 
-------------+----------------------+----------
     Current |       493        135 |       628 
             |     78.50      21.50 |    100.00 
-------------+----------------------+----------
       Total |       735        193 |       928 
             |     79.20      20.80 |    100.00 

+----------------+
| Key            |
|----------------|
|   frequency    |
| row percentage |
+----------------+

     Smoking | Neurological disease
      status |         0          1 |     Total
-------------+----------------------+----------
       Never |       160         44 |       204 
             |     78.43      21.57 |    100.00 
-------------+----------------------+----------
      Former |        75         21 |        96 
             |     78.13      21.88 |    100.00 
-------------+----------------------+----------
     Current |       505        123 |       628 
             |     80.41      19.59 |    100.00 
-------------+----------------------+----------
       Total |       740        188 |       928 
             |     79.74      20.26 |    100.00 

+----------------+
| Key            |
|----------------|
|   frequency    |
| row percentage |
+----------------+

     Smoking |  Stroke or dementia
      status |         0          1 |     Total
-------------+----------------------+----------
       Never |       155         49 |       204 
             |     75.98      24.02 |    100.00 
-------------+----------------------+----------
      Former |        82         14 |        96 
             |     85.42      14.58 |    100.00 
-------------+----------------------+----------
     Current |       495        133 |       628 
             |     78.82      21.18 |    100.00 
-------------+----------------------+----------
       Total |       732        196 |       928 
             |     78.88      21.12 |    100.00 

+----------------+
| Key            |
|----------------|
|   frequency    |
| row percentage |
+----------------+

     Smoking |  Autoimmune disease
      status |         0          1 |     Total
-------------+----------------------+----------
       Never |       154         50 |       204 
             |     75.49      24.51 |    100.00 
-------------+----------------------+----------
      Former |        77         19 |        96 
             |     80.21      19.79 |    100.00 
-------------+----------------------+----------
     Current |       497        131 |       628 
             |     79.14      20.86 |    100.00 
-------------+----------------------+----------
       Total |       728        200 |       928 
             |     78.45      21.55 |    100.00 

+----------------+
| Key            |
|----------------|
|   frequency    |
| row percentage |
+----------------+

             | Immunosupp
             |   ressed
             | (combinati
             |     on
     Smoking | algorithm)
      status |         1 |     Total
-------------+-----------+----------
       Never |       204 |       204 
             |    100.00 |    100.00 
-------------+-----------+----------
      Former |        96 |        96 
             |    100.00 |    100.00 
-------------+-----------+----------
     Current |       628 |       628 
             |    100.00 |    100.00 
-------------+-----------+----------
       Total |       928 |       928 
             |    100.00 |    100.00 

+----------------+
| Key            |
|----------------|
|   frequency    |
| row percentage |
+----------------+

             |      Solid organ
     Smoking |      transplant
      status |         0          1 |     Total
-------------+----------------------+----------
       Never |       161         43 |       204 
             |     78.92      21.08 |    100.00 
-------------+----------------------+----------
      Former |        76         20 |        96 
             |     79.17      20.83 |    100.00 
-------------+----------------------+----------
     Current |       503        125 |       628 
             |     80.10      19.90 |    100.00 
-------------+----------------------+----------
       Total |       740        188 |       928 
             |     79.74      20.26 |    100.00 

+----------------+
| Key            |
|----------------|
|   frequency    |
| row percentage |
+----------------+

     Smoking |       Asplenia
      status |         0          1 |     Total
-------------+----------------------+----------
       Never |       154         50 |       204 
             |     75.49      24.51 |    100.00 
-------------+----------------------+----------
      Former |        75         21 |        96 
             |     78.13      21.88 |    100.00 
-------------+----------------------+----------
     Current |       519        109 |       628 
             |     82.64      17.36 |    100.00 
-------------+----------------------+----------
       Total |       748        180 |       928 
             |     80.60      19.40 |    100.00 

+----------------+
| Key            |
|----------------|
|   frequency    |
| row percentage |
+----------------+

     Smoking |          Non-haematological cancer
      status |     Never  Last year  2-5 years   5+ years |     Total
-------------+--------------------------------------------+----------
       Never |       171          0          4         29 |       204 
             |     83.82       0.00       1.96      14.22 |    100.00 
-------------+--------------------------------------------+----------
      Former |        76          1          1         18 |        96 
             |     79.17       1.04       1.04      18.75 |    100.00 
-------------+--------------------------------------------+----------
     Current |       508          3         11        106 |       628 
             |     80.89       0.48       1.75      16.88 |    100.00 
-------------+--------------------------------------------+----------
       Total |       755          4         16        153 |       928 
             |     81.36       0.43       1.72      16.49 |    100.00 

+----------------+
| Key            |
|----------------|
|   frequency    |
| row percentage |
+----------------+

     Smoking |            Haematological cancer
      status |     Never  Last year  2-5 years   5+ years |     Total
-------------+--------------------------------------------+----------
       Never |       174          0          2         28 |       204 
             |     85.29       0.00       0.98      13.73 |    100.00 
-------------+--------------------------------------------+----------
      Former |        77          1          1         17 |        96 
             |     80.21       1.04       1.04      17.71 |    100.00 
-------------+--------------------------------------------+----------
     Current |       499          3          9        117 |       628 
             |     79.46       0.48       1.43      18.63 |    100.00 
-------------+--------------------------------------------+----------
       Total |       750          4         12        162 |       928 
             |     80.82       0.43       1.29      17.46 |    100.00 

+----------------+
| Key            |
|----------------|
|   frequency    |
| row percentage |
+----------------+

             |    Reduced kidney
     Smoking |       function
      status |      None  Stage 3a/ |     Total
-------------+----------------------+----------
       Never |       202          2 |       204 
             |     99.02       0.98 |    100.00 
-------------+----------------------+----------
      Former |        94          2 |        96 
             |     97.92       2.08 |    100.00 
-------------+----------------------+----------
     Current |       620          8 |       628 
             |     98.73       1.27 |    100.00 
-------------+----------------------+----------
       Total |       916         12 |       928 
             |     98.71       1.29 |    100.00 

+----------------+
| Key            |
|----------------|
|   frequency    |
| row percentage |
+----------------+

             |       Diagnosed
     Smoking |     hypertension
      status |         0          1 |     Total
-------------+----------------------+----------
       Never |       157         47 |       204 
             |     76.96      23.04 |    100.00 
-------------+----------------------+----------
      Former |        68         28 |        96 
             |     70.83      29.17 |    100.00 
-------------+----------------------+----------
     Current |       511        117 |       628 
             |     81.37      18.63 |    100.00 
-------------+----------------------+----------
       Total |       736        192 |       928 
             |     79.31      20.69 |    100.00 

. 
. 
. /* SENSE CHECK OUTCOMES=======================================================*/
. 
. tab covid_death_itu covid_tpp_prob_or_susp  , row col

+-------------------+
| Key               |
|-------------------|
|     frequency     |
|  row percentage   |
| column percentage |
+-------------------+

Failure/ce |
   nsoring |
 indicator |
       for |   Failure/censoring
  outcome: |     indicator for
     covid |    outcome: covid
 death/ITU |    prob/susp. case
      adm. |         0          1 |     Total
-----------+----------------------+----------
         0 |     3,296      1,720 |     5,016 
           |     65.71      34.29 |    100.00 
           |     99.82      99.65 |     99.76 
-----------+----------------------+----------
         1 |         6          6 |        12 
           |     50.00      50.00 |    100.00 
           |      0.18       0.35 |      0.24 
-----------+----------------------+----------
     Total |     3,302      1,726 |     5,028 
           |     65.67      34.33 |    100.00 
           |    100.00     100.00 |    100.00 

. 
. 
. * Close log file 
. log close
      name:  <unnamed>
       log:  C:\Users\ENCDHFOR\Documents\GitHub\school-age-children-and-covid\analysis\log\02_an_data_checks.log
  log type:  text
 closed on:   7 Jul 2020, 13:30:24
-------------------------------------------------------------------------------------------------------------------------------------------
