------------------------------------------------------------------------------------------------------------------------------------------------------------------------------------------------------
      name:  <unnamed>
       log:  E:\will\school-age-children-and-covid\analysis\log\06_univariate_analysis_non_covid_death.log
  log type:  text
 opened on:  26 Aug 2020, 18:36:36

. 
. * Open dataset and fit specified model(s)
. forvalues x=0/1 {
  2. 
. use "$tempdir\cr_create_analysis_dataset_STSET_`outcome'_ageband_`x'.dta", clear
  3. 
. 
. foreach var of any `varlist' {
  4. 
.         *Special cases
.         if "`var'"=="agesplsex" local model "age1 age2 age3 i.male"
  5.         else if "`var'"=="agegroupsex" local model "ib3.agegroup i.male"
  6.         else if "`var'"=="bmicat" local model "age1 age2 age3 i.male ib2.bmicat"
  7.         *General form of model
.         else local model "age1 age2 age3 i.male i.`var'"
  8. 
.         *Fit and save model
.         cap erase ./output/an_univariable_cox_models_`outcome'_AGESEX_`var'.ster
  9.         capture stcox `model' , strata(stp) vce(cluster household_id)
 10.         if _rc==0 {
 11.                 estimates
 12.                 estimates save ./output/an_univariable_cox_models_`outcome'_AGESEX_`var'_ageband_`x'.ster, replace
 13.                 }
 14.         else di "WARNING - `var' vs `outcome' MODEL DID NOT SUCCESSFULLY FIT"
 15. 
. }
 16. }

------------------------------------------------------------------------------------------------------------------------------------------------------------------------------------------------------
active results
------------------------------------------------------------------------------------------------------------------------------------------------------------------------------------------------------

Stratified Cox regr. -- Breslow method for ties

No. of subjects      =   12,054,790             Number of obs    =  12,054,790
No. of failures      =       10,290
Time at risk         =   2216905942
                                                Wald chi2(6)     =     8355.70
Log pseudolikelihood =   -128073.83             Prob > chi2      =      0.0000

                     (Std. Err. adjusted for 6,807,325 clusters in household_id)
--------------------------------------------------------------------------------
               |               Robust
            _t | Haz. Ratio   Std. Err.      z    P>|z|     [95% Conf. Interval]
---------------+----------------------------------------------------------------
          age1 |    1.11818   .0137965     9.05   0.000     1.091464    1.145551
          age2 |   .9939836   .0280135    -0.21   0.830     .9405671    1.050434
          age3 |   .9716251   .0659454    -0.42   0.671     .8506025    1.109867
        1.male |   1.396318   .0279632    16.67   0.000     1.342573    1.452215
               |
     kids_cat3 |
Kids under 12  |   .5791375   .0230797   -13.71   0.000     .5356237    .6261863
Kids under 18  |   .6174357   .0272535   -10.92   0.000     .5662651    .6732302
--------------------------------------------------------------------------------
                                                             Stratified by stp
(note: file ./output/an_univariable_cox_models_non_covid_death_AGESEX_kids_cat3_ageband_0.ster not found)
file ./output/an_univariable_cox_models_non_covid_death_AGESEX_kids_cat3_ageband_0.ster saved

------------------------------------------------------------------------------------------------------------------------------------------------------------------------------------------------------
active results
------------------------------------------------------------------------------------------------------------------------------------------------------------------------------------------------------

Stratified Cox regr. -- Breslow method for ties

No. of subjects      =   12,054,790             Number of obs    =  12,054,790
No. of failures      =       10,290
Time at risk         =   2216905942
                                                Wald chi2(8)     =     8338.73
Log pseudolikelihood =   -128071.88             Prob > chi2      =      0.0000

                       (Std. Err. adjusted for 6,807,325 clusters in household_id)
----------------------------------------------------------------------------------
                 |               Robust
              _t | Haz. Ratio   Std. Err.      z    P>|z|     [95% Conf. Interval]
-----------------+----------------------------------------------------------------
            age1 |    1.11944   .0138457     9.12   0.000     1.092629    1.146909
            age2 |   .9906284   .0280028    -0.33   0.739     .9372366    1.047062
            age3 |   .9800728   .0667312    -0.30   0.768     .8576336    1.119992
          1.male |   1.396511    .027967    16.68   0.000     1.342758    1.452415
                 |
  gp_number_kids |
 only >12 years  |   .6174007   .0272522   -10.93   0.000     .5662327    .6731925
    1 child <12  |   .6099368   .0285871   -10.55   0.000     .5564036    .6686205
 2 children <12  |    .531051   .0354414    -9.48   0.000     .4659383    .6052627
3+ children <12  |   .5320773    .065001    -5.16   0.000      .418782    .6760228
----------------------------------------------------------------------------------
                                                             Stratified by stp
(note: file ./output/an_univariable_cox_models_non_covid_death_AGESEX_gp_number_kids_ageband_0.ster not found)
file ./output/an_univariable_cox_models_non_covid_death_AGESEX_gp_number_kids_ageband_0.ster saved

------------------------------------------------------------------------------------------------------------------------------------------------------------------------------------------------------
active results
------------------------------------------------------------------------------------------------------------------------------------------------------------------------------------------------------

Stratified Cox regr. -- Breslow method for ties

No. of subjects      =    3,489,829             Number of obs    =   3,489,829
No. of failures      =       53,200
Time at risk         =    636034930
                                                Wald chi2(6)     =    45881.44
Log pseudolikelihood =   -608854.77             Prob > chi2      =      0.0000

                     (Std. Err. adjusted for 2,613,761 clusters in household_id)
--------------------------------------------------------------------------------
               |               Robust
            _t | Haz. Ratio   Std. Err.      z    P>|z|     [95% Conf. Interval]
---------------+----------------------------------------------------------------
          age1 |   1.087858   .0062642    14.62   0.000      1.07565    1.100206
          age2 |    1.06463   .0235011     2.84   0.005     1.019551    1.111703
          age3 |   .8894144    .049323    -2.11   0.035     .7978114    .9915351
        1.male |   1.418879   .0123496    40.20   0.000      1.39488    1.443292
               |
     kids_cat3 |
Kids under 12  |    .965031   .0357876    -0.96   0.337      .897377    1.037786
Kids under 18  |   .9866792    .047468    -0.28   0.780     .8978951    1.084242
--------------------------------------------------------------------------------
                                                             Stratified by stp
(note: file ./output/an_univariable_cox_models_non_covid_death_AGESEX_kids_cat3_ageband_1.ster not found)
file ./output/an_univariable_cox_models_non_covid_death_AGESEX_kids_cat3_ageband_1.ster saved

------------------------------------------------------------------------------------------------------------------------------------------------------------------------------------------------------
active results
------------------------------------------------------------------------------------------------------------------------------------------------------------------------------------------------------

Stratified Cox regr. -- Breslow method for ties

No. of subjects      =    3,489,829             Number of obs    =   3,489,829
No. of failures      =       53,200
Time at risk         =    636034930
                                                Wald chi2(8)     =    45884.34
Log pseudolikelihood =   -608854.63             Prob > chi2      =      0.0000

                       (Std. Err. adjusted for 2,613,761 clusters in household_id)
----------------------------------------------------------------------------------
                 |               Robust
              _t | Haz. Ratio   Std. Err.      z    P>|z|     [95% Conf. Interval]
-----------------+----------------------------------------------------------------
            age1 |   1.087856   .0062643    14.62   0.000     1.075647    1.100203
            age2 |   1.064637   .0235014     2.84   0.005     1.019557     1.11171
            age3 |    .889405   .0493227    -2.11   0.035     .7978027    .9915249
          1.male |   1.418884   .0123495    40.20   0.000     1.394885    1.443296
                 |
  gp_number_kids |
 only >12 years  |   .9866763   .0474679    -0.28   0.780     .8978926    1.084239
    1 child <12  |   .9791897   .0453837    -0.45   0.650     .8941598    1.072305
 2 children <12  |   .9417275   .0649946    -0.87   0.384     .8225805    1.078132
3+ children <12  |    .940724   .1202326    -0.48   0.633     .7322702    1.208518
----------------------------------------------------------------------------------
                                                             Stratified by stp
(note: file ./output/an_univariable_cox_models_non_covid_death_AGESEX_gp_number_kids_ageband_1.ster not found)
file ./output/an_univariable_cox_models_non_covid_death_AGESEX_gp_number_kids_ageband_1.ster saved

. 
. * Close log file
. log close
      name:  <unnamed>
       log:  E:\will\school-age-children-and-covid\analysis\log\06_univariate_analysis_non_covid_death.log
  log type:  text
 closed on:  26 Aug 2020, 20:22:56
------------------------------------------------------------------------------------------------------------------------------------------------------------------------------------------------------
