------------------------------------------------------------------------------------------------------------------------------------------------------------------------------------------------------
      name:  <unnamed>
       log:  E:\will\school-age-children-and-covid\analysis\log\06_univariate_analysis_covid_death_icu.log
  log type:  text
 opened on:  26 Aug 2020, 18:36:33

. 
. * Open dataset and fit specified model(s)
. forvalues x=0/1 {
  2. 
. use "$tempdir\cr_create_analysis_dataset_STSET_`outcome'_ageband_`x'.dta", clear
  3. 
. 
. foreach var of any `varlist' {
  4. 
.         *Special cases
.         if "`var'"=="agesplsex" local model "age1 age2 age3 i.male"
  5.         else if "`var'"=="agegroupsex" local model "ib3.agegroup i.male"
  6.         else if "`var'"=="bmicat" local model "age1 age2 age3 i.male ib2.bmicat"
  7.         *General form of model
.         else local model "age1 age2 age3 i.male i.`var'"
  8. 
.         *Fit and save model
.         cap erase ./output/an_univariable_cox_models_`outcome'_AGESEX_`var'.ster
  9.         capture stcox `model' , strata(stp) vce(cluster household_id)
 10.         if _rc==0 {
 11.                 estimates
 12.                 estimates save ./output/an_univariable_cox_models_`outcome'_AGESEX_`var'_ageband_`x'.ster, replace
 13.                 }
 14.         else di "WARNING - `var' vs `outcome' MODEL DID NOT SUCCESSFULLY FIT"
 15. 
. }
 16. }

------------------------------------------------------------------------------------------------------------------------------------------------------------------------------------------------------
active results
------------------------------------------------------------------------------------------------------------------------------------------------------------------------------------------------------

Stratified Cox regr. -- Breslow method for ties

No. of subjects      =   12,054,790             Number of obs    =  12,054,790
No. of failures      =        2,718
Time at risk         =   2216762290
                                                Wald chi2(6)     =     2021.51
Log pseudolikelihood =    -34169.81             Prob > chi2      =      0.0000

                     (Std. Err. adjusted for 6,807,325 clusters in household_id)
--------------------------------------------------------------------------------
               |               Robust
            _t | Haz. Ratio   Std. Err.      z    P>|z|     [95% Conf. Interval]
---------------+----------------------------------------------------------------
          age1 |   1.129499   .0235199     5.85   0.000     1.084329    1.176551
          age2 |   .9768546   .0468942    -0.49   0.626      .889135    1.073228
          age3 |   .9922311   .1159753    -0.07   0.947     .7890809    1.247683
        1.male |   1.897075   .0765663    15.86   0.000     1.752789    2.053237
               |
     kids_cat3 |
Kids under 12  |   1.006922   .0619282     0.11   0.911     .8925753    1.135918
Kids under 18  |   1.052692   .0744216     0.73   0.468     .9164828    1.209144
--------------------------------------------------------------------------------
                                                             Stratified by stp
(note: file ./output/an_univariable_cox_models_covid_death_icu_AGESEX_kids_cat3_ageband_0.ster not found)
file ./output/an_univariable_cox_models_covid_death_icu_AGESEX_kids_cat3_ageband_0.ster saved

------------------------------------------------------------------------------------------------------------------------------------------------------------------------------------------------------
active results
------------------------------------------------------------------------------------------------------------------------------------------------------------------------------------------------------

Stratified Cox regr. -- Breslow method for ties

No. of subjects      =   12,054,790             Number of obs    =  12,054,790
No. of failures      =        2,718
Time at risk         =   2216762290
                                                Wald chi2(8)     =     2025.32
Log pseudolikelihood =   -34168.556             Prob > chi2      =      0.0000

                       (Std. Err. adjusted for 6,807,325 clusters in household_id)
----------------------------------------------------------------------------------
                 |               Robust
              _t | Haz. Ratio   Std. Err.      z    P>|z|     [95% Conf. Interval]
-----------------+----------------------------------------------------------------
            age1 |   1.130953   .0236237     5.89   0.000     1.085586    1.178215
            age2 |   .9733591   .0468747    -0.56   0.575      .885689    1.069707
            age3 |   1.001179    .117366     0.01   0.992     .7956591    1.259784
          1.male |   1.897489    .076581    15.87   0.000     1.753176    2.053681
                 |
  gp_number_kids |
 only >12 years  |   1.052638   .0744194     0.73   0.468     .9164334    1.209086
    1 child <12  |   1.050648   .0752133     0.69   0.490     .9131068    1.208906
 2 children <12  |   .8928812   .0915784    -1.10   0.269     .7302813    1.091685
3+ children <12  |   1.106121   .1802639     0.62   0.536      .803679    1.522377
----------------------------------------------------------------------------------
                                                             Stratified by stp
(note: file ./output/an_univariable_cox_models_covid_death_icu_AGESEX_gp_number_kids_ageband_0.ster not found)
file ./output/an_univariable_cox_models_covid_death_icu_AGESEX_gp_number_kids_ageband_0.ster saved

------------------------------------------------------------------------------------------------------------------------------------------------------------------------------------------------------
active results
------------------------------------------------------------------------------------------------------------------------------------------------------------------------------------------------------

Stratified Cox regr. -- Breslow method for ties

No. of subjects      =    3,489,829             Number of obs    =   3,489,829
No. of failures      =        8,930
Time at risk         =    635992694
                                                Wald chi2(6)     =     7300.43
Log pseudolikelihood =   -101953.66             Prob > chi2      =      0.0000

                     (Std. Err. adjusted for 2,613,761 clusters in household_id)
--------------------------------------------------------------------------------
               |               Robust
            _t | Haz. Ratio   Std. Err.      z    P>|z|     [95% Conf. Interval]
---------------+----------------------------------------------------------------
          age1 |   1.030975   .0139353     2.26   0.024      1.00402    1.058652
          age2 |   1.382306   .0729178     6.14   0.000      1.24653    1.532872
          age3 |   .4392778   .0585171    -6.18   0.000     .3383365    .5703345
        1.male |    1.96304   .0421797    31.39   0.000     1.882086    2.047476
               |
     kids_cat3 |
Kids under 12  |   1.087564   .0848633     1.08   0.282       .93333    1.267286
Kids under 18  |   1.027121   .1120847     0.25   0.806     .8293428    1.272064
--------------------------------------------------------------------------------
                                                             Stratified by stp
(note: file ./output/an_univariable_cox_models_covid_death_icu_AGESEX_kids_cat3_ageband_1.ster not found)
file ./output/an_univariable_cox_models_covid_death_icu_AGESEX_kids_cat3_ageband_1.ster saved

------------------------------------------------------------------------------------------------------------------------------------------------------------------------------------------------------
active results
------------------------------------------------------------------------------------------------------------------------------------------------------------------------------------------------------

Stratified Cox regr. -- Breslow method for ties

No. of subjects      =    3,489,829             Number of obs    =   3,489,829
No. of failures      =        8,930
Time at risk         =    635992694
                                                Wald chi2(8)     =     7301.01
Log pseudolikelihood =   -101952.41             Prob > chi2      =      0.0000

                       (Std. Err. adjusted for 2,613,761 clusters in household_id)
----------------------------------------------------------------------------------
                 |               Robust
              _t | Haz. Ratio   Std. Err.      z    P>|z|     [95% Conf. Interval]
-----------------+----------------------------------------------------------------
            age1 |   1.030993   .0139351     2.26   0.024     1.004039     1.05867
            age2 |   1.382176   .0729091     6.14   0.000     1.246416    1.532724
            age3 |   .4393791   .0585292    -6.17   0.000     .3384167    .5704624
          1.male |   1.963075   .0421805    31.39   0.000     1.882119    2.047513
                 |
  gp_number_kids |
 only >12 years  |   1.027127   .1120854     0.25   0.806     .8293475    1.272072
    1 child <12  |   1.058637   .1057282     0.57   0.568     .8704342    1.287533
 2 children <12  |   1.014946   .1502614     0.10   0.920     .7593181    1.356633
3+ children <12  |   1.530885   .3343833     1.95   0.051     .9977433    2.348908
----------------------------------------------------------------------------------
                                                             Stratified by stp
(note: file ./output/an_univariable_cox_models_covid_death_icu_AGESEX_gp_number_kids_ageband_1.ster not found)
file ./output/an_univariable_cox_models_covid_death_icu_AGESEX_gp_number_kids_ageband_1.ster saved

. 
. * Close log file
. log close
      name:  <unnamed>
       log:  E:\will\school-age-children-and-covid\analysis\log\06_univariate_analysis_covid_death_icu.log
  log type:  text
 closed on:  26 Aug 2020, 19:40:47
------------------------------------------------------------------------------------------------------------------------------------------------------------------------------------------------------
