------------------------------------------------------------------------------------------------------------------------------------------------------------------------------------------------------
      name:  <unnamed>
       log:  E:\will\school-age-children-and-covid\analysis\log\08_an_tablecontent_HRtable_covid_death_icu.log
  log type:  text
 opened on:  27 Aug 2020, 08:21:04

. 
. 
. ***********************************************************************************************************************
. *Generic code to ouput the HRs across outcomes for all levels of a particular variables, in the right shape for table
. cap prog drop outputHRsforvar

. prog define outputHRsforvar
  1. syntax, variable(string) min(real) max(real) outcome(string)
  2. forvalues x=0/1 {
  3. file write tablecontents ("age") ("`x'") _n
  4. forvalues i=`min'/`max'{
  5. local endwith "_tab"
  6. 
.         *put the varname and condition to left so that alignment can be checked vs shell
.         file write tablecontents ("`variable'") _tab ("`i'") _tab
  7.         
.         use "$tempdir\cr_create_analysis_dataset_STSET_`outcome'_ageband_`x'.dta", clear
  8.         *put total N, PYFU and Rate in table
.         cou if `variable' == `i' & _d == 1
  9.         local event = r(N)
 10.     bysort `variable': egen total_follow_up = total(_t)
 11.         su total_follow_up if `variable' == `i'
 12.         local person_years = r(mean)
 13.         local rate = 1000*(`event'/`person_years')
 14.         
.         file write tablecontents (`event') _tab %10.0f (`person_years') _tab %3.2f (`rate') _tab
 15.         drop total_follow_up
 16.         
.         
.         *models
.         foreach modeltype of any minadj demogadj fulladj {
 17.         
.                 local noestimatesflag 0 /*reset*/
 18. 
. *CHANGE THE OUTCOME BELOW TO LAST IF BRINGING IN MORE COLS
.                 if "`modeltype'"=="fulladj" local endwith "_n"
 19. 
.                 ***********************
.                 *1) GET THE RIGHT ESTIMATES INTO MEMORY
.                 
.                 if "`modeltype'"=="minadj" {
 20.                         cap estimates use ./output/an_univariable_cox_models_`outcome'_AGESEX_`variable'_ageband_`x'
 21.                         if _rc!=0 local noestimatesflag 1
 22.                         }
 23.                 if "`modeltype'"=="demogadj" {
 24.                         cap estimates use ./output/an_multivariate_cox_models_`outcome'_`variable'_DEMOGADJ_noeth_ageband_`x'
 25.                         if _rc!=0 local noestimatesflag 1
 26.                         }
 27.                 if "`modeltype'"=="fulladj" {
 28.                                 cap estimates use ./output/an_multivariate_cox_models_`outcome'_`variable'_MAINFULLYADJMODEL_noeth_ageband_`x'  
 29.                                 if _rc!=0 local noestimatesflag 1
 30.                                 }
 31.                 
.                 ***********************
.                 *2) WRITE THE HRs TO THE OUTPUT FILE
.                 
.                 if `noestimatesflag'==0{
 32.                         cap lincom `i'.`variable', eform
 33.                         if _rc==0 file write tablecontents %4.2f (r(estimate)) (" (") %4.2f (r(lb)) ("-") %4.2f (r(ub)) (")") `endwith'
 34.                                 else file write tablecontents %4.2f ("ERR IN MODEL") `endwith'
 35.                         }
 36.                         else file write tablecontents %4.2f ("DID NOT FIT") `endwith' 
 37.                         
.                 *3) Save the estimates for plotting
.                 if `noestimatesflag'==0{
 38.                         if "`modeltype'"=="fulladj" {
 39.                                 local hr = r(estimate)
 40.                                 local lb = r(lb)
 41.                                 local ub = r(ub)
 42.                                 cap gen `variable'=.
 43.                                 testparm i.`variable'
 44.                                 *drop `variable'
.                                 }
 45.                 }       
 46.                 } /*min adj, full adj*/
 47.                 
. } /*variable levels*/
 48. 
. } /*agebands*/
 49. 
. end

. ***********************************************************************************************************************
. /*Generic code to write a full row of "ref category" to the output file
> cap prog drop refline
> prog define refline
> file write tablecontents _tab _tab ("1.00 (ref)") _tab ("1.00 (ref)")  _n
> end*/
. ***********************************************************************************************************************
. 
. *MAIN CODE TO PRODUCE TABLE CONTENTS
. 
. cap file close tablecontents

. file open tablecontents using ./output/an_tablecontents_HRtable_`outcome'.txt, t w replace 
(note: file ./output/an_tablecontents_HRtable_covid_death_icu.txt not found)

. 
. *Primary exposure
. outputHRsforvar, variable("kids_cat3") min(0) max(2) outcome(`outcome')
  2,065

    Variable |        Obs        Mean    Std. Dev.       Min        Max
-------------+---------------------------------------------------------
total_foll~p |  7,706,461    1.42e+09           0   1.42e+09   1.42e+09

 ( 1)  1.kids_cat3 = 0
 ( 2)  2.kids_cat3 = 0

           chi2(  2) =    1.26
         Prob > chi2 =    0.5323
  405

    Variable |        Obs        Mean    Std. Dev.       Min        Max
-------------+---------------------------------------------------------
total_foll~p |  3,170,883    5.83e+08           0   5.83e+08   5.83e+08

 ( 1)  1.kids_cat3 = 0
 ( 2)  2.kids_cat3 = 0

           chi2(  2) =    1.26
         Prob > chi2 =    0.5323
  248

    Variable |        Obs        Mean    Std. Dev.       Min        Max
-------------+---------------------------------------------------------
total_foll~p |  1,177,446    2.17e+08           0   2.17e+08   2.17e+08

 ( 1)  1.kids_cat3 = 0
 ( 2)  2.kids_cat3 = 0

           chi2(  2) =    1.26
         Prob > chi2 =    0.5323
  8,674

    Variable |        Obs        Mean    Std. Dev.       Min        Max
-------------+---------------------------------------------------------
total_foll~p |  3,379,769    6.16e+08           0   6.16e+08   6.16e+08

 ( 1)  1.kids_cat3 = 0
 ( 2)  2.kids_cat3 = 0

           chi2(  2) =    1.84
         Prob > chi2 =    0.3979
  169

    Variable |        Obs        Mean    Std. Dev.       Min        Max
-------------+---------------------------------------------------------
total_foll~p |     73,301    1.34e+07           0   1.34e+07   1.34e+07

 ( 1)  1.kids_cat3 = 0
 ( 2)  2.kids_cat3 = 0

           chi2(  2) =    1.84
         Prob > chi2 =    0.3979
  87

    Variable |        Obs        Mean    Std. Dev.       Min        Max
-------------+---------------------------------------------------------
total_foll~p |     36,759     6710475           0    6710475    6710475

 ( 1)  1.kids_cat3 = 0
 ( 2)  2.kids_cat3 = 0

           chi2(  2) =    1.84
         Prob > chi2 =    0.3979

. file write tablecontents _n

. 
. *Number kids
. outputHRsforvar, variable("gp_number_kids") min(0) max(4) outcome(`outcome')
  2,065

    Variable |        Obs        Mean    Std. Dev.       Min        Max
-------------+---------------------------------------------------------
total_foll~p |  7,706,461    1.42e+09           0   1.42e+09   1.42e+09

 ( 1)  1.gp_number_kids = 0
 ( 2)  2.gp_number_kids = 0
 ( 3)  3.gp_number_kids = 0
 ( 4)  4.gp_number_kids = 0

           chi2(  4) =    4.27
         Prob > chi2 =    0.3701
  248

    Variable |        Obs        Mean    Std. Dev.       Min        Max
-------------+---------------------------------------------------------
total_foll~p |  1,177,446    2.17e+08           0   2.17e+08   2.17e+08

 ( 1)  1.gp_number_kids = 0
 ( 2)  2.gp_number_kids = 0
 ( 3)  3.gp_number_kids = 0
 ( 4)  4.gp_number_kids = 0

           chi2(  4) =    4.27
         Prob > chi2 =    0.3701
  250

    Variable |        Obs        Mean    Std. Dev.       Min        Max
-------------+---------------------------------------------------------
total_foll~p |  1,746,284    3.21e+08           0   3.21e+08   3.21e+08

 ( 1)  1.gp_number_kids = 0
 ( 2)  2.gp_number_kids = 0
 ( 3)  3.gp_number_kids = 0
 ( 4)  4.gp_number_kids = 0

           chi2(  4) =    4.27
         Prob > chi2 =    0.3701
  115

    Variable |        Obs        Mean    Std. Dev.       Min        Max
-------------+---------------------------------------------------------
total_foll~p |  1,096,701    2.02e+08           0   2.02e+08   2.02e+08

 ( 1)  1.gp_number_kids = 0
 ( 2)  2.gp_number_kids = 0
 ( 3)  3.gp_number_kids = 0
 ( 4)  4.gp_number_kids = 0

           chi2(  4) =    4.27
         Prob > chi2 =    0.3701
  40

    Variable |        Obs        Mean    Std. Dev.       Min        Max
-------------+---------------------------------------------------------
total_foll~p |    327,898    6.03e+07           0   6.03e+07   6.03e+07

 ( 1)  1.gp_number_kids = 0
 ( 2)  2.gp_number_kids = 0
 ( 3)  3.gp_number_kids = 0
 ( 4)  4.gp_number_kids = 0

           chi2(  4) =    4.27
         Prob > chi2 =    0.3701
  8,674

    Variable |        Obs        Mean    Std. Dev.       Min        Max
-------------+---------------------------------------------------------
total_foll~p |  3,379,769    6.16e+08           0   6.16e+08   6.16e+08

 ( 1)  1.gp_number_kids = 0
 ( 2)  2.gp_number_kids = 0
 ( 3)  3.gp_number_kids = 0
 ( 4)  4.gp_number_kids = 0

           chi2(  4) =    2.07
         Prob > chi2 =    0.7226
  87

    Variable |        Obs        Mean    Std. Dev.       Min        Max
-------------+---------------------------------------------------------
total_foll~p |     36,759     6710475           0    6710475    6710475

 ( 1)  1.gp_number_kids = 0
 ( 2)  2.gp_number_kids = 0
 ( 3)  3.gp_number_kids = 0
 ( 4)  4.gp_number_kids = 0

           chi2(  4) =    2.07
         Prob > chi2 =    0.7226
  102

    Variable |        Obs        Mean    Std. Dev.       Min        Max
-------------+---------------------------------------------------------
total_foll~p |     45,738     8358687           0    8358687    8358687

 ( 1)  1.gp_number_kids = 0
 ( 2)  2.gp_number_kids = 0
 ( 3)  3.gp_number_kids = 0
 ( 4)  4.gp_number_kids = 0

           chi2(  4) =    2.07
         Prob > chi2 =    0.7226
  46

    Variable |        Obs        Mean    Std. Dev.       Min        Max
-------------+---------------------------------------------------------
total_foll~p |     21,598     3947698           0    3947698    3947698

 ( 1)  1.gp_number_kids = 0
 ( 2)  2.gp_number_kids = 0
 ( 3)  3.gp_number_kids = 0
 ( 4)  4.gp_number_kids = 0

           chi2(  4) =    2.07
         Prob > chi2 =    0.7226
  21

    Variable |        Obs        Mean    Std. Dev.       Min        Max
-------------+---------------------------------------------------------
total_foll~p |      5,965     1089004           0    1089004    1089004

 ( 1)  1.gp_number_kids = 0
 ( 2)  2.gp_number_kids = 0
 ( 3)  3.gp_number_kids = 0
 ( 4)  4.gp_number_kids = 0

           chi2(  4) =    2.07
         Prob > chi2 =    0.7226

. file write tablecontents _n 

. 
. file close tablecontents

. 
. 
. log close
      name:  <unnamed>
       log:  E:\will\school-age-children-and-covid\analysis\log\08_an_tablecontent_HRtable_covid_death_icu.log
  log type:  text
 closed on:  27 Aug 2020, 08:30:52
------------------------------------------------------------------------------------------------------------------------------------------------------------------------------------------------------
