------------------------------------------------------------------------------------------------------------------------------------------------------------------------------------------------------
      name:  <unnamed>
       log:  E:\will\school-age-children-and-covid\analysis\log\WORMS_07b_an_multivariable_cox_models_FULL_worms.log
  log type:  text
 opened on:  26 Aug 2020, 20:21:05

. 
. 
. *************************************************************************************
. *PROG TO DEFINE THE BASIC COX MODEL WITH OPTIONS FOR HANDLING OF AGE, BMI, ETHNICITY:
. cap prog drop basecoxmodel

. prog define basecoxmodel
  1.         syntax , exposure(string) age(string) [ethnicity(real 0) if(string)] bmi(string) smoking(string)
  2. 
.         if `ethnicity'==1 local ethnicity "i.ethnicity"
  3.         else local ethnicity
  4. timer clear
  5. timer on 1
  6.         capture stcox   `exposure' `age'                ///
>                         i.male                                                  ///
>                         `bmi'                                                   ///
>                         `smoking'                                               ///
>                         `ethnicity'                                             ///
>                         i.imd                                                   ///
>                         i.htdiag_or_highbp                              ///
>                         i.chronic_respiratory_disease   ///
>                         i.asthma                                                ///
>                         i.chronic_cardiac_disease               ///
>                         i.diabcat                                               ///
>                         i.cancer_exhaem_cat                             ///
>                         i.cancer_haem_cat                               ///
>                         i.chronic_liver_disease                 ///
>                         i.stroke_dementia                               ///
>                         i.other_neuro                                   ///
>                         i.reduced_kidney_function_cat   ///
>                         i.esrd                                                  ///
>                         i.other_transplant                                      ///
>                         i.tot_adults_hh                                 ///
>                         i.asplenia                                              ///
>                         i.ra_sle_psoriasis                      ///
>                         i.other_immuno                                  ///
>                         `if'                                                    ///
>                         , strata(stp) vce(cluster household_id)
  7. timer off 1
  8. timer list
  9. end

. *************************************************************************************
. 
. * Open dataset and fit specified model(s)
. forvalues x=0/1 {
  2. 
. use "$tempdir\cr_create_analysis_dataset_STSET_`outcome'_ageband_`x'.dta", clear
  3. 
. ******************************
. *  Multivariable Cox models  *
. ******************************
. 
. 
. 
. foreach exposure_type in kids_cat3  gp_number_kids {
  4. 
. *Age spline model (not adj ethnicity)
. basecoxmodel, exposure("i.`exposure_type'") age("age1 age2 age3") ethnicity(0) bmi(i.obese4cat) smoking(i.smoke_nomiss)
  5. if _rc==0{
  6. estimates
  7. estimates save ./output/an_multivariate_cox_models_`outcome'_`exposure_type'_MAINFULLYADJMODEL_noeth_ageband_`x', replace
  8. *estat concordance /*c-statistic*/
.         /*  Proportional Hazards test  */
.         * Based on Schoenfeld residuals
.         timer clear 
  9.         timer on 1
 10.         if e(N_fail)>0 estat phtest, d
 11.         timer off 1
 12.         timer list
 13. }
 14. else di "WARNING AGE SPLINE MODEL DID NOT FIT (OUTCOME `outcome')"
 15. 
. }
 16. 
. }
   1:    203.47 /        1 =     203.4700

------------------------------------------------------------------------------------------------------------------------------------------------------------------------------------------------------
active results
------------------------------------------------------------------------------------------------------------------------------------------------------------------------------------------------------

Stratified Cox regr. -- Breslow method for ties

No. of subjects      =   11,331,773             Number of obs    =     341,318
No. of failures      =        1,407
Time at risk         =   4135813549
                                                Wald chi2(42)    =   105397.14
Log pseudolikelihood =   -18027.326             Prob > chi2      =      0.0000

                                      (Std. Err. adjusted for 335,350 clusters in household_id)
-----------------------------------------------------------------------------------------------
                              |               Robust
                           _t | Haz. Ratio   Std. Err.      z    P>|z|     [95% Conf. Interval]
------------------------------+----------------------------------------------------------------
                    kids_cat3 |
               Kids under 12  |    2.51374   .1621469    14.29   0.000     2.215207    2.852506
               Kids under 18  |    1.24958   .1412017     1.97   0.049     1.001333     1.55937
                              |
                         age1 |   .9808872   .0089335    -2.12   0.034     .9635332    .9985536
                         age2 |   .9581392   .0303555    -1.35   0.177     .9004531    1.019521
                         age3 |   1.156133   .1104739     1.52   0.129     .9586748     1.39426
                       1.male |    .583911   .0322038    -9.75   0.000     .5240844    .6505671
                              |
                    obese4cat |
           Obese I (30-34.9)  |   .9898233   .0826083    -0.12   0.902     .8404628    1.165727
          Obese II (35-39.9)  |   1.106241   .1277819     0.87   0.382     .8821195    1.387305
             Obese III (40+)  |   1.032494   .1576482     0.21   0.834     .7654558    1.392691
                              |
                 smoke_nomiss |
                      Former  |   1.147193   .0757734     2.08   0.038     1.007892    1.305748
                     Current  |   .9525245   .0713287    -0.65   0.516     .8224982    1.103106
                              |
                          imd |
                           2  |   1.160735   .1148662     1.51   0.132     .9560893    1.409185
                           3  |   1.049853   .1064191     0.48   0.631     .8606883    1.280593
                           4  |   1.274279   .1227145     2.52   0.012     1.055098    1.538991
             5 most deprived  |   1.494094   .1452081     4.13   0.000     1.234955    1.807609
                              |
           1.htdiag_or_highbp |   .8654424   .0695899    -1.80   0.072     .7392535    1.013172
1.chronic_respiratory_disease |   1.468542   .2822437     2.00   0.046     1.007608    2.140334
                     1.asthma |   1.056882   .0721688     0.81   0.418     .9244907    1.208232
    1.chronic_cardiac_disease |   1.245203   .2182666     1.25   0.211     .8831546    1.755674
                              |
                      diabcat |
            T1DM, controlled  |    .511792   .5081793    -0.67   0.500     .0730972    3.583327
          T1DM, uncontrolled  |    1.43571   .5238991     0.99   0.322     .7021962    2.935454
            T2DM, controlled  |   1.371494   .2511243     1.73   0.084      .957936    1.963592
          T2DM, uncontrolled  |   1.074759   .2424994     0.32   0.749     .6906423    1.672511
          Diabetes, no HbA1c  |   3.75e-14   4.76e-15  -243.30   0.000     2.92e-14    4.81e-14
                              |
            cancer_exhaem_cat |
                   Last year  |   1.807544   .8203455     1.30   0.192      .742634    4.399494
               2-5 years ago  |   .7968655    .326944    -0.55   0.580     .3565723     1.78083
                    5+ years  |   1.086212   .2844282     0.32   0.752     .6501663    1.814698
                              |
              cancer_haem_cat |
                   Last year  |   3.484963   3.553133     1.22   0.221     .4724396    25.70693
               2-5 years ago  |   5.99e-14   1.20e-14  -151.89   0.000     4.05e-14    8.88e-14
                    5+ years  |   2.313215   .9661226     2.01   0.045     1.020255    5.244733
                              |
      1.chronic_liver_disease |   2.254769   .6262061     2.93   0.003     1.308284    3.885994
            1.stroke_dementia |   2.135136   .5373887     3.01   0.003     1.303731    3.496737
                1.other_neuro |   .6199239   .2581428    -1.15   0.251     .2740875    1.402128
                              |
  reduced_kidney_function_cat |
Stage 3a/3b egfr 30-60        |   1.111514   .3637842     0.32   0.747     .5852312    2.111068
           Stage 4/5 egfr<30  |   1.252967   1.105409     0.26   0.798     .2223214    7.061514
                              |
                       1.esrd |   3.196553   2.093508     1.77   0.076     .8855384    11.53869
           1.other_transplant |   1.866441   1.954767     0.60   0.551     .2396243    14.53776
                              |
                tot_adults_hh |
                           2  |   .9523331   .0649061    -0.72   0.474       .83325    1.088435
                           3  |   .7628191   .0599523    -3.44   0.001     .6539175    .8898567
                              |
                   1.asplenia |   1.344967   .9683829     0.41   0.681     .3279764     5.51545
           1.ra_sle_psoriasis |   1.440695   .1624789     3.24   0.001     1.154982    1.797087
               1.other_immuno |   .7106263   .4134708    -0.59   0.557     .2271842    2.222821
-----------------------------------------------------------------------------------------------
                                                             Stratified by stp
(note: file ./output/an_multivariate_cox_models_worms_kids_cat3_MAINFULLYADJMODEL_noeth_ageband_0.ster not found)
file ./output/an_multivariate_cox_models_worms_kids_cat3_MAINFULLYADJMODEL_noeth_ageband_0.ster saved

      Test of proportional-hazards assumption

      Time:  Time
      ----------------------------------------------------------------
                  |       rho            chi2       df       Prob>chi2
      ------------+---------------------------------------------------
      0b.kids_cat3|            .            .        1             .
      1.kids_cat3 |     -0.01490         0.35        1         0.5569
      2.kids_cat3 |     -0.02114         0.74        1         0.3897
      age1        |      0.01065         0.17        1         0.6818
      age2        |     -0.00427         0.03        1         0.8662
      age3        |     -0.00277         0.01        1         0.9118
      0b.male     |            .            .        1             .
      1.male      |      0.00903         0.11        1         0.7383
      1b.obese4cat|            .            .        1             .
      2.obese4cat |      0.01978         0.61        1         0.4353
      3.obese4cat |      0.01018         0.17        1         0.6834
      4.obese4cat |     -0.01566         0.40        1         0.5277
      1b.smoke_n~s|            .            .        1             .
      2.smoke_no~s|      0.02469         0.99        1         0.3189
      3.smoke_no~s|     -0.00599         0.06        1         0.8086
      1b.imd      |            .            .        1             .
      2.imd       |     -0.02083         0.73        1         0.3932
      3.imd       |      0.01343         0.30        1         0.5837
      4.imd       |     -0.02607         1.11        1         0.2926
      5.imd       |      0.01030         0.18        1         0.6702
      0b.htdiag_~p|            .            .        1             .
      1.htdiag_o~p|     -0.02622         1.05        1         0.3057
      0b.chronic..|            .            .        1             .
      1.~y_disease|     -0.00301         0.02        1         0.9015
      0b.asthma   |            .            .        1             .
      1.asthma    |     -0.00924         0.13        1         0.7156
      0b.chronic..|            .            .        1             .
      1.~c_disease|     -0.01029         0.18        1         0.6753
      1b.diabcat  |            .            .        1             .
      2.diabcat   |     -0.04602         5.40        1         0.0201
      3.diabcat   |      0.05050         4.23        1         0.0397
      4.diabcat   |      0.01097         0.19        1         0.6590
      5.diabcat   |     -0.01810         0.57        1         0.4506
      6.diabcat   |     -0.00362         0.00        1         0.9629
      1b.c~exhae~t|            .            .        1             .
      2.cancer_e~t|     -0.02844         1.31        1         0.2527
      3.cancer_e~t|     -0.02154         0.72        1         0.3956
      4.cancer_e~t|      0.00192         0.01        1         0.9375
      1b.cancer_..|            .            .        1             .
      2.cancer_h~t|      0.00571         0.05        1         0.8225
      3.cancer_h~t|      0.03495         1.31        1         0.2526
      4.cancer_h~t|     -0.01434         0.34        1         0.5605
      0b.chronic..|            .            .        1             .
      1.~r_disease|      0.00727         0.13        1         0.7218
      0b.stroke_~a|            .            .        1             .
      1.stroke_d~a|     -0.04323         3.25        1         0.0714
      0b.other_n~o|            .            .        1             .
      1.other_ne~o|      0.01774         0.50        1         0.4780
      1b.reduced~t|            .            .        1             .
      2.reduced_~t|      0.05285         6.67        1         0.0098
      3.reduced_~t|      0.03062         4.00        1         0.0455
      0b.esrd     |            .            .        1             .
      1.esrd      |     -0.04764        10.15        1         0.0014
      0b.other_t~t|            .            .        1             .
      1.other_tr~t|     -0.02807         2.05        1         0.1526
      1b.tot_adu~h|            .            .        1             .
      2.tot_adul~h|     -0.05438         4.80        1         0.0284
      3.tot_adul~h|     -0.00434         0.03        1         0.8571
      0b.asplenia |            .            .        1             .
      1.asplenia  |      0.01418         0.33        1         0.5669
      0b.ra_sle_~s|            .            .        1             .
      1.ra_sle_p~s|      0.02601         1.11        1         0.2916
      0b.other_i~o|            .            .        1             .
      1.other_im~o|     -0.05343         4.32        1         0.0377
      ------------+---------------------------------------------------
      global test |                     49.64       42         0.1950
      ----------------------------------------------------------------

note: robust variance-covariance matrix used.
   1:    111.29 /        1 =     111.2870
   1:    268.26 /        1 =     268.2580

------------------------------------------------------------------------------------------------------------------------------------------------------------------------------------------------------
active results
------------------------------------------------------------------------------------------------------------------------------------------------------------------------------------------------------

Stratified Cox regr. -- Breslow method for ties

No. of subjects      =   11,331,773             Number of obs    =     341,318
No. of failures      =        1,407
Time at risk         =   4135813549
                                                Wald chi2(44)    =   174347.01
Log pseudolikelihood =   -17993.004             Prob > chi2      =      0.0000

                                      (Std. Err. adjusted for 335,350 clusters in household_id)
-----------------------------------------------------------------------------------------------
                              |               Robust
                           _t | Haz. Ratio   Std. Err.      z    P>|z|     [95% Conf. Interval]
------------------------------+----------------------------------------------------------------
               gp_number_kids |
              only >12 years  |   1.241862   .1403838     1.92   0.055     .9950639    1.549872
                 1 child <12  |   1.898165   .1515788     8.03   0.000     1.623158    2.219765
              2 children <12  |   3.051561   .2565071    13.27   0.000     2.588046    3.598091
             3+ children <12  |   4.377334   .4776254    13.53   0.000     3.534535    5.421096
                              |
                         age1 |   .9729126   .0089821    -2.97   0.003     .9554662    .9906774
                         age2 |   .9876574   .0317992    -0.39   0.700      .927258    1.051991
                         age3 |   1.060685   .1028741     0.61   0.544     .8770612    1.282753
                       1.male |   .5846178   .0322632    -9.73   0.000     .5246829    .6513991
                              |
                    obese4cat |
           Obese I (30-34.9)  |   .9807949   .0819232    -0.23   0.816     .8326828    1.155252
          Obese II (35-39.9)  |   1.099015   .1269514     0.82   0.414     .8763508    1.378253
             Obese III (40+)  |    1.02798   .1570606     0.18   0.857     .7619619    1.386871
                              |
                 smoke_nomiss |
                      Former  |   1.151838   .0761051     2.14   0.032     1.011929    1.311091
                     Current  |   .9515707   .0713615    -0.66   0.508     .8214982    1.102238
                              |
                          imd |
                           2  |   1.164181    .115201     1.54   0.124     .9589377    1.413354
                           3  |   1.053547   .1068656     0.51   0.607     .8636013    1.285272
                           4  |   1.271142   .1224275     2.49   0.013     1.052476    1.535238
             5 most deprived  |   1.466681    .142878     3.93   0.000     1.211756    1.775237
                              |
           1.htdiag_or_highbp |   .8722533   .0702461    -1.70   0.090     .7448895    1.021394
1.chronic_respiratory_disease |   1.471704   .2826581     2.01   0.044     1.010036     2.14439
                     1.asthma |   1.055605   .0720983     0.79   0.428     .9233448     1.20681
    1.chronic_cardiac_disease |   1.254603   .2201989     1.29   0.196     .8894252    1.769714
                              |
                      diabcat |
            T1DM, controlled  |   .5037481   .5008232    -0.69   0.490     .0717719    3.535677
          T1DM, uncontrolled  |   1.461938    .530664     1.05   0.295     .7177185    2.977856
            T2DM, controlled  |   1.371609   .2510633     1.73   0.084     .9581289    1.963526
          T2DM, uncontrolled  |   1.070722   .2418521     0.30   0.762      .687716    1.667032
          Diabetes, no HbA1c  |   6.58e-19   8.50e-20  -324.00   0.000     5.11e-19    8.48e-19
                              |
            cancer_exhaem_cat |
                   Last year  |   1.796363   .8155184     1.29   0.197     .7378415    4.373461
               2-5 years ago  |   .8009397   .3287139    -0.54   0.589     .3583091    1.790366
                    5+ years  |   1.094873   .2867839     0.35   0.729     .6552477    1.829456
                              |
              cancer_haem_cat |
                   Last year  |   3.614203   3.676472     1.26   0.207     .4922046    26.53869
               2-5 years ago  |   9.84e-19   2.25e-19  -181.50   0.000     6.29e-19    1.54e-18
                    5+ years  |   2.339814   .9776987     2.03   0.042     1.031583    5.307116
                              |
      1.chronic_liver_disease |   2.210903   .6138675     2.86   0.004     1.283009    3.809867
            1.stroke_dementia |   2.143159   .5401075     3.02   0.002     1.307793    3.512122
                1.other_neuro |   .6214729   .2591315    -1.14   0.254     .2744746    1.407156
                              |
  reduced_kidney_function_cat |
Stage 3a/3b egfr 30-60        |   1.114202   .3645416     0.33   0.741     .5867728    2.115718
           Stage 4/5 egfr<30  |   1.290742   1.120587     0.29   0.769     .2354236    7.076672
                              |
                       1.esrd |   3.279598   2.113677     1.84   0.065     .9273154    11.59882
           1.other_transplant |   1.944055   2.034449     0.64   0.525     .2499934     15.1178
                              |
                tot_adults_hh |
                           2  |   .9256345   .0631741    -1.13   0.258     .8097398    1.058117
                           3  |   .7508111   .0590612    -3.64   0.000     .6435354    .8759695
                              |
                   1.asplenia |   1.335479    .962226     0.40   0.688     .3253404    5.481965
           1.ra_sle_psoriasis |   1.431307   .1615032     3.18   0.001     1.147326     1.78558
               1.other_immuno |   .7140558    .415614    -0.58   0.563     .2281881    2.234454
-----------------------------------------------------------------------------------------------
                                                             Stratified by stp
(note: file ./output/an_multivariate_cox_models_worms_gp_number_kids_MAINFULLYADJMODEL_noeth_ageband_0.ster not found)
file ./output/an_multivariate_cox_models_worms_gp_number_kids_MAINFULLYADJMODEL_noeth_ageband_0.ster saved

      Test of proportional-hazards assumption

      Time:  Time
      ----------------------------------------------------------------
                  |       rho            chi2       df       Prob>chi2
      ------------+---------------------------------------------------
      0b.gp_numb~s|            .            .        1             .
      1.gp_numbe~s|     -0.02095         0.73        1         0.3936
      2.gp_numbe~s|     -0.00254         0.01        1         0.9177
      3.gp_numbe~s|     -0.01947         0.66        1         0.4171
      4.gp_numbe~s|     -0.01434         0.34        1         0.5606
      age1        |      0.01334         0.27        1         0.6059
      age2        |     -0.00687         0.07        1         0.7851
      age3        |     -0.00037         0.00        1         0.9883
      0b.male     |            .            .        1             .
      1.male      |      0.00915         0.11        1         0.7346
      1b.obese4cat|            .            .        1             .
      2.obese4cat |      0.02023         0.64        1         0.4225
      3.obese4cat |      0.01065         0.18        1         0.6696
      4.obese4cat |     -0.01603         0.42        1         0.5169
      1b.smoke_n~s|            .            .        1             .
      2.smoke_no~s|      0.02400         0.94        1         0.3319
      3.smoke_no~s|     -0.00548         0.05        1         0.8236
      1b.imd      |            .            .        1             .
      2.imd       |     -0.02048         0.71        1         0.4002
      3.imd       |      0.01315         0.29        1         0.5912
      4.imd       |     -0.02613         1.12        1         0.2902
      5.imd       |      0.01049         0.19        1         0.6637
      0b.htdiag_~p|            .            .        1             .
      1.htdiag_o~p|     -0.02602         1.04        1         0.3072
      0b.chronic..|            .            .        1             .
      1.~y_disease|     -0.00319         0.02        1         0.8957
      0b.asthma   |            .            .        1             .
      1.asthma    |     -0.00831         0.11        1         0.7407
      0b.chronic..|            .            .        1             .
      1.~c_disease|     -0.01107         0.21        1         0.6494
      1b.diabcat  |            .            .        1             .
      2.diabcat   |     -0.04629         5.43        1         0.0198
      3.diabcat   |      0.04875         3.89        1         0.0487
      4.diabcat   |      0.01121         0.20        1         0.6516
      5.diabcat   |     -0.01819         0.58        1         0.4469
      6.diabcat   |     -0.00459         0.00        1         0.9522
      1b.c~exhae~t|            .            .        1             .
      2.cancer_e~t|     -0.02904         1.37        1         0.2421
      3.cancer_e~t|     -0.02186         0.74        1         0.3881
      4.cancer_e~t|      0.00208         0.01        1         0.9323
      1b.cancer_..|            .            .        1             .
      2.cancer_h~t|      0.00630         0.06        1         0.8047
      3.cancer_h~t|      0.03515         1.39        1         0.2383
      4.cancer_h~t|     -0.01345         0.30        1         0.5843
      0b.chronic..|            .            .        1             .
      1.~r_disease|      0.00735         0.13        1         0.7192
      0b.stroke_~a|            .            .        1             .
      1.stroke_d~a|     -0.04299         3.22        1         0.0728
      0b.other_n~o|            .            .        1             .
      1.other_ne~o|      0.01841         0.55        1         0.4580
      1b.reduced~t|            .            .        1             .
      2.reduced_~t|      0.05276         6.60        1         0.0102
      3.reduced_~t|      0.03102         4.01        1         0.0451
      0b.esrd     |            .            .        1             .
      1.esrd      |     -0.04812        10.17        1         0.0014
      0b.other_t~t|            .            .        1             .
      1.other_tr~t|     -0.02737         1.97        1         0.1609
      1b.tot_adu~h|            .            .        1             .
      2.tot_adul~h|     -0.05434         4.80        1         0.0285
      3.tot_adul~h|     -0.00506         0.04        1         0.8335
      0b.asplenia |            .            .        1             .
      1.asplenia  |      0.01358         0.30        1         0.5824
      0b.ra_sle_~s|            .            .        1             .
      1.ra_sle_p~s|      0.02552         1.07        1         0.3005
      0b.other_i~o|            .            .        1             .
      1.other_im~o|     -0.05253         4.20        1         0.0404
      ------------+---------------------------------------------------
      global test |                     49.84       44         0.2522
      ----------------------------------------------------------------

note: robust variance-covariance matrix used.
   1:    114.93 /        1 =     114.9300
   1:     57.27 /        1 =      57.2730

------------------------------------------------------------------------------------------------------------------------------------------------------------------------------------------------------
active results
------------------------------------------------------------------------------------------------------------------------------------------------------------------------------------------------------

Stratified Cox regr. -- Breslow method for ties

No. of subjects      =    2,899,433             Number of obs    =      87,080
No. of failures      =          100
Time at risk         =   1058258367
                                                Wald chi2(33)    =       92.83
Log pseudolikelihood =    -1131.673             Prob > chi2      =      0.0000

                                       (Std. Err. adjusted for 86,487 clusters in household_id)
-----------------------------------------------------------------------------------------------
                              |               Robust
                           _t | Haz. Ratio   Std. Err.      z    P>|z|     [95% Conf. Interval]
------------------------------+----------------------------------------------------------------
                    kids_cat3 |
               Kids under 12  |   1.892484   1.278242     0.94   0.345     .5036221    7.111478
               Kids under 18  |   .9312696   .9871899    -0.07   0.946     .1166169    7.436857
                              |
                         age1 |   1.129804   .1065067     1.29   0.195     .9392049    1.359083
                         age2 |   .4963908   .2221065    -1.57   0.118     .2065188     1.19313
                         age3 |   4.001878   3.999977     1.39   0.165     .5642433    28.38319
                       1.male |   .5959513   .1289943    -2.39   0.017     .3899125    .9108656
                              |
                    obese4cat |
           Obese I (30-34.9)  |   .5966359   .1846228    -1.67   0.095     .3253223     1.09422
          Obese II (35-39.9)  |   .6996163   .3237069    -0.77   0.440     .2824983    1.732623
             Obese III (40+)  |   2.388423   .9460693     2.20   0.028     1.098867    5.191316
                              |
                 smoke_nomiss |
                      Former  |   .7808763   .1684736    -1.15   0.252     .5116064    1.191869
                     Current  |    .459516   .2140564    -1.67   0.095     .1844104    1.145027
                              |
                          imd |
                           2  |   .9664639   .3048233    -0.11   0.914     .5208541    1.793309
                           3  |   1.047064   .3452579     0.14   0.889     .5486545     1.99824
                           4  |   1.310664   .4525297     0.78   0.433     .6661914    2.578598
             5 most deprived  |   1.158392   .4011291     0.42   0.671     .5876254     2.28355
                              |
           1.htdiag_or_highbp |   1.383517    .337017     1.33   0.183      .858295    2.230142
1.chronic_respiratory_disease |    .796449   .2890978    -0.63   0.531     .3910082    1.622296
                     1.asthma |   1.079818   .3207423     0.26   0.796     .6032743    1.932796
    1.chronic_cardiac_disease |    .985064   .2915598    -0.05   0.959     .5514744    1.759558
                              |
                      diabcat |
            T1DM, controlled  |   5.12e-19          .        .       .            .           .
          T1DM, uncontrolled  |   1.47e-19          .        .       .            .           .
            T2DM, controlled  |   1.195861   .3371001     0.63   0.526     .6882343    2.077902
          T2DM, uncontrolled  |   1.341481   .5539863     0.71   0.477     .5971278    3.013714
          Diabetes, no HbA1c  |   1.09e-18          .        .       .            .           .
                              |
            cancer_exhaem_cat |
                   Last year  |   4.78e-20          .        .       .            .           .
               2-5 years ago  |   .5303131   .3846745    -0.87   0.382     .1279659     2.19771
                    5+ years  |   .5926063   .2511712    -1.23   0.217     .2582211    1.360006
                              |
              cancer_haem_cat |
                   Last year  |   3.38e-19          .        .       .            .           .
               2-5 years ago  |   7.503536   4.585874     3.30   0.001     2.264875    24.85923
                    5+ years  |   4.80e-20          .        .       .            .           .
                              |
      1.chronic_liver_disease |   1.153405   1.182077     0.14   0.889     .1547464    8.596925
            1.stroke_dementia |   1.011604   .4078789     0.03   0.977     .4589932     2.22954
                1.other_neuro |    2.78222   1.284592     2.22   0.027     1.125587    6.877074
                              |
  reduced_kidney_function_cat |
Stage 3a/3b egfr 30-60        |   .6373535   .1999618    -1.44   0.151     .3446088    1.178784
           Stage 4/5 egfr<30  |   8.31e-20          .        .       .            .           .
                              |
                       1.esrd |   1.05e-18          .        .       .            .           .
           1.other_transplant |   3.87e-18          .        .       .            .           .
                              |
                tot_adults_hh |
                           2  |   .8117914   .1909318    -0.89   0.375     .5119687    1.287198
                           3  |   .9791564   .3548856    -0.06   0.954     .4812186    1.992332
                              |
                   1.asplenia |   5.390313   5.501208     1.65   0.099     .7292907    39.84074
           1.ra_sle_psoriasis |   1.305495   .4410341     0.79   0.430     .6733092    2.531254
               1.other_immuno |   6.008177   6.118645     1.76   0.078      .816377    44.21755
-----------------------------------------------------------------------------------------------
                                                             Stratified by stp
(note: file ./output/an_multivariate_cox_models_worms_kids_cat3_MAINFULLYADJMODEL_noeth_ageband_1.ster not found)
file ./output/an_multivariate_cox_models_worms_kids_cat3_MAINFULLYADJMODEL_noeth_ageband_1.ster saved

      Test of proportional-hazards assumption

      Time:  Time
      ----------------------------------------------------------------
                  |       rho            chi2       df       Prob>chi2
      ------------+---------------------------------------------------
      0b.kids_cat3|            .            .        1             .
      1.kids_cat3 |      0.24441        20.15        1         0.0000
      2.kids_cat3 |      0.12704         6.27        1         0.0123
      age1        |      0.00228         0.00        1         0.9717
      age2        |     -0.07742         1.37        1         0.2416
      age3        |      0.08342         1.50        1         0.2206
      0b.male     |            .            .        1             .
      1.male      |     -0.24802        10.77        1         0.0010
      1b.obese4cat|            .            .        1             .
      2.obese4cat |      0.24919        14.18        1         0.0002
      3.obese4cat |      0.19450        12.52        1         0.0004
      4.obese4cat |     -0.01391         0.03        1         0.8696
      1b.smoke_n~s|            .            .        1             .
      2.smoke_no~s|      0.29876        21.57        1         0.0000
      3.smoke_no~s|     -0.02250         0.07        1         0.7853
      1b.imd      |            .            .        1             .
      2.imd       |      0.27434        16.90        1         0.0000
      3.imd       |      0.17294         6.76        1         0.0093
      4.imd       |     -0.01361         0.04        1         0.8333
      5.imd       |     -0.07948         1.39        1         0.2385
      0b.htdiag_~p|            .            .        1             .
      1.htdiag_o~p|      0.02812         0.17        1         0.6818
      0b.chronic..|            .            .        1             .
      1.~y_disease|      0.00488         0.01        1         0.9321
      0b.asthma   |            .            .        1             .
      1.asthma    |     -0.15606         5.40        1         0.0202
      0b.chronic..|            .            .        1             .
      1.~c_disease|     -0.23716        14.52        1         0.0001
      1b.diabcat  |            .            .        1             .
      2.diabcat   |            .            .        1             .
      3.diabcat   |            .            .        1             .
      4.diabcat   |      0.19544        10.88        1         0.0010
      5.diabcat   |      0.15697         4.89        1         0.0270
      6.diabcat   |            .            .        1             .
      1b.c~exhae~t|            .            .        1             .
      2.cancer_e~t|            .            .        1             .
      3.cancer_e~t|      0.07016         0.73        1         0.3922
      4.cancer_e~t|     -0.01718         0.05        1         0.8147
      1b.cancer_..|            .            .        1             .
      2.cancer_h~t|            .            .        1             .
      3.cancer_h~t|      0.02555         0.12        1         0.7243
      4.cancer_h~t|            .            .        1             .
      0b.chronic..|            .            .        1             .
      1.~r_disease|      0.08549         1.49        1         0.2226
      0b.stroke_~a|            .            .        1             .
      1.stroke_d~a|      0.01472         0.06        1         0.8113
      0b.other_n~o|            .            .        1             .
      1.other_ne~o|     -0.04208         0.28        1         0.5955
      1b.reduced~t|            .            .        1             .
      2.reduced_~t|      0.16132         7.34        1         0.0067
      3.reduced_~t|            .            .        1             .
      0b.esrd     |            .            .        1             .
      1.esrd      |            .            .        1             .
      0b.other_t~t|            .            .        1             .
      1.other_tr~t|            .            .        1             .
      1b.tot_adu~h|            .            .        1             .
      2.tot_adul~h|     -0.08686         1.43        1         0.2320
      3.tot_adul~h|     -0.15975         7.26        1         0.0070
      0b.asplenia |            .            .        1             .
      1.asplenia  |      0.01751         0.05        1         0.8252
      0b.ra_sle_~s|            .            .        1             .
      1.ra_sle_p~s|     -0.05964         0.64        1         0.4251
      0b.other_i~o|            .            .        1             .
      1.other_im~o|      0.00528         0.00        1         0.9480
      ------------+---------------------------------------------------
      global test |                     93.58       33         0.0000
      ----------------------------------------------------------------

note: robust variance-covariance matrix used.
   1:     22.32 /        1 =      22.3170
   1:     50.20 /        1 =      50.1990

------------------------------------------------------------------------------------------------------------------------------------------------------------------------------------------------------
active results
------------------------------------------------------------------------------------------------------------------------------------------------------------------------------------------------------

Stratified Cox regr. -- Breslow method for ties

No. of subjects      =    2,899,433             Number of obs    =      87,080
No. of failures      =          100
Time at risk         =   1058258367
                                                Wald chi2(44)    =    91580.73
Log pseudolikelihood =   -1131.2471             Prob > chi2      =      0.0000

                                       (Std. Err. adjusted for 86,487 clusters in household_id)
-----------------------------------------------------------------------------------------------
                              |               Robust
                           _t | Haz. Ratio   Std. Err.      z    P>|z|     [95% Conf. Interval]
------------------------------+----------------------------------------------------------------
               gp_number_kids |
              only >12 years  |   .9353979   .9921115    -0.06   0.950     .1170001    7.478366
                 1 child <12  |    1.54618   1.585305     0.43   0.671     .2072621    11.53455
              2 children <12  |   1.627262   1.765106     0.45   0.654     .1941562     13.6384
             3+ children <12  |    5.18918   5.467023     1.56   0.118      .658145    40.91438
                              |
                         age1 |   1.131557   .1066992     1.31   0.190     .9406175    1.361256
                         age2 |   .4935402   .2208079    -1.58   0.114     .2053517    1.186169
                         age3 |   4.049332   4.047527     1.40   0.162     .5709013     28.7214
                       1.male |   .5966092   .1291263    -2.39   0.017     .3903565    .9118399
                              |
                    obese4cat |
           Obese I (30-34.9)  |   .5996763   .1857549    -1.65   0.099     .3267758    1.100484
          Obese II (35-39.9)  |   .6970371   .3208899    -0.78   0.433     .2827446    1.718373
             Obese III (40+)  |   2.395792   .9490293     2.21   0.027      1.10222    5.207508
                              |
                 smoke_nomiss |
                      Former  |   .7808671   .1686287    -1.15   0.252     .5113987    1.192325
                     Current  |   .4600007   .2143955    -1.67   0.096     .1845158    1.146789
                              |
                          imd |
                           2  |   .9662728   .3046713    -0.11   0.913     .5208481    1.792621
                           3  |    1.04928   .3458302     0.15   0.884      .549978    2.001876
                           4  |    1.30952   .4518166     0.78   0.434     .6659269    2.575121
             5 most deprived  |   1.153344   .3999853     0.41   0.681     .5844646    2.275935
                              |
           1.htdiag_or_highbp |   1.385407   .3386294     1.33   0.182     .8580678    2.236831
1.chronic_respiratory_disease |    .799145   .2898337    -0.62   0.536     .3925654    1.626819
                     1.asthma |   1.073412   .3199151     0.24   0.812     .5985191    1.925107
    1.chronic_cardiac_disease |   .9844269   .2913035    -0.05   0.958      .551192    1.758183
                              |
                      diabcat |
            T1DM, controlled  |   4.12e-15   1.10e-15  -124.65   0.000     2.45e-15    6.94e-15
          T1DM, uncontrolled  |   3.20e-15   6.09e-16  -175.46   0.000     2.21e-15    4.65e-15
            T2DM, controlled  |   1.190469   .3338299     0.62   0.534     .6871087    2.062581
          T2DM, uncontrolled  |   1.332303    .550193     0.69   0.487     .5930449    2.993081
          Diabetes, no HbA1c  |   3.23e-15   8.72e-16  -123.41   0.000     1.90e-15    5.48e-15
                              |
            cancer_exhaem_cat |
                   Last year  |   2.81e-15   4.80e-16  -196.31   0.000     2.01e-15    3.93e-15
               2-5 years ago  |   .5265721   .3825687    -0.88   0.377      .126776    2.187149
                    5+ years  |   .5933467   .2515362    -1.23   0.218     .2584999    1.361935
                              |
              cancer_haem_cat |
                   Last year  |   2.68e-15   7.30e-16  -122.99   0.000     1.57e-15    4.57e-15
               2-5 years ago  |    7.51654   4.599796     3.30   0.001     2.265268    24.94114
                    5+ years  |   2.84e-15   5.10e-16  -186.87   0.000     2.00e-15    4.04e-15
                              |
      1.chronic_liver_disease |   1.163963   1.193833     0.15   0.882     .1559171    8.689295
            1.stroke_dementia |   1.014816   .4093189     0.04   0.971      .460321    2.237245
                1.other_neuro |   2.788426   1.285088     2.23   0.026     1.129978    6.880944
                              |
  reduced_kidney_function_cat |
Stage 3a/3b egfr 30-60        |   .6369622   .1997565    -1.44   0.150     .3444847    1.177762
           Stage 4/5 egfr<30  |   4.90e-15   1.13e-15  -142.51   0.000     3.11e-15    7.70e-15
                              |
                       1.esrd |   2.30e-14   6.56e-15  -110.22   0.000     1.32e-14    4.02e-14
           1.other_transplant |   4.15e-15   2.76e-15   -49.77   0.000     1.13e-15    1.53e-14
                              |
                tot_adults_hh |
                           2  |   .8121832   .1910256    -0.88   0.376     .5122138    1.287825
                           3  |   .9736784   .3564244    -0.07   0.942     .4751437     1.99529
                              |
                   1.asplenia |   5.416426   5.527323     1.66   0.098     .7329656    40.02598
           1.ra_sle_psoriasis |    1.30271   .4412321     0.78   0.435     .6707225    2.530186
               1.other_immuno |    5.91819   6.046634     1.74   0.082     .7989386    43.83937
-----------------------------------------------------------------------------------------------
                                                             Stratified by stp
(note: file ./output/an_multivariate_cox_models_worms_gp_number_kids_MAINFULLYADJMODEL_noeth_ageband_1.ster not found)
file ./output/an_multivariate_cox_models_worms_gp_number_kids_MAINFULLYADJMODEL_noeth_ageband_1.ster saved

      Test of proportional-hazards assumption

      Time:  Time
      ----------------------------------------------------------------
                  |       rho            chi2       df       Prob>chi2
      ------------+---------------------------------------------------
      0b.gp_numb~s|            .            .        1             .
      1.gp_numbe~s|      0.12461         6.09        1         0.0136
      2.gp_numbe~s|      0.18536        12.39        1         0.0004
      3.gp_numbe~s|      0.08500         2.10        1         0.1471
      4.gp_numbe~s|      0.20956        15.93        1         0.0001
      age1        |      0.00689         0.01        1         0.9130
      age2        |     -0.07467         1.30        1         0.2547
      age3        |      0.07901         1.37        1         0.2426
      0b.male     |            .            .        1             .
      1.male      |     -0.23295        10.01        1         0.0016
      1b.obese4cat|            .            .        1             .
      2.obese4cat |      0.25324        15.15        1         0.0001
      3.obese4cat |      0.18969        14.30        1         0.0002
      4.obese4cat |     -0.00557         0.00        1         0.9471
      1b.smoke_n~s|            .            .        1             .
      2.smoke_no~s|      0.30557        23.26        1         0.0000
      3.smoke_no~s|     -0.01968         0.06        1         0.8119
      1b.imd      |            .            .        1             .
      2.imd       |      0.27305        17.36        1         0.0000
      3.imd       |      0.17102         7.03        1         0.0080
      4.imd       |     -0.01819         0.08        1         0.7783
      5.imd       |     -0.08599         1.64        1         0.2007
      0b.htdiag_~p|            .            .        1             .
      1.htdiag_o~p|      0.00753         0.01        1         0.9034
      0b.chronic..|            .            .        1             .
      1.~y_disease|      0.00816         0.02        1         0.8858
      0b.asthma   |            .            .        1             .
      1.asthma    |     -0.16375         6.07        1         0.0137
      0b.chronic..|            .            .        1             .
      1.~c_disease|     -0.23940        14.82        1         0.0001
      1b.diabcat  |            .            .        1             .
      2.diabcat   |      0.07169         0.17        1         0.6839
      3.diabcat   |      0.11307         0.89        1         0.3457
      4.diabcat   |      0.18656        10.75        1         0.0010
      5.diabcat   |      0.10365         2.64        1         0.1045
      6.diabcat   |      0.01385         0.01        1         0.9166
      1b.c~exhae~t|            .            .        1             .
      2.cancer_e~t|      0.07436         0.38        1         0.5378
      3.cancer_e~t|      0.06620         0.66        1         0.4158
      4.cancer_e~t|     -0.02012         0.08        1         0.7838
      1b.cancer_..|            .            .        1             .
      2.cancer_h~t|      0.14120         1.41        1         0.2358
      3.cancer_h~t|      0.03560         0.38        1         0.5392
      4.cancer_h~t|      0.00526         0.00        1         0.9610
      0b.chronic..|            .            .        1             .
      1.~r_disease|      0.09273         1.77        1         0.1838
      0b.stroke_~a|            .            .        1             .
      1.stroke_d~a|      0.01505         0.06        1         0.8060
      0b.other_n~o|            .            .        1             .
      1.other_ne~o|     -0.04936         0.38        1         0.5363
      1b.reduced~t|            .            .        1             .
      2.reduced_~t|      0.14576         6.46        1         0.0110
      3.reduced_~t|      0.20831         4.82        1         0.0282
      0b.esrd     |            .            .        1             .
      1.esrd      |     -0.10402         1.30        1         0.2536
      0b.other_t~t|            .            .        1             .
      1.other_tr~t|     -0.12290         2.22        1         0.1360
      1b.tot_adu~h|            .            .        1             .
      2.tot_adul~h|     -0.09342         1.66        1         0.1980
      3.tot_adul~h|     -0.13403         5.73        1         0.0167
      0b.asplenia |            .            .        1             .
      1.asplenia  |      0.01930         0.06        1         0.8078
      0b.ra_sle_~s|            .            .        1             .
      1.ra_sle_p~s|     -0.09102         1.75        1         0.1864
      0b.other_i~o|            .            .        1             .
      1.other_im~o|     -0.00010         0.00        1         0.9990
      ------------+---------------------------------------------------
      global test |                     97.40       44         0.0000
      ----------------------------------------------------------------

note: robust variance-covariance matrix used.
   1:     23.05 /        1 =      23.0510

. 
. log close
      name:  <unnamed>
       log:  E:\will\school-age-children-and-covid\analysis\log\WORMS_07b_an_multivariable_cox_models_FULL_worms.log
  log type:  text
 closed on:  26 Aug 2020, 20:35:18
------------------------------------------------------------------------------------------------------------------------------------------------------------------------------------------------------
