------------------------------------------------------------------------------------------------------------------------------------------------------------------------------------------------------------------------
      name:  <unnamed>
       log:  E:\analyses\school-age-children-and-covid\analysis\log\14_multiple_imputation_analysis_covid_tpp_prob.log
  log type:  text
 opened on:  18 Sep 2020, 04:51:32

. 
. 
. 
. forvalues x=0/1 {
  2. use "$tempdir\cr_imputed_analysis_dataset_STSET_`outcome'_ageband_`x'.dta", clear
  3. 
. /*
> *Age and sex adjusted
> mi estimate, hr: stcox i.kids_cat3 age1 age2 age3 i.male, strata(stp) vce(cluster household_id) 
> estimates
> 
> estimates save ./output/an_univariable_cox_models_`outcome'_AGESEX_multiple_imputation_ageband_`x', replace                                             
> 
> *Minimally adjusted
> mi estimate, hr:  stcox         i.kids_cat3     ///
>                         age1 age2 age3          ///
>                         i.male                                                  ///
>                         i.obese4cat                                     ///
>                         i.smoke_nomiss                                  ///
>                         i.imd                                           ///
>                         , strata(stp) vce(cluster household_id)  
> estimates
> estimates save ./output/an_multivariate_cox_models_`outcome'_kids_cat3_DEMOGADJ_multiple_imputation_ageband_`x', replace
> */
. 
. *Fully adjusted
. mi estimate, hr:  stcox         i.kids_cat3      ///
>                         age1 age2 age3          ///
>                         i.male                                                  ///
>                         i.obese4cat                                     ///
>                         i.smoke_nomiss                                  ///
>                         i.imd                                           ///
>                         i.ethnicity                                     ///
>                         $comordidadjlist                                ///     
>                         , strata(stp) vce(cluster household_id)  
  4. estimates
  5. estimates save ./output/an_sense_`outcome'_multiple_imputation_ageband_`x', replace
  6. }

Multiple-imputation estimates                   Imputations       =         10
Stratified Cox regr.: Breslow method for ties   Number of obs     = 12,056,439
                                                Average RVI       =     0.0103
                                                Largest FMI       =     0.1563
DF adjustment:   Large sample                   DF:     min       =     389.83
                                                        avg       =   1.57e+08
                                                        max       =   1.08e+09
Model F test:       Equal FMI                   F(  44, 3.7e+06)  =     351.34
Within VCE type:       Robust                   Prob > F          =     0.0000

                                   (Within VCE adjusted for 6,808,085 clusters in household_id)
-----------------------------------------------------------------------------------------------
                           _t | Haz. Ratio   Std. Err.      t    P>|t|     [95% Conf. Interval]
------------------------------+----------------------------------------------------------------
                    kids_cat3 |
               Kids under 12  |   1.066382   .0153718     4.46   0.000     1.036675    1.096939
               Kids under 18  |   1.097853   .0217104     4.72   0.000     1.056116     1.14124
                              |
                         age1 |   1.008805   .0023079     3.83   0.000     1.004292    1.013339
                         age2 |   1.021223   .0071019     3.02   0.003     1.007398    1.035237
                         age3 |   .9061717   .0175464    -5.09   0.000     .8724257     .941223
                       1.male |   .7385552   .0075385   -29.69   0.000     .7239269    .7534791
                              |
                    obese4cat |
           Obese I (30-34.9)  |   1.308809   .0190179    18.52   0.000     1.272061     1.34662
          Obese II (35-39.9)  |   1.449705   .0288191    18.68   0.000     1.394306    1.507304
             Obese III (40+)  |   1.675323   .0405249    21.33   0.000     1.597749    1.756663
                              |
                 smoke_nomiss |
                      Former  |   1.079321   .0134345     6.13   0.000     1.053308    1.105976
                     Current  |   .6505807   .0109543   -25.53   0.000      .629461    .6724089
                              |
                          imd |
                           2  |   1.138791   .0230093     6.43   0.000     1.094575    1.184793
                           3  |   1.212284   .0244653     9.54   0.000     1.165269    1.261196
                           4  |   1.349431   .0264947    15.26   0.000     1.298488    1.402372
             5 most deprived  |   1.477178   .0297284    19.39   0.000     1.420045    1.536609
                              |
                    ethnicity |
                       Mixed  |   1.454911   .0594133     9.18   0.000     1.342879     1.57629
      Asian or Asian British  |   2.562439   .0438781    54.95   0.000     2.477825    2.649942
                       Black  |   1.688274   .0478926    18.46   0.000     1.596692     1.78511
                       Other  |   1.406748   .0478428    10.03   0.000     1.315855     1.50392
                              |
           1.htdiag_or_highbp |   1.157826   .0151348    11.21   0.000     1.128539    1.187873
1.chronic_respiratory_disease |   1.718096   .0484915    19.18   0.000     1.625635    1.815815
                     1.asthma |   1.181985   .0159594    12.38   0.000     1.151115    1.213682
    1.chronic_cardiac_disease |   1.284695   .0323454     9.95   0.000     1.222838    1.349681
                              |
                      diabcat |
            T1DM, controlled  |   1.173903   .1448496     1.30   0.194     .9217248    1.495076
          T1DM, uncontrolled  |   1.559833   .1008485     6.88   0.000     1.374185    1.770562
            T2DM, controlled  |   1.316839   .0338107    10.72   0.000     1.252211    1.384802
          T2DM, uncontrolled  |   1.595627   .0420145    17.75   0.000     1.515369    1.680135
          Diabetes, no HbA1c  |   1.071474   .2149402     0.34   0.731       .72315    1.587576
                              |
            cancer_exhaem_cat |
                   Last year  |   1.867525   .1380503     8.45   0.000     1.615639    2.158682
               2-5 years ago  |   1.200654   .0645179     3.40   0.001     1.080632    1.334006
                    5+ years  |   1.075734   .0466004     1.69   0.092     .9881688    1.171059
                              |
              cancer_haem_cat |
                   Last year  |   3.015739   .5148045     6.47   0.000     2.158185    4.214042
               2-5 years ago  |   2.477931    .269415     8.35   0.000     2.002357    3.066456
                    5+ years  |   1.512235   .1302996     4.80   0.000     1.277253    1.790449
                              |
      1.chronic_liver_disease |   1.589922   .0803781     9.17   0.000     1.439938     1.75553
            1.stroke_dementia |   1.399634   .0603433     7.80   0.000     1.286222    1.523045
                1.other_neuro |   1.344739   .0689589     5.78   0.000     1.216153    1.486922
                              |
  reduced_kidney_function_cat |
Stage 3a/3b egfr 30-60        |   1.206307   .0485624     4.66   0.000     1.114785    1.305343
           Stage 4/5 egfr<30  |   2.009403    .163409     8.58   0.000     1.713348    2.356615
                              |
                       1.esrd |    2.69705   .2107731    12.70   0.000     2.314025    3.143475
           1.other_transplant |   1.465214   .2317334     2.42   0.016     1.074677    1.997672
                   1.asplenia |   2.271291   .2165531     8.60   0.000     1.884153    2.737975
           1.ra_sle_psoriasis |   1.152055   .0263556     6.19   0.000      1.10154    1.204887
               1.other_immuno |   1.763628   .1068449     9.37   0.000      1.56617     1.98598
-----------------------------------------------------------------------------------------------

------------------------------------------------------------------------------------------------------------------------------------------------------------------------------------------------------------------------
active results
------------------------------------------------------------------------------------------------------------------------------------------------------------------------------------------------------------------------

Multiple-imputation estimates                   Imputations       =         10
Stratified Cox regr.: Breslow method for ties   Number of obs     = 12,056,439
                                                Average RVI       =     0.0103
                                                Largest FMI       =     0.1563
DF adjustment:   Large sample                   DF:     min       =     389.83
                                                        avg       =   1.57e+08
                                                        max       =   1.08e+09
Model F test:       Equal FMI                   F(  44, 3.7e+06)  =     351.34
Within VCE type:       Robust                   Prob > F          =     0.0000

                                   (Within VCE adjusted for 6,808,085 clusters in household_id)
-----------------------------------------------------------------------------------------------
                           _t |      Coef.   Std. Err.      t    P>|t|     [95% Conf. Interval]
------------------------------+----------------------------------------------------------------
                    kids_cat3 |
               Kids under 12  |   .0642712    .014415     4.46   0.000     .0360184     .092524
               Kids under 18  |   .0933569   .0197753     4.72   0.000      .054598    .1321158
                              |
                         age1 |   .0087668   .0022877     3.83   0.000     .0042829    .0132506
                         age2 |   .0210005   .0069543     3.02   0.003     .0073703    .0346306
                         age3 |  -.0985265   .0193633    -5.09   0.000    -.1364778   -.0605752
                       1.male |  -.3030594    .010207   -29.69   0.000    -.3230648    -.283054
                              |
                    obese4cat |
           Obese I (30-34.9)  |   .2691179   .0145307    18.52   0.000     .2406383    .2975976
          Obese II (35-39.9)  |   .3713598   .0198793    18.68   0.000     .3323971    .4103225
             Obese III (40+)  |   .5160059   .0241893    21.33   0.000     .4685958    .5634161
                              |
                 smoke_nomiss |
                      Former  |   .0763321   .0124472     6.13   0.000      .051936    .1007282
                     Current  |    -.42989   .0168377   -25.53   0.000    -.4628913   -.3968886
                              |
                          imd |
                           2  |   .1299672   .0202051     6.43   0.000      .090366    .1695684
                           3  |   .1925065   .0201812     9.54   0.000     .1529521    .2320608
                           4  |   .2996829    .019634    15.26   0.000     .2612009    .3381649
             5 most deprived  |   .3901335   .0201251    19.39   0.000     .3506888    .4295781
                              |
                    ethnicity |
                       Mixed  |    .374945   .0408363     9.18   0.000     .2948159    .4550741
      Asian or Asian British  |   .9409596   .0171236    54.95   0.000     .9073814    .9745379
                       Black  |   .5237068   .0283678    18.46   0.000     .4679339    .5794798
                       Other  |   .3412807   .0340095    10.03   0.000     .2744864     .408075
                              |
           1.htdiag_or_highbp |   .1465441   .0130718    11.21   0.000     .1209239    .1721643
1.chronic_respiratory_disease |   .5412166    .028224    19.18   0.000     .4858986    .5965345
                     1.asthma |   .1671951   .0135022    12.38   0.000     .1407313     .193659
    1.chronic_cardiac_disease |   .2505215   .0251775     9.95   0.000     .2011744    .2998685
                              |
                      diabcat |
            T1DM, controlled  |   .1603342   .1233915     1.30   0.194    -.0815086    .4021771
          T1DM, uncontrolled  |   .4445788   .0646534     6.88   0.000     .3178606    .5712971
            T2DM, controlled  |   .2752341   .0256757    10.72   0.000     .2249107    .3255575
          T2DM, uncontrolled  |   .4672665    .026331    17.75   0.000     .4156587    .5188744
          Diabetes, no HbA1c  |   .0690349   .2006024     0.34   0.731    -.3241386    .4622084
                              |
            cancer_exhaem_cat |
                   Last year  |   .6246142   .0739215     8.45   0.000     .4797306    .7694978
               2-5 years ago  |   .1828664   .0537357     3.40   0.001     .0775464    .2881863
                    5+ years  |   .0730032   .0433196     1.69   0.092    -.0119018    .1579081
                              |
              cancer_haem_cat |
                   Last year  |   1.103845   .1707059     6.47   0.000     .7692674    1.438422
               2-5 years ago  |   .9074238   .1087258     8.35   0.000     .6943251    1.120522
                    5+ years  |    .413589   .0861636     4.80   0.000     .2447115    .5824665
                              |
      1.chronic_liver_disease |   .4636852   .0505547     9.17   0.000     .3645998    .5627707
            1.stroke_dementia |   .3362104   .0431137     7.80   0.000     .2517092    .4207117
                1.other_neuro |   .2962002   .0512805     5.78   0.000     .1956922    .3967082
                              |
  reduced_kidney_function_cat |
Stage 3a/3b egfr 30-60        |   .1875637   .0402571     4.66   0.000     .1086612    .2664661
           Stage 4/5 egfr<30  |   .6978378   .0813222     8.58   0.000     .5384493    .8572264
                              |
                       1.esrd |   .9921587   .0781495    12.70   0.000     .8389885    1.145329
           1.other_transplant |   .3820014   .1581566     2.42   0.016       .07202    .6919827
                   1.asplenia |   .8203485   .0953436     8.60   0.000     .6334784    1.007219
           1.ra_sle_psoriasis |   .1415476   .0228771     6.19   0.000     .0967094    .1863858
               1.other_immuno |    .567373   .0605825     9.37   0.000     .4486333    .6861127
-----------------------------------------------------------------------------------------------
(note: file ./output/an_sense_covid_tpp_prob_multiple_imputation_ageband_0.ster not found)
file ./output/an_sense_covid_tpp_prob_multiple_imputation_ageband_0.ster saved

Multiple-imputation estimates                   Imputations       =         10
Stratified Cox regr.: Breslow method for ties   Number of obs     =  3,490,197
                                                Average RVI       =     0.0207
                                                Largest FMI       =     0.2726
DF adjustment:   Large sample                   DF:     min       =     131.53
                                                        avg       =   3.46e+09
                                                        max       =   8.11e+10
Model F test:       Equal FMI                   F(  44,943014.7)  =     343.70
Within VCE type:       Robust                   Prob > F          =     0.0000

                                   (Within VCE adjusted for 2,614,053 clusters in household_id)
-----------------------------------------------------------------------------------------------
                           _t | Haz. Ratio   Std. Err.      t    P>|t|     [95% Conf. Interval]
------------------------------+----------------------------------------------------------------
                    kids_cat3 |
               Kids under 12  |    1.13201   .0604695     2.32   0.020     1.019483    1.256958
               Kids under 18  |   .9709671   .0763862    -0.37   0.708     .8322238    1.132841
                              |
                         age1 |   .9769023   .0079944    -2.86   0.004     .9613586    .9926973
                         age2 |   1.235201   .0422742     6.17   0.000     1.155062    1.320899
                         age3 |   .6429603   .0571297    -4.97   0.000     .5401961     .765274
                       1.male |   1.135454   .0183951     7.84   0.000     1.099966    1.172086
                              |
                    obese4cat |
           Obese I (30-34.9)  |   1.070683   .0227726     3.21   0.001     1.026967     1.11626
          Obese II (35-39.9)  |     1.2012   .0388882     5.66   0.000     1.127348    1.279889
             Obese III (40+)  |   1.513184    .068573     9.14   0.000     1.384579    1.653734
                              |
                 smoke_nomiss |
                      Former  |   1.150522   .0211547     7.63   0.000     1.109798    1.192741
                     Current  |   .9322044   .0322453    -2.03   0.042     .8710995    .9975955
                              |
                          imd |
                           2  |   1.130419   .0297286     4.66   0.000     1.073628    1.190213
                           3  |   1.204448   .0319388     7.02   0.000     1.143448    1.268702
                           4  |    1.39436   .0373234    12.42   0.000     1.323093    1.469465
             5 most deprived  |   1.540243   .0442077    15.05   0.000      1.45599    1.629372
                              |
                    ethnicity |
                       Mixed  |   1.088621   .1515412     0.61   0.543       .82658    1.433733
      Asian or Asian British  |    1.38489   .0592812     7.61   0.000     1.272932    1.506696
                       Black  |   1.180706   .0835478     2.35   0.020     1.027219    1.357127
                       Other  |   1.120309   .1031347     1.23   0.218     .9350188    1.342319
                              |
           1.htdiag_or_highbp |   1.008385   .0197489     0.43   0.670     .9704115    1.047845
1.chronic_respiratory_disease |     1.9242   .0383464    32.84   0.000     1.850491    2.000844
                     1.asthma |   1.192698   .0258379     8.13   0.000     1.143116    1.244429
    1.chronic_cardiac_disease |   1.422552   .0256279    19.56   0.000     1.373199    1.473679
                              |
                      diabcat |
            T1DM, controlled  |   1.615669   .2648419     2.93   0.003     1.171717     2.22783
          T1DM, uncontrolled  |   2.191657   .2266753     7.59   0.000     1.789518    2.684166
            T2DM, controlled  |   1.358708    .029432    14.15   0.000     1.302229    1.417635
          T2DM, uncontrolled  |    1.66227   .0462269    18.27   0.000     1.574092    1.755388
          Diabetes, no HbA1c  |   1.728288   .3412719     2.77   0.006     1.173642     2.54505
                              |
            cancer_exhaem_cat |
                   Last year  |   1.798426   .1000042    10.55   0.000     1.612725    2.005511
               2-5 years ago  |   1.251085   .0485401     5.77   0.000     1.159476    1.349933
                    5+ years  |   1.168304   .0290585     6.25   0.000     1.112717    1.226669
                              |
              cancer_haem_cat |
                   Last year  |   3.454748   .3908478    10.96   0.000     2.767687    4.312368
               2-5 years ago  |   2.141636   .1713163     9.52   0.000     1.830861    2.505163
                    5+ years  |   1.738899   .1065098     9.03   0.000     1.542188    1.960702
                              |
      1.chronic_liver_disease |   1.726132   .1037231     9.08   0.000     1.534353    1.941881
            1.stroke_dementia |   1.734101   .0387413    24.64   0.000     1.659808     1.81172
                1.other_neuro |    2.08372   .0798144    19.17   0.000     1.933015    2.246175
                              |
  reduced_kidney_function_cat |
Stage 3a/3b egfr 30-60        |   1.137344   .0218842     6.69   0.000      1.09525    1.181055
           Stage 4/5 egfr<30  |    1.70611   .0678911    13.42   0.000     1.578103    1.844501
                              |
                       1.esrd |   3.465216   .2424683    17.76   0.000     3.021134    3.974574
           1.other_transplant |   1.290531   .3202717     1.03   0.304     .7934608    2.098996
                   1.asplenia |   1.268168   .1663353     1.81   0.070     .9806899    1.639918
           1.ra_sle_psoriasis |   1.312459   .0342281    10.43   0.000     1.247059    1.381289
               1.other_immuno |   1.800919   .2218197     4.78   0.000     1.414658    2.292645
-----------------------------------------------------------------------------------------------

------------------------------------------------------------------------------------------------------------------------------------------------------------------------------------------------------------------------
active results
------------------------------------------------------------------------------------------------------------------------------------------------------------------------------------------------------------------------

Multiple-imputation estimates                   Imputations       =         10
Stratified Cox regr.: Breslow method for ties   Number of obs     =  3,490,197
                                                Average RVI       =     0.0207
                                                Largest FMI       =     0.2726
DF adjustment:   Large sample                   DF:     min       =     131.53
                                                        avg       =   3.46e+09
                                                        max       =   8.11e+10
Model F test:       Equal FMI                   F(  44,943014.7)  =     343.70
Within VCE type:       Robust                   Prob > F          =     0.0000

                                   (Within VCE adjusted for 2,614,053 clusters in household_id)
-----------------------------------------------------------------------------------------------
                           _t |      Coef.   Std. Err.      t    P>|t|     [95% Conf. Interval]
------------------------------+----------------------------------------------------------------
                    kids_cat3 |
               Kids under 12  |   .1239951   .0534178     2.32   0.020     .0192958    .2286945
               Kids under 18  |  -.0294627   .0786703    -0.37   0.708    -.1836539    .1247285
                              |
                         age1 |  -.0233687   .0081834    -2.86   0.004    -.0394078   -.0073295
                         age2 |   .2112334   .0342246     6.17   0.000     .1441544    .2783124
                         age3 |  -.4416722   .0888541    -4.97   0.000    -.6158231   -.2675214
                       1.male |   .1270322   .0162006     7.84   0.000     .0952795    .1587848
                              |
                    obese4cat |
           Obese I (30-34.9)  |   .0682969   .0212692     3.21   0.001       .02661    .1099838
          Obese II (35-39.9)  |   .1833207   .0323745     5.66   0.000     .1198679    .2467735
             Obese III (40+)  |   .4142162    .045317     9.14   0.000     .3253964    .5030359
                              |
                 smoke_nomiss |
                      Former  |   .1402158    .018387     7.63   0.000     .1041777    .1762539
                     Current  |  -.0702032   .0345903    -2.03   0.042     -.137999   -.0024074
                              |
                          imd |
                           2  |   .1225881   .0262987     4.66   0.000     .0710436    .1741326
                           3  |   .1860215   .0265174     7.02   0.000     .1340484    .2379947
                           4  |   .3324352   .0267674    12.42   0.000      .279972    .3848984
             5 most deprived  |   .4319405   .0287017    15.05   0.000      .375686    .4881949
                              |
                    ethnicity |
                       Mixed  |   .0849114   .1392047     0.61   0.543    -.1904585    .3602813
      Asian or Asian British  |   .3256208   .0428057     7.61   0.000     .2413225    .4099191
                       Black  |   .1661129   .0707609     2.35   0.020     .0268554    .3053703
                       Other  |    .113605   .0920591     1.23   0.218    -.0671886    .2943986
                              |
           1.htdiag_or_highbp |   .0083502   .0195847     0.43   0.670    -.0300351    .0467354
1.chronic_respiratory_disease |   .6545101   .0199285    32.84   0.000      .615451    .6935693
                     1.asthma |   .1762177   .0216634     8.13   0.000     .1337583    .2186772
    1.chronic_cardiac_disease |   .3524526   .0180155    19.56   0.000     .3171429    .3877622
                              |
                      diabcat |
            T1DM, controlled  |   .4797492   .1639209     2.93   0.003     .1584703    .8010282
          T1DM, uncontrolled  |   .7846581   .1034264     7.59   0.000     .5819461    .9873701
            T2DM, controlled  |   .3065339   .0216618    14.15   0.000     .2640776    .3489903
          T2DM, uncontrolled  |   .5081842   .0278095    18.27   0.000     .4536784      .56269
          Diabetes, no HbA1c  |   .5471312   .1974624     2.77   0.006     .1601119    .9341504
                              |
            cancer_exhaem_cat |
                   Last year  |   .5869121   .0556065    10.55   0.000     .4779254    .6958988
               2-5 years ago  |   .2240113   .0387984     5.77   0.000     .1479679    .3000548
                    5+ years  |   .1555535   .0248724     6.25   0.000     .1068046    .2043025
                              |
              cancer_haem_cat |
                   Last year  |   1.239749   .1131335    10.96   0.000     1.018012    1.461487
               2-5 years ago  |   .7615702   .0799932     9.52   0.000     .6047864     .918354
                    5+ years  |   .5532522   .0612513     9.03   0.000     .4332019    .6733025
                              |
      1.chronic_liver_disease |    .545883   .0600899     9.08   0.000     .4281089     .663657
            1.stroke_dementia |   .5504893   .0223408    24.64   0.000     .5067021    .5942765
                1.other_neuro |   .7341548   .0383038    19.17   0.000     .6590807    .8092289
                              |
  reduced_kidney_function_cat |
Stage 3a/3b egfr 30-60        |   .1286955   .0192415     6.69   0.000     .0909827    .1664082
           Stage 4/5 egfr<30  |   .5342159   .0397929    13.42   0.000     .4562232    .6122085
                              |
                       1.esrd |   1.242775   .0699721    17.76   0.000     1.105632    1.379918
           1.other_transplant |    .255054   .2481704     1.03   0.304    -.2313511    .7414591
                   1.asplenia |   .2375736   .1311619     1.81   0.070     -.019499    .4946461
           1.ra_sle_psoriasis |   .2719025   .0260794    10.43   0.000     .2207878    .3230172
               1.other_immuno |   .5882969   .1231703     4.78   0.000     .3468876    .8297063
-----------------------------------------------------------------------------------------------
(note: file ./output/an_sense_covid_tpp_prob_multiple_imputation_ageband_1.ster not found)
file ./output/an_sense_covid_tpp_prob_multiple_imputation_ageband_1.ster saved

. 
. log close
      name:  <unnamed>
       log:  E:\analyses\school-age-children-and-covid\analysis\log\14_multiple_imputation_analysis_covid_tpp_prob.log
  log type:  text
 closed on:  19 Sep 2020, 10:39:48
------------------------------------------------------------------------------------------------------------------------------------------------------------------------------------------------------------------------
