-------------------------------------------------------------------------------
      name:  <unnamed>
       log:  e:\analyses\school-age-children-and-covid\analysis\log\06_univaria
> te_analysis_non_covid_death.log
  log type:  text
 opened on:   6 Aug 2020, 21:50:09

. 
. * Open dataset and fit specified model(s)
. forvalues x=0/1 {
  2. 
. use "$tempdir\cr_create_analysis_dataset_STSET_`outcome'_ageband_`x'.dta", cl
> ear
  3. 
. 
. foreach var of any `varlist' {
  4. 
.         *Special cases
.         if "`var'"=="agesplsex" local model "age1 age2 age3 i.male"
  5.         else if "`var'"=="agegroupsex" local model "ib3.agegroup i.male"
  6.         else if "`var'"=="bmicat" local model "age1 age2 age3 i.male ib2.b
> micat"
  7.         *General form of model
.         else local model "age1 age2 age3 i.male i.`var'"
  8. 
.         *Fit and save model
.         cap erase ./output/an_univariable_cox_models_`outcome'_AGESEX_`var'.s
> ter
  9.         capture stcox `model' , strata(stp) vce(cluster household_id)
 10.         if _rc==0 {
 11.                 estimates
 12.                 estimates save ./output/an_univariable_cox_models_`outcome
> '_AGESEX_`var'_ageband_`x'.ster, replace
 13.                 }
 14.         else di "WARNING - `var' vs `outcome' MODEL DID NOT SUCCESSFULLY F
> IT"
 15. 
. }
 16. }

-------------------------------------------------------------------------------
active results
-------------------------------------------------------------------------------

Stratified Cox regr. -- Breslow method for ties

No. of subjects      =   12,079,029             Number of obs    =  12,079,029
No. of failures      =        9,386
Time at risk         =   2004175954
                                                Wald chi2(6)     =     7722.78
Log pseudolikelihood =   -116777.17             Prob > chi2      =      0.0000

                   (Std. Err. adjusted for 6,854,273 clusters in household_id)
------------------------------------------------------------------------------
             |               Robust
          _t | Haz. Ratio   Std. Err.      z    P>|z|     [95% Conf. Interval]
-------------+----------------------------------------------------------------
        age1 |   1.122718   .0147942     8.78   0.000     1.094093    1.152092
        age2 |   .9873407   .0296161    -0.42   0.671     .9309676    1.047128
        age3 |   .9863832   .0711398    -0.19   0.849     .8563581    1.136151
      1.male |    1.38515   .0290369    15.54   0.000     1.329392    1.443247
             |
   kids_cat3 |
Kids unde..  |   .5671554   .0240761   -13.36   0.000     .5218768    .6163624
Kids unde..  |   .6039066   .0281887   -10.80   0.000     .5511096    .6617616
------------------------------------------------------------------------------
                                                             Stratified by stp
(note: file ./output/an_univariable_cox_models_non_covid_death_AGESEX_kids_cat3
> _ageband_0.ster not found)
file ./output/an_univariable_cox_models_non_covid_death_AGESEX_kids_cat3_ageban
> d_0.ster saved

-------------------------------------------------------------------------------
active results
-------------------------------------------------------------------------------

Stratified Cox regr. -- Breslow method for ties

No. of subjects      =   12,079,029             Number of obs    =  12,079,029
No. of failures      =        9,386
Time at risk         =   2004175954
                                                Wald chi2(8)     =     7704.31
Log pseudolikelihood =    -116773.7             Prob > chi2      =      0.0000

                   (Std. Err. adjusted for 6,854,273 clusters in household_id)
------------------------------------------------------------------------------
             |               Robust
          _t | Haz. Ratio   Std. Err.      z    P>|z|     [95% Conf. Interval]
-------------+----------------------------------------------------------------
        age1 |   1.124454   .0148567     8.88   0.000      1.09571    1.153953
        age2 |   .9828245   .0295756    -0.58   0.565     .9265337    1.042535
        age3 |   .9979875   .0722228    -0.03   0.978     .8660142    1.150072
      1.male |   1.385401    .029041    15.55   0.000     1.329635    1.443506
             |
gp_number_~s |
only >12 ..  |    .603846   .0281863   -10.81   0.000     .5510536     .661696
1 child <12  |   .6092063   .0300588   -10.04   0.000     .5530513    .6710632
2 childre..  |   .4952588   .0359733    -9.67   0.000     .4295413    .5710307
3+ childr..  |   .5272393   .0679424    -4.97   0.000     .4095606    .6787306
------------------------------------------------------------------------------
                                                             Stratified by stp
(note: file ./output/an_univariable_cox_models_non_covid_death_AGESEX_gp_number
> _kids_ageband_0.ster not found)
file ./output/an_univariable_cox_models_non_covid_death_AGESEX_gp_number_kids_a
> geband_0.ster saved

-------------------------------------------------------------------------------
active results
-------------------------------------------------------------------------------

Stratified Cox regr. -- Breslow method for ties

No. of subjects      =    3,469,712             Number of obs    =   3,469,712
No. of failures      =       46,278
Time at risk         =    571272446
                                                Wald chi2(6)     =    38666.93
Log pseudolikelihood =   -530112.77             Prob > chi2      =      0.0000

                   (Std. Err. adjusted for 2,598,560 clusters in household_id)
------------------------------------------------------------------------------
             |               Robust
          _t | Haz. Ratio   Std. Err.      z    P>|z|     [95% Conf. Interval]
-------------+----------------------------------------------------------------
        age1 |   1.090217   .0066063    14.25   0.000     1.077345    1.103242
        age2 |   1.036741   .0241732     1.55   0.122     .9904285    1.085219
        age3 |   .9593492    .056292    -0.71   0.479     .8551268    1.076274
      1.male |   1.427463   .0133345    38.10   0.000     1.401566    1.453839
             |
   kids_cat3 |
Kids unde..  |   1.163928   .0418431     4.22   0.000      1.08474    1.248898
Kids unde..  |   1.132933   .0542708     2.61   0.009     1.031405    1.244455
------------------------------------------------------------------------------
                                                             Stratified by stp
(note: file ./output/an_univariable_cox_models_non_covid_death_AGESEX_kids_cat3
> _ageband_1.ster not found)
file ./output/an_univariable_cox_models_non_covid_death_AGESEX_kids_cat3_ageban
> d_1.ster saved

-------------------------------------------------------------------------------
active results
-------------------------------------------------------------------------------

Stratified Cox regr. -- Breslow method for ties

No. of subjects      =    3,469,712             Number of obs    =   3,469,712
No. of failures      =       46,278
Time at risk         =    571272446
                                                Wald chi2(8)     =    38671.46
Log pseudolikelihood =   -530112.65             Prob > chi2      =      0.0000

                   (Std. Err. adjusted for 2,598,560 clusters in household_id)
------------------------------------------------------------------------------
             |               Robust
          _t | Haz. Ratio   Std. Err.      z    P>|z|     [95% Conf. Interval]
-------------+----------------------------------------------------------------
        age1 |    1.09022   .0066065    14.25   0.000     1.077348    1.103245
        age2 |   1.036733   .0241734     1.55   0.122     .9904208    1.085212
        age3 |   .9593622   .0562935    -0.71   0.480     .8551372     1.07629
      1.male |   1.427459   .0133344    38.10   0.000     1.401562    1.453835
             |
gp_number_~s |
only >12 ..  |   1.132937   .0542709     2.61   0.009     1.031408    1.244459
1 child <12  |   1.148543   .0522008     3.05   0.002     1.050655     1.25555
2 childre..  |   1.187141   .0775189     2.63   0.009     1.044527    1.349226
3+ childr..  |   1.197278   .1440482     1.50   0.135     .9457674    1.515674
------------------------------------------------------------------------------
                                                             Stratified by stp
(note: file ./output/an_univariable_cox_models_non_covid_death_AGESEX_gp_number
> _kids_ageband_1.ster not found)
file ./output/an_univariable_cox_models_non_covid_death_AGESEX_gp_number_kids_a
> geband_1.ster saved

. 
. * Close log file
. log close
      name:  <unnamed>
       log:  e:\analyses\school-age-children-and-covid\analysis\log\06_univaria
> te_analysis_non_covid_death.log
  log type:  text
 closed on:   6 Aug 2020, 23:18:47
-------------------------------------------------------------------------------
