----------------------------------------------------------------------------------------------------------------------------------
      name:  <unnamed>
       log:  e:\analyses\school-age-children-and-covid\analysis\log\08_an_tablecontent_HRtable_non_covid_death.log
  log type:  text
 opened on:   7 Aug 2020, 02:42:51

. 
. 
. ***********************************************************************************************************************
. *Generic code to ouput the HRs across outcomes for all levels of a particular variables, in the right shape for table
. cap prog drop outputHRsforvar

. prog define outputHRsforvar
  1. syntax, variable(string) min(real) max(real) outcome(string)
  2. forvalues x=0/1 {
  3. file write tablecontents ("age") ("`x'") _n
  4. forvalues i=`min'/`max'{
  5. local endwith "_tab"
  6. 
.         *put the varname and condition to left so that alignment can be checked vs shell
.         file write tablecontents ("`variable'") _tab ("`i'") _tab
  7.         
.         use "$tempdir\cr_create_analysis_dataset_STSET_`outcome'_ageband_`x'.dta", clear
  8.         *put total N, PYFU and Rate in table
.         cou if `variable' == `i' & _d == 1
  9.         local event = r(N)
 10.     bysort `variable': egen total_follow_up = total(_t)
 11.         su total_follow_up if `variable' == `i'
 12.         local person_years = r(mean)
 13.         local rate = 1000*(`event'/`person_years')
 14.         
.         file write tablecontents (`event') _tab %10.0f (`person_years') _tab %3.2f (`rate') _tab
 15.         drop total_follow_up
 16.         
.         
.         *models
.         foreach modeltype of any minadj demogadj fulladj {
 17.         
.                 local noestimatesflag 0 /*reset*/
 18. 
. *CHANGE THE OUTCOME BELOW TO LAST IF BRINGING IN MORE COLS
.                 if "`modeltype'"=="fulladj" local endwith "_n"
 19. 
.                 ***********************
.                 *1) GET THE RIGHT ESTIMATES INTO MEMORY
.                 
.                 if "`modeltype'"=="minadj" {
 20.                         cap estimates use ./output/an_univariable_cox_models_`outcome'_AGESEX_`variable'_ageband_`x'
 21.                         if _rc!=0 local noestimatesflag 1
 22.                         }
 23.                 if "`modeltype'"=="demogadj" {
 24.                         cap estimates use ./output/an_multivariate_cox_models_`outcome'_`variable'_DEMOGADJ_noeth_ageband_`x'
 25.                         if _rc!=0 local noestimatesflag 1
 26.                         }
 27.                 if "`modeltype'"=="fulladj" {
 28.                                 cap estimates use ./output/an_multivariate_cox_models_`outcome'_`variable'_MAINFULLYADJMODEL_
> noeth_ageband_`x'  
 29.                                 if _rc!=0 local noestimatesflag 1
 30.                                 }
 31.                 
.                 ***********************
.                 *2) WRITE THE HRs TO THE OUTPUT FILE
.                 
.                 if `noestimatesflag'==0{
 32.                         cap lincom `i'.`variable', eform
 33.                         if _rc==0 file write tablecontents %4.2f (r(estimate)) (" (") %4.2f (r(lb)) ("-") %4.2f (r(ub)) (")")
>  `endwith'
 34.                                 else file write tablecontents %4.2f ("ERR IN MODEL") `endwith'
 35.                         }
 36.                         else file write tablecontents %4.2f ("DID NOT FIT") `endwith' 
 37.                         
.                 *3) Save the estimates for plotting
.                 if `noestimatesflag'==0{
 38.                         if "`modeltype'"=="fulladj" {
 39.                                 local hr = r(estimate)
 40.                                 local lb = r(lb)
 41.                                 local ub = r(ub)
 42.                                 cap gen `variable'=.
 43.                                 testparm i.`variable'
 44.                                 *drop `variable'
.                                 }
 45.                 }       
 46.                 } /*min adj, full adj*/
 47.                 
. } /*variable levels*/
 48. 
. } /*agebands*/
 49. 
. end

. ***********************************************************************************************************************
. /*Generic code to write a full row of "ref category" to the output file
> cap prog drop refline
> prog define refline
> file write tablecontents _tab _tab ("1.00 (ref)") _tab ("1.00 (ref)")  _n
> end*/
. ***********************************************************************************************************************
. 
. *MAIN CODE TO PRODUCE TABLE CONTENTS
. 
. cap file close tablecontents

. file open tablecontents using ./output/an_tablecontents_HRtable_`outcome'.txt, t w replace 
(note: file ./output/an_tablecontents_HRtable_non_covid_death.txt not found)

. 
. *Primary exposure
. outputHRsforvar, variable("kids_cat3") min(0) max(2) outcome(`outcome')
  8,094

    Variable |        Obs        Mean    Std. Dev.       Min        Max
-------------+---------------------------------------------------------
total_foll~p |  7,740,096    1.28e+09           0   1.28e+09   1.28e+09

 ( 1)  1.kids_cat3 = 0
 ( 2)  2.kids_cat3 = 0

           chi2(  2) =  123.58
         Prob > chi2 =    0.0000
  777

    Variable |        Obs        Mean    Std. Dev.       Min        Max
-------------+---------------------------------------------------------
total_foll~p |  3,164,072    5.25e+08           0   5.25e+08   5.25e+08

 ( 1)  1.kids_cat3 = 0
 ( 2)  2.kids_cat3 = 0

           chi2(  2) =  123.58
         Prob > chi2 =    0.0000
  515

    Variable |        Obs        Mean    Std. Dev.       Min        Max
-------------+---------------------------------------------------------
total_foll~p |  1,174,861    1.95e+08           0   1.95e+08   1.95e+08

 ( 1)  1.kids_cat3 = 0
 ( 2)  2.kids_cat3 = 0

           chi2(  2) =  123.58
         Prob > chi2 =    0.0000
  45,030

    Variable |        Obs        Mean    Std. Dev.       Min        Max
-------------+---------------------------------------------------------
total_foll~p |  3,359,594    5.53e+08           0   5.53e+08   5.53e+08
  803

    Variable |        Obs        Mean    Std. Dev.       Min        Max
-------------+---------------------------------------------------------
total_foll~p |     73,264    1.21e+07           0   1.21e+07   1.21e+07
  445

    Variable |        Obs        Mean    Std. Dev.       Min        Max
-------------+---------------------------------------------------------
total_foll~p |     36,854     6072258           0    6072258    6072258

. file write tablecontents _n

. 
. *Number kids
. outputHRsforvar, variable("gp_number_kids") min(0) max(4) outcome(`outcome')
  8,094

    Variable |        Obs        Mean    Std. Dev.       Min        Max
-------------+---------------------------------------------------------
total_foll~p |  7,740,096    1.28e+09           0   1.28e+09   1.28e+09
  515

    Variable |        Obs        Mean    Std. Dev.       Min        Max
-------------+---------------------------------------------------------
total_foll~p |  1,174,861    1.95e+08           0   1.95e+08   1.95e+08
  497

    Variable |        Obs        Mean    Std. Dev.       Min        Max
-------------+---------------------------------------------------------
total_foll~p |  1,741,580    2.89e+08           0   2.89e+08   2.89e+08
  217

    Variable |        Obs        Mean    Std. Dev.       Min        Max
-------------+---------------------------------------------------------
total_foll~p |  1,094,886    1.82e+08           0   1.82e+08   1.82e+08
  63

    Variable |        Obs        Mean    Std. Dev.       Min        Max
-------------+---------------------------------------------------------
total_foll~p |    327,606    5.44e+07           0   5.44e+07   5.44e+07
  45,030

    Variable |        Obs        Mean    Std. Dev.       Min        Max
-------------+---------------------------------------------------------
total_foll~p |  3,359,594    5.53e+08           0   5.53e+08   5.53e+08
  445

    Variable |        Obs        Mean    Std. Dev.       Min        Max
-------------+---------------------------------------------------------
total_foll~p |     36,854     6072258           0    6072258    6072258
  494

    Variable |        Obs        Mean    Std. Dev.       Min        Max
-------------+---------------------------------------------------------
total_foll~p |     45,672     7528900           0    7528900    7528900
  239

    Variable |        Obs        Mean    Std. Dev.       Min        Max
-------------+---------------------------------------------------------
total_foll~p |     21,596     3558330           0    3558330    3558330
  70

    Variable |        Obs        Mean    Std. Dev.       Min        Max
-------------+---------------------------------------------------------
total_foll~p |      5,996      986672           0     986672     986672

. file write tablecontents _n 

. 
. file close tablecontents

. 
. 
. log close
      name:  <unnamed>
       log:  e:\analyses\school-age-children-and-covid\analysis\log\08_an_tablecontent_HRtable_non_covid_death.log
  log type:  text
 closed on:   7 Aug 2020, 02:52:24
----------------------------------------------------------------------------------------------------------------------------------
